
     ****************************************************
     *                                                  *
     *         GEORGIA INSTITUTE OF TECHNOLOGY          *
     *                                                  *
     *          - - -     D Y M O R E    - - -          *
     *          - - -     Version 3.0    - - -          *
     *                                                  *
     * FINITE ELEMENT BASED MULTI-BODY DYNAMIC ANALYSIS *
     *                                                  *
     ****************************************************
     ---  Version: Georgia Tech Dymore V.3

     --- Run date: Wed Mar 07 14:30:58 2012




                    ***********************************
                    *   @PROCESS_CONTROL_DEFINITION   *
                    ***********************************




                    *************************
                    *   @MODEL_DEFINITION   *
                    *************************




      ---------------------------------
      |   @TIME_FUNCTION_DEFINITION   |
      ---------------------------------


 *** Time function: [scheduleload],
 Time function type : [USER_DEFINED].
 Time = ( 0.00000e+000).  Function value = ( 1.00000e+000).
 Time = ( 1.00000e+000).  Function value = ( 1.00000e+000).
 Time = ( 2.00000e+000).  Function value = ( 1.00000e+000).
 Time = ( 3.00000e+000).  Function value = ( 1.00000e+000).
 Time = ( 4.00000e+000).  Function value = ( 1.00000e+000).
 Time = ( 5.00000e+000).  Function value = ( 1.00000e+000).
 Time = ( 6.00000e+000).  Function value = ( 1.00000e+000).
 Time = ( 7.00000e+000).  Function value = ( 1.00000e+000).
 Time = ( 8.00000e+000).  Function value = ( 1.00000e+000).
 Time = ( 9.00000e+000).  Function value = ( 1.00000e+000).
 Time = ( 1.00000e+001).  Function value = ( 1.00000e+000).
 Time = ( 1.10000e+001).  Function value = ( 1.00000e+000).
 Time = ( 1.20000e+001).  Function value = ( 1.00000e+000).
 Time = ( 1.30000e+001).  Function value = ( 1.00000e+000).
 Time = ( 1.40000e+001).  Function value = ( 1.00000e+000).
 Time = ( 1.50000e+001).  Function value = ( 1.00000e+000).



      ------------------------
      |   @INCLUDE_COMMAND   |
      ------------------------


 *** Include command: [include1],
 Active command : [YES].
 List of file names:
 monoplane_spar.dat
 loadDist.dat



      ------------------------------------
      |   @CREATE_FINITE_ELEMENT_MODEL   |
      ------------------------------------

 Analysis type : [STATIC].



      --------------------------------
      |   @FINITE_ELEMENT_ANALYSIS   |
      --------------------------------


 *** Analysis control parameters: [AnalysisControlParameters],
 Maximum number of time steps = (   10).
 Simulation initial time = ( 0.00000e+000). [sec].
 Simulation final time = ( 1.50000e+001). [sec].
 Minimum time step size = ( 1.00000e-006). [sec].
 Maximum time step size = ( 5.00000e-002). [sec].
 Reference energy level = ( 6.00000e+005). [J].

 *** Step control parameters: [Step1],
 Archival frequency = (    1).  Reuse number = (  100).
 Requested number of eigenvalues = (   10).
 Eigenvalues print flag = (    0).
 Gyroscopic term: : [NO].
 Eigen spectrum shift = ( 0.00000e+000).
 Time Step Size = ( 1.00000e+000). [sec].
 Maximum number of iterations = (   10).
 Factorization strategy = (    1).
 Convergence norm type : [ENERGY LIKE].  Convergence tolerance = ( 1.00000e-006).
 Maximum number of reject = (    5).
 Average stiffness = ( 1.00000e+006).  Average mass = ( 0.00000e+000).



      ---------------------------------
      |   @POST_PROCESSING_ANALYSIS   |
      ---------------------------------


 *** Graphical control parameters: [GraphicsControlParameters],
 Time step size = ( 0.00000e+000). [sec].
 Reference frame : [INERTIAL].
 Eigenvectors scaling factor = ( 1.00000e-001).
 Number of cycles for modal animation = (    5).
 Number of frames per cycle = (  100).
 Vector field type : [FORCES].  Scaling factor = ( 1.00000e-001).
 Vector field type : [STRAINS].  Scaling factor = ( 1.00000e-001).
 Vector field type : [VELOCITIES].  Scaling factor = ( 1.00000e-001).

 *** Plotting control parameters: [PlottingControlParameters],
 Graph  plot format : [PNG].
        plot Size   : [MEDIUM].
 Map    plot format : [PNG].
        plot Size   : [LARGE].
 Map    plot format : [EPS].
        plot Size   : [LARGE].
 Map    plot format : [TRM].
        plot Size   : [LARGE].
 Object plot format : [PNG].
        plot Size   : [LARGE].
 Object plot format : [EPS].
        plot Size   : [LARGE].
 Object plot format : [TRM].
        plot Size   : [LARGE].
 Sensor plot format : [PNG].
        plot Size   : [LARGE].
 Sensor plot format : [EPS].
        plot Size   : [LARGE].
 Sensor plot format : [TRM].
        plot Size   : [LARGE].
 Signal plot format : [PNG].
        plot Size   : [MEDIUM].
 Survey plot format : [PNG].
        plot Size   : [LARGE].
 Survey plot format : [EPS].
        plot Size   : [LARGE].
 Survey plot format : [TRM].
        plot Size   : [LARGE].
 Sensor memory size = (  100).
 Map    memory size = (   10).

 *** View parameters definition: [ViewParamName],
 View reference point = ( 0.00000e+000,  0.00000e+000,  0.00000e+000)
 View size = ( 0.00000e+000,  0.00000e+000,  0.00000e+000)
 Projection reference point = ( 0.00000e+000,  0.00000e+000,  0.00000e+000)
 Projection eye vector = ( 0.00000e+000,  0.00000e+000,  0.00000e+000)
 Projection up vector = ( 0.00000e+000,  0.00000e+000,  0.00000e+000)
 Projection viewport = ( 0.00000e+000,  0.00000e+000,  0.00000e+000,  0.00000e+000)



      ----------------------------------
      |   @EXECUTING_INCLUDE_COMMAND   |
      ----------------------------------

  --- Executing include command : [include1].
 
 --- Opening data file : [monoplane_spar.dat].



      -------------------------
      |   @POINT_DEFINITION   |
      -------------------------


 *** Point: [root],
 Coordinates = ( 0.00000e+000,  0.00000e+000,  0.00000e+000) [m].
 Is defined in frame : [INERTIAL].

 *** Point: [tip],
 Coordinates = ( 9.19000e+001,  0.00000e+000,  0.00000e+000) [m].
 Is defined in frame : [INERTIAL].



      --------------------------
      |   @VERTEX_DEFINITION   |
      --------------------------


 *** Vertex: [vertexA],
 At point : [root].

 *** Vertex: [vertexB],
 At point : [tip].



      ------------------------
      |   @EDGE_DEFINITION   |
      ------------------------


 *** Edge: [edgeSpar],
 Connected to vertices: [vertexA, vertexB].
 Curve : [curveSpar].



      ------------------------
      |   @BEAM_DEFINITION   |
      ------------------------


 *** Beam: [monoplane_spar],
 Edge : [edgeSpar].
 Property table : [propSpar].



      -------------------------
      |   @CURVE_DEFINITION   |
      -------------------------


 *** Curve: [curveSpar],
 Is defined in frame : [INERTIAL].

      ---  Curve points  ---- 

 Number of control points = (    2).
 Curve degree = (    1).
 Rational curve : [NO].
 End point 0 : [root].
 End point 1 : [tip].
 Orientation distribution : [orientationSpar].
 Initial coordinate = ( 0.00000e+000). [m].
 Curve mesh parameters : [meshSpar].



      --------------------------------------------
      |   @ORIENTATION_DISTRIBUTION_DEFINITION   |
      --------------------------------------------


 *** Orientation distribution: [orientationSpar],
 Orientation definition type : [TWIST_ANGLE].
 Coordinate type : [ETA_COORDINATE].
 ETA_COORDINATE = ( 0.00000e+000).
 Twist angle = ( 0.00000e+000). [deg].
 ETA_COORDINATE = ( 2.17628e-003).
 Twist angle = ( 0.00000e+000). [deg].
 ETA_COORDINATE = ( 2.50272e-002).
 Twist angle = ( 0.00000e+000). [deg].
 ETA_COORDINATE = ( 4.78781e-002).
 Twist angle = ( 0.00000e+000). [deg].
 ETA_COORDINATE = ( 7.07291e-002).
 Twist angle = ( 0.00000e+000). [deg].
 ETA_COORDINATE = ( 9.79325e-002).
 Twist angle = ( 0.00000e+000). [deg].
 ETA_COORDINATE = ( 1.32753e-001).
 Twist angle = ( 0.00000e+000). [deg].
 ETA_COORDINATE = ( 1.51251e-001).
 Twist angle = ( 0.00000e+000). [deg].
 ETA_COORDINATE = ( 1.68662e-001).
 Twist angle = ( 0.00000e+000). [deg].
 ETA_COORDINATE = ( 1.86072e-001).
 Twist angle = ( 0.00000e+000). [deg].
 ETA_COORDINATE = ( 2.15452e-001).
 Twist angle = ( 0.00000e+000). [deg].
 ETA_COORDINATE = ( 2.44831e-001).
 Twist angle = ( 0.00000e+000). [deg].
 ETA_COORDINATE = ( 2.74211e-001).
 Twist angle = ( 0.00000e+000). [deg].
 ETA_COORDINATE = ( 3.63439e-001).
 Twist angle = ( 0.00000e+000). [deg].
 ETA_COORDINATE = ( 4.51578e-001).
 Twist angle = ( 0.00000e+000). [deg].
 ETA_COORDINATE = ( 5.39717e-001).
 Twist angle = ( 0.00000e+000). [deg].
 ETA_COORDINATE = ( 6.28945e-001).
 Twist angle = ( 0.00000e+000). [deg].
 ETA_COORDINATE = ( 6.99674e-001).
 Twist angle = ( 0.00000e+000). [deg].
 ETA_COORDINATE = ( 7.17084e-001).
 Twist angle = ( 0.00000e+000). [deg].
 ETA_COORDINATE = ( 7.70403e-001).
 Twist angle = ( 0.00000e+000). [deg].
 ETA_COORDINATE = ( 8.05223e-001).
 Twist angle = ( 0.00000e+000). [deg].
 ETA_COORDINATE = ( 8.94450e-001).
 Twist angle = ( 0.00000e+000). [deg].
 ETA_COORDINATE = ( 9.46681e-001).
 Twist angle = ( 0.00000e+000). [deg].
 ETA_COORDINATE = ( 1.00000e+000).
 Twist angle = ( 0.00000e+000). [deg].



      -----------------------------------------
      |   @CURVE_MESH_PARAMETERS_DEFINITION   |
      -----------------------------------------


 *** Curve mesh parameters: [meshSpar],
 Number of elements = (   23).
 Order of the elements = (    3).
 Uuu sequence = ( 
 0.00000e+000,  2.17628e-003,  2.50272e-002,  4.78781e-002,  7.07291e-002,  9.79325e-002, 
 1.32753e-001,  1.51251e-001,  1.68662e-001,  1.86072e-001,  2.15452e-001,  2.44831e-001, 
 2.74211e-001,  3.63439e-001,  4.51578e-001,  5.39717e-001,  6.28945e-001,  6.99674e-001, 
 7.17084e-001,  7.70403e-001,  8.05223e-001,  8.94450e-001,  9.46681e-001,  1.00000e+000).
 Comment 1 : [use ETA_COORDINATE, not ETA_VALUE].



      --------------------------------------
      |   @BOUNDARY_CONDITION_DEFINITION   |
      --------------------------------------


 *** Boundary condition: [clampRoot],
 Entity : [vertexA].
 Displacements boundary conditions = (    1,     1,     1).
 Rotation      boundary conditions = (    1,     1,     1).



      ---------------------------------
      |   @BEAM_PROPERTY_DEFINITION   |
      ---------------------------------


 *** Beam property table: [propSpar],
 Property definition type : [6X6_MATRICES].
 Coordinate type : [AXIAL_COORDINATE].
 AXIAL_COORDINATE = ( 0.00000e+000). [m].
 Stiffness matrix = (
  8.07327e+009,  3.53426e+002, -1.27035e+001,  3.12853e+006, -3.42972e+003, -7.35535e+002, 
  3.74475e+008,  2.98810e+001,  1.52553e+002,  1.48402e+006,  1.31434e+002,  3.69434e+008, 
 -4.33780e+001, -2.36137e+001,  1.44304e+005,  9.26478e+008, -2.69239e+002, -5.38899e+001, 
  4.83386e+010, -1.36429e+003,  2.53049e+009)
 Mass/Span = ( 7.45617e+002). [kg/m].
 Moments of Inertia M11, M22, M33 = ( 4.21487e+003,  3.93304e+003,  2.81823e+002) [kg.m^2/m].
 Center of mass location = (-1.73157e-015, -9.54355e-018) [m].
 Damping coefficient = ( 0.00000e+000). [sec].
 AXIAL_COORDINATE = ( 2.00000e-001). [m].
 Stiffness matrix = (
  7.48542e+009,  4.25637e+002, -4.78856e+001,  2.25052e+006, -7.47569e+003, -9.50283e+002, 
  3.34383e+008,  1.63720e+001,  3.87864e+002,  1.67733e+006,  1.12487e+002,  3.67933e+008, 
 -4.81428e+001, -9.08192e+001,  1.38986e+005,  9.20585e+008, -5.49531e+002, -9.39839e+001, 
  4.40476e+010, -1.36376e+003,  2.39346e+009)
 Mass/Span = ( 6.96072e+002). [kg/m].
 Moments of Inertia M11, M22, M33 = ( 3.84317e+003,  3.57291e+003,  2.70260e+002) [kg.m^2/m].
 Center of mass location = (-1.30582e-015, -1.81928e-017) [m].
 Damping coefficient = ( 0.00000e+000). [sec].
 AXIAL_COORDINATE = ( 2.30000e+000). [m].
 Stiffness matrix = (
  7.17491e+009, -5.40083e+000,  1.27608e+000,  1.04161e+006,  1.36222e+002,  1.59725e+001, 
  3.20309e+008,  1.96520e-001,  4.28454e+000,  1.29985e+006,  2.37444e+000,  3.46896e+008, 
 -3.31667e+000, -1.04098e+000,  1.04179e+005,  8.64737e+008,  2.36771e+001,  2.31857e+000, 
  3.79592e+010, -5.55134e+001,  2.24607e+009)
 Mass/Span = ( 6.29936e+002). [kg/m].
 Moments of Inertia M11, M22, M33 = ( 3.10037e+003,  2.85277e+003,  2.47597e+002) [kg.m^2/m].
 Center of mass location = (-8.05851e-015,  1.99246e-016) [m].
 Damping coefficient = ( 0.00000e+000). [sec].
 AXIAL_COORDINATE = ( 4.40000e+000). [m].
 Stiffness matrix = (
  7.23650e+009, -8.96964e+000, -1.21763e+000,  2.71492e+005,  1.99536e+002, -1.17593e+001, 
  3.10961e+008, -4.41379e-001,  1.28406e+001,  1.00253e+006,  1.29684e-001,  3.24831e+008, 
  1.79870e-003, -1.40196e+000,  6.43561e+004,  8.04052e+008,  1.82039e+001, -1.04355e+000, 
  3.43746e+010, -3.41975e+000,  2.16663e+009)
 Mass/Span = ( 5.80440e+002). [kg/m].
 Moments of Inertia M11, M22, M33 = ( 2.53867e+003,  2.31090e+003,  2.27772e+002) [kg.m^2/m].
 Center of mass location = (-1.69532e-014, -1.21612e-016) [m].
 Damping coefficient = ( 0.00000e+000). [sec].
 AXIAL_COORDINATE = ( 6.50000e+000). [m].
 Stiffness matrix = (
  9.02834e+009, -8.37561e+000,  3.00417e+000,  1.77721e+005,  1.41264e+002, -2.92022e+001, 
  3.78809e+008, -7.90834e-001,  1.17299e+001,  9.02634e+004, -1.04434e+000,  3.00245e+008, 
 -8.06290e-001, -4.84877e+000,  7.01956e+003,  7.40637e+008,  1.75347e+001, -1.84309e+000, 
  3.85239e+010,  4.68229e+001,  2.42099e+009)
 Mass/Span = ( 6.22674e+002). [kg/m].
 Moments of Inertia M11, M22, M33 = ( 2.47314e+003,  2.24772e+003,  2.25419e+002) [kg.m^2/m].
 Center of mass location = (-1.13661e-016, -1.49178e-016) [m].
 Damping coefficient = ( 0.00000e+000). [sec].
 AXIAL_COORDINATE = ( 9.00000e+000). [m].
 Stiffness matrix = (
  1.03115e+010,  1.21677e+000, -3.79164e-001,  3.05961e+005, -8.60312e+000, -8.18882e-001, 
  4.02630e+008, -3.70468e-001, -2.72876e+000, -1.04426e+006,  6.21909e-002,  2.74396e+008, 
 -8.47504e-001, -5.63976e-001, -5.21344e+004,  6.68614e+008, -2.22003e+000, -4.93721e-002, 
  3.80272e+010, -9.21607e-001,  2.57715e+009)
 Mass/Span = ( 6.40908e+002). [kg/m].
 Moments of Inertia M11, M22, M33 = ( 2.23727e+003,  2.01913e+003,  2.18142e+002) [kg.m^2/m].
 Center of mass location = ( 9.58656e-016, -3.93398e-016) [m].
 Damping coefficient = ( 0.00000e+000). [sec].
 AXIAL_COORDINATE = ( 1.22000e+001). [m].
 Stiffness matrix = (
  1.30612e+010, -1.85887e-003, -8.98902e-002,  2.11504e+004,  6.80378e+001, -1.70859e+001, 
  5.20297e+008,  1.05564e+000,  3.11272e+000, -8.50661e+003, -4.93475e-002,  2.43324e+008, 
  5.27339e-001,  2.10970e-001, -1.09186e+004,  5.89262e+008,  1.59469e-001, -2.69196e-002, 
  3.93422e+010, -3.08925e+001,  3.01305e+009)
 Mass/Span = ( 7.37805e+002). [kg/m].
 Moments of Inertia M11, M22, M33 = ( 2.18785e+003,  1.96265e+003,  2.25202e+002) [kg.m^2/m].
 Center of mass location = ( 4.25751e-015, -5.60525e-016) [m].
 Damping coefficient = ( 0.00000e+000). [sec].
 AXIAL_COORDINATE = ( 1.39000e+001). [m].
 Stiffness matrix = (
  1.51240e+010,  1.09440e-001,  1.37334e-001,  1.91173e+004,  5.07636e+001, -1.52101e+000, 
  6.42740e+008,  7.33918e-001, -4.21018e+000, -7.61988e+003,  7.98428e-002,  2.30288e+008, 
 -3.39365e+000,  1.07090e+000, -9.84644e+003,  5.60816e+008, -1.52646e+000, -1.59638e-001, 
  4.07279e+010,  2.40515e+001,  3.36924e+009)
 Mass/Span = ( 8.25053e+002). [kg/m].
 Moments of Inertia M11, M22, M33 = ( 2.23911e+003,  2.00227e+003,  2.36840e+002) [kg.m^2/m].
 Center of mass location = (-1.59081e-015, -5.36910e-017) [m].
 Damping coefficient = ( 0.00000e+000). [sec].
 AXIAL_COORDINATE = ( 1.55000e+001). [m].
 Stiffness matrix = (
  1.60598e+010,  7.63443e-003,  9.09078e-003,  1.87810e+004,  1.35281e+001,  4.17255e+000, 
  7.10704e+008,  3.37118e-001, -1.02589e+000, -6.68325e+003, -7.31219e-003,  2.17094e+008, 
  1.32233e+000, -2.45724e-002, -9.65320e+003,  5.29420e+008, -2.16609e-002, -7.43842e-004, 
  3.84356e+010, -9.62804e+000,  3.51483e+009)
 Mass/Span = ( 8.60728e+002). [kg/m].
 Moments of Inertia M11, M22, M33 = ( 2.11500e+003,  1.87608e+003,  2.38926e+002) [kg.m^2/m].
 Center of mass location = (-1.83870e-015, -7.45542e-017) [m].
 Damping coefficient = ( 0.00000e+000). [sec].
 AXIAL_COORDINATE = ( 1.71000e+001). [m].
 Stiffness matrix = (
  1.81239e+010, -1.49626e+000, -7.34285e-003,  1.77470e+004, -2.17262e+001,  3.36475e+000, 
  8.38425e+008, -5.51316e-001, -2.40603e-003, -6.23700e+003, -2.66468e-003,  2.04095e+008, 
  1.79098e-001, -3.03823e-003, -9.09853e+003,  5.00297e+008,  2.01166e+000,  3.29192e-002, 
  3.80573e+010, -1.09799e-001,  3.87188e+009)
 Mass/Span = ( 9.48189e+002). [kg/m].
 Moments of Inertia M11, M22, M33 = ( 2.09074e+003,  1.84004e+003,  2.50699e+002) [kg.m^2/m].
 Center of mass location = ( 3.84443e-015, -4.49387e-016) [m].
 Damping coefficient = ( 0.00000e+000). [sec].
 AXIAL_COORDINATE = ( 1.98000e+001). [m].
 Stiffness matrix = (
  1.80523e+010, -5.97863e-003, -1.10782e-001,  1.64489e+004, -2.00988e+001,  5.82346e+000, 
  8.54862e+008,  7.36722e-001,  1.70699e+000, -4.74872e+003, -2.85246e-003,  1.89752e+008, 
  5.37283e-001,  5.51839e-003, -8.44733e+003,  4.64144e+008,  9.83883e-003,  1.14531e-001, 
  3.28677e+010, -1.21366e+001,  3.82673e+009)
 Mass/Span = ( 9.37144e+002). [kg/m].
 Moments of Inertia M11, M22, M33 = ( 1.82813e+003,  1.58438e+003,  2.43742e+002) [kg.m^2/m].
 Center of mass location = ( 1.71442e-015,  1.95485e-015) [m].
 Damping coefficient = ( 0.00000e+000). [sec].
 AXIAL_COORDINATE = ( 2.25000e+001). [m].
 Stiffness matrix = (
  1.79879e+010, -8.91824e-004, -8.69610e-003,  1.51173e+004,  4.97464e+000, -1.52507e+000, 
  8.68120e+008,  1.81955e-001,  5.64886e-001, -3.80380e+003,  6.47436e-003,  1.76866e+008, 
  8.42606e-002, -5.45006e-002, -7.77852e+003,  4.31665e+008,  2.41894e-003,  1.30503e-003, 
  2.85345e+010, -3.99789e+000,  3.78616e+009)
 Mass/Span = ( 9.27219e+002). [kg/m].
 Moments of Inertia M11, M22, M33 = ( 1.60929e+003,  1.37180e+003,  2.37491e+002) [kg.m^2/m].
 Center of mass location = ( 3.04730e-016, -4.55479e-016) [m].
 Damping coefficient = ( 0.00000e+000). [sec].
 AXIAL_COORDINATE = ( 2.52000e+001). [m].
 Stiffness matrix = (
  1.69162e+010,  3.44749e-003,  1.28394e-003,  1.40362e+004,  3.77156e-001,  4.52631e-001, 
  8.27134e+008, -1.53329e-002, -9.82756e-002, -3.09933e+003,  3.17129e-003,  1.62870e+008, 
  7.22213e-003, -4.37433e-003, -7.25101e+003,  3.94808e+008, -1.37677e-003,  7.32885e-004, 
  2.30118e+010,  4.31668e-002,  3.55483e+009)
 Mass/Span = ( 8.70573e+002). [kg/m].
 Moments of Inertia M11, M22, M33 = ( 1.32782e+003,  1.10563e+003,  2.22196e+002) [kg.m^2/m].
 Center of mass location = ( 3.22052e-015, -4.43542e-016) [m].
 Damping coefficient = ( 0.00000e+000). [sec].
 AXIAL_COORDINATE = ( 3.34000e+001). [m].
 Stiffness matrix = (
  1.56418e+010,  1.22868e+000, -1.87306e-003,  1.06596e+004,  6.41020e+000, -1.95652e+000, 
  7.87131e+008, -3.14159e-001, -5.42238e-001, -1.78615e+003,  1.54367e-003,  1.33369e+008, 
  4.55552e-002,  2.10459e-003, -5.56025e+003,  3.18857e+008, -2.24918e+000,  2.88257e-003, 
  1.45790e+010,  4.15303e+000,  3.25135e+009)
 Mass/Span = ( 7.96269e+002). [kg/m].
 Moments of Inertia M11, M22, M33 = ( 8.95931e+002,  6.97605e+002,  1.98326e+002) [kg.m^2/m].
 Center of mass location = ( 1.94328e-015,  6.16133e-016) [m].
 Damping coefficient = ( 0.00000e+000). [sec].
 AXIAL_COORDINATE = ( 4.15000e+001). [m].
 Stiffness matrix = (
  1.44984e+010, -1.84454e-001,  9.24870e-004,  8.16099e+003, -9.50401e+000,  7.79414e-001, 
  7.45326e+008,  1.15497e-001,  1.01830e+000, -9.32276e+002, -3.41724e-004,  1.04988e+008, 
  4.98241e-003, -7.85461e-004, -4.30956e+003,  2.46216e+008,  3.58393e-001, -1.77953e-003, 
  8.62882e+009, -1.66888e+000,  2.97488e+009)
 Mass/Span = ( 7.28578e+002). [kg/m].
 Moments of Inertia M11, M22, M33 = ( 5.87001e+002,  4.10927e+002,  1.76075e+002) [kg.m^2/m].
 Center of mass location = (-2.21975e-015, -9.56198e-017) [m].
 Damping coefficient = ( 0.00000e+000). [sec].
 AXIAL_COORDINATE = ( 4.96000e+001). [m].
 Stiffness matrix = (
  1.32618e+010,  1.83005e-004,  2.60058e-004,  6.41620e+003,  8.12725e-001,  4.33379e-001, 
  6.89490e+008,  2.42643e-003, -3.04907e-002, -4.75390e+002, -1.60641e-005,  8.29872e+007, 
  9.11699e-003,  3.37440e-004, -3.44220e+003,  1.89803e+008, -8.62903e-004, -5.07553e-004, 
  5.14437e+009,  4.27841e-001,  2.69517e+009)
 Mass/Span = ( 6.60090e+002). [kg/m].
 Moments of Inertia M11, M22, M33 = ( 4.00010e+002,  2.44142e+002,  1.55869e+002) [kg.m^2/m].
 Center of mass location = ( 1.09081e-015,  3.71706e-017) [m].
 Damping coefficient = ( 0.00000e+000). [sec].
 AXIAL_COORDINATE = ( 5.78000e+001). [m].
 Stiffness matrix = (
  1.10531e+010,  1.35567e-001, -7.27419e-004,  4.97420e+003,  9.38086e+000, -4.98566e-001, 
  5.77233e+008, -1.08023e-001, -6.68767e-001, -2.51238e+002, -1.97789e-003,  6.67130e+007, 
  2.49261e-003,  2.24638e-003, -2.73296e+003,  1.46833e+008, -2.13306e-001,  2.81490e-003, 
  3.00370e+009,  1.31643e+000,  2.24696e+009)
 Mass/Span = ( 5.50324e+002). [kg/m].
 Moments of Inertia M11, M22, M33 = ( 2.72614e+002,  1.42566e+002,  1.30047e+002) [kg.m^2/m].
 Center of mass location = ( 2.53184e-016,  2.23831e-016) [m].
 Damping coefficient = ( 0.00000e+000). [sec].
 AXIAL_COORDINATE = ( 6.43000e+001). [m].
 Stiffness matrix = (
  8.85749e+009,  8.58607e-004, -3.09845e-004,  3.27494e+003, -1.73126e-001, -3.40463e-001, 
  4.63882e+008,  1.09844e-002,  2.81939e-003, -1.60203e+002, -9.19607e-004,  5.29084e+007, 
  8.85785e-004,  1.60463e-004, -1.84603e+003,  1.10547e+008, -6.87423e-005,  5.77899e-005, 
  1.70182e+009, -1.12403e-001,  1.80704e+009)
 Mass/Span = ( 4.42585e+002). [kg/m].
 Moments of Inertia M11, M22, M33 = ( 1.86382e+002,  8.08786e+001,  1.05503e+002) [kg.m^2/m].
 Center of mass location = (-3.61223e-017,  1.58161e-016) [m].
 Damping coefficient = ( 0.00000e+000). [sec].
 AXIAL_COORDINATE = ( 6.59000e+001). [m].
 Stiffness matrix = (
  8.34063e+009,  4.00017e-005,  2.46376e-003,  3.26231e+003, -1.71029e-001, -6.92981e-001, 
  4.37093e+008, -1.33306e-002,  8.05160e-003, -1.44519e+002, -9.94067e-004,  4.95858e+007, 
 -1.98017e-003, -1.29464e-003, -1.86329e+003,  1.01964e+008, -3.35595e-004, -2.88248e-004, 
  1.46051e+009, -2.76207e-002,  1.70338e+009)
 Mass/Span = ( 4.17198e+002). [kg/m].
 Moments of Inertia M11, M22, M33 = ( 1.69142e+002,  6.94371e+001,  9.97044e+001) [kg.m^2/m].
 Center of mass location = (-8.63541e-017, -2.39503e-017) [m].
 Damping coefficient = ( 0.00000e+000). [sec].
 AXIAL_COORDINATE = ( 7.08000e+001). [m].
 Stiffness matrix = (
  6.18171e+009,  1.19142e-004, -2.21551e-004,  2.88532e+003, -2.35788e-001,  3.55409e-001, 
  3.23719e+008, -1.16072e-003,  4.08148e-004, -1.04990e+002,  6.03806e-004,  4.25767e+007, 
  5.22766e-002, -1.76461e-005, -1.72247e+003,  8.21041e+007, -1.06589e-004,  4.89871e-004, 
  9.25676e+008,  2.49291e-002,  1.28658e+009)
 Mass/Span = ( 3.15116e+002). [kg/m].
 Moments of Inertia M11, M22, M33 = ( 1.23040e+002,  4.43169e+001,  7.87229e+001) [kg.m^2/m].
 Center of mass location = ( 1.40251e-015,  5.98948e-018) [m].
 Damping coefficient = ( 0.00000e+000). [sec].
 AXIAL_COORDINATE = ( 7.40000e+001). [m].
 Stiffness matrix = (
  4.53898e+009,  1.16183e-003,  4.66887e-004,  2.25028e+003,  1.77280e-001,  1.97827e-001, 
  2.36967e+008, -1.02228e-002,  1.59102e-003, -1.09844e+002, -1.95825e-004,  3.82085e+007, 
 -2.88558e-004,  3.89450e-004, -1.39605e+003,  6.86112e+007,  4.56000e-004,  2.89852e-004, 
  6.33858e+008,  6.09449e-002,  9.73019e+008)
 Mass/Span = ( 2.38315e+002). [kg/m].
 Moments of Inertia M11, M22, M33 = ( 9.41629e+001,  3.06899e+001,  6.34730e+001) [kg.m^2/m].
 Center of mass location = ( 1.70576e-015, -1.05984e-017) [m].
 Damping coefficient = ( 0.00000e+000). [sec].
 AXIAL_COORDINATE = ( 8.22000e+001). [m].
 Stiffness matrix = (
  2.37629e+009, -1.97381e-002, -1.01619e-004,  1.42896e+003,  1.58705e+000, -3.95493e-003, 
  1.22479e+008,  8.59203e-003,  4.19207e-002, -6.48485e+001,  1.50122e-005,  2.77998e+007, 
  1.21311e-003,  1.63741e-004, -9.74309e+002,  4.07952e+007,  1.83848e-002,  6.21128e-005, 
  2.63965e+008,  1.21455e-002,  5.53841e+008)
 Mass/Span = ( 1.35646e+002). [kg/m].
 Moments of Inertia M11, M22, M33 = ( 5.53504e+001,  1.32287e+001,  4.21217e+001) [kg.m^2/m].
 Center of mass location = ( 9.97310e-016, -2.64981e-017) [m].
 Damping coefficient = ( 0.00000e+000). [sec].
 AXIAL_COORDINATE = ( 8.70000e+001). [m].
 Stiffness matrix = (
  1.35368e+009, -9.91039e-005,  9.70614e-001,  9.58983e+002, -3.55869e-002,  5.35109e+001, 
  6.75107e+007,  2.92301e-003, -4.17393e-003, -2.81259e+001,  1.47751e-004,  1.99254e+007, 
  2.50568e+000,  1.31501e-005, -6.83070e+002,  2.35163e+007, -7.68779e-006, -5.42774e-001, 
  1.24240e+008, -2.19935e-004,  3.53505e+008)
 Mass/Span = ( 8.65774e+001). [kg/m].
 Moments of Inertia M11, M22, M33 = ( 3.81684e+001,  6.56881e+000,  3.15996e+001) [kg.m^2/m].
 Center of mass location = ( 1.92024e-015,  3.83502e-017) [m].
 Damping coefficient = ( 0.00000e+000). [sec].
 AXIAL_COORDINATE = ( 9.19000e+001). [m].
 Stiffness matrix = (
  8.02590e+008, -4.42827e-003, -2.08405e-003,  4.93873e+002, -1.77308e-001, -2.64703e+000, 
  3.87678e+007,  3.14339e-003,  2.60393e-003, -1.02718e+001,  2.44206e-004,  9.99681e+006, 
  7.03040e-001, -2.24096e-005, -2.94454e+002,  9.36133e+006,  4.43616e-005,  2.15269e-003, 
  4.34314e+007, -1.52258e-003,  2.28258e+008)
 Mass/Span = ( 5.59069e+001). [kg/m].
 Moments of Inertia M11, M22, M33 = ( 2.48782e+001,  2.40467e+000,  2.24735e+001) [kg.m^2/m].
 Center of mass location = ( 2.56143e-016,  9.47930e-018) [m].
 Damping coefficient = ( 0.00000e+000). [sec].
 Comment 1 : [beam properties are from dymoreMKblock.dat].



      --------------------------
      |   @SURVEY_DEFINITION   |
      --------------------------


 *** Survey: [svy_disp_spar],
 Surveyed object : [monoplane_spar].
 Survey type : [DISPLACEMENTS].
 Time = ( 5.00000e+000). [sec].
 Reference frame : [INERTIAL].



      --------------------------
      |   @SURVEY_DEFINITION   |
      --------------------------


 *** Survey: [svy_force_spar],
 Surveyed object : [monoplane_spar].
 Survey type : [FORCES].
 Time = ( 5.00000e+000). [sec].
 Reference frame : [INERTIAL].



      --------------------------
      |   @SURVEY_DEFINITION   |
      --------------------------


 *** Survey: [svy_strain_spar],
 Surveyed object : [monoplane_spar].
 Survey type : [STRAINS].
 Time = ( 5.00000e+000). [sec].
 Reference frame : [INERTIAL].



      ----------------------------------
      |   @EXECUTING_INCLUDE_COMMAND   |
      ----------------------------------

 --- Include command : [include1].
 --- Closing data file : [monoplane_spar.dat].
 
 --- Opening data file : [loadDist.dat].



      -----------------------------
      |   @EDGE_LOAD_DEFINITION   |
      -----------------------------


 *** Edge load: [constloaddist],
 Edge : [edgeSpar].

      ---  Loading component  ---- 

 Data table for force along i3 : [constloaddistTable].
 Scale factor = ( 1.00000e+003).
 Time function : [scheduleload].



      ------------------------------
      |   @DATA_TABLE_DEFINITION   |
      ------------------------------


 *** Data table: [constloaddistTable],
 Coordinate type : [ETA_COORDINATE].
 Data type : [FORCE_ALONG_I3].
 X entry = ( 0.00000e+000).  Y entry = (-1.00000e+000). [N/m].
 X entry = ( 1.00000e+000).  Y entry = (-1.00000e+000). [N/m].
 Comment 1 : [this defines the loads for a constant load distribution].



      ----------------------------------
      |   @EXECUTING_INCLUDE_COMMAND   |
      ----------------------------------

 --- Include command : [include1].
 --- Closing data file : [loadDist.dat].



                    ********************
                    *   @CHECK_MODEL   *
                    ********************




      ---------------------
      |   @CHECK_FRAMES   |
      ---------------------


 *** Fixed frame: [FXDFRAME_INERTIAL],
 Origin = ( 0.00000e+000,  0.00000e+000,  0.00000e+000) [m].
 Orientation definition type : [VECTORS_E2_E3].
 E2 = ( 0.00000e+000,  1.00000e+000,  0.00000e+000)
 E3 = ( 0.00000e+000,  0.00000e+000,  1.00000e+000)

 *** Orientation distribution: [orientationSpar],
 Orientation definition type : [TWIST_ANGLE].
 Coordinate type : [ETA_COORDINATE].
 ETA_COORDINATE = ( 0.00000e+000).
 Twist angle = ( 0.00000e+000). [deg].
 ETA_COORDINATE = ( 2.17628e-003).
 Twist angle = ( 0.00000e+000). [deg].
 ETA_COORDINATE = ( 2.50272e-002).
 Twist angle = ( 0.00000e+000). [deg].
 ETA_COORDINATE = ( 4.78781e-002).
 Twist angle = ( 0.00000e+000). [deg].
 ETA_COORDINATE = ( 7.07291e-002).
 Twist angle = ( 0.00000e+000). [deg].
 ETA_COORDINATE = ( 9.79325e-002).
 Twist angle = ( 0.00000e+000). [deg].
 ETA_COORDINATE = ( 1.32753e-001).
 Twist angle = ( 0.00000e+000). [deg].
 ETA_COORDINATE = ( 1.51251e-001).
 Twist angle = ( 0.00000e+000). [deg].
 ETA_COORDINATE = ( 1.68662e-001).
 Twist angle = ( 0.00000e+000). [deg].
 ETA_COORDINATE = ( 1.86072e-001).
 Twist angle = ( 0.00000e+000). [deg].
 ETA_COORDINATE = ( 2.15452e-001).
 Twist angle = ( 0.00000e+000). [deg].
 ETA_COORDINATE = ( 2.44831e-001).
 Twist angle = ( 0.00000e+000). [deg].
 ETA_COORDINATE = ( 2.74211e-001).
 Twist angle = ( 0.00000e+000). [deg].
 ETA_COORDINATE = ( 3.63439e-001).
 Twist angle = ( 0.00000e+000). [deg].
 ETA_COORDINATE = ( 4.51578e-001).
 Twist angle = ( 0.00000e+000). [deg].
 ETA_COORDINATE = ( 5.39717e-001).
 Twist angle = ( 0.00000e+000). [deg].
 ETA_COORDINATE = ( 6.28945e-001).
 Twist angle = ( 0.00000e+000). [deg].
 ETA_COORDINATE = ( 6.99674e-001).
 Twist angle = ( 0.00000e+000). [deg].
 ETA_COORDINATE = ( 7.17084e-001).
 Twist angle = ( 0.00000e+000). [deg].
 ETA_COORDINATE = ( 7.70403e-001).
 Twist angle = ( 0.00000e+000). [deg].
 ETA_COORDINATE = ( 8.05223e-001).
 Twist angle = ( 0.00000e+000). [deg].
 ETA_COORDINATE = ( 8.94450e-001).
 Twist angle = ( 0.00000e+000). [deg].
 ETA_COORDINATE = ( 9.46681e-001).
 Twist angle = ( 0.00000e+000). [deg].
 ETA_COORDINATE = ( 1.00000e+000).
 Twist angle = ( 0.00000e+000). [deg].

 *** Fixed frame: [FXDFRAME_INERTIAL],
 Origin = ( 0.00000e+000,  0.00000e+000,  0.00000e+000) [m].
 Orientation definition type : [VECTORS_E2_E3].
 E2 = ( 0.00000e+000,  1.00000e+000,  0.00000e+000)
 E3 = ( 0.00000e+000,  0.00000e+000,  1.00000e+000)



      --------------------------------
      |   @CHECK_POINTS_AND_TRIADS   |
      --------------------------------


 *** Point: [POINT_ORIGIN],
 Coordinates = ( 0.00000e+000,  0.00000e+000,  0.00000e+000) [m].
 Is defined in frame : [INERTIAL].

 *** Triad: [TRIAD_INERTIAL],
 Orientation definition type : [VECTORS_E2_E3].
 E2 = ( 0.00000e+000,  1.00000e+000,  0.00000e+000)
 E3 = ( 0.00000e+000,  0.00000e+000,  1.00000e+000)
 Is defined in frame : [INERTIAL].

 *** Point: [root],
 Coordinates = ( 0.00000e+000,  0.00000e+000,  0.00000e+000) [m].
 Is defined in frame : [INERTIAL].

 *** Point: [tip],
 Coordinates = ( 9.19000e+001,  0.00000e+000,  0.00000e+000) [m].
 Is defined in frame : [INERTIAL].



      ----------------------------------
      |   @CHECK_CURVES_AND_VERTICES   |
      ----------------------------------


 *** Vertex: [vertexA],
 At point : [root].

 *** Vertex: [vertexB],
 At point : [tip].

 *** Curve: [curveSpar],
 Is defined in frame : [INERTIAL].

      ---  Curve points  ---- 

 Number of control points = (    2).
 Curve degree = (    1).
 Rational curve : [NO].
 End point 0 : [root].
 End point 1 : [tip].
 Orientation distribution : [orientationSpar].
 Initial coordinate = ( 0.00000e+000). [m].
 Curve mesh parameters : [meshSpar].

 *** Curve mesh parameters: [meshSpar],
 Number of elements = (   23).
 Order of the elements = (    3).
 Uuu sequence = ( 
 0.00000e+000,  2.17628e-003,  2.50272e-002,  4.78781e-002,  7.07291e-002,  9.79325e-002, 
 1.32753e-001,  1.51251e-001,  1.68662e-001,  1.86072e-001,  2.15452e-001,  2.44831e-001, 
 2.74211e-001,  3.63439e-001,  4.51578e-001,  5.39717e-001,  6.28945e-001,  6.99674e-001, 
 7.17084e-001,  7.70403e-001,  8.05223e-001,  8.94450e-001,  9.46681e-001,  1.00000e+000).
 Comment 1 : [use ETA_COORDINATE, not ETA_VALUE].



      ---------------------------------
      |   @CHECK_SURFACES_AND_EDGES   |
      ---------------------------------


 *** Edge: [edgeSpar],
 Connected to vertices: [vertexA, vertexB].
 Curve : [curveSpar].



      --------------------------------
      |   @CHECK_VOLUMES_AND_FACES   |
      --------------------------------




      ----------------------------
      |   @CHECK_COPY_COMMANDS   |
      ----------------------------




      -------------------------------
      |   @CHECK_STRUCTURAL_EDGES   |
      -------------------------------


 *** Beam: [monoplane_spar],
 Edge : [edgeSpar].
 Property table : [propSpar].



      -------------------------------
      |   @CHECK_STRUCTURAL_FACES   |
      -------------------------------




      ----------------------------
      |   @CHECK_OTHER_OBJECTS   |
      ----------------------------


 *** Time function: [scheduleload],
 Time function type : [USER_DEFINED].
 Time = ( 0.00000e+000).  Function value = ( 1.00000e+000).
 Time = ( 1.00000e+000).  Function value = ( 1.00000e+000).
 Time = ( 2.00000e+000).  Function value = ( 1.00000e+000).
 Time = ( 3.00000e+000).  Function value = ( 1.00000e+000).
 Time = ( 4.00000e+000).  Function value = ( 1.00000e+000).
 Time = ( 5.00000e+000).  Function value = ( 1.00000e+000).
 Time = ( 6.00000e+000).  Function value = ( 1.00000e+000).
 Time = ( 7.00000e+000).  Function value = ( 1.00000e+000).
 Time = ( 8.00000e+000).  Function value = ( 1.00000e+000).
 Time = ( 9.00000e+000).  Function value = ( 1.00000e+000).
 Time = ( 1.00000e+001).  Function value = ( 1.00000e+000).
 Time = ( 1.10000e+001).  Function value = ( 1.00000e+000).
 Time = ( 1.20000e+001).  Function value = ( 1.00000e+000).
 Time = ( 1.30000e+001).  Function value = ( 1.00000e+000).
 Time = ( 1.40000e+001).  Function value = ( 1.00000e+000).
 Time = ( 1.50000e+001).  Function value = ( 1.00000e+000).

 *** Include command: [include1],
 Active command : [YES].
 List of file names:
 monoplane_spar.dat
 loadDist.dat

 *** Analysis control parameters: [AnalysisControlParameters],
 Maximum number of time steps = (   10).
 Simulation initial time = ( 0.00000e+000). [sec].
 Simulation final time = ( 1.50000e+001). [sec].
 Minimum time step size = ( 1.00000e-006). [sec].
 Maximum time step size = ( 5.00000e-002). [sec].
 Reference energy level = ( 6.00000e+005). [J].

 *** Graphical control parameters: [GraphicsControlParameters],
 Time step size = ( 0.00000e+000). [sec].
 Reference frame : [INERTIAL].
 Eigenvectors scaling factor = ( 1.00000e-001).
 Number of cycles for modal animation = (    5).
 Number of frames per cycle = (  100).
 Vector field type : [FORCES].  Scaling factor = ( 1.00000e-001).
 Vector field type : [STRAINS].  Scaling factor = ( 1.00000e-001).
 Vector field type : [VELOCITIES].  Scaling factor = ( 1.00000e-001).

 *** Plotting control parameters: [PlottingControlParameters],
 Graph  plot format : [PNG].
        plot Size   : [MEDIUM].
 Map    plot format : [PNG].
        plot Size   : [LARGE].
 Map    plot format : [EPS].
        plot Size   : [LARGE].
 Map    plot format : [TRM].
        plot Size   : [LARGE].
 Object plot format : [PNG].
        plot Size   : [LARGE].
 Object plot format : [EPS].
        plot Size   : [LARGE].
 Object plot format : [TRM].
        plot Size   : [LARGE].
 Sensor plot format : [PNG].
        plot Size   : [LARGE].
 Sensor plot format : [EPS].
        plot Size   : [LARGE].
 Sensor plot format : [TRM].
        plot Size   : [LARGE].
 Signal plot format : [PNG].
        plot Size   : [MEDIUM].
 Survey plot format : [PNG].
        plot Size   : [LARGE].
 Survey plot format : [EPS].
        plot Size   : [LARGE].
 Survey plot format : [TRM].
        plot Size   : [LARGE].
 Sensor memory size = (  100).
 Map    memory size = (   10).

 *** Boundary condition: [clampRoot],
 Entity : [vertexA].
 Displacements boundary conditions = (    1,     1,     1).
 Rotation      boundary conditions = (    1,     1,     1).

 *** Survey: [svy_disp_spar],
 Surveyed object : [monoplane_spar].
 Survey type : [DISPLACEMENTS].
 Time = ( 5.00000e+000). [sec].
 Reference frame : [INERTIAL].

 *** Survey: [svy_force_spar],
 Surveyed object : [monoplane_spar].
 Survey type : [FORCES].
 Time = ( 5.00000e+000). [sec].
 Reference frame : [INERTIAL].

 *** Survey: [svy_strain_spar],
 Surveyed object : [monoplane_spar].
 Survey type : [STRAINS].
 Time = ( 5.00000e+000). [sec].
 Reference frame : [INERTIAL].

 *** Edge load: [constloaddist],
 Edge : [edgeSpar].

      ---  Loading component  ---- 

 Data table for force along i3 : [constloaddistTable].
 Scale factor = ( 1.00000e+003).
 Time function : [scheduleload].

 *** Data table: [constloaddistTable],
 Coordinate type : [ETA_COORDINATE].
 Data type : [FORCE_ALONG_I3].
 X entry = ( 0.00000e+000).  Y entry = (-1.00000e+000). [N/m].
 X entry = ( 1.00000e+000).  Y entry = (-1.00000e+000). [N/m].
 Comment 1 : [this defines the loads for a constant load distribution].

 *** Beam property table: [propSpar],
 AXIAL_COORDINATE = ( 0.00000e+000). [m].
 Stiffness matrix = (
  8.07327e+009,  3.53426e+002, -1.27035e+001,  3.12853e+006, -3.42972e+003, -7.35535e+002, 
  3.74475e+008,  2.98810e+001,  1.52553e+002,  1.48402e+006,  1.31434e+002,  3.69434e+008, 
 -4.33780e+001, -2.36137e+001,  1.44304e+005,  9.26478e+008, -2.69239e+002, -5.38899e+001, 
  4.83386e+010, -1.36429e+003,  2.53049e+009)
 Mass/Span = ( 7.45617e+002). [kg/m].
 Moments of Inertia M11, M22, M33 = ( 4.21487e+003,  3.93304e+003,  2.81823e+002) [kg.m^2/m].
 Center of mass location = (-1.73157e-015, -9.54355e-018) [m].
 Damping coefficient = ( 0.00000e+000). [sec].
 ### Mass moment of inertia about e2 or/and e3 axes are 
 ### adjusted to ensure consistent mass matrix.
 AXIAL_COORDINATE = ( 2.00000e-001). [m].
 Stiffness matrix = (
  7.48542e+009,  4.25637e+002, -4.78856e+001,  2.25052e+006, -7.47569e+003, -9.50283e+002, 
  3.34383e+008,  1.63720e+001,  3.87864e+002,  1.67733e+006,  1.12487e+002,  3.67933e+008, 
 -4.81428e+001, -9.08192e+001,  1.38986e+005,  9.20585e+008, -5.49531e+002, -9.39839e+001, 
  4.40476e+010, -1.36376e+003,  2.39346e+009)
 Mass/Span = ( 6.96072e+002). [kg/m].
 Moments of Inertia M11, M22, M33 = ( 3.84317e+003,  3.57291e+003,  2.70260e+002) [kg.m^2/m].
 Center of mass location = (-1.30582e-015, -1.81928e-017) [m].
 Damping coefficient = ( 0.00000e+000). [sec].
 ### Mass moment of inertia about e2 or/and e3 axes are 
 ### adjusted to ensure consistent mass matrix.
 AXIAL_COORDINATE = ( 2.30000e+000). [m].
 Stiffness matrix = (
  7.17491e+009, -5.40083e+000,  1.27608e+000,  1.04161e+006,  1.36222e+002,  1.59725e+001, 
  3.20309e+008,  1.96520e-001,  4.28454e+000,  1.29985e+006,  2.37444e+000,  3.46896e+008, 
 -3.31667e+000, -1.04098e+000,  1.04179e+005,  8.64737e+008,  2.36771e+001,  2.31857e+000, 
  3.79592e+010, -5.55134e+001,  2.24607e+009)
 Mass/Span = ( 6.29936e+002). [kg/m].
 Moments of Inertia M11, M22, M33 = ( 3.10037e+003,  2.85277e+003,  2.47597e+002) [kg.m^2/m].
 Center of mass location = (-8.05851e-015,  1.99246e-016) [m].
 Damping coefficient = ( 0.00000e+000). [sec].
 ### Mass moment of inertia about e2 or/and e3 axes are 
 ### adjusted to ensure consistent mass matrix.
 AXIAL_COORDINATE = ( 4.40000e+000). [m].
 Stiffness matrix = (
  7.23650e+009, -8.96964e+000, -1.21763e+000,  2.71492e+005,  1.99536e+002, -1.17593e+001, 
  3.10961e+008, -4.41379e-001,  1.28406e+001,  1.00253e+006,  1.29684e-001,  3.24831e+008, 
  1.79870e-003, -1.40196e+000,  6.43561e+004,  8.04052e+008,  1.82039e+001, -1.04355e+000, 
  3.43746e+010, -3.41975e+000,  2.16663e+009)
 Mass/Span = ( 5.80440e+002). [kg/m].
 Moments of Inertia M11, M22, M33 = ( 2.53867e+003,  2.31090e+003,  2.27772e+002) [kg.m^2/m].
 Center of mass location = (-1.69532e-014, -1.21612e-016) [m].
 Damping coefficient = ( 0.00000e+000). [sec].
 ### Mass moment of inertia about e2 or/and e3 axes are 
 ### adjusted to ensure consistent mass matrix.
 AXIAL_COORDINATE = ( 6.50000e+000). [m].
 Stiffness matrix = (
  9.02834e+009, -8.37561e+000,  3.00417e+000,  1.77721e+005,  1.41264e+002, -2.92022e+001, 
  3.78809e+008, -7.90834e-001,  1.17299e+001,  9.02634e+004, -1.04434e+000,  3.00245e+008, 
 -8.06290e-001, -4.84877e+000,  7.01956e+003,  7.40637e+008,  1.75347e+001, -1.84309e+000, 
  3.85239e+010,  4.68229e+001,  2.42099e+009)
 Mass/Span = ( 6.22674e+002). [kg/m].
 Moments of Inertia M11, M22, M33 = ( 2.47314e+003,  2.24772e+003,  2.25419e+002) [kg.m^2/m].
 Center of mass location = (-1.13661e-016, -1.49178e-016) [m].
 Damping coefficient = ( 0.00000e+000). [sec].
 ### Mass moment of inertia about e2 or/and e3 axes are 
 ### adjusted to ensure consistent mass matrix.
 AXIAL_COORDINATE = ( 9.00000e+000). [m].
 Stiffness matrix = (
  1.03115e+010,  1.21677e+000, -3.79164e-001,  3.05961e+005, -8.60312e+000, -8.18882e-001, 
  4.02630e+008, -3.70468e-001, -2.72876e+000, -1.04426e+006,  6.21909e-002,  2.74396e+008, 
 -8.47504e-001, -5.63976e-001, -5.21344e+004,  6.68614e+008, -2.22003e+000, -4.93721e-002, 
  3.80272e+010, -9.21607e-001,  2.57715e+009)
 Mass/Span = ( 6.40908e+002). [kg/m].
 Moments of Inertia M11, M22, M33 = ( 2.23727e+003,  2.01913e+003,  2.18142e+002) [kg.m^2/m].
 Center of mass location = ( 9.58656e-016, -3.93398e-016) [m].
 Damping coefficient = ( 0.00000e+000). [sec].
 ### Mass moment of inertia about e2 or/and e3 axes are 
 ### adjusted to ensure consistent mass matrix.
 AXIAL_COORDINATE = ( 1.22000e+001). [m].
 Stiffness matrix = (
  1.30612e+010, -1.85887e-003, -8.98902e-002,  2.11504e+004,  6.80378e+001, -1.70859e+001, 
  5.20297e+008,  1.05564e+000,  3.11272e+000, -8.50661e+003, -4.93475e-002,  2.43324e+008, 
  5.27339e-001,  2.10970e-001, -1.09186e+004,  5.89262e+008,  1.59469e-001, -2.69196e-002, 
  3.93422e+010, -3.08925e+001,  3.01305e+009)
 Mass/Span = ( 7.37805e+002). [kg/m].
 Moments of Inertia M11, M22, M33 = ( 2.18785e+003,  1.96265e+003,  2.25202e+002) [kg.m^2/m].
 Center of mass location = ( 4.25751e-015, -5.60525e-016) [m].
 Damping coefficient = ( 0.00000e+000). [sec].
 ### Mass moment of inertia about e2 or/and e3 axes are 
 ### adjusted to ensure consistent mass matrix.
 AXIAL_COORDINATE = ( 1.39000e+001). [m].
 Stiffness matrix = (
  1.51240e+010,  1.09440e-001,  1.37334e-001,  1.91173e+004,  5.07636e+001, -1.52101e+000, 
  6.42740e+008,  7.33918e-001, -4.21018e+000, -7.61988e+003,  7.98428e-002,  2.30288e+008, 
 -3.39365e+000,  1.07090e+000, -9.84644e+003,  5.60816e+008, -1.52646e+000, -1.59638e-001, 
  4.07279e+010,  2.40515e+001,  3.36924e+009)
 Mass/Span = ( 8.25053e+002). [kg/m].
 Moments of Inertia M11, M22, M33 = ( 2.23911e+003,  2.00227e+003,  2.36840e+002) [kg.m^2/m].
 Center of mass location = (-1.59081e-015, -5.36910e-017) [m].
 Damping coefficient = ( 0.00000e+000). [sec].
 ### Mass moment of inertia about e2 or/and e3 axes are 
 ### adjusted to ensure consistent mass matrix.
 AXIAL_COORDINATE = ( 1.55000e+001). [m].
 Stiffness matrix = (
  1.60598e+010,  7.63443e-003,  9.09078e-003,  1.87810e+004,  1.35281e+001,  4.17255e+000, 
  7.10704e+008,  3.37118e-001, -1.02589e+000, -6.68325e+003, -7.31219e-003,  2.17094e+008, 
  1.32233e+000, -2.45724e-002, -9.65320e+003,  5.29420e+008, -2.16609e-002, -7.43842e-004, 
  3.84356e+010, -9.62804e+000,  3.51483e+009)
 Mass/Span = ( 8.60728e+002). [kg/m].
 Moments of Inertia M11, M22, M33 = ( 2.11500e+003,  1.87608e+003,  2.38926e+002) [kg.m^2/m].
 Center of mass location = (-1.83870e-015, -7.45542e-017) [m].
 Damping coefficient = ( 0.00000e+000). [sec].
 ### Mass moment of inertia about e2 or/and e3 axes are 
 ### adjusted to ensure consistent mass matrix.
 AXIAL_COORDINATE = ( 1.71000e+001). [m].
 Stiffness matrix = (
  1.81239e+010, -1.49626e+000, -7.34285e-003,  1.77470e+004, -2.17262e+001,  3.36475e+000, 
  8.38425e+008, -5.51316e-001, -2.40603e-003, -6.23700e+003, -2.66468e-003,  2.04095e+008, 
  1.79098e-001, -3.03823e-003, -9.09853e+003,  5.00297e+008,  2.01166e+000,  3.29192e-002, 
  3.80573e+010, -1.09799e-001,  3.87188e+009)
 Mass/Span = ( 9.48189e+002). [kg/m].
 Moments of Inertia M11, M22, M33 = ( 2.09074e+003,  1.84004e+003,  2.50699e+002) [kg.m^2/m].
 Center of mass location = ( 3.84443e-015, -4.49387e-016) [m].
 Damping coefficient = ( 0.00000e+000). [sec].
 ### Mass moment of inertia about e2 or/and e3 axes are 
 ### adjusted to ensure consistent mass matrix.
 AXIAL_COORDINATE = ( 1.98000e+001). [m].
 Stiffness matrix = (
  1.80523e+010, -5.97863e-003, -1.10782e-001,  1.64489e+004, -2.00988e+001,  5.82346e+000, 
  8.54862e+008,  7.36722e-001,  1.70699e+000, -4.74872e+003, -2.85246e-003,  1.89752e+008, 
  5.37283e-001,  5.51839e-003, -8.44733e+003,  4.64144e+008,  9.83883e-003,  1.14531e-001, 
  3.28677e+010, -1.21366e+001,  3.82673e+009)
 Mass/Span = ( 9.37144e+002). [kg/m].
 Moments of Inertia M11, M22, M33 = ( 1.82813e+003,  1.58438e+003,  2.43742e+002) [kg.m^2/m].
 Center of mass location = ( 1.71442e-015,  1.95485e-015) [m].
 Damping coefficient = ( 0.00000e+000). [sec].
 ### Mass moment of inertia about e2 or/and e3 axes are 
 ### adjusted to ensure consistent mass matrix.
 AXIAL_COORDINATE = ( 2.25000e+001). [m].
 Stiffness matrix = (
  1.79879e+010, -8.91824e-004, -8.69610e-003,  1.51173e+004,  4.97464e+000, -1.52507e+000, 
  8.68120e+008,  1.81955e-001,  5.64886e-001, -3.80380e+003,  6.47436e-003,  1.76866e+008, 
  8.42606e-002, -5.45006e-002, -7.77852e+003,  4.31665e+008,  2.41894e-003,  1.30503e-003, 
  2.85345e+010, -3.99789e+000,  3.78616e+009)
 Mass/Span = ( 9.27219e+002). [kg/m].
 Moments of Inertia M11, M22, M33 = ( 1.60929e+003,  1.37180e+003,  2.37491e+002) [kg.m^2/m].
 Center of mass location = ( 3.04730e-016, -4.55479e-016) [m].
 Damping coefficient = ( 0.00000e+000). [sec].
 ### Mass moment of inertia about e2 or/and e3 axes are 
 ### adjusted to ensure consistent mass matrix.
 AXIAL_COORDINATE = ( 2.52000e+001). [m].
 Stiffness matrix = (
  1.69162e+010,  3.44749e-003,  1.28394e-003,  1.40362e+004,  3.77156e-001,  4.52631e-001, 
  8.27134e+008, -1.53329e-002, -9.82756e-002, -3.09933e+003,  3.17129e-003,  1.62870e+008, 
  7.22213e-003, -4.37433e-003, -7.25101e+003,  3.94808e+008, -1.37677e-003,  7.32885e-004, 
  2.30118e+010,  4.31668e-002,  3.55483e+009)
 Mass/Span = ( 8.70573e+002). [kg/m].
 Moments of Inertia M11, M22, M33 = ( 1.32782e+003,  1.10563e+003,  2.22196e+002) [kg.m^2/m].
 Center of mass location = ( 3.22052e-015, -4.43542e-016) [m].
 Damping coefficient = ( 0.00000e+000). [sec].
 ### Mass moment of inertia about e2 or/and e3 axes are 
 ### adjusted to ensure consistent mass matrix.
 AXIAL_COORDINATE = ( 3.34000e+001). [m].
 Stiffness matrix = (
  1.56418e+010,  1.22868e+000, -1.87306e-003,  1.06596e+004,  6.41020e+000, -1.95652e+000, 
  7.87131e+008, -3.14159e-001, -5.42238e-001, -1.78615e+003,  1.54367e-003,  1.33369e+008, 
  4.55552e-002,  2.10459e-003, -5.56025e+003,  3.18857e+008, -2.24918e+000,  2.88257e-003, 
  1.45790e+010,  4.15303e+000,  3.25135e+009)
 Mass/Span = ( 7.96269e+002). [kg/m].
 Moments of Inertia M11, M22, M33 = ( 8.95931e+002,  6.97605e+002,  1.98326e+002) [kg.m^2/m].
 Center of mass location = ( 1.94328e-015,  6.16133e-016) [m].
 Damping coefficient = ( 0.00000e+000). [sec].
 ### Mass moment of inertia about e2 or/and e3 axes are 
 ### adjusted to ensure consistent mass matrix.
 AXIAL_COORDINATE = ( 4.15000e+001). [m].
 Stiffness matrix = (
  1.44984e+010, -1.84454e-001,  9.24870e-004,  8.16099e+003, -9.50401e+000,  7.79414e-001, 
  7.45326e+008,  1.15497e-001,  1.01830e+000, -9.32276e+002, -3.41724e-004,  1.04988e+008, 
  4.98241e-003, -7.85461e-004, -4.30956e+003,  2.46216e+008,  3.58393e-001, -1.77953e-003, 
  8.62882e+009, -1.66888e+000,  2.97488e+009)
 Mass/Span = ( 7.28578e+002). [kg/m].
 Moments of Inertia M11, M22, M33 = ( 5.87001e+002,  4.10927e+002,  1.76075e+002) [kg.m^2/m].
 Center of mass location = (-2.21975e-015, -9.56198e-017) [m].
 Damping coefficient = ( 0.00000e+000). [sec].
 ### Mass moment of inertia about e2 or/and e3 axes are 
 ### adjusted to ensure consistent mass matrix.
 AXIAL_COORDINATE = ( 4.96000e+001). [m].
 Stiffness matrix = (
  1.32618e+010,  1.83005e-004,  2.60058e-004,  6.41620e+003,  8.12725e-001,  4.33379e-001, 
  6.89490e+008,  2.42643e-003, -3.04907e-002, -4.75390e+002, -1.60641e-005,  8.29872e+007, 
  9.11699e-003,  3.37440e-004, -3.44220e+003,  1.89803e+008, -8.62903e-004, -5.07553e-004, 
  5.14437e+009,  4.27841e-001,  2.69517e+009)
 Mass/Span = ( 6.60090e+002). [kg/m].
 Moments of Inertia M11, M22, M33 = ( 4.00010e+002,  2.44142e+002,  1.55869e+002) [kg.m^2/m].
 Center of mass location = ( 1.09081e-015,  3.71706e-017) [m].
 Damping coefficient = ( 0.00000e+000). [sec].
 ### Mass moment of inertia about e2 or/and e3 axes are 
 ### adjusted to ensure consistent mass matrix.
 AXIAL_COORDINATE = ( 5.78000e+001). [m].
 Stiffness matrix = (
  1.10531e+010,  1.35567e-001, -7.27419e-004,  4.97420e+003,  9.38086e+000, -4.98566e-001, 
  5.77233e+008, -1.08023e-001, -6.68767e-001, -2.51238e+002, -1.97789e-003,  6.67130e+007, 
  2.49261e-003,  2.24638e-003, -2.73296e+003,  1.46833e+008, -2.13306e-001,  2.81490e-003, 
  3.00370e+009,  1.31643e+000,  2.24696e+009)
 Mass/Span = ( 5.50324e+002). [kg/m].
 Moments of Inertia M11, M22, M33 = ( 2.72614e+002,  1.42566e+002,  1.30047e+002) [kg.m^2/m].
 Center of mass location = ( 2.53184e-016,  2.23831e-016) [m].
 Damping coefficient = ( 0.00000e+000). [sec].
 AXIAL_COORDINATE = ( 6.43000e+001). [m].
 Stiffness matrix = (
  8.85749e+009,  8.58607e-004, -3.09845e-004,  3.27494e+003, -1.73126e-001, -3.40463e-001, 
  4.63882e+008,  1.09844e-002,  2.81939e-003, -1.60203e+002, -9.19607e-004,  5.29084e+007, 
  8.85785e-004,  1.60463e-004, -1.84603e+003,  1.10547e+008, -6.87423e-005,  5.77899e-005, 
  1.70182e+009, -1.12403e-001,  1.80704e+009)
 Mass/Span = ( 4.42585e+002). [kg/m].
 Moments of Inertia M11, M22, M33 = ( 1.86382e+002,  8.08786e+001,  1.05503e+002) [kg.m^2/m].
 Center of mass location = (-3.61223e-017,  1.58161e-016) [m].
 Damping coefficient = ( 0.00000e+000). [sec].
 ### Mass moment of inertia about e2 or/and e3 axes are 
 ### adjusted to ensure consistent mass matrix.
 AXIAL_COORDINATE = ( 6.59000e+001). [m].
 Stiffness matrix = (
  8.34063e+009,  4.00017e-005,  2.46376e-003,  3.26231e+003, -1.71029e-001, -6.92981e-001, 
  4.37093e+008, -1.33306e-002,  8.05160e-003, -1.44519e+002, -9.94067e-004,  4.95858e+007, 
 -1.98017e-003, -1.29464e-003, -1.86329e+003,  1.01964e+008, -3.35595e-004, -2.88248e-004, 
  1.46051e+009, -2.76207e-002,  1.70338e+009)
 Mass/Span = ( 4.17198e+002). [kg/m].
 Moments of Inertia M11, M22, M33 = ( 1.69142e+002,  6.94371e+001,  9.97044e+001) [kg.m^2/m].
 Center of mass location = (-8.63541e-017, -2.39503e-017) [m].
 Damping coefficient = ( 0.00000e+000). [sec].
 ### Mass moment of inertia about e2 or/and e3 axes are 
 ### adjusted to ensure consistent mass matrix.
 AXIAL_COORDINATE = ( 7.08000e+001). [m].
 Stiffness matrix = (
  6.18171e+009,  1.19142e-004, -2.21551e-004,  2.88532e+003, -2.35788e-001,  3.55409e-001, 
  3.23719e+008, -1.16072e-003,  4.08148e-004, -1.04990e+002,  6.03806e-004,  4.25767e+007, 
  5.22766e-002, -1.76461e-005, -1.72247e+003,  8.21041e+007, -1.06589e-004,  4.89871e-004, 
  9.25676e+008,  2.49291e-002,  1.28658e+009)
 Mass/Span = ( 3.15116e+002). [kg/m].
 Moments of Inertia M11, M22, M33 = ( 1.23040e+002,  4.43169e+001,  7.87229e+001) [kg.m^2/m].
 Center of mass location = ( 1.40251e-015,  5.98948e-018) [m].
 Damping coefficient = ( 0.00000e+000). [sec].
 ### Mass moment of inertia about e2 or/and e3 axes are 
 ### adjusted to ensure consistent mass matrix.
 AXIAL_COORDINATE = ( 7.40000e+001). [m].
 Stiffness matrix = (
  4.53898e+009,  1.16183e-003,  4.66887e-004,  2.25028e+003,  1.77280e-001,  1.97827e-001, 
  2.36967e+008, -1.02228e-002,  1.59102e-003, -1.09844e+002, -1.95825e-004,  3.82085e+007, 
 -2.88558e-004,  3.89450e-004, -1.39605e+003,  6.86112e+007,  4.56000e-004,  2.89852e-004, 
  6.33858e+008,  6.09449e-002,  9.73019e+008)
 Mass/Span = ( 2.38315e+002). [kg/m].
 Moments of Inertia M11, M22, M33 = ( 9.41629e+001,  3.06899e+001,  6.34730e+001) [kg.m^2/m].
 Center of mass location = ( 1.70576e-015, -1.05984e-017) [m].
 Damping coefficient = ( 0.00000e+000). [sec].
 AXIAL_COORDINATE = ( 8.22000e+001). [m].
 Stiffness matrix = (
  2.37629e+009, -1.97381e-002, -1.01619e-004,  1.42896e+003,  1.58705e+000, -3.95493e-003, 
  1.22479e+008,  8.59203e-003,  4.19207e-002, -6.48485e+001,  1.50122e-005,  2.77998e+007, 
  1.21311e-003,  1.63741e-004, -9.74309e+002,  4.07952e+007,  1.83848e-002,  6.21128e-005, 
  2.63965e+008,  1.21455e-002,  5.53841e+008)
 Mass/Span = ( 1.35646e+002). [kg/m].
 Moments of Inertia M11, M22, M33 = ( 5.53504e+001,  1.32287e+001,  4.21217e+001) [kg.m^2/m].
 Center of mass location = ( 9.97310e-016, -2.64981e-017) [m].
 Damping coefficient = ( 0.00000e+000). [sec].
 AXIAL_COORDINATE = ( 8.70000e+001). [m].
 Stiffness matrix = (
  1.35368e+009, -9.91039e-005,  9.70614e-001,  9.58983e+002, -3.55869e-002,  5.35109e+001, 
  6.75107e+007,  2.92301e-003, -4.17393e-003, -2.81259e+001,  1.47751e-004,  1.99254e+007, 
  2.50568e+000,  1.31501e-005, -6.83070e+002,  2.35163e+007, -7.68779e-006, -5.42774e-001, 
  1.24240e+008, -2.19935e-004,  3.53505e+008)
 Mass/Span = ( 8.65774e+001). [kg/m].
 Moments of Inertia M11, M22, M33 = ( 3.81684e+001,  6.56881e+000,  3.15996e+001) [kg.m^2/m].
 Center of mass location = ( 1.92024e-015,  3.83502e-017) [m].
 Damping coefficient = ( 0.00000e+000). [sec].
 ### Mass moment of inertia about e2 or/and e3 axes are 
 ### adjusted to ensure consistent mass matrix.
 AXIAL_COORDINATE = ( 9.19000e+001). [m].
 Stiffness matrix = (
  8.02590e+008, -4.42827e-003, -2.08405e-003,  4.93873e+002, -1.77308e-001, -2.64703e+000, 
  3.87678e+007,  3.14339e-003,  2.60393e-003, -1.02718e+001,  2.44206e-004,  9.99681e+006, 
  7.03040e-001, -2.24096e-005, -2.94454e+002,  9.36133e+006,  4.43616e-005,  2.15269e-003, 
  4.34314e+007, -1.52258e-003,  2.28258e+008)
 Mass/Span = ( 5.59069e+001). [kg/m].
 Moments of Inertia M11, M22, M33 = ( 2.48782e+001,  2.40467e+000,  2.24735e+001) [kg.m^2/m].
 Center of mass location = ( 2.56143e-016,  9.47930e-018) [m].
 Damping coefficient = ( 0.00000e+000). [sec].

 *** Beam: [monoplane_spar],
 Edge : [edgeSpar].
 Property table : [propSpar].


 $$$ Checking object: [propSpar].
 Error: TABLE10. For table [propSpar]
 To create a spliced table,
 an initial coordinate must be defined.
 

      ---  Destroying Iost  ---- 


      ---  List of Memory Items  ---- 

 Number of Items = (    0).