
     ****************************************************
     *                                                  *
     *         GEORGIA INSTITUTE OF TECHNOLOGY          *
     *                                                  *
     *          - - -     D Y M O R E    - - -          *
     *          - - -     Version 3.0    - - -          *
     *                                                  *
     * FINITE ELEMENT BASED MULTI-BODY DYNAMIC ANALYSIS *
     *                                                  *
     ****************************************************
     ---  Version: Georgia Tech Dymore V.3

     --- Run date: Mon Mar 05 18:40:49 2012




                    ***********************************
                    *   @PROCESS_CONTROL_DEFINITION   *
                    ***********************************




                    *************************
                    *   @MODEL_DEFINITION   *
                    *************************




      ---------------------------------
      |   @TIME_FUNCTION_DEFINITION   |
      ---------------------------------


 *** Time function: [scheduleload],
 Time function type : [USER_DEFINED].
 Time = ( 0.00000e+000).  Function value = ( 1.00000e+000).
 Time = ( 1.00000e+000).  Function value = ( 1.00000e+000).
 Time = ( 2.00000e+000).  Function value = ( 1.00000e+000).
 Time = ( 3.00000e+000).  Function value = ( 1.00000e+000).
 Time = ( 4.00000e+000).  Function value = ( 1.00000e+000).
 Time = ( 5.00000e+000).  Function value = ( 1.00000e+000).
 Time = ( 6.00000e+000).  Function value = ( 1.00000e+000).
 Time = ( 7.00000e+000).  Function value = ( 1.00000e+000).
 Time = ( 8.00000e+000).  Function value = ( 1.00000e+000).
 Time = ( 9.00000e+000).  Function value = ( 1.00000e+000).
 Time = ( 1.00000e+001).  Function value = ( 1.00000e+000).
 Time = ( 1.10000e+001).  Function value = ( 1.00000e+000).
 Time = ( 1.20000e+001).  Function value = ( 1.00000e+000).
 Time = ( 1.30000e+001).  Function value = ( 1.00000e+000).
 Time = ( 1.40000e+001).  Function value = ( 1.00000e+000).
 Time = ( 1.50000e+001).  Function value = ( 1.00000e+000).



      ------------------------
      |   @INCLUDE_COMMAND   |
      ------------------------


 *** Include command: [include1],
 Active command : [YES].
 List of file names:
 monoplane_spar.dat
 loadDist.dat



      ------------------------------------
      |   @CREATE_FINITE_ELEMENT_MODEL   |
      ------------------------------------

 Analysis type : [STATIC].



      --------------------------------
      |   @FINITE_ELEMENT_ANALYSIS   |
      --------------------------------


 *** Analysis control parameters: [AnalysisControlParameters],
 Maximum number of time steps = (   10).
 Simulation initial time = ( 0.00000e+000). [sec].
 Simulation final time = ( 1.50000e+001). [sec].
 Minimum time step size = ( 1.00000e-006). [sec].
 Maximum time step size = ( 5.00000e-002). [sec].
 Reference energy level = ( 6.00000e+005). [J].

 *** Step control parameters: [Step1],
 Archival frequency = (    1).  Reuse number = (  100).
 Requested number of eigenvalues = (   10).
 Eigenvalues print flag = (    0).
 Gyroscopic term: : [NO].
 Eigen spectrum shift = ( 0.00000e+000).
 Time Step Size = ( 1.00000e+000). [sec].
 Maximum number of iterations = (   10).
 Factorization strategy = (    1).
 Convergence norm type : [ENERGY LIKE].  Convergence tolerance = ( 1.00000e-006).
 Maximum number of reject = (    5).
 Average stiffness = ( 1.00000e+006).  Average mass = ( 0.00000e+000).



      ---------------------------------
      |   @POST_PROCESSING_ANALYSIS   |
      ---------------------------------


 *** Graphical control parameters: [GraphicsControlParameters],
 Time step size = ( 0.00000e+000). [sec].
 Reference frame : [INERTIAL].
 Eigenvectors scaling factor = ( 1.00000e-001).
 Number of cycles for modal animation = (    5).
 Number of frames per cycle = (  100).
 Vector field type : [FORCES].  Scaling factor = ( 1.00000e-001).
 Vector field type : [STRAINS].  Scaling factor = ( 1.00000e-001).
 Vector field type : [VELOCITIES].  Scaling factor = ( 1.00000e-001).

 *** Plotting control parameters: [PlottingControlParameters],
 Graph  plot format : [PNG].
        plot Size   : [MEDIUM].
 Map    plot format : [PNG].
        plot Size   : [LARGE].
 Map    plot format : [EPS].
        plot Size   : [LARGE].
 Map    plot format : [TRM].
        plot Size   : [LARGE].
 Object plot format : [PNG].
        plot Size   : [LARGE].
 Object plot format : [EPS].
        plot Size   : [LARGE].
 Object plot format : [TRM].
        plot Size   : [LARGE].
 Sensor plot format : [PNG].
        plot Size   : [LARGE].
 Sensor plot format : [EPS].
        plot Size   : [LARGE].
 Sensor plot format : [TRM].
        plot Size   : [LARGE].
 Signal plot format : [PNG].
        plot Size   : [MEDIUM].
 Survey plot format : [PNG].
        plot Size   : [LARGE].
 Survey plot format : [EPS].
        plot Size   : [LARGE].
 Survey plot format : [TRM].
        plot Size   : [LARGE].
 Sensor memory size = (  100).
 Map    memory size = (   10).

 *** View parameters definition: [ViewParamName],
 View reference point = ( 0.00000e+000,  0.00000e+000,  0.00000e+000)
 View size = ( 0.00000e+000,  0.00000e+000,  0.00000e+000)
 Projection reference point = ( 0.00000e+000,  0.00000e+000,  0.00000e+000)
 Projection eye vector = ( 0.00000e+000,  0.00000e+000,  0.00000e+000)
 Projection up vector = ( 0.00000e+000,  0.00000e+000,  0.00000e+000)
 Projection viewport = ( 0.00000e+000,  0.00000e+000,  0.00000e+000,  0.00000e+000)



      ----------------------------------
      |   @EXECUTING_INCLUDE_COMMAND   |
      ----------------------------------

  --- Executing include command : [include1].
 
 --- Opening data file : [monoplane_spar.dat].



      -------------------------
      |   @POINT_DEFINITION   |
      -------------------------


 *** Point: [root],
 Coordinates = ( 0.00000e+000,  0.00000e+000,  0.00000e+000) [m].
 Is defined in frame : [INERTIAL].

 *** Point: [tip],
 Coordinates = ( 9.19000e+001,  0.00000e+000,  0.00000e+000) [m].
 Is defined in frame : [INERTIAL].



      --------------------------
      |   @VERTEX_DEFINITION   |
      --------------------------


 *** Vertex: [vertexA],
 At point : [root].

 *** Vertex: [vertexB],
 At point : [tip].



      ------------------------
      |   @EDGE_DEFINITION   |
      ------------------------


 *** Edge: [edgeSpar],
 Connected to vertices: [vertexA, vertexB].
 Curve : [curveSpar].



      ------------------------
      |   @BEAM_DEFINITION   |
      ------------------------


 *** Beam: [monoplane_spar],
 Edge : [edgeSpar].
 Property table : [propSpar].



      -------------------------
      |   @CURVE_DEFINITION   |
      -------------------------


 *** Curve: [curveSpar],
 Is defined in frame : [INERTIAL].

      ---  Curve points  ---- 

 Number of control points = (    2).
 Curve degree = (    1).
 Rational curve : [NO].
 End point 0 : [root].
 End point 1 : [tip].
 Orientation distribution : [orientationSpar].
 Initial coordinate = ( 0.00000e+000). [m].
 Curve mesh parameters : [meshSpar].



      --------------------------------------------
      |   @ORIENTATION_DISTRIBUTION_DEFINITION   |
      --------------------------------------------


 *** Orientation distribution: [orientationSpar],
 Orientation definition type : [TWIST_ANGLE].
 Coordinate type : [ETA_COORDINATE].
 ETA_COORDINATE = ( 0.00000e+000).
 Twist angle = ( 0.00000e+000). [deg].
 ETA_COORDINATE = ( 2.17628e-003).
 Twist angle = ( 0.00000e+000). [deg].
 ETA_COORDINATE = ( 2.50272e-002).
 Twist angle = ( 0.00000e+000). [deg].
 ETA_COORDINATE = ( 4.78781e-002).
 Twist angle = ( 0.00000e+000). [deg].
 ETA_COORDINATE = ( 7.07291e-002).
 Twist angle = ( 0.00000e+000). [deg].
 ETA_COORDINATE = ( 9.79325e-002).
 Twist angle = ( 0.00000e+000). [deg].
 ETA_COORDINATE = ( 1.32753e-001).
 Twist angle = ( 0.00000e+000). [deg].
 ETA_COORDINATE = ( 1.51251e-001).
 Twist angle = ( 0.00000e+000). [deg].
 ETA_COORDINATE = ( 1.68662e-001).
 Twist angle = ( 0.00000e+000). [deg].
 ETA_COORDINATE = ( 1.86072e-001).
 Twist angle = ( 0.00000e+000). [deg].
 ETA_COORDINATE = ( 2.15452e-001).
 Twist angle = ( 0.00000e+000). [deg].
 ETA_COORDINATE = ( 2.44831e-001).
 Twist angle = ( 0.00000e+000). [deg].
 ETA_COORDINATE = ( 2.74211e-001).
 Twist angle = ( 0.00000e+000). [deg].
 ETA_COORDINATE = ( 3.63439e-001).
 Twist angle = ( 0.00000e+000). [deg].
 ETA_COORDINATE = ( 4.51578e-001).
 Twist angle = ( 0.00000e+000). [deg].
 ETA_COORDINATE = ( 5.39717e-001).
 Twist angle = ( 0.00000e+000). [deg].
 ETA_COORDINATE = ( 6.28945e-001).
 Twist angle = ( 0.00000e+000). [deg].
 ETA_COORDINATE = ( 6.99674e-001).
 Twist angle = ( 0.00000e+000). [deg].
 ETA_COORDINATE = ( 7.17084e-001).
 Twist angle = ( 0.00000e+000). [deg].
 ETA_COORDINATE = ( 7.70403e-001).
 Twist angle = ( 0.00000e+000). [deg].
 ETA_COORDINATE = ( 8.05223e-001).
 Twist angle = ( 0.00000e+000). [deg].
 ETA_COORDINATE = ( 8.94450e-001).
 Twist angle = ( 0.00000e+000). [deg].
 ETA_COORDINATE = ( 9.46681e-001).
 Twist angle = ( 0.00000e+000). [deg].
 ETA_COORDINATE = ( 1.00000e+000).
 Twist angle = ( 0.00000e+000). [deg].



      -----------------------------------------
      |   @CURVE_MESH_PARAMETERS_DEFINITION   |
      -----------------------------------------


 *** Curve mesh parameters: [meshSpar],
 Number of elements = (   23).
 Order of the elements = (    3).
 Uuu sequence = ( 
 0.00000e+000,  2.17628e-003,  2.50272e-002,  4.78781e-002,  7.07291e-002,  9.79325e-002, 
 1.32753e-001,  1.51251e-001,  1.68662e-001,  1.86072e-001,  2.15452e-001,  2.44831e-001, 
 2.74211e-001,  3.63439e-001,  4.51578e-001,  5.39717e-001,  6.28945e-001,  6.99674e-001, 
 7.17084e-001,  7.70403e-001,  8.05223e-001,  8.94450e-001,  9.46681e-001,  1.00000e+000).
 Comment 1 : [use ETA_COORDINATE, not ETA_VALUE].



      --------------------------------------
      |   @BOUNDARY_CONDITION_DEFINITION   |
      --------------------------------------


 *** Boundary condition: [clampRoot],
 Entity : [vertexA].
 Displacements boundary conditions = (    1,     1,     1).
 Rotation      boundary conditions = (    1,     1,     1).



      ---------------------------------
      |   @BEAM_PROPERTY_DEFINITION   |
      ---------------------------------


 *** Beam property table: [propSpar],
 Property definition type : [6X6_MATRICES].
 Coordinate type : [ETA_COORDINATE].
 ETA_COORDINATE = ( 0.00000e+000).
 Stiffness matrix = (
  8.07326e+009,  1.92322e+001, -3.44169e-001,  3.12898e+006, -2.06325e+002, -4.78148e+001, 
  3.74463e+008,  1.32070e+000,  9.98354e+000,  1.48250e+006,  9.10311e+000,  3.69430e+008, 
 -1.98750e+001, -9.92422e-001,  1.44179e+005,  9.26468e+008, -1.67575e+001, -3.64865e+000, 
  4.83386e+010, -1.02121e+002,  2.53049e+009)
 Mass/Span = ( 7.45617e+002). [kg/m].
 Moments of Inertia M11, M22, M33 = ( 4.21487e+003,  3.93304e+003,  2.81823e+002) [kg.m^2/m].
 Center of mass location = (-1.47961e-014,  4.16780e-017) [m].
 Damping coefficient = ( 0.00000e+000). [sec].
 ETA_COORDINATE = ( 2.17628e-003).
 Stiffness matrix = (
  7.48537e+009,  2.63660e+001, -2.30090e+000,  2.25064e+006, -3.51843e+002, -5.35386e+001, 
  3.34368e+008,  7.94036e-001,  1.23164e+001,  1.67537e+006,  8.58839e+000,  3.67930e+008, 
 -2.11715e+001, -4.72045e+000,  1.39237e+005,  9.20575e+008, -4.15670e+001, -6.36656e+000, 
  4.40475e+010, -1.13481e+002,  2.39343e+009)
 Mass/Span = ( 6.96072e+002). [kg/m].
 Moments of Inertia M11, M22, M33 = ( 3.84317e+003,  3.57291e+003,  2.70260e+002) [kg.m^2/m].
 Center of mass location = (-1.62283e-014,  2.72642e-017) [m].
 Damping coefficient = ( 0.00000e+000). [sec].
 ETA_COORDINATE = ( 2.50272e-002).
 Stiffness matrix = (
  7.17492e+009, -1.14781e+002, -1.91029e+001,  1.04110e+006,  2.24277e+003,  1.47265e+002, 
  3.20301e+008, -8.12182e+000, -9.84410e+000,  1.29940e+006, -1.92754e+001,  3.46892e+008, 
 -2.07672e+001, -4.95647e+001,  1.04380e+005,  8.64727e+008,  1.80127e+002,  1.17705e+001, 
  3.79592e+010,  3.65996e+002,  2.24608e+009)
 Mass/Span = ( 6.29936e+002). [kg/m].
 Moments of Inertia M11, M22, M33 = ( 3.10037e+003,  2.85277e+003,  2.47597e+002) [kg.m^2/m].
 Center of mass location = ( 1.02922e-014,  1.10180e-017) [m].
 Damping coefficient = ( 0.00000e+000). [sec].
 ETA_COORDINATE = ( 4.78781e-002).
 Stiffness matrix = (
  7.23650e+009, -4.43757e-001,  2.41105e-001,  2.71265e+005, -2.27216e+001,  1.75385e+001, 
  3.10951e+008, -1.27993e-001,  3.28014e+000,  1.00270e+006,  4.36002e-001,  3.24827e+008, 
 -1.81896e+001, -1.17138e+000,  6.44523e+004,  8.04042e+008, -2.63923e-001,  5.76483e-001, 
  3.43746e+010, -1.20692e+001,  2.16663e+009)
 Mass/Span = ( 5.80440e+002). [kg/m].
 Moments of Inertia M11, M22, M33 = ( 2.53867e+003,  2.31090e+003,  2.27772e+002) [kg.m^2/m].
 Center of mass location = (-1.57444e-014,  1.24701e-017) [m].
 Damping coefficient = ( 0.00000e+000). [sec].
 ETA_COORDINATE = ( 7.07291e-002).
 Stiffness matrix = (
  9.02834e+009, -1.16612e+000, -4.77519e-001,  1.77501e+005,  1.85959e+001,  1.58744e+000, 
  3.78799e+008,  6.67739e-002,  2.24354e-001,  8.93935e+004, -3.36496e-002,  3.00240e+008, 
 -2.20919e+001, -2.81771e-001,  7.13569e+003,  7.40626e+008,  3.34192e+000,  1.34084e-001, 
  3.85238e+010,  2.13703e+000,  2.42098e+009)
 Mass/Span = ( 6.22674e+002). [kg/m].
 Moments of Inertia M11, M22, M33 = ( 2.47314e+003,  2.24772e+003,  2.25419e+002) [kg.m^2/m].
 Center of mass location = (-8.01760e-015, -1.32418e-016) [m].
 Damping coefficient = ( 0.00000e+000). [sec].
 ETA_COORDINATE = ( 9.79325e-002).
 Stiffness matrix = (
  1.03115e+010, -2.27843e+000, -1.27060e+000,  3.06185e+005,  3.24085e+001,  3.85476e-001, 
  4.02604e+008,  8.81299e-001, -8.64795e-001, -1.04325e+006,  1.15875e+000,  2.74381e+008, 
 -2.65382e+001, -2.69830e+000, -5.22231e+004,  6.68580e+008,  5.47815e+000, -1.34658e+000, 
  3.80273e+010, -1.80629e+001,  2.57715e+009)
 Mass/Span = ( 6.40908e+002). [kg/m].
 Moments of Inertia M11, M22, M33 = ( 2.23727e+003,  2.01913e+003,  2.18142e+002) [kg.m^2/m].
 Center of mass location = ( 4.83705e-015,  2.90695e-016) [m].
 Damping coefficient = ( 0.00000e+000). [sec].
 ETA_COORDINATE = ( 1.32753e-001).
 Stiffness matrix = (
  1.30612e+010,  1.45425e+001,  2.54183e-003,  2.11694e+004,  3.50521e+002,  1.84385e+001, 
  5.20285e+008,  1.16229e+000, -2.65481e+001, -1.06966e+004, -3.23487e-001,  2.43317e+008, 
 -4.86065e+001, -3.18137e-001, -1.09281e+004,  5.89246e+008, -1.13527e+001,  2.94865e-003, 
  3.93422e+010, -4.75755e+001,  3.01305e+009)
 Mass/Span = ( 7.37805e+002). [kg/m].
 Moments of Inertia M11, M22, M33 = ( 2.18785e+003,  1.96265e+003,  2.25202e+002) [kg.m^2/m].
 Center of mass location = ( 6.16186e-015, -7.29811e-017) [m].
 Damping coefficient = ( 0.00000e+000). [sec].
 ETA_COORDINATE = ( 1.51251e-001).
 Stiffness matrix = (
  1.51240e+010, -5.31644e+000, -7.55352e-003,  2.00529e+004, -5.44847e+002,  5.01290e+000, 
  6.42712e+008, -1.70383e+000,  4.54224e+001, -8.12048e+003,  5.12024e-002,  2.30273e+008, 
 -3.51632e+001, -7.91060e-002, -1.03121e+004,  5.60780e+008,  2.37094e+001,  6.76964e-002, 
  4.07278e+010,  4.21797e+001,  3.36922e+009)
 Mass/Span = ( 8.25053e+002). [kg/m].
 Moments of Inertia M11, M22, M33 = ( 2.23911e+003,  2.00227e+003,  2.36840e+002) [kg.m^2/m].
 Center of mass location = ( 6.98965e-015,  3.40177e-016) [m].
 Damping coefficient = ( 0.00000e+000). [sec].
 ETA_COORDINATE = ( 1.68662e-001).
 Stiffness matrix = (
  1.60598e+010, -2.72567e+000, -2.12070e-001,  1.85458e+004,  3.08606e+002,  8.58033e+001, 
  7.10674e+008, -9.94865e+000, -3.22263e+001, -7.36709e+003,  1.27291e-001,  2.17076e+008, 
 -3.25031e+001,  1.80375e-001, -9.53542e+003,  5.29380e+008, -1.36180e+000,  1.54185e-001, 
  3.84356e+010,  2.11082e+002,  3.51483e+009)
 Mass/Span = ( 8.60728e+002). [kg/m].
 Moments of Inertia M11, M22, M33 = ( 2.11500e+003,  1.87608e+003,  2.38926e+002) [kg.m^2/m].
 Center of mass location = ( 1.98239e-015,  2.96669e-017) [m].
 Damping coefficient = ( 0.00000e+000). [sec].
 ETA_COORDINATE = ( 1.86072e-001).
 Stiffness matrix = (
  1.81239e+010, -1.16321e+000, -3.76648e-002,  1.76863e+004, -5.27574e+001,  1.10268e+001, 
  8.38404e+008,  7.05885e-001,  6.06512e+000, -6.06720e+003, -8.72037e-003,  2.04082e+008, 
 -3.41672e+001, -9.68459e-003, -9.06796e+003,  5.00268e+008,  1.67938e+000,  3.73242e-002, 
  3.80573e+010, -1.25341e+001,  3.87187e+009)
 Mass/Span = ( 9.48189e+002). [kg/m].
 Moments of Inertia M11, M22, M33 = ( 2.09074e+003,  1.84004e+003,  2.50699e+002) [kg.m^2/m].
 Center of mass location = (-1.29945e-015,  4.41776e-016) [m].
 Damping coefficient = ( 0.00000e+000). [sec].
 ETA_COORDINATE = ( 2.15452e-001).
 Stiffness matrix = (
  1.80523e+010,  1.39497e-001, -3.44064e-001,  1.60167e+004,  8.05574e+000,  4.32040e+000, 
  8.54841e+008, -1.07183e-002, -2.24156e+000, -5.12183e+003, -1.73614e-003,  1.89738e+008, 
 -3.38971e+001, -2.59902e-002, -8.23026e+003,  4.64112e+008, -1.43244e+000,  3.53384e-001, 
  3.28677e+010, -3.02240e-001,  3.82673e+009)
 Mass/Span = ( 9.37144e+002). [kg/m].
 Moments of Inertia M11, M22, M33 = ( 1.82813e+003,  1.58438e+003,  2.43742e+002) [kg.m^2/m].
 Center of mass location = ( 6.80248e-016, -5.51117e-016) [m].
 Damping coefficient = ( 0.00000e+000). [sec].
 ETA_COORDINATE = ( 2.44831e-001).
 Stiffness matrix = (
  1.79879e+010, -1.40807e-003,  2.44090e-002,  1.49946e+004, -4.50739e+000,  1.56976e+001, 
  8.68101e+008,  4.32451e-001,  7.84859e-001, -3.50081e+003, -1.27444e-003,  1.76851e+008, 
 -3.55736e+001, -6.24044e-003, -7.71620e+003,  4.31633e+008,  9.65549e-003, -3.17085e-002, 
  2.85345e+010, -5.70795e+000,  3.78616e+009)
 Mass/Span = ( 9.27219e+002). [kg/m].
 Moments of Inertia M11, M22, M33 = ( 1.60929e+003,  1.37180e+003,  2.37491e+002) [kg.m^2/m].
 Center of mass location = ( 1.65952e-015, -7.80086e-017) [m].
 Damping coefficient = ( 0.00000e+000). [sec].
 ETA_COORDINATE = ( 2.74211e-001).
 Stiffness matrix = (
  1.69162e+010, -8.18413e-003,  3.12766e-001,  1.34016e+004, -9.00982e+000,  1.59795e+001, 
  8.27125e+008,  1.45996e-001,  8.82631e-001, -3.12136e+003, -5.91411e-003,  1.62863e+008, 
 -3.32448e+001, -7.69288e-003, -6.92785e+003,  3.94792e+008,  1.16659e-002, -3.49248e-001, 
  2.30118e+010, -6.08521e+000,  3.55484e+009)
 Mass/Span = ( 8.70573e+002). [kg/m].
 Moments of Inertia M11, M22, M33 = ( 1.32782e+003,  1.10563e+003,  2.22196e+002) [kg.m^2/m].
 Center of mass location = ( 3.74039e-016,  2.00920e-016) [m].
 Damping coefficient = ( 0.00000e+000). [sec].
 ETA_COORDINATE = ( 3.63439e-001).
 Stiffness matrix = (
  1.56418e+010,  1.82483e-001, -4.39968e-002,  1.10732e+004,  3.26567e+001,  6.07003e+000, 
  7.87116e+008,  2.78429e-001, -2.45122e+000, -1.63418e+003,  3.42383e-002,  1.33352e+008, 
 -3.32001e+001, -6.81672e-004, -5.77425e+003,  3.18821e+008, -5.13823e-001,  1.52756e-002, 
  1.45790e+010,  9.19115e+000,  3.25135e+009)
 Mass/Span = ( 7.96269e+002). [kg/m].
 Moments of Inertia M11, M22, M33 = ( 8.95931e+002,  6.97605e+002,  1.98326e+002) [kg.m^2/m].
 Center of mass location = (-1.94000e-015, -8.58180e-017) [m].
 Damping coefficient = ( 0.00000e+000). [sec].
 ETA_COORDINATE = ( 4.51578e-001).
 Stiffness matrix = (
  1.44984e+010, -1.28154e+000,  5.92579e-002,  8.33950e+003, -9.58395e+001,  2.78440e+001, 
  7.45316e+008,  1.25496e-001,  1.00393e+001, -9.03772e+002, -2.22943e-004,  1.04972e+008, 
 -3.26895e+001, -1.88619e-003, -4.40385e+003,  2.46183e+008,  1.18868e+000, -6.40681e-002, 
  8.62882e+009, -2.83787e-001,  2.97488e+009)
 Mass/Span = ( 7.28578e+002). [kg/m].
 Moments of Inertia M11, M22, M33 = ( 5.87001e+002,  4.10927e+002,  1.76075e+002) [kg.m^2/m].
 Center of mass location = ( 1.52024e-015,  1.77449e-016) [m].
 Damping coefficient = ( 0.00000e+000). [sec].
 ETA_COORDINATE = ( 5.39717e-001).
 Stiffness matrix = (
  1.32618e+010, -1.71548e-003, -2.13942e-001,  6.24584e+003,  3.03507e+000, -3.61362e+000, 
  6.89484e+008,  1.44464e-001, -9.39968e-002, -3.91746e+002,  2.10920e-003,  8.29722e+007, 
 -3.16844e+001, -4.81504e-003, -3.34948e+003,  1.89774e+008, -5.21635e-003,  2.25596e-001, 
  5.14438e+009, -2.29775e+000,  2.69517e+009)
 Mass/Span = ( 6.60090e+002). [kg/m].
 Moments of Inertia M11, M22, M33 = ( 4.00010e+002,  2.44142e+002,  1.55869e+002) [kg.m^2/m].
 Center of mass location = ( 4.40497e-016,  5.76607e-016) [m].
 Damping coefficient = ( 0.00000e+000). [sec].
 ETA_COORDINATE = ( 6.28945e-001).
 Stiffness matrix = (
  1.10531e+010, -5.56305e-002,  1.37831e-003,  4.92454e+003, -6.96372e+000,  1.46370e+001, 
  5.77231e+008,  3.31401e-001,  7.99814e-002, -2.90325e+002, -1.18222e-002,  6.67064e+007, 
 -2.92802e+001, -4.86986e-003, -2.70504e+003,  1.46821e+008, -1.39301e-003, -5.21496e-004, 
  3.00370e+009, -5.15126e+000,  2.24696e+009)
 Mass/Span = ( 5.50324e+002). [kg/m].
 Moments of Inertia M11, M22, M33 = ( 2.72614e+002,  1.42566e+002,  1.30047e+002) [kg.m^2/m].
 Center of mass location = (-1.12722e-016, -1.18068e-016) [m].
 Damping coefficient = ( 0.00000e+000). [sec].
 ETA_COORDINATE = ( 6.99674e-001).
 Stiffness matrix = (
  8.85747e+009,  9.58955e-004,  1.71312e-002,  3.61326e+003, -3.18586e+000,  1.12416e+001, 
  4.63877e+008,  2.21473e-002,  3.56647e-002, -1.61212e+002,  3.64903e-003,  5.28922e+007, 
 -2.76329e+001, -2.27115e-003, -2.04684e+003,  1.10520e+008,  3.99511e-002, -1.39664e-002, 
  1.70181e+009, -3.99913e-001,  1.80704e+009)
 Mass/Span = ( 4.42585e+002). [kg/m].
 Moments of Inertia M11, M22, M33 = ( 1.86382e+002,  8.08786e+001,  1.05503e+002) [kg.m^2/m].
 Center of mass location = ( 2.51226e-016,  3.52130e-017) [m].
 Damping coefficient = ( 0.00000e+000). [sec].
 ETA_COORDINATE = ( 7.17084e-001).
 Stiffness matrix = (
  8.34064e+009, -1.22960e-003, -1.88291e-002,  3.02339e+003,  1.98424e-001,  1.91729e+001, 
  4.37092e+008,  3.98403e-002, -1.32071e-002, -1.19556e+002, -4.88523e-004,  4.95795e+007, 
 -2.50747e+001,  1.74686e-004, -1.71938e+003,  1.01954e+008, -2.56506e-004,  1.83236e-002, 
  1.46051e+009, -6.19059e-002,  1.70338e+009)
 Mass/Span = ( 4.17198e+002). [kg/m].
 Moments of Inertia M11, M22, M33 = ( 1.69142e+002,  6.94371e+001,  9.97044e+001) [kg.m^2/m].
 Center of mass location = ( 1.61784e-015,  1.64725e-016) [m].
 Damping coefficient = ( 0.00000e+000). [sec].
 ETA_COORDINATE = ( 7.70403e-001).
 Stiffness matrix = (
  6.18170e+009,  2.77688e-004, -1.50347e-001,  2.81876e+003, -1.08068e-001,  2.88481e+000, 
  3.23717e+008, -1.60692e-002, -3.43298e-003, -1.00794e+002,  1.18401e-004,  4.25708e+007, 
 -1.94309e+001,  4.59267e-004, -1.68098e+003,  8.20954e+007, -5.88848e-004,  1.38184e-001, 
  9.25675e+008,  2.72062e-001,  1.28657e+009)
 Mass/Span = ( 3.15116e+002). [kg/m].
 Moments of Inertia M11, M22, M33 = ( 1.23040e+002,  4.43169e+001,  7.87229e+001) [kg.m^2/m].
 Center of mass location = ( 2.66004e-017,  9.12075e-017) [m].
 Damping coefficient = ( 0.00000e+000). [sec].
 ETA_COORDINATE = ( 8.05223e-001).
 Stiffness matrix = (
  4.53895e+009,  2.95936e-003, -1.06332e+000,  2.87354e+003, -1.45208e-001, -2.58542e+001, 
  2.36961e+008,  1.47984e-002, -1.87603e-002, -9.49701e+001, -1.24528e-003,  3.81907e+007, 
 -2.12152e+001, -4.21734e-004, -1.80762e+003,  6.85883e+007,  1.10646e-003,  9.04977e-001, 
  6.33857e+008, -5.01607e-001,  9.73004e+008)
 Mass/Span = ( 2.38315e+002). [kg/m].
 Moments of Inertia M11, M22, M33 = ( 9.41629e+001,  3.06899e+001,  6.34730e+001) [kg.m^2/m].
 Center of mass location = (-2.64040e-015,  8.68837e-017) [m].
 Damping coefficient = ( 0.00000e+000). [sec].
 ETA_COORDINATE = ( 8.94450e-001).
 Stiffness matrix = (
  2.37627e+009, -5.13935e-003, -4.55348e-002,  1.63490e+003, -1.06489e-001, -2.10581e+000, 
  1.22474e+008, -1.57946e-002, -1.54884e-003, -5.17335e+001,  9.00046e-005,  2.77850e+007, 
  2.41759e-001, -6.03239e-004, -1.13532e+003,  4.07819e+007,  4.69670e-003,  3.08678e-002, 
  2.63964e+008,  1.61415e-001,  5.53828e+008)
 Mass/Span = ( 1.35646e+002). [kg/m].
 Moments of Inertia M11, M22, M33 = ( 5.53504e+001,  1.32287e+001,  4.21217e+001) [kg.m^2/m].
 Center of mass location = ( 6.56365e-016,  1.02463e-016) [m].
 Damping coefficient = ( 0.00000e+000). [sec].
 ETA_COORDINATE = ( 9.46681e-001).
 Stiffness matrix = (
  1.35367e+009,  3.81262e-003,  6.83835e-004,  9.54480e+002, -2.55578e-001, -7.60524e-002, 
  6.75094e+007, -2.98802e-003, -8.35391e-003, -2.95294e+001,  3.31352e-004,  1.99215e+007, 
  1.21510e-002, -4.45125e-004, -6.79338e+002,  2.35140e+007,  9.66357e-005, -1.61548e-004, 
  1.24240e+008, -2.75893e-002,  3.53502e+008)
 Mass/Span = ( 8.65774e+001). [kg/m].
 Moments of Inertia M11, M22, M33 = ( 3.81684e+001,  6.56881e+000,  3.15996e+001) [kg.m^2/m].
 Center of mass location = ( 5.23098e-015, -1.30238e-018) [m].
 Damping coefficient = ( 0.00000e+000). [sec].
 ETA_COORDINATE = ( 1.00000e+000).
 Stiffness matrix = (
  8.02590e+008, -1.01568e-004,  3.73624e-004,  4.94167e+002, -4.99289e-003, -6.71605e-002, 
  3.87680e+007, -2.21331e-003,  5.47060e-003, -9.48342e+000,  7.45745e-005,  9.99733e+006, 
  5.48930e-003,  9.53025e-005, -2.94924e+002,  9.36155e+006,  8.43422e-005, -1.36642e-004, 
  4.34313e+007, -5.77220e-003,  2.28259e+008)
 Mass/Span = ( 5.59069e+001). [kg/m].
 Moments of Inertia M11, M22, M33 = ( 2.48782e+001,  2.40467e+000,  2.24735e+001) [kg.m^2/m].
 Center of mass location = ( 2.29266e-015, -4.91807e-018) [m].
 Damping coefficient = ( 0.00000e+000). [sec].
 Comment 1 : [beam properties are from ..].
 Comment 2 : [..].
 Comment 3 : [..].
 Comment 4 : [dymoreMKblock.dat].



      --------------------------
      |   @SURVEY_DEFINITION   |
      --------------------------


 *** Survey: [svy_disp_spar],
 Surveyed object : [monoplane_spar].
 Survey type : [DISPLACEMENTS].
 Time = ( 5.00000e+000). [sec].
 Reference frame : [INERTIAL].



      --------------------------
      |   @SURVEY_DEFINITION   |
      --------------------------


 *** Survey: [svy_force_spar],
 Surveyed object : [monoplane_spar].
 Survey type : [FORCES].
 Time = ( 5.00000e+000). [sec].
 Reference frame : [INERTIAL].



      --------------------------
      |   @SURVEY_DEFINITION   |
      --------------------------


 *** Survey: [svy_strain_spar],
 Surveyed object : [monoplane_spar].
 Survey type : [STRAINS].
 Time = ( 5.00000e+000). [sec].
 Reference frame : [INERTIAL].



      ----------------------------------
      |   @EXECUTING_INCLUDE_COMMAND   |
      ----------------------------------

 --- Include command : [include1].
 --- Closing data file : [monoplane_spar.dat].
 
 --- Opening data file : [loadDist.dat].



      -----------------------------
      |   @EDGE_LOAD_DEFINITION   |
      -----------------------------


 *** Edge load: [constloaddist],
 Edge : [edgeSpar].

      ---  Loading component  ---- 

 Data table for force along i3 : [constloaddistTable].
 Scale factor = ( 1.00000e+003).
 Time function : [scheduleload].



      ------------------------------
      |   @DATA_TABLE_DEFINITION   |
      ------------------------------


 *** Data table: [constloaddistTable],
 Coordinate type : [ETA_COORDINATE].
 Data type : [FORCE_ALONG_I3].
 X entry = ( 0.00000e+000).  Y entry = (-1.00000e+000). [N/m].
 X entry = ( 1.00000e+000).  Y entry = (-1.00000e+000). [N/m].
 Comment 1 : [this defines the loads for a constant load distribution].



      ----------------------------------
      |   @EXECUTING_INCLUDE_COMMAND   |
      ----------------------------------

 --- Include command : [include1].
 --- Closing data file : [loadDist.dat].



                    ********************
                    *   @CHECK_MODEL   *
                    ********************




      ---------------------
      |   @CHECK_FRAMES   |
      ---------------------


 *** Fixed frame: [FXDFRAME_INERTIAL],
 Origin = ( 0.00000e+000,  0.00000e+000,  0.00000e+000) [m].
 Orientation definition type : [VECTORS_E2_E3].
 E2 = ( 0.00000e+000,  1.00000e+000,  0.00000e+000)
 E3 = ( 0.00000e+000,  0.00000e+000,  1.00000e+000)

 *** Orientation distribution: [orientationSpar],
 Orientation definition type : [TWIST_ANGLE].
 Coordinate type : [ETA_COORDINATE].
 ETA_COORDINATE = ( 0.00000e+000).
 Twist angle = ( 0.00000e+000). [deg].
 ETA_COORDINATE = ( 2.17628e-003).
 Twist angle = ( 0.00000e+000). [deg].
 ETA_COORDINATE = ( 2.50272e-002).
 Twist angle = ( 0.00000e+000). [deg].
 ETA_COORDINATE = ( 4.78781e-002).
 Twist angle = ( 0.00000e+000). [deg].
 ETA_COORDINATE = ( 7.07291e-002).
 Twist angle = ( 0.00000e+000). [deg].
 ETA_COORDINATE = ( 9.79325e-002).
 Twist angle = ( 0.00000e+000). [deg].
 ETA_COORDINATE = ( 1.32753e-001).
 Twist angle = ( 0.00000e+000). [deg].
 ETA_COORDINATE = ( 1.51251e-001).
 Twist angle = ( 0.00000e+000). [deg].
 ETA_COORDINATE = ( 1.68662e-001).
 Twist angle = ( 0.00000e+000). [deg].
 ETA_COORDINATE = ( 1.86072e-001).
 Twist angle = ( 0.00000e+000). [deg].
 ETA_COORDINATE = ( 2.15452e-001).
 Twist angle = ( 0.00000e+000). [deg].
 ETA_COORDINATE = ( 2.44831e-001).
 Twist angle = ( 0.00000e+000). [deg].
 ETA_COORDINATE = ( 2.74211e-001).
 Twist angle = ( 0.00000e+000). [deg].
 ETA_COORDINATE = ( 3.63439e-001).
 Twist angle = ( 0.00000e+000). [deg].
 ETA_COORDINATE = ( 4.51578e-001).
 Twist angle = ( 0.00000e+000). [deg].
 ETA_COORDINATE = ( 5.39717e-001).
 Twist angle = ( 0.00000e+000). [deg].
 ETA_COORDINATE = ( 6.28945e-001).
 Twist angle = ( 0.00000e+000). [deg].
 ETA_COORDINATE = ( 6.99674e-001).
 Twist angle = ( 0.00000e+000). [deg].
 ETA_COORDINATE = ( 7.17084e-001).
 Twist angle = ( 0.00000e+000). [deg].
 ETA_COORDINATE = ( 7.70403e-001).
 Twist angle = ( 0.00000e+000). [deg].
 ETA_COORDINATE = ( 8.05223e-001).
 Twist angle = ( 0.00000e+000). [deg].
 ETA_COORDINATE = ( 8.94450e-001).
 Twist angle = ( 0.00000e+000). [deg].
 ETA_COORDINATE = ( 9.46681e-001).
 Twist angle = ( 0.00000e+000). [deg].
 ETA_COORDINATE = ( 1.00000e+000).
 Twist angle = ( 0.00000e+000). [deg].

 *** Fixed frame: [FXDFRAME_INERTIAL],
 Origin = ( 0.00000e+000,  0.00000e+000,  0.00000e+000) [m].
 Orientation definition type : [VECTORS_E2_E3].
 E2 = ( 0.00000e+000,  1.00000e+000,  0.00000e+000)
 E3 = ( 0.00000e+000,  0.00000e+000,  1.00000e+000)



      --------------------------------
      |   @CHECK_POINTS_AND_TRIADS   |
      --------------------------------


 *** Point: [POINT_ORIGIN],
 Coordinates = ( 0.00000e+000,  0.00000e+000,  0.00000e+000) [m].
 Is defined in frame : [INERTIAL].

 *** Triad: [TRIAD_INERTIAL],
 Orientation definition type : [VECTORS_E2_E3].
 E2 = ( 0.00000e+000,  1.00000e+000,  0.00000e+000)
 E3 = ( 0.00000e+000,  0.00000e+000,  1.00000e+000)
 Is defined in frame : [INERTIAL].

 *** Point: [root],
 Coordinates = ( 0.00000e+000,  0.00000e+000,  0.00000e+000) [m].
 Is defined in frame : [INERTIAL].

 *** Point: [tip],
 Coordinates = ( 9.19000e+001,  0.00000e+000,  0.00000e+000) [m].
 Is defined in frame : [INERTIAL].



      ----------------------------------
      |   @CHECK_CURVES_AND_VERTICES   |
      ----------------------------------


 *** Vertex: [vertexA],
 At point : [root].

 *** Vertex: [vertexB],
 At point : [tip].

 *** Curve: [curveSpar],
 Is defined in frame : [INERTIAL].

      ---  Curve points  ---- 

 Number of control points = (    2).
 Curve degree = (    1).
 Rational curve : [NO].
 End point 0 : [root].
 End point 1 : [tip].
 Orientation distribution : [orientationSpar].
 Initial coordinate = ( 0.00000e+000). [m].
 Curve mesh parameters : [meshSpar].

 *** Curve mesh parameters: [meshSpar],
 Number of elements = (   23).
 Order of the elements = (    3).
 Uuu sequence = ( 
 0.00000e+000,  2.17628e-003,  2.50272e-002,  4.78781e-002,  7.07291e-002,  9.79325e-002, 
 1.32753e-001,  1.51251e-001,  1.68662e-001,  1.86072e-001,  2.15452e-001,  2.44831e-001, 
 2.74211e-001,  3.63439e-001,  4.51578e-001,  5.39717e-001,  6.28945e-001,  6.99674e-001, 
 7.17084e-001,  7.70403e-001,  8.05223e-001,  8.94450e-001,  9.46681e-001,  1.00000e+000).
 Comment 1 : [use ETA_COORDINATE, not ETA_VALUE].



      ---------------------------------
      |   @CHECK_SURFACES_AND_EDGES   |
      ---------------------------------


 *** Edge: [edgeSpar],
 Connected to vertices: [vertexA, vertexB].
 Curve : [curveSpar].



      --------------------------------
      |   @CHECK_VOLUMES_AND_FACES   |
      --------------------------------




      ----------------------------
      |   @CHECK_COPY_COMMANDS   |
      ----------------------------




      -------------------------------
      |   @CHECK_STRUCTURAL_EDGES   |
      -------------------------------


 *** Beam: [monoplane_spar],
 Edge : [edgeSpar].
 Property table : [propSpar].



      -------------------------------
      |   @CHECK_STRUCTURAL_FACES   |
      -------------------------------




      ----------------------------
      |   @CHECK_OTHER_OBJECTS   |
      ----------------------------


 *** Time function: [scheduleload],
 Time function type : [USER_DEFINED].
 Time = ( 0.00000e+000).  Function value = ( 1.00000e+000).
 Time = ( 1.00000e+000).  Function value = ( 1.00000e+000).
 Time = ( 2.00000e+000).  Function value = ( 1.00000e+000).
 Time = ( 3.00000e+000).  Function value = ( 1.00000e+000).
 Time = ( 4.00000e+000).  Function value = ( 1.00000e+000).
 Time = ( 5.00000e+000).  Function value = ( 1.00000e+000).
 Time = ( 6.00000e+000).  Function value = ( 1.00000e+000).
 Time = ( 7.00000e+000).  Function value = ( 1.00000e+000).
 Time = ( 8.00000e+000).  Function value = ( 1.00000e+000).
 Time = ( 9.00000e+000).  Function value = ( 1.00000e+000).
 Time = ( 1.00000e+001).  Function value = ( 1.00000e+000).
 Time = ( 1.10000e+001).  Function value = ( 1.00000e+000).
 Time = ( 1.20000e+001).  Function value = ( 1.00000e+000).
 Time = ( 1.30000e+001).  Function value = ( 1.00000e+000).
 Time = ( 1.40000e+001).  Function value = ( 1.00000e+000).
 Time = ( 1.50000e+001).  Function value = ( 1.00000e+000).

 *** Include command: [include1],
 Active command : [YES].
 List of file names:
 monoplane_spar.dat
 loadDist.dat

 *** Analysis control parameters: [AnalysisControlParameters],
 Maximum number of time steps = (   10).
 Simulation initial time = ( 0.00000e+000). [sec].
 Simulation final time = ( 1.50000e+001). [sec].
 Minimum time step size = ( 1.00000e-006). [sec].
 Maximum time step size = ( 5.00000e-002). [sec].
 Reference energy level = ( 6.00000e+005). [J].

 *** Graphical control parameters: [GraphicsControlParameters],
 Time step size = ( 0.00000e+000). [sec].
 Reference frame : [INERTIAL].
 Eigenvectors scaling factor = ( 1.00000e-001).
 Number of cycles for modal animation = (    5).
 Number of frames per cycle = (  100).
 Vector field type : [FORCES].  Scaling factor = ( 1.00000e-001).
 Vector field type : [STRAINS].  Scaling factor = ( 1.00000e-001).
 Vector field type : [VELOCITIES].  Scaling factor = ( 1.00000e-001).

 *** Plotting control parameters: [PlottingControlParameters],
 Graph  plot format : [PNG].
        plot Size   : [MEDIUM].
 Map    plot format : [PNG].
        plot Size   : [LARGE].
 Map    plot format : [EPS].
        plot Size   : [LARGE].
 Map    plot format : [TRM].
        plot Size   : [LARGE].
 Object plot format : [PNG].
        plot Size   : [LARGE].
 Object plot format : [EPS].
        plot Size   : [LARGE].
 Object plot format : [TRM].
        plot Size   : [LARGE].
 Sensor plot format : [PNG].
        plot Size   : [LARGE].
 Sensor plot format : [EPS].
        plot Size   : [LARGE].
 Sensor plot format : [TRM].
        plot Size   : [LARGE].
 Signal plot format : [PNG].
        plot Size   : [MEDIUM].
 Survey plot format : [PNG].
        plot Size   : [LARGE].
 Survey plot format : [EPS].
        plot Size   : [LARGE].
 Survey plot format : [TRM].
        plot Size   : [LARGE].
 Sensor memory size = (  100).
 Map    memory size = (   10).

 *** Boundary condition: [clampRoot],
 Entity : [vertexA].
 Displacements boundary conditions = (    1,     1,     1).
 Rotation      boundary conditions = (    1,     1,     1).

 *** Survey: [svy_disp_spar],
 Surveyed object : [monoplane_spar].
 Survey type : [DISPLACEMENTS].
 Time = ( 5.00000e+000). [sec].
 Reference frame : [INERTIAL].

 *** Survey: [svy_force_spar],
 Surveyed object : [monoplane_spar].
 Survey type : [FORCES].
 Time = ( 5.00000e+000). [sec].
 Reference frame : [INERTIAL].

 *** Survey: [svy_strain_spar],
 Surveyed object : [monoplane_spar].
 Survey type : [STRAINS].
 Time = ( 5.00000e+000). [sec].
 Reference frame : [INERTIAL].

 *** Edge load: [constloaddist],
 Edge : [edgeSpar].

      ---  Loading component  ---- 

 Data table for force along i3 : [constloaddistTable].
 Scale factor = ( 1.00000e+003).
 Time function : [scheduleload].

 *** Data table: [constloaddistTable],
 Coordinate type : [ETA_COORDINATE].
 Data type : [FORCE_ALONG_I3].
 X entry = ( 0.00000e+000).  Y entry = (-1.00000e+000). [N/m].
 X entry = ( 1.00000e+000).  Y entry = (-1.00000e+000). [N/m].
 Comment 1 : [this defines the loads for a constant load distribution].

 *** Beam property table: [propSpar],
 ETA_COORDINATE = ( 0.00000e+000).
 Stiffness matrix = (
  8.07326e+009,  1.92322e+001, -3.44169e-001,  3.12898e+006, -2.06325e+002, -4.78148e+001, 
  3.74463e+008,  1.32070e+000,  9.98354e+000,  1.48250e+006,  9.10311e+000,  3.69430e+008, 
 -1.98750e+001, -9.92422e-001,  1.44179e+005,  9.26468e+008, -1.67575e+001, -3.64865e+000, 
  4.83386e+010, -1.02121e+002,  2.53049e+009)
 Mass/Span = ( 7.45617e+002). [kg/m].
 Moments of Inertia M11, M22, M33 = ( 4.21487e+003,  3.93304e+003,  2.81823e+002) [kg.m^2/m].
 Center of mass location = (-1.47961e-014,  4.16780e-017) [m].
 Damping coefficient = ( 0.00000e+000). [sec].
 ### Mass moment of inertia about e2 or/and e3 axes are 
 ### adjusted to ensure consistent mass matrix.
 ETA_COORDINATE = ( 2.17628e-003).
 Stiffness matrix = (
  7.48537e+009,  2.63660e+001, -2.30090e+000,  2.25064e+006, -3.51843e+002, -5.35386e+001, 
  3.34368e+008,  7.94036e-001,  1.23164e+001,  1.67537e+006,  8.58839e+000,  3.67930e+008, 
 -2.11715e+001, -4.72045e+000,  1.39237e+005,  9.20575e+008, -4.15670e+001, -6.36656e+000, 
  4.40475e+010, -1.13481e+002,  2.39343e+009)
 Mass/Span = ( 6.96072e+002). [kg/m].
 Moments of Inertia M11, M22, M33 = ( 3.84317e+003,  3.57291e+003,  2.70260e+002) [kg.m^2/m].
 Center of mass location = (-1.62283e-014,  2.72642e-017) [m].
 Damping coefficient = ( 0.00000e+000). [sec].
 ### Mass moment of inertia about e2 or/and e3 axes are 
 ### adjusted to ensure consistent mass matrix.
 ETA_COORDINATE = ( 2.50272e-002).
 Stiffness matrix = (
  7.17492e+009, -1.14781e+002, -1.91029e+001,  1.04110e+006,  2.24277e+003,  1.47265e+002, 
  3.20301e+008, -8.12182e+000, -9.84410e+000,  1.29940e+006, -1.92754e+001,  3.46892e+008, 
 -2.07672e+001, -4.95647e+001,  1.04380e+005,  8.64727e+008,  1.80127e+002,  1.17705e+001, 
  3.79592e+010,  3.65996e+002,  2.24608e+009)
 Mass/Span = ( 6.29936e+002). [kg/m].
 Moments of Inertia M11, M22, M33 = ( 3.10037e+003,  2.85277e+003,  2.47597e+002) [kg.m^2/m].
 Center of mass location = ( 1.02922e-014,  1.10180e-017) [m].
 Damping coefficient = ( 0.00000e+000). [sec].
 ### Mass moment of inertia about e2 or/and e3 axes are 
 ### adjusted to ensure consistent mass matrix.
 ETA_COORDINATE = ( 4.78781e-002).
 Stiffness matrix = (
  7.23650e+009, -4.43757e-001,  2.41105e-001,  2.71265e+005, -2.27216e+001,  1.75385e+001, 
  3.10951e+008, -1.27993e-001,  3.28014e+000,  1.00270e+006,  4.36002e-001,  3.24827e+008, 
 -1.81896e+001, -1.17138e+000,  6.44523e+004,  8.04042e+008, -2.63923e-001,  5.76483e-001, 
  3.43746e+010, -1.20692e+001,  2.16663e+009)
 Mass/Span = ( 5.80440e+002). [kg/m].
 Moments of Inertia M11, M22, M33 = ( 2.53867e+003,  2.31090e+003,  2.27772e+002) [kg.m^2/m].
 Center of mass location = (-1.57444e-014,  1.24701e-017) [m].
 Damping coefficient = ( 0.00000e+000). [sec].
 ### Mass moment of inertia about e2 or/and e3 axes are 
 ### adjusted to ensure consistent mass matrix.
 ETA_COORDINATE = ( 7.07291e-002).
 Stiffness matrix = (
  9.02834e+009, -1.16612e+000, -4.77519e-001,  1.77501e+005,  1.85959e+001,  1.58744e+000, 
  3.78799e+008,  6.67739e-002,  2.24354e-001,  8.93935e+004, -3.36496e-002,  3.00240e+008, 
 -2.20919e+001, -2.81771e-001,  7.13569e+003,  7.40626e+008,  3.34192e+000,  1.34084e-001, 
  3.85238e+010,  2.13703e+000,  2.42098e+009)
 Mass/Span = ( 6.22674e+002). [kg/m].
 Moments of Inertia M11, M22, M33 = ( 2.47314e+003,  2.24772e+003,  2.25419e+002) [kg.m^2/m].
 Center of mass location = (-8.01760e-015, -1.32418e-016) [m].
 Damping coefficient = ( 0.00000e+000). [sec].
 ### Mass moment of inertia about e2 or/and e3 axes are 
 ### adjusted to ensure consistent mass matrix.
 ETA_COORDINATE = ( 9.79325e-002).
 Stiffness matrix = (
  1.03115e+010, -2.27843e+000, -1.27060e+000,  3.06185e+005,  3.24085e+001,  3.85476e-001, 
  4.02604e+008,  8.81299e-001, -8.64795e-001, -1.04325e+006,  1.15875e+000,  2.74381e+008, 
 -2.65382e+001, -2.69830e+000, -5.22231e+004,  6.68580e+008,  5.47815e+000, -1.34658e+000, 
  3.80273e+010, -1.80629e+001,  2.57715e+009)
 Mass/Span = ( 6.40908e+002). [kg/m].
 Moments of Inertia M11, M22, M33 = ( 2.23727e+003,  2.01913e+003,  2.18142e+002) [kg.m^2/m].
 Center of mass location = ( 4.83705e-015,  2.90695e-016) [m].
 Damping coefficient = ( 0.00000e+000). [sec].
 ### Mass moment of inertia about e2 or/and e3 axes are 
 ### adjusted to ensure consistent mass matrix.
 ETA_COORDINATE = ( 1.32753e-001).
 Stiffness matrix = (
  1.30612e+010,  1.45425e+001,  2.54183e-003,  2.11694e+004,  3.50521e+002,  1.84385e+001, 
  5.20285e+008,  1.16229e+000, -2.65481e+001, -1.06966e+004, -3.23487e-001,  2.43317e+008, 
 -4.86065e+001, -3.18137e-001, -1.09281e+004,  5.89246e+008, -1.13527e+001,  2.94865e-003, 
  3.93422e+010, -4.75755e+001,  3.01305e+009)
 Mass/Span = ( 7.37805e+002). [kg/m].
 Moments of Inertia M11, M22, M33 = ( 2.18785e+003,  1.96265e+003,  2.25202e+002) [kg.m^2/m].
 Center of mass location = ( 6.16186e-015, -7.29811e-017) [m].
 Damping coefficient = ( 0.00000e+000). [sec].
 ### Mass moment of inertia about e2 or/and e3 axes are 
 ### adjusted to ensure consistent mass matrix.
 ETA_COORDINATE = ( 1.51251e-001).
 Stiffness matrix = (
  1.51240e+010, -5.31644e+000, -7.55352e-003,  2.00529e+004, -5.44847e+002,  5.01290e+000, 
  6.42712e+008, -1.70383e+000,  4.54224e+001, -8.12048e+003,  5.12024e-002,  2.30273e+008, 
 -3.51632e+001, -7.91060e-002, -1.03121e+004,  5.60780e+008,  2.37094e+001,  6.76964e-002, 
  4.07278e+010,  4.21797e+001,  3.36922e+009)
 Mass/Span = ( 8.25053e+002). [kg/m].
 Moments of Inertia M11, M22, M33 = ( 2.23911e+003,  2.00227e+003,  2.36840e+002) [kg.m^2/m].
 Center of mass location = ( 6.98965e-015,  3.40177e-016) [m].
 Damping coefficient = ( 0.00000e+000). [sec].
 ### Mass moment of inertia about e2 or/and e3 axes are 
 ### adjusted to ensure consistent mass matrix.
 ETA_COORDINATE = ( 1.68662e-001).
 Stiffness matrix = (
  1.60598e+010, -2.72567e+000, -2.12070e-001,  1.85458e+004,  3.08606e+002,  8.58033e+001, 
  7.10674e+008, -9.94865e+000, -3.22263e+001, -7.36709e+003,  1.27291e-001,  2.17076e+008, 
 -3.25031e+001,  1.80375e-001, -9.53542e+003,  5.29380e+008, -1.36180e+000,  1.54185e-001, 
  3.84356e+010,  2.11082e+002,  3.51483e+009)
 Mass/Span = ( 8.60728e+002). [kg/m].
 Moments of Inertia M11, M22, M33 = ( 2.11500e+003,  1.87608e+003,  2.38926e+002) [kg.m^2/m].
 Center of mass location = ( 1.98239e-015,  2.96669e-017) [m].
 Damping coefficient = ( 0.00000e+000). [sec].
 ### Mass moment of inertia about e2 or/and e3 axes are 
 ### adjusted to ensure consistent mass matrix.
 ETA_COORDINATE = ( 1.86072e-001).
 Stiffness matrix = (
  1.81239e+010, -1.16321e+000, -3.76648e-002,  1.76863e+004, -5.27574e+001,  1.10268e+001, 
  8.38404e+008,  7.05885e-001,  6.06512e+000, -6.06720e+003, -8.72037e-003,  2.04082e+008, 
 -3.41672e+001, -9.68459e-003, -9.06796e+003,  5.00268e+008,  1.67938e+000,  3.73242e-002, 
  3.80573e+010, -1.25341e+001,  3.87187e+009)
 Mass/Span = ( 9.48189e+002). [kg/m].
 Moments of Inertia M11, M22, M33 = ( 2.09074e+003,  1.84004e+003,  2.50699e+002) [kg.m^2/m].
 Center of mass location = (-1.29945e-015,  4.41776e-016) [m].
 Damping coefficient = ( 0.00000e+000). [sec].
 ### Mass moment of inertia about e2 or/and e3 axes are 
 ### adjusted to ensure consistent mass matrix.
 ETA_COORDINATE = ( 2.15452e-001).
 Stiffness matrix = (
  1.80523e+010,  1.39497e-001, -3.44064e-001,  1.60167e+004,  8.05574e+000,  4.32040e+000, 
  8.54841e+008, -1.07183e-002, -2.24156e+000, -5.12183e+003, -1.73614e-003,  1.89738e+008, 
 -3.38971e+001, -2.59902e-002, -8.23026e+003,  4.64112e+008, -1.43244e+000,  3.53384e-001, 
  3.28677e+010, -3.02240e-001,  3.82673e+009)
 Mass/Span = ( 9.37144e+002). [kg/m].
 Moments of Inertia M11, M22, M33 = ( 1.82813e+003,  1.58438e+003,  2.43742e+002) [kg.m^2/m].
 Center of mass location = ( 6.80248e-016, -5.51117e-016) [m].
 Damping coefficient = ( 0.00000e+000). [sec].
 ### Mass moment of inertia about e2 or/and e3 axes are 
 ### adjusted to ensure consistent mass matrix.
 ETA_COORDINATE = ( 2.44831e-001).
 Stiffness matrix = (
  1.79879e+010, -1.40807e-003,  2.44090e-002,  1.49946e+004, -4.50739e+000,  1.56976e+001, 
  8.68101e+008,  4.32451e-001,  7.84859e-001, -3.50081e+003, -1.27444e-003,  1.76851e+008, 
 -3.55736e+001, -6.24044e-003, -7.71620e+003,  4.31633e+008,  9.65549e-003, -3.17085e-002, 
  2.85345e+010, -5.70795e+000,  3.78616e+009)
 Mass/Span = ( 9.27219e+002). [kg/m].
 Moments of Inertia M11, M22, M33 = ( 1.60929e+003,  1.37180e+003,  2.37491e+002) [kg.m^2/m].
 Center of mass location = ( 1.65952e-015, -7.80086e-017) [m].
 Damping coefficient = ( 0.00000e+000). [sec].
 ### Mass moment of inertia about e2 or/and e3 axes are 
 ### adjusted to ensure consistent mass matrix.
 ETA_COORDINATE = ( 2.74211e-001).
 Stiffness matrix = (
  1.69162e+010, -8.18413e-003,  3.12766e-001,  1.34016e+004, -9.00982e+000,  1.59795e+001, 
  8.27125e+008,  1.45996e-001,  8.82631e-001, -3.12136e+003, -5.91411e-003,  1.62863e+008, 
 -3.32448e+001, -7.69288e-003, -6.92785e+003,  3.94792e+008,  1.16659e-002, -3.49248e-001, 
  2.30118e+010, -6.08521e+000,  3.55484e+009)
 Mass/Span = ( 8.70573e+002). [kg/m].
 Moments of Inertia M11, M22, M33 = ( 1.32782e+003,  1.10563e+003,  2.22196e+002) [kg.m^2/m].
 Center of mass location = ( 3.74039e-016,  2.00920e-016) [m].
 Damping coefficient = ( 0.00000e+000). [sec].
 ### Mass moment of inertia about e2 or/and e3 axes are 
 ### adjusted to ensure consistent mass matrix.
 ETA_COORDINATE = ( 3.63439e-001).
 Stiffness matrix = (
  1.56418e+010,  1.82483e-001, -4.39968e-002,  1.10732e+004,  3.26567e+001,  6.07003e+000, 
  7.87116e+008,  2.78429e-001, -2.45122e+000, -1.63418e+003,  3.42383e-002,  1.33352e+008, 
 -3.32001e+001, -6.81672e-004, -5.77425e+003,  3.18821e+008, -5.13823e-001,  1.52756e-002, 
  1.45790e+010,  9.19115e+000,  3.25135e+009)
 Mass/Span = ( 7.96269e+002). [kg/m].
 Moments of Inertia M11, M22, M33 = ( 8.95931e+002,  6.97605e+002,  1.98326e+002) [kg.m^2/m].
 Center of mass location = (-1.94000e-015, -8.58180e-017) [m].
 Damping coefficient = ( 0.00000e+000). [sec].
 ### Mass moment of inertia about e2 or/and e3 axes are 
 ### adjusted to ensure consistent mass matrix.
 ETA_COORDINATE = ( 4.51578e-001).
 Stiffness matrix = (
  1.44984e+010, -1.28154e+000,  5.92579e-002,  8.33950e+003, -9.58395e+001,  2.78440e+001, 
  7.45316e+008,  1.25496e-001,  1.00393e+001, -9.03772e+002, -2.22943e-004,  1.04972e+008, 
 -3.26895e+001, -1.88619e-003, -4.40385e+003,  2.46183e+008,  1.18868e+000, -6.40681e-002, 
  8.62882e+009, -2.83787e-001,  2.97488e+009)
 Mass/Span = ( 7.28578e+002). [kg/m].
 Moments of Inertia M11, M22, M33 = ( 5.87001e+002,  4.10927e+002,  1.76075e+002) [kg.m^2/m].
 Center of mass location = ( 1.52024e-015,  1.77449e-016) [m].
 Damping coefficient = ( 0.00000e+000). [sec].
 ### Mass moment of inertia about e2 or/and e3 axes are 
 ### adjusted to ensure consistent mass matrix.
 ETA_COORDINATE = ( 5.39717e-001).
 Stiffness matrix = (
  1.32618e+010, -1.71548e-003, -2.13942e-001,  6.24584e+003,  3.03507e+000, -3.61362e+000, 
  6.89484e+008,  1.44464e-001, -9.39968e-002, -3.91746e+002,  2.10920e-003,  8.29722e+007, 
 -3.16844e+001, -4.81504e-003, -3.34948e+003,  1.89774e+008, -5.21635e-003,  2.25596e-001, 
  5.14438e+009, -2.29775e+000,  2.69517e+009)
 Mass/Span = ( 6.60090e+002). [kg/m].
 Moments of Inertia M11, M22, M33 = ( 4.00010e+002,  2.44142e+002,  1.55869e+002) [kg.m^2/m].
 Center of mass location = ( 4.40497e-016,  5.76607e-016) [m].
 Damping coefficient = ( 0.00000e+000). [sec].
 ### Mass moment of inertia about e2 or/and e3 axes are 
 ### adjusted to ensure consistent mass matrix.
 ETA_COORDINATE = ( 6.28945e-001).
 Stiffness matrix = (
  1.10531e+010, -5.56305e-002,  1.37831e-003,  4.92454e+003, -6.96372e+000,  1.46370e+001, 
  5.77231e+008,  3.31401e-001,  7.99814e-002, -2.90325e+002, -1.18222e-002,  6.67064e+007, 
 -2.92802e+001, -4.86986e-003, -2.70504e+003,  1.46821e+008, -1.39301e-003, -5.21496e-004, 
  3.00370e+009, -5.15126e+000,  2.24696e+009)
 Mass/Span = ( 5.50324e+002). [kg/m].
 Moments of Inertia M11, M22, M33 = ( 2.72614e+002,  1.42566e+002,  1.30047e+002) [kg.m^2/m].
 Center of mass location = (-1.12722e-016, -1.18068e-016) [m].
 Damping coefficient = ( 0.00000e+000). [sec].
 ETA_COORDINATE = ( 6.99674e-001).
 Stiffness matrix = (
  8.85747e+009,  9.58955e-004,  1.71312e-002,  3.61326e+003, -3.18586e+000,  1.12416e+001, 
  4.63877e+008,  2.21473e-002,  3.56647e-002, -1.61212e+002,  3.64903e-003,  5.28922e+007, 
 -2.76329e+001, -2.27115e-003, -2.04684e+003,  1.10520e+008,  3.99511e-002, -1.39664e-002, 
  1.70181e+009, -3.99913e-001,  1.80704e+009)
 Mass/Span = ( 4.42585e+002). [kg/m].
 Moments of Inertia M11, M22, M33 = ( 1.86382e+002,  8.08786e+001,  1.05503e+002) [kg.m^2/m].
 Center of mass location = ( 2.51226e-016,  3.52130e-017) [m].
 Damping coefficient = ( 0.00000e+000). [sec].
 ### Mass moment of inertia about e2 or/and e3 axes are 
 ### adjusted to ensure consistent mass matrix.
 ETA_COORDINATE = ( 7.17084e-001).
 Stiffness matrix = (
  8.34064e+009, -1.22960e-003, -1.88291e-002,  3.02339e+003,  1.98424e-001,  1.91729e+001, 
  4.37092e+008,  3.98403e-002, -1.32071e-002, -1.19556e+002, -4.88523e-004,  4.95795e+007, 
 -2.50747e+001,  1.74686e-004, -1.71938e+003,  1.01954e+008, -2.56506e-004,  1.83236e-002, 
  1.46051e+009, -6.19059e-002,  1.70338e+009)
 Mass/Span = ( 4.17198e+002). [kg/m].
 Moments of Inertia M11, M22, M33 = ( 1.69142e+002,  6.94371e+001,  9.97044e+001) [kg.m^2/m].
 Center of mass location = ( 1.61784e-015,  1.64725e-016) [m].
 Damping coefficient = ( 0.00000e+000). [sec].
 ### Mass moment of inertia about e2 or/and e3 axes are 
 ### adjusted to ensure consistent mass matrix.
 ETA_COORDINATE = ( 7.70403e-001).
 Stiffness matrix = (
  6.18170e+009,  2.77688e-004, -1.50347e-001,  2.81876e+003, -1.08068e-001,  2.88481e+000, 
  3.23717e+008, -1.60692e-002, -3.43298e-003, -1.00794e+002,  1.18401e-004,  4.25708e+007, 
 -1.94309e+001,  4.59267e-004, -1.68098e+003,  8.20954e+007, -5.88848e-004,  1.38184e-001, 
  9.25675e+008,  2.72062e-001,  1.28657e+009)
 Mass/Span = ( 3.15116e+002). [kg/m].
 Moments of Inertia M11, M22, M33 = ( 1.23040e+002,  4.43169e+001,  7.87229e+001) [kg.m^2/m].
 Center of mass location = ( 2.66004e-017,  9.12075e-017) [m].
 Damping coefficient = ( 0.00000e+000). [sec].
 ### Mass moment of inertia about e2 or/and e3 axes are 
 ### adjusted to ensure consistent mass matrix.
 ETA_COORDINATE = ( 8.05223e-001).
 Stiffness matrix = (
  4.53895e+009,  2.95936e-003, -1.06332e+000,  2.87354e+003, -1.45208e-001, -2.58542e+001, 
  2.36961e+008,  1.47984e-002, -1.87603e-002, -9.49701e+001, -1.24528e-003,  3.81907e+007, 
 -2.12152e+001, -4.21734e-004, -1.80762e+003,  6.85883e+007,  1.10646e-003,  9.04977e-001, 
  6.33857e+008, -5.01607e-001,  9.73004e+008)
 Mass/Span = ( 2.38315e+002). [kg/m].
 Moments of Inertia M11, M22, M33 = ( 9.41629e+001,  3.06899e+001,  6.34730e+001) [kg.m^2/m].
 Center of mass location = (-2.64040e-015,  8.68837e-017) [m].
 Damping coefficient = ( 0.00000e+000). [sec].
 ETA_COORDINATE = ( 8.94450e-001).
 Stiffness matrix = (
  2.37627e+009, -5.13935e-003, -4.55348e-002,  1.63490e+003, -1.06489e-001, -2.10581e+000, 
  1.22474e+008, -1.57946e-002, -1.54884e-003, -5.17335e+001,  9.00046e-005,  2.77850e+007, 
  2.41759e-001, -6.03239e-004, -1.13532e+003,  4.07819e+007,  4.69670e-003,  3.08678e-002, 
  2.63964e+008,  1.61415e-001,  5.53828e+008)
 Mass/Span = ( 1.35646e+002). [kg/m].
 Moments of Inertia M11, M22, M33 = ( 5.53504e+001,  1.32287e+001,  4.21217e+001) [kg.m^2/m].
 Center of mass location = ( 6.56365e-016,  1.02463e-016) [m].
 Damping coefficient = ( 0.00000e+000). [sec].
 ETA_COORDINATE = ( 9.46681e-001).
 Stiffness matrix = (
  1.35367e+009,  3.81262e-003,  6.83835e-004,  9.54480e+002, -2.55578e-001, -7.60524e-002, 
  6.75094e+007, -2.98802e-003, -8.35391e-003, -2.95294e+001,  3.31352e-004,  1.99215e+007, 
  1.21510e-002, -4.45125e-004, -6.79338e+002,  2.35140e+007,  9.66357e-005, -1.61548e-004, 
  1.24240e+008, -2.75893e-002,  3.53502e+008)
 Mass/Span = ( 8.65774e+001). [kg/m].
 Moments of Inertia M11, M22, M33 = ( 3.81684e+001,  6.56881e+000,  3.15996e+001) [kg.m^2/m].
 Center of mass location = ( 5.23098e-015, -1.30238e-018) [m].
 Damping coefficient = ( 0.00000e+000). [sec].
 ### Mass moment of inertia about e2 or/and e3 axes are 
 ### adjusted to ensure consistent mass matrix.
 ETA_COORDINATE = ( 1.00000e+000).
 Stiffness matrix = (
  8.02590e+008, -1.01568e-004,  3.73624e-004,  4.94167e+002, -4.99289e-003, -6.71605e-002, 
  3.87680e+007, -2.21331e-003,  5.47060e-003, -9.48342e+000,  7.45745e-005,  9.99733e+006, 
  5.48930e-003,  9.53025e-005, -2.94924e+002,  9.36155e+006,  8.43422e-005, -1.36642e-004, 
  4.34313e+007, -5.77220e-003,  2.28259e+008)
 Mass/Span = ( 5.59069e+001). [kg/m].
 Moments of Inertia M11, M22, M33 = ( 2.48782e+001,  2.40467e+000,  2.24735e+001) [kg.m^2/m].
 Center of mass location = ( 2.29266e-015, -4.91807e-018) [m].
 Damping coefficient = ( 0.00000e+000). [sec].

 *** Beam: [monoplane_spar],
 Edge : [edgeSpar].
 Property table : [propSpar].



                    *******************
                    *   @MESH_MODEL   *
                    *******************

 Edge : [edgeSpar].
  Pointer  = (        0208D868).
  data     = (        02083430).   class    = (        0208D700).
  Vertex 0 = (        0209CF88).   Vertex 1 = (        0209D078).
 Edge : [edgeSpar].
  Pointer  = (        0208D890).
  data     = (        02083460).   class    = (        0208D700).
  Vertex 0 = (        0209D078).   Vertex 1 = (        0209D150).
 Edge : [edgeSpar].
  Pointer  = (        0208D8B8).
  data     = (        02083490).   class    = (        0208D700).
  Vertex 0 = (        0209D150).   Vertex 1 = (        0209D228).
 Edge : [edgeSpar].
  Pointer  = (        0208D8E0).
  data     = (        020834C0).   class    = (        0208D700).
  Vertex 0 = (        0209D228).   Vertex 1 = (        020A15F8).
 Edge : [edgeSpar].
  Pointer  = (        0208D908).
  data     = (        020834F0).   class    = (        0208D700).
  Vertex 0 = (        020A15F8).   Vertex 1 = (        020A16D0).
 Edge : [edgeSpar].
  Pointer  = (        0208D930).
  data     = (        02083520).   class    = (        0208D700).
  Vertex 0 = (        020A16D0).   Vertex 1 = (        020A17A8).
 Edge : [edgeSpar].
  Pointer  = (        0208D958).
  data     = (        02083550).   class    = (        0208D700).
  Vertex 0 = (        020A17A8).   Vertex 1 = (        020A1880).
 Edge : [edgeSpar].
  Pointer  = (        0208D980).
  data     = (        02083580).   class    = (        0208D700).
  Vertex 0 = (        020A1880).   Vertex 1 = (        020A3C80).
 Edge : [edgeSpar].
  Pointer  = (        0208D9A8).
  data     = (        020835B0).   class    = (        0208D700).
  Vertex 0 = (        020A3C80).   Vertex 1 = (        020A3D58).
 Edge : [edgeSpar].
  Pointer  = (        0208D9D0).
  data     = (        020835E0).   class    = (        0208D700).
  Vertex 0 = (        020A3D58).   Vertex 1 = (        020A3E30).
 Edge : [edgeSpar].
  Pointer  = (        0208D9F8).
  data     = (        02083610).   class    = (        0208D700).
  Vertex 0 = (        020A3E30).   Vertex 1 = (        020A3F08).
 Edge : [edgeSpar].
  Pointer  = (        0208DA20).
  data     = (        02083640).   class    = (        0208D700).
  Vertex 0 = (        020A3F08).   Vertex 1 = (        020A3FE0).
 Edge : [edgeSpar].
  Pointer  = (        0208DA48).
  data     = (        02083670).   class    = (        0208D700).
  Vertex 0 = (        020A3FE0).   Vertex 1 = (        020A68E0).
 Edge : [edgeSpar].
  Pointer  = (        0208DA70).
  data     = (        020836A0).   class    = (        0208D700).
  Vertex 0 = (        020A68E0).   Vertex 1 = (        020A69B8).
 Edge : [edgeSpar].
  Pointer  = (        0208DA98).
  data     = (        020836D0).   class    = (        0208D700).
  Vertex 0 = (        020A69B8).   Vertex 1 = (        020A6A90).
 Edge : [edgeSpar].
  Pointer  = (        0208DAC0).
  data     = (        02083700).   class    = (        0208D700).
  Vertex 0 = (        020A6A90).   Vertex 1 = (        020A6B68).
 Edge : [edgeSpar].
  Pointer  = (        0208DAE8).
  data     = (        02083730).   class    = (        0208D700).
  Vertex 0 = (        020A6B68).   Vertex 1 = (        020A8C68).
 Edge : [edgeSpar].
  Pointer  = (        0208DB10).
  data     = (        02083760).   class    = (        0208D700).
  Vertex 0 = (        020A8C68).   Vertex 1 = (        020A8D40).
 Edge : [edgeSpar].
  Pointer  = (        0208DB38).
  data     = (        02083790).   class    = (        0208D700).
  Vertex 0 = (        020A8D40).   Vertex 1 = (        020A8E18).
 Edge : [edgeSpar].
  Pointer  = (        0208DB60).
  data     = (        020837C0).   class    = (        0208D700).
  Vertex 0 = (        020A8E18).   Vertex 1 = (        020A8EF0).
 Edge : [edgeSpar].
  Pointer  = (        0208DB88).
  data     = (        020837F0).   class    = (        0208D700).
  Vertex 0 = (        020A8EF0).   Vertex 1 = (        020A8FC8).
 Edge : [edgeSpar].
  Pointer  = (        0208DBB0).
  data     = (        02083820).   class    = (        0208D700).
  Vertex 0 = (        020A8FC8).   Vertex 1 = (        020AB8C8).
 Edge : [edgeSpar].
  Pointer  = (        0208DBD8).
  data     = (        02083850).   class    = (        0208D700).
  Vertex 0 = (        020AB8C8).   Vertex 1 = (        0209CFD0).

      ---  Structural elements in the model  ---- 

 Number of beam elements = (   23).

      ---  Node adjacency lists  ---- 

 Node pointer = (        0209E850).  degree = (    1).
 Adjacent node pointer = (        0209E950).  degree = (    2).
 Node pointer = (        0209E8D0).  degree = (    1).
 Adjacent node pointer = (        020A34E8).  degree = (    2).
 Node pointer = (        0209E950).  degree = (    2).
 Adjacent node pointer = (        0209E850).  degree = (    1).
 Adjacent node pointer = (        0209F2D0).  degree = (    2).
 Node pointer = (        0209F2D0).  degree = (    2).
 Adjacent node pointer = (        0209E950).  degree = (    2).
 Adjacent node pointer = (        020A1450).  degree = (    2).
 Node pointer = (        020A1450).  degree = (    2).
 Adjacent node pointer = (        0209F2D0).  degree = (    2).
 Adjacent node pointer = (        020A19D0).  degree = (    2).
 Node pointer = (        020A19D0).  degree = (    2).
 Adjacent node pointer = (        020A1450).  degree = (    2).
 Adjacent node pointer = (        020A1B50).  degree = (    2).
 Node pointer = (        020A1B50).  degree = (    2).
 Adjacent node pointer = (        020A19D0).  degree = (    2).
 Adjacent node pointer = (        020A1CE8).  degree = (    2).
 Node pointer = (        020A1CE8).  degree = (    2).
 Adjacent node pointer = (        020A1B50).  degree = (    2).
 Adjacent node pointer = (        020A1E68).  degree = (    2).
 Node pointer = (        020A1E68).  degree = (    2).
 Adjacent node pointer = (        020A1CE8).  degree = (    2).
 Adjacent node pointer = (        020A1FE8).  degree = (    2).
 Node pointer = (        020A1FE8).  degree = (    2).
 Adjacent node pointer = (        020A1E68).  degree = (    2).
 Adjacent node pointer = (        020A2168).  degree = (    2).
 Node pointer = (        020A2168).  degree = (    2).
 Adjacent node pointer = (        020A1FE8).  degree = (    2).
 Adjacent node pointer = (        020A22E8).  degree = (    2).
 Node pointer = (        020A22E8).  degree = (    2).
 Adjacent node pointer = (        020A2168).  degree = (    2).
 Adjacent node pointer = (        020A2468).  degree = (    2).
 Node pointer = (        020A2468).  degree = (    2).
 Adjacent node pointer = (        020A22E8).  degree = (    2).
 Adjacent node pointer = (        020A25E8).  degree = (    2).
 Node pointer = (        020A25E8).  degree = (    2).
 Adjacent node pointer = (        020A2468).  degree = (    2).
 Adjacent node pointer = (        020A2768).  degree = (    2).
 Node pointer = (        020A2768).  degree = (    2).
 Adjacent node pointer = (        020A25E8).  degree = (    2).
 Adjacent node pointer = (        020A28E8).  degree = (    2).
 Node pointer = (        020A28E8).  degree = (    2).
 Adjacent node pointer = (        020A2768).  degree = (    2).
 Adjacent node pointer = (        020A2A68).  degree = (    2).
 Node pointer = (        020A2A68).  degree = (    2).
 Adjacent node pointer = (        020A28E8).  degree = (    2).
 Adjacent node pointer = (        020A2BE8).  degree = (    2).
 Node pointer = (        020A2BE8).  degree = (    2).
 Adjacent node pointer = (        020A2A68).  degree = (    2).
 Adjacent node pointer = (        020A2D68).  degree = (    2).
 Node pointer = (        020A2D68).  degree = (    2).
 Adjacent node pointer = (        020A2BE8).  degree = (    2).
 Adjacent node pointer = (        020A2EE8).  degree = (    2).
 Node pointer = (        020A2EE8).  degree = (    2).
 Adjacent node pointer = (        020A2D68).  degree = (    2).
 Adjacent node pointer = (        020A3068).  degree = (    2).
 Node pointer = (        020A3068).  degree = (    2).
 Adjacent node pointer = (        020A2EE8).  degree = (    2).
 Adjacent node pointer = (        020A31E8).  degree = (    2).
 Node pointer = (        020A31E8).  degree = (    2).
 Adjacent node pointer = (        020A3068).  degree = (    2).
 Adjacent node pointer = (        020A3368).  degree = (    2).
 Node pointer = (        020A3368).  degree = (    2).
 Adjacent node pointer = (        020A31E8).  degree = (    2).
 Adjacent node pointer = (        020A34E8).  degree = (    2).
 Node pointer = (        020A34E8).  degree = (    2).
 Adjacent node pointer = (        0209E8D0).  degree = (    1).
 Adjacent node pointer = (        020A3368).  degree = (    2).

      ---  Model mesh parameters  ---- 

 Number of nodes = (   70).
 Number of sets = (    1).
 Bandwidth = (   93).

      ---  Set model constraints  ---- 


      ---  Model degrees of freedom  ---- 

 Number of degrees of freedom = (  414).

      ---  List of nodes of associated DOF's  ---- 

 Node number = (    1).  pointer = (        0209E850).
 Node number = (    2).  pointer = (        0209E9D0).
 Node number = (    3).  pointer = (        0209EA50).
 Node number = (    4).  pointer = (        0209E950).
 Node number = (    5).  pointer = (        0209F350).
 Node number = (    6).  pointer = (        020A13D0).
 Node number = (    7).  pointer = (        0209F2D0).
 Node number = (    8).  pointer = (        020A14D0).
 Node number = (    9).  pointer = (        020A1950).
 Node number = (   10).  pointer = (        020A1450).
 Node number = (   11).  pointer = (        020A1A50).
 Node number = (   12).  pointer = (        020A1AD0).
 Node number = (   13).  pointer = (        020A19D0).
 Node number = (   14).  pointer = (        020A1BD0).
 Node number = (   15).  pointer = (        020A1C68).
 Node number = (   16).  pointer = (        020A1B50).
 Node number = (   17).  pointer = (        020A1D68).
 Node number = (   18).  pointer = (        020A1DE8).
 Node number = (   19).  pointer = (        020A1CE8).
 Node number = (   20).  pointer = (        020A1EE8).
 Node number = (   21).  pointer = (        020A1F68).
 Node number = (   22).  pointer = (        020A1E68).
 Node number = (   23).  pointer = (        020A2068).
 Node number = (   24).  pointer = (        020A20E8).
 Node number = (   25).  pointer = (        020A1FE8).
 Node number = (   26).  pointer = (        020A21E8).
 Node number = (   27).  pointer = (        020A2268).
 Node number = (   28).  pointer = (        020A2168).
 Node number = (   29).  pointer = (        020A2368).
 Node number = (   30).  pointer = (        020A23E8).
 Node number = (   31).  pointer = (        020A22E8).
 Node number = (   32).  pointer = (        020A24E8).
 Node number = (   33).  pointer = (        020A2568).
 Node number = (   34).  pointer = (        020A2468).
 Node number = (   35).  pointer = (        020A2668).
 Node number = (   36).  pointer = (        020A26E8).
 Node number = (   37).  pointer = (        020A25E8).
 Node number = (   38).  pointer = (        020A27E8).
 Node number = (   39).  pointer = (        020A2868).
 Node number = (   40).  pointer = (        020A2768).
 Node number = (   41).  pointer = (        020A2968).
 Node number = (   42).  pointer = (        020A29E8).
 Node number = (   43).  pointer = (        020A28E8).
 Node number = (   44).  pointer = (        020A2AE8).
 Node number = (   45).  pointer = (        020A2B68).
 Node number = (   46).  pointer = (        020A2A68).
 Node number = (   47).  pointer = (        020A2C68).
 Node number = (   48).  pointer = (        020A2CE8).
 Node number = (   49).  pointer = (        020A2BE8).
 Node number = (   50).  pointer = (        020A2DE8).
 Node number = (   51).  pointer = (        020A2E68).
 Node number = (   52).  pointer = (        020A2D68).
 Node number = (   53).  pointer = (        020A2F68).
 Node number = (   54).  pointer = (        020A2FE8).
 Node number = (   55).  pointer = (        020A2EE8).
 Node number = (   56).  pointer = (        020A30E8).
 Node number = (   57).  pointer = (        020A3168).
 Node number = (   58).  pointer = (        020A3068).
 Node number = (   59).  pointer = (        020A3268).
 Node number = (   60).  pointer = (        020A32E8).
 Node number = (   61).  pointer = (        020A31E8).
 Node number = (   62).  pointer = (        020A33E8).
 Node number = (   63).  pointer = (        020A3468).
 Node number = (   64).  pointer = (        020A3368).
 Node number = (   65).  pointer = (        020A3568).
 Node number = (   66).  pointer = (        020A35E8).
 Node number = (   67).  pointer = (        020A34E8).
 Node number = (   68).  pointer = (        020A3668).
 Node number = (   69).  pointer = (        020A36E8).
 Node number = (   70).  pointer = (        0209E8D0).



                    ************************************
                    *   @CREATE_FINITE_ELEMENT_MODEL   *
                    ************************************

 Number of nodes = (   70).
 Number of degrees of freedom = (  414).

      ---  Create fem data structures  ---- 


      ---  Create skyline vector  ---- 

 
 * Bld created by : [monoplane_spar].
   - Node numbers = (    1,     4,     2,     3).
   - lmu vector = (
     0,     0,     0,     0,     0,     0,    13,    14,    15,    16,    17,    18, 
     1,     2,     3,     4,     5,     6,     7,     8,     9,    10,    11,    12).
 
 * Bld created by : [monoplane_spar].
   - Node numbers = (    4,     7,     5,     6).
   - lmu vector = (
    13,    14,    15,    16,    17,    18,    31,    32,    33,    34,    35,    36, 
    19,    20,    21,    22,    23,    24,    25,    26,    27,    28,    29,    30).
 
 * Bld created by : [monoplane_spar].
   - Node numbers = (    7,    10,     8,     9).
   - lmu vector = (
    31,    32,    33,    34,    35,    36,    49,    50,    51,    52,    53,    54, 
    37,    38,    39,    40,    41,    42,    43,    44,    45,    46,    47,    48).
 
 * Bld created by : [monoplane_spar].
   - Node numbers = (   10,    13,    11,    12).
   - lmu vector = (
    49,    50,    51,    52,    53,    54,    67,    68,    69,    70,    71,    72, 
    55,    56,    57,    58,    59,    60,    61,    62,    63,    64,    65,    66).
 
 * Bld created by : [monoplane_spar].
   - Node numbers = (   13,    16,    14,    15).
   - lmu vector = (
    67,    68,    69,    70,    71,    72,    85,    86,    87,    88,    89,    90, 
    73,    74,    75,    76,    77,    78,    79,    80,    81,    82,    83,    84).
 
 * Bld created by : [monoplane_spar].
   - Node numbers = (   16,    19,    17,    18).
   - lmu vector = (
    85,    86,    87,    88,    89,    90,   103,   104,   105,   106,   107,   108, 
    91,    92,    93,    94,    95,    96,    97,    98,    99,   100,   101,   102).
 
 * Bld created by : [monoplane_spar].
   - Node numbers = (   19,    22,    20,    21).
   - lmu vector = (
   103,   104,   105,   106,   107,   108,   121,   122,   123,   124,   125,   126, 
   109,   110,   111,   112,   113,   114,   115,   116,   117,   118,   119,   120).
 
 * Bld created by : [monoplane_spar].
   - Node numbers = (   22,    25,    23,    24).
   - lmu vector = (
   121,   122,   123,   124,   125,   126,   139,   140,   141,   142,   143,   144, 
   127,   128,   129,   130,   131,   132,   133,   134,   135,   136,   137,   138).
 
 * Bld created by : [monoplane_spar].
   - Node numbers = (   25,    28,    26,    27).
   - lmu vector = (
   139,   140,   141,   142,   143,   144,   157,   158,   159,   160,   161,   162, 
   145,   146,   147,   148,   149,   150,   151,   152,   153,   154,   155,   156).
 
 * Bld created by : [monoplane_spar].
   - Node numbers = (   28,    31,    29,    30).
   - lmu vector = (
   157,   158,   159,   160,   161,   162,   175,   176,   177,   178,   179,   180, 
   163,   164,   165,   166,   167,   168,   169,   170,   171,   172,   173,   174).
 
 * Bld created by : [monoplane_spar].
   - Node numbers = (   31,    34,    32,    33).
   - lmu vector = (
   175,   176,   177,   178,   179,   180,   193,   194,   195,   196,   197,   198, 
   181,   182,   183,   184,   185,   186,   187,   188,   189,   190,   191,   192).
 
 * Bld created by : [monoplane_spar].
   - Node numbers = (   34,    37,    35,    36).
   - lmu vector = (
   193,   194,   195,   196,   197,   198,   211,   212,   213,   214,   215,   216, 
   199,   200,   201,   202,   203,   204,   205,   206,   207,   208,   209,   210).
 
 * Bld created by : [monoplane_spar].
   - Node numbers = (   37,    40,    38,    39).
   - lmu vector = (
   211,   212,   213,   214,   215,   216,   229,   230,   231,   232,   233,   234, 
   217,   218,   219,   220,   221,   222,   223,   224,   225,   226,   227,   228).
 
 * Bld created by : [monoplane_spar].
   - Node numbers = (   40,    43,    41,    42).
   - lmu vector = (
   229,   230,   231,   232,   233,   234,   247,   248,   249,   250,   251,   252, 
   235,   236,   237,   238,   239,   240,   241,   242,   243,   244,   245,   246).
 
 * Bld created by : [monoplane_spar].
   - Node numbers = (   43,    46,    44,    45).
   - lmu vector = (
   247,   248,   249,   250,   251,   252,   265,   266,   267,   268,   269,   270, 
   253,   254,   255,   256,   257,   258,   259,   260,   261,   262,   263,   264).
 
 * Bld created by : [monoplane_spar].
   - Node numbers = (   46,    49,    47,    48).
   - lmu vector = (
   265,   266,   267,   268,   269,   270,   283,   284,   285,   286,   287,   288, 
   271,   272,   273,   274,   275,   276,   277,   278,   279,   280,   281,   282).
 
 * Bld created by : [monoplane_spar].
   - Node numbers = (   49,    52,    50,    51).
   - lmu vector = (
   283,   284,   285,   286,   287,   288,   301,   302,   303,   304,   305,   306, 
   289,   290,   291,   292,   293,   294,   295,   296,   297,   298,   299,   300).
 
 * Bld created by : [monoplane_spar].
   - Node numbers = (   52,    55,    53,    54).
   - lmu vector = (
   301,   302,   303,   304,   305,   306,   319,   320,   321,   322,   323,   324, 
   307,   308,   309,   310,   311,   312,   313,   314,   315,   316,   317,   318).
 
 * Bld created by : [monoplane_spar].
   - Node numbers = (   55,    58,    56,    57).
   - lmu vector = (
   319,   320,   321,   322,   323,   324,   337,   338,   339,   340,   341,   342, 
   325,   326,   327,   328,   329,   330,   331,   332,   333,   334,   335,   336).
 
 * Bld created by : [monoplane_spar].
   - Node numbers = (   58,    61,    59,    60).
   - lmu vector = (
   337,   338,   339,   340,   341,   342,   355,   356,   357,   358,   359,   360, 
   343,   344,   345,   346,   347,   348,   349,   350,   351,   352,   353,   354).
 
 * Bld created by : [monoplane_spar].
   - Node numbers = (   61,    64,    62,    63).
   - lmu vector = (
   355,   356,   357,   358,   359,   360,   373,   374,   375,   376,   377,   378, 
   361,   362,   363,   364,   365,   366,   367,   368,   369,   370,   371,   372).
 
 * Bld created by : [monoplane_spar].
   - Node numbers = (   64,    67,    65,    66).
   - lmu vector = (
   373,   374,   375,   376,   377,   378,   391,   392,   393,   394,   395,   396, 
   379,   380,   381,   382,   383,   384,   385,   386,   387,   388,   389,   390).
 
 * Bld created by : [monoplane_spar].
   - Node numbers = (   67,    70,    68,    69).
   - lmu vector = (
   391,   392,   393,   394,   395,   396,   409,   410,   411,   412,   413,   414, 
   397,   398,   399,   400,   401,   402,   403,   404,   405,   406,   407,   408).



                    ********************************
                    *   @FINITE_ELEMENT_ANALYSIS   *
                    ********************************


      ---  Initial conditions are selected at rest.  ---- 

 
 *** Time Step Number = (    1).  Initial Time = ( 0.00000e+000). [sec].

 *** Step control parameters: [Step1],
 Archival frequency = (    1).  Reuse number = (  100).
 Requested number of eigenvalues = (   10).
 Eigenvalues print flag = (    0).
 Gyroscopic term: : [NO].
 Eigen spectrum shift = ( 0.00000e+000).
 Time Step Size = ( 1.00000e+000). [sec].
 Maximum number of iterations = (   10).
 Factorization strategy = (    1).
 Convergence norm type : [ENERGY LIKE].  Convergence tolerance = ( 1.00000e-006).
 Maximum number of reject = (    5).
 Average stiffness = ( 1.00000e+006).  Average mass = ( 0.00000e+000).
 Iteration = (    1,     1).  Conv. norm = ( 2.10403e-004).
 Iteration = (    2,     1).  Conv. norm = ( 3.86764e-005).
 Iteration = (    3,     1).  Conv. norm = ( 1.67658e-010).

      ---  EIGENPROBLEM ABOUT THIS EQUILIBRIUM CONFIGURATION  ---- 


      ---  Arnoldi procedure control parameters  ---- 

 Number of degrees of freedom = (  414).
 Requested number of eigenvalues = (   10).
 Maximum number of Arnoldi steps = (   60).
 Gyroscopic terms : [NO].

      ---  End of Arnoldi algorithm  ---- 

 Number of Arnoldi steps performed = (   27).
 Number of converged eigenvalues = (   10).

      ---  Computing eigenvectors  ---- 

 Eigenvalue = (    1).    = ( 1.32308e+000). [rad/sec].
 Eigenvalue = (    2).    = ( 3.71966e+000). [rad/sec].
 Eigenvalue = (    3).    = ( 6.59919e+000). [rad/sec].
 Eigenvalue = (    4).    = ( 1.02276e+001). [rad/sec].
 Eigenvalue = (    5).    = ( 1.61028e+001). [rad/sec].
 Eigenvalue = (    6).    = ( 2.00341e+001). [rad/sec].
 Eigenvalue = (    7).    = ( 2.04558e+001). [rad/sec].
 Eigenvalue = (    8).    = ( 2.93193e+001). [rad/sec].
 Eigenvalue = (    9).    = ( 3.26056e+001). [rad/sec].
 Eigenvalue = (   10).    = ( 3.99891e+001). [rad/sec].
 
 *** Time Step Number = (    2).  Initial Time = ( 1.00000e+000). [sec].
 Iteration = (    1,     1).  Conv. norm = ( 9.67053e-016).

      ---  EIGENPROBLEM ABOUT THIS EQUILIBRIUM CONFIGURATION  ---- 


      ---  Arnoldi procedure control parameters  ---- 

 Number of degrees of freedom = (  414).
 Requested number of eigenvalues = (   10).
 Maximum number of Arnoldi steps = (   60).
 Gyroscopic terms : [NO].

      ---  End of Arnoldi algorithm  ---- 

 Number of Arnoldi steps performed = (   27).
 Number of converged eigenvalues = (   10).

      ---  Computing eigenvectors  ---- 

 Eigenvalue = (    1).    = ( 1.32308e+000). [rad/sec].
 Eigenvalue = (    2).    = ( 3.71966e+000). [rad/sec].
 Eigenvalue = (    3).    = ( 6.59919e+000). [rad/sec].
 Eigenvalue = (    4).    = ( 1.02276e+001). [rad/sec].
 Eigenvalue = (    5).    = ( 1.61028e+001). [rad/sec].
 Eigenvalue = (    6).    = ( 2.00341e+001). [rad/sec].
 Eigenvalue = (    7).    = ( 2.04558e+001). [rad/sec].
 Eigenvalue = (    8).    = ( 2.93193e+001). [rad/sec].
 Eigenvalue = (    9).    = ( 3.26056e+001). [rad/sec].
 Eigenvalue = (   10).    = ( 3.99891e+001). [rad/sec].
 
 *** Time Step Number = (    3).  Initial Time = ( 2.00000e+000). [sec].
 Iteration = (    1,     1).  Conv. norm = ( 7.53986e-017).

      ---  EIGENPROBLEM ABOUT THIS EQUILIBRIUM CONFIGURATION  ---- 


      ---  Arnoldi procedure control parameters  ---- 

 Number of degrees of freedom = (  414).
 Requested number of eigenvalues = (   10).
 Maximum number of Arnoldi steps = (   60).
 Gyroscopic terms : [NO].

      ---  End of Arnoldi algorithm  ---- 

 Number of Arnoldi steps performed = (   27).
 Number of converged eigenvalues = (   10).

      ---  Computing eigenvectors  ---- 

 Eigenvalue = (    1).    = ( 1.32308e+000). [rad/sec].
 Eigenvalue = (    2).    = ( 3.71966e+000). [rad/sec].
 Eigenvalue = (    3).    = ( 6.59919e+000). [rad/sec].
 Eigenvalue = (    4).    = ( 1.02276e+001). [rad/sec].
 Eigenvalue = (    5).    = ( 1.61028e+001). [rad/sec].
 Eigenvalue = (    6).    = ( 2.00341e+001). [rad/sec].
 Eigenvalue = (    7).    = ( 2.04558e+001). [rad/sec].
 Eigenvalue = (    8).    = ( 2.93193e+001). [rad/sec].
 Eigenvalue = (    9).    = ( 3.26056e+001). [rad/sec].
 Eigenvalue = (   10).    = ( 3.99891e+001). [rad/sec].
 
 *** Time Step Number = (    4).  Initial Time = ( 3.00000e+000). [sec].
 Iteration = (    1,     1).  Conv. norm = ( 7.18740e-017).

      ---  EIGENPROBLEM ABOUT THIS EQUILIBRIUM CONFIGURATION  ---- 


      ---  Arnoldi procedure control parameters  ---- 

 Number of degrees of freedom = (  414).
 Requested number of eigenvalues = (   10).
 Maximum number of Arnoldi steps = (   60).
 Gyroscopic terms : [NO].

      ---  End of Arnoldi algorithm  ---- 

 Number of Arnoldi steps performed = (   27).
 Number of converged eigenvalues = (   10).

      ---  Computing eigenvectors  ---- 

 Eigenvalue = (    1).    = ( 1.32308e+000). [rad/sec].
 Eigenvalue = (    2).    = ( 3.71966e+000). [rad/sec].
 Eigenvalue = (    3).    = ( 6.59919e+000). [rad/sec].
 Eigenvalue = (    4).    = ( 1.02276e+001). [rad/sec].
 Eigenvalue = (    5).    = ( 1.61028e+001). [rad/sec].
 Eigenvalue = (    6).    = ( 2.00341e+001). [rad/sec].
 Eigenvalue = (    7).    = ( 2.04558e+001). [rad/sec].
 Eigenvalue = (    8).    = ( 2.93193e+001). [rad/sec].
 Eigenvalue = (    9).    = ( 3.26056e+001). [rad/sec].
 Eigenvalue = (   10).    = ( 3.99891e+001). [rad/sec].
 
 *** Time Step Number = (    5).  Initial Time = ( 4.00000e+000). [sec].
 Iteration = (    1,     1).  Conv. norm = ( 8.49330e-017).

      ---  EIGENPROBLEM ABOUT THIS EQUILIBRIUM CONFIGURATION  ---- 


      ---  Arnoldi procedure control parameters  ---- 

 Number of degrees of freedom = (  414).
 Requested number of eigenvalues = (   10).
 Maximum number of Arnoldi steps = (   60).
 Gyroscopic terms : [NO].

      ---  End of Arnoldi algorithm  ---- 

 Number of Arnoldi steps performed = (   27).
 Number of converged eigenvalues = (   10).

      ---  Computing eigenvectors  ---- 

 Eigenvalue = (    1).    = ( 1.32308e+000). [rad/sec].
 Eigenvalue = (    2).    = ( 3.71966e+000). [rad/sec].
 Eigenvalue = (    3).    = ( 6.59919e+000). [rad/sec].
 Eigenvalue = (    4).    = ( 1.02276e+001). [rad/sec].
 Eigenvalue = (    5).    = ( 1.61028e+001). [rad/sec].
 Eigenvalue = (    6).    = ( 2.00341e+001). [rad/sec].
 Eigenvalue = (    7).    = ( 2.04558e+001). [rad/sec].
 Eigenvalue = (    8).    = ( 2.93193e+001). [rad/sec].
 Eigenvalue = (    9).    = ( 3.26056e+001). [rad/sec].
 Eigenvalue = (   10).    = ( 3.99891e+001). [rad/sec].
 
 *** Time Step Number = (    6).  Initial Time = ( 5.00000e+000). [sec].
 Iteration = (    1,     1).  Conv. norm = ( 7.78809e-017).

      ---  EIGENPROBLEM ABOUT THIS EQUILIBRIUM CONFIGURATION  ---- 


      ---  Arnoldi procedure control parameters  ---- 

 Number of degrees of freedom = (  414).
 Requested number of eigenvalues = (   10).
 Maximum number of Arnoldi steps = (   60).
 Gyroscopic terms : [NO].

      ---  End of Arnoldi algorithm  ---- 

 Number of Arnoldi steps performed = (   27).
 Number of converged eigenvalues = (   10).

      ---  Computing eigenvectors  ---- 

 Eigenvalue = (    1).    = ( 1.32308e+000). [rad/sec].
 Eigenvalue = (    2).    = ( 3.71966e+000). [rad/sec].
 Eigenvalue = (    3).    = ( 6.59919e+000). [rad/sec].
 Eigenvalue = (    4).    = ( 1.02276e+001). [rad/sec].
 Eigenvalue = (    5).    = ( 1.61028e+001). [rad/sec].
 Eigenvalue = (    6).    = ( 2.00341e+001). [rad/sec].
 Eigenvalue = (    7).    = ( 2.04558e+001). [rad/sec].
 Eigenvalue = (    8).    = ( 2.93193e+001). [rad/sec].
 Eigenvalue = (    9).    = ( 3.26056e+001). [rad/sec].
 Eigenvalue = (   10).    = ( 3.99891e+001). [rad/sec].
 
 *** Time Step Number = (    7).  Initial Time = ( 6.00000e+000). [sec].
 Iteration = (    1,     1).  Conv. norm = ( 8.74702e-017).

      ---  EIGENPROBLEM ABOUT THIS EQUILIBRIUM CONFIGURATION  ---- 


      ---  Arnoldi procedure control parameters  ---- 

 Number of degrees of freedom = (  414).
 Requested number of eigenvalues = (   10).
 Maximum number of Arnoldi steps = (   60).
 Gyroscopic terms : [NO].

      ---  End of Arnoldi algorithm  ---- 

 Number of Arnoldi steps performed = (   27).
 Number of converged eigenvalues = (   10).

      ---  Computing eigenvectors  ---- 

 Eigenvalue = (    1).    = ( 1.32308e+000). [rad/sec].
 Eigenvalue = (    2).    = ( 3.71966e+000). [rad/sec].
 Eigenvalue = (    3).    = ( 6.59919e+000). [rad/sec].
 Eigenvalue = (    4).    = ( 1.02276e+001). [rad/sec].
 Eigenvalue = (    5).    = ( 1.61028e+001). [rad/sec].
 Eigenvalue = (    6).    = ( 2.00341e+001). [rad/sec].
 Eigenvalue = (    7).    = ( 2.04558e+001). [rad/sec].
 Eigenvalue = (    8).    = ( 2.93193e+001). [rad/sec].
 Eigenvalue = (    9).    = ( 3.26056e+001). [rad/sec].
 Eigenvalue = (   10).    = ( 3.99891e+001). [rad/sec].
 
 *** Time Step Number = (    8).  Initial Time = ( 7.00000e+000). [sec].
 Iteration = (    1,     1).  Conv. norm = ( 7.28166e-017).

      ---  EIGENPROBLEM ABOUT THIS EQUILIBRIUM CONFIGURATION  ---- 


      ---  Arnoldi procedure control parameters  ---- 

 Number of degrees of freedom = (  414).
 Requested number of eigenvalues = (   10).
 Maximum number of Arnoldi steps = (   60).
 Gyroscopic terms : [NO].

      ---  End of Arnoldi algorithm  ---- 

 Number of Arnoldi steps performed = (   27).
 Number of converged eigenvalues = (   10).

      ---  Computing eigenvectors  ---- 

 Eigenvalue = (    1).    = ( 1.32308e+000). [rad/sec].
 Eigenvalue = (    2).    = ( 3.71966e+000). [rad/sec].
 Eigenvalue = (    3).    = ( 6.59919e+000). [rad/sec].
 Eigenvalue = (    4).    = ( 1.02276e+001). [rad/sec].
 Eigenvalue = (    5).    = ( 1.61028e+001). [rad/sec].
 Eigenvalue = (    6).    = ( 2.00341e+001). [rad/sec].
 Eigenvalue = (    7).    = ( 2.04558e+001). [rad/sec].
 Eigenvalue = (    8).    = ( 2.93193e+001). [rad/sec].
 Eigenvalue = (    9).    = ( 3.26056e+001). [rad/sec].
 Eigenvalue = (   10).    = ( 3.99891e+001). [rad/sec].
 
 *** Time Step Number = (    9).  Initial Time = ( 8.00000e+000). [sec].
 Iteration = (    1,     1).  Conv. norm = ( 7.18716e-017).

      ---  EIGENPROBLEM ABOUT THIS EQUILIBRIUM CONFIGURATION  ---- 


      ---  Arnoldi procedure control parameters  ---- 

 Number of degrees of freedom = (  414).
 Requested number of eigenvalues = (   10).
 Maximum number of Arnoldi steps = (   60).
 Gyroscopic terms : [NO].

      ---  End of Arnoldi algorithm  ---- 

 Number of Arnoldi steps performed = (   27).
 Number of converged eigenvalues = (   10).

      ---  Computing eigenvectors  ---- 

 Eigenvalue = (    1).    = ( 1.32308e+000). [rad/sec].
 Eigenvalue = (    2).    = ( 3.71966e+000). [rad/sec].
 Eigenvalue = (    3).    = ( 6.59919e+000). [rad/sec].
 Eigenvalue = (    4).    = ( 1.02276e+001). [rad/sec].
 Eigenvalue = (    5).    = ( 1.61028e+001). [rad/sec].
 Eigenvalue = (    6).    = ( 2.00341e+001). [rad/sec].
 Eigenvalue = (    7).    = ( 2.04558e+001). [rad/sec].
 Eigenvalue = (    8).    = ( 2.93193e+001). [rad/sec].
 Eigenvalue = (    9).    = ( 3.26056e+001). [rad/sec].
 Eigenvalue = (   10).    = ( 3.99891e+001). [rad/sec].
 
 *** Time Step Number = (   10).  Initial Time = ( 9.00000e+000). [sec].
 Iteration = (    1,     1).  Conv. norm = ( 7.51613e-017).

      ---  EIGENPROBLEM ABOUT THIS EQUILIBRIUM CONFIGURATION  ---- 


      ---  Arnoldi procedure control parameters  ---- 

 Number of degrees of freedom = (  414).
 Requested number of eigenvalues = (   10).
 Maximum number of Arnoldi steps = (   60).
 Gyroscopic terms : [NO].

      ---  End of Arnoldi algorithm  ---- 

 Number of Arnoldi steps performed = (   27).
 Number of converged eigenvalues = (   10).

      ---  Computing eigenvectors  ---- 

 Eigenvalue = (    1).    = ( 1.32308e+000). [rad/sec].
 Eigenvalue = (    2).    = ( 3.71966e+000). [rad/sec].
 Eigenvalue = (    3).    = ( 6.59919e+000). [rad/sec].
 Eigenvalue = (    4).    = ( 1.02276e+001). [rad/sec].
 Eigenvalue = (    5).    = ( 1.61028e+001). [rad/sec].
 Eigenvalue = (    6).    = ( 2.00341e+001). [rad/sec].
 Eigenvalue = (    7).    = ( 2.04558e+001). [rad/sec].
 Eigenvalue = (    8).    = ( 2.93193e+001). [rad/sec].
 Eigenvalue = (    9).    = ( 3.26056e+001). [rad/sec].
 Eigenvalue = (   10).    = ( 3.99891e+001). [rad/sec].

      ---  Simulation is over  ---- 

 CPU time elapsed = ( 1.83000e-001). [sec].



                    *********************************
                    *   @POST_PROCESSING_ANALYSIS   *
                    *********************************


      ---  Graphical control parameters  ---- 

 Number of archived time steps = (   11).
 Coordinate norm = ( 1.08814e-002). [1/m].
 Coordinate range Minima: X1, X2, X3 = ( 0.00000e+000,  0.00000e+000,  0.00000e+000) [m].
 Coordinate range Maxima: X1, X2, X3 = ( 9.19000e+001,  0.00000e+000,  0.00000e+000) [m].
 Position norm = ( 1.08814e-002). [1/m].
 Position range Minima: X1, X2, X3 = ( 0.00000e+000, -1.98060e-006, -5.63863e-001) [m].
 Position range Maxima: X1, X2, X3 = ( 9.19000e+001,  1.07541e-007,  0.00000e+000) [m].
 Position range Maxima: X1, X2, X3 = ( 9.19000e+001,  1.07541e-007,  0.00000e+000) [m].
 Vector field type : [AERODYNAMIC_FORCES].  Norm = ( 0.00000e+000).
 Vector field type : [AERODYNAMIC_MOMENTS].  Norm = ( 0.00000e+000).
 Vector field type : [ANGULAR_VELOCITIES].  Norm = ( 0.00000e+000).
 Vector field type : [CIRCULATION].  Norm = ( 0.00000e+000).
 Vector field type : [CURVATURES].  Norm = ( 0.00000e+000).
 Vector field type : [FORCES].  Norm = ( 0.00000e+000).
 Vector field type : [MOMENTS].  Norm = ( 0.00000e+000).
 Vector field type : [STRAINS].  Norm = ( 0.00000e+000).
 Vector field type : [VELOCITIES].  Norm = ( 0.00000e+000).
 CPU time elapsed = ( 1.24000e-001). [sec].

      ---  Destroying Iost  ---- 


      ---  List of Memory Items  ---- 

 Number of Items = (    4).
 Item ID = (33000).  Pointer = (        0208D840).
 Item ID = (33001).  Pointer = (        0209CEB0).
 Item ID = (33003).  Pointer = (        0209CEC8).
 Item ID = (33004).  Pointer = (        0209CEE0).