
     ****************************************************
     *                                                  *
     *         GEORGIA INSTITUTE OF TECHNOLOGY          *
     *                                                  *
     *          - - -     D Y M O R E    - - -          *
     *          - - -     Version 3.0    - - -          *
     *                                                  *
     * FINITE ELEMENT BASED MULTI-BODY DYNAMIC ANALYSIS *
     *                                                  *
     ****************************************************
     ---  Version: Georgia Tech Dymore V.3

     --- Run date: Mon Mar 05 17:06:17 2012




                    ***********************************
                    *   @PROCESS_CONTROL_DEFINITION   *
                    ***********************************




                    *************************
                    *   @MODEL_DEFINITION   *
                    *************************




      ---------------------------------
      |   @TIME_FUNCTION_DEFINITION   |
      ---------------------------------


 *** Time function: [scheduleload],
 Time function type : [USER_DEFINED].
 Time = ( 0.00000e+000).  Function value = ( 1.00000e+000).
 Time = ( 1.00000e+000).  Function value = ( 1.00000e+000).
 Time = ( 2.00000e+000).  Function value = ( 1.00000e+000).
 Time = ( 3.00000e+000).  Function value = ( 1.00000e+000).
 Time = ( 4.00000e+000).  Function value = ( 1.00000e+000).
 Time = ( 5.00000e+000).  Function value = ( 1.00000e+000).
 Time = ( 6.00000e+000).  Function value = ( 1.00000e+000).
 Time = ( 7.00000e+000).  Function value = ( 1.00000e+000).
 Time = ( 8.00000e+000).  Function value = ( 1.00000e+000).
 Time = ( 9.00000e+000).  Function value = ( 1.00000e+000).
 Time = ( 1.00000e+001).  Function value = ( 1.00000e+000).
 Time = ( 1.10000e+001).  Function value = ( 1.00000e+000).
 Time = ( 1.20000e+001).  Function value = ( 1.00000e+000).
 Time = ( 1.30000e+001).  Function value = ( 1.00000e+000).
 Time = ( 1.40000e+001).  Function value = ( 1.00000e+000).
 Time = ( 1.50000e+001).  Function value = ( 1.00000e+000).



      ------------------------
      |   @INCLUDE_COMMAND   |
      ------------------------


 *** Include command: [include1],
 Active command : [YES].
 List of file names:
 monoplane_spar.dat
 loadDist.dat



      ------------------------------------
      |   @CREATE_FINITE_ELEMENT_MODEL   |
      ------------------------------------

 Analysis type : [STATIC].



      --------------------------------
      |   @FINITE_ELEMENT_ANALYSIS   |
      --------------------------------


 *** Analysis control parameters: [AnalysisControlParameters],
 Maximum number of time steps = (   10).
 Simulation initial time = ( 0.00000e+000). [sec].
 Simulation final time = ( 1.50000e+001). [sec].
 Minimum time step size = ( 1.00000e-006). [sec].
 Maximum time step size = ( 5.00000e-002). [sec].
 Reference energy level = ( 6.00000e+005). [J].

 *** Step control parameters: [Step1],
 Archival frequency = (    1).  Reuse number = (  100).
 Requested number of eigenvalues = (   10).
 Eigenvalues print flag = (    0).
 Gyroscopic term: : [NO].
 Eigen spectrum shift = ( 0.00000e+000).
 Time Step Size = ( 1.00000e+000). [sec].
 Maximum number of iterations = (   10).
 Factorization strategy = (    1).
 Convergence norm type : [ENERGY LIKE].  Convergence tolerance = ( 1.00000e-006).
 Maximum number of reject = (    5).
 Average stiffness = ( 1.00000e+006).  Average mass = ( 0.00000e+000).



      ---------------------------------
      |   @POST_PROCESSING_ANALYSIS   |
      ---------------------------------


 *** Graphical control parameters: [GraphicsControlParameters],
 Time step size = ( 0.00000e+000). [sec].
 Reference frame : [INERTIAL].
 Eigenvectors scaling factor = ( 1.00000e-001).
 Number of cycles for modal animation = (    5).
 Number of frames per cycle = (  100).
 Vector field type : [FORCES].  Scaling factor = ( 1.00000e-001).
 Vector field type : [STRAINS].  Scaling factor = ( 1.00000e-001).
 Vector field type : [VELOCITIES].  Scaling factor = ( 1.00000e-001).

 *** Plotting control parameters: [PlottingControlParameters],
 Graph  plot format : [PNG].
        plot Size   : [MEDIUM].
 Map    plot format : [PNG].
        plot Size   : [LARGE].
 Map    plot format : [EPS].
        plot Size   : [LARGE].
 Map    plot format : [TRM].
        plot Size   : [LARGE].
 Object plot format : [PNG].
        plot Size   : [LARGE].
 Object plot format : [EPS].
        plot Size   : [LARGE].
 Object plot format : [TRM].
        plot Size   : [LARGE].
 Sensor plot format : [PNG].
        plot Size   : [LARGE].
 Sensor plot format : [EPS].
        plot Size   : [LARGE].
 Sensor plot format : [TRM].
        plot Size   : [LARGE].
 Signal plot format : [PNG].
        plot Size   : [MEDIUM].
 Survey plot format : [PNG].
        plot Size   : [LARGE].
 Survey plot format : [EPS].
        plot Size   : [LARGE].
 Survey plot format : [TRM].
        plot Size   : [LARGE].
 Sensor memory size = (  100).
 Map    memory size = (   10).

 *** View parameters definition: [ViewParamName],
 View reference point = ( 0.00000e+000,  0.00000e+000,  0.00000e+000)
 View size = ( 0.00000e+000,  0.00000e+000,  0.00000e+000)
 Projection reference point = ( 0.00000e+000,  0.00000e+000,  0.00000e+000)
 Projection eye vector = ( 0.00000e+000,  0.00000e+000,  0.00000e+000)
 Projection up vector = ( 0.00000e+000,  0.00000e+000,  0.00000e+000)
 Projection viewport = ( 0.00000e+000,  0.00000e+000,  0.00000e+000,  0.00000e+000)



      ----------------------------------
      |   @EXECUTING_INCLUDE_COMMAND   |
      ----------------------------------

  --- Executing include command : [include1].
 
 --- Opening data file : [monoplane_spar.dat].



      -------------------------
      |   @POINT_DEFINITION   |
      -------------------------


 *** Point: [root],
 Coordinates = ( 0.00000e+000,  0.00000e+000,  0.00000e+000) [m].
 Is defined in frame : [INERTIAL].

 *** Point: [tip],
 Coordinates = ( 9.19000e+001,  0.00000e+000,  0.00000e+000) [m].
 Is defined in frame : [INERTIAL].



      --------------------------
      |   @VERTEX_DEFINITION   |
      --------------------------


 *** Vertex: [vertexA],
 At point : [root].

 *** Vertex: [vertexB],
 At point : [tip].



      ------------------------
      |   @EDGE_DEFINITION   |
      ------------------------


 *** Edge: [edgeSpar],
 Connected to vertices: [vertexA, vertexB].
 Curve : [curveSpar].



      ------------------------
      |   @BEAM_DEFINITION   |
      ------------------------


 *** Beam: [monoplane_spar],
 Edge : [edgeSpar].
 Property table : [propSpar].



      -------------------------
      |   @CURVE_DEFINITION   |
      -------------------------


 *** Curve: [curveSpar],
 Is defined in frame : [INERTIAL].

      ---  Curve points  ---- 

 Number of control points = (    2).
 Curve degree = (    1).
 Rational curve : [NO].
 End point 0 : [root].
 End point 1 : [tip].
 Orientation distribution : [orientationSpar].
 Initial coordinate = ( 0.00000e+000). [m].
 Curve mesh parameters : [meshSpar].



      --------------------------------------------
      |   @ORIENTATION_DISTRIBUTION_DEFINITION   |
      --------------------------------------------


 *** Orientation distribution: [orientationSpar],
 Orientation definition type : [TWIST_ANGLE].
 Coordinate type : [ETA_COORDINATE].
 ETA_COORDINATE = ( 0.00000e+000).
 Twist angle = ( 0.00000e+000). [deg].
 ETA_COORDINATE = ( 2.17628e-003).
 Twist angle = ( 0.00000e+000). [deg].
 ETA_COORDINATE = ( 2.50272e-002).
 Twist angle = ( 0.00000e+000). [deg].
 ETA_COORDINATE = ( 4.78781e-002).
 Twist angle = ( 0.00000e+000). [deg].
 ETA_COORDINATE = ( 7.07291e-002).
 Twist angle = ( 0.00000e+000). [deg].
 ETA_COORDINATE = ( 9.79325e-002).
 Twist angle = ( 0.00000e+000). [deg].
 ETA_COORDINATE = ( 1.32753e-001).
 Twist angle = ( 0.00000e+000). [deg].
 ETA_COORDINATE = ( 1.51251e-001).
 Twist angle = ( 0.00000e+000). [deg].
 ETA_COORDINATE = ( 1.68662e-001).
 Twist angle = ( 0.00000e+000). [deg].
 ETA_COORDINATE = ( 1.86072e-001).
 Twist angle = ( 0.00000e+000). [deg].
 ETA_COORDINATE = ( 2.15452e-001).
 Twist angle = ( 0.00000e+000). [deg].
 ETA_COORDINATE = ( 2.44831e-001).
 Twist angle = ( 0.00000e+000). [deg].
 ETA_COORDINATE = ( 2.74211e-001).
 Twist angle = ( 0.00000e+000). [deg].
 ETA_COORDINATE = ( 3.63439e-001).
 Twist angle = ( 0.00000e+000). [deg].
 ETA_COORDINATE = ( 4.51578e-001).
 Twist angle = ( 0.00000e+000). [deg].
 ETA_COORDINATE = ( 5.39717e-001).
 Twist angle = ( 0.00000e+000). [deg].
 ETA_COORDINATE = ( 6.28945e-001).
 Twist angle = ( 0.00000e+000). [deg].
 ETA_COORDINATE = ( 6.99674e-001).
 Twist angle = ( 0.00000e+000). [deg].
 ETA_COORDINATE = ( 7.17084e-001).
 Twist angle = ( 0.00000e+000). [deg].
 ETA_COORDINATE = ( 7.70403e-001).
 Twist angle = ( 0.00000e+000). [deg].
 ETA_COORDINATE = ( 8.05223e-001).
 Twist angle = ( 0.00000e+000). [deg].
 ETA_COORDINATE = ( 8.94450e-001).
 Twist angle = ( 0.00000e+000). [deg].
 ETA_COORDINATE = ( 9.46681e-001).
 Twist angle = ( 0.00000e+000). [deg].
 ETA_COORDINATE = ( 1.00000e+000).
 Twist angle = ( 0.00000e+000). [deg].



      -----------------------------------------
      |   @CURVE_MESH_PARAMETERS_DEFINITION   |
      -----------------------------------------


 *** Curve mesh parameters: [meshSpar],
 Number of elements = (   23).
 Order of the elements = (    3).
 Uuu sequence = ( 
 0.00000e+000,  2.17628e-003,  2.50272e-002,  4.78781e-002,  7.07291e-002,  9.79325e-002, 
 1.32753e-001,  1.51251e-001,  1.68662e-001,  1.86072e-001,  2.15452e-001,  2.44831e-001, 
 2.74211e-001,  3.63439e-001,  4.51578e-001,  5.39717e-001,  6.28945e-001,  6.99674e-001, 
 7.17084e-001,  7.70403e-001,  8.05223e-001,  8.94450e-001,  9.46681e-001,  1.00000e+000).
 Comment 1 : [use ETA_COORDINATE, not ETA_VALUE].



      --------------------------------------
      |   @BOUNDARY_CONDITION_DEFINITION   |
      --------------------------------------


 *** Boundary condition: [clampRoot],
 Entity : [vertexA].
 Displacements boundary conditions = (    1,     1,     1).
 Rotation      boundary conditions = (    1,     1,     1).



      ---------------------------------
      |   @BEAM_PROPERTY_DEFINITION   |
      ---------------------------------


 *** Beam property table: [propSpar],
 Property definition type : [6X6_MATRICES].
 Coordinate type : [ETA_COORDINATE].
 ETA_COORDINATE = ( 0.00000e+000).
 Stiffness matrix = (
  8.07344e+009, -9.49681e+001,  1.12881e+001,  3.12685e+006,  1.62927e+003, -2.93324e+001, 
  3.74469e+008, -3.84024e+000, -7.32628e+000,  1.49028e+006, -4.81848e+000,  3.69423e+008, 
  6.53540e-001, -3.14058e+001,  1.44904e+005,  9.26451e+008,  1.18333e+002, -2.08507e+000, 
  4.83398e+010,  8.22608e+001,  2.53060e+009)
 Mass/Span = ( 7.45617e+002). [kg/m].
 Moments of Inertia M11, M22, M33 = ( 4.21487e+003,  3.93304e+003,  2.81823e+002) [kg.m^2/m].
 Center of mass location = (-1.79850e-014,  1.00047e-016) [m].
 Damping coefficient = ( 0.00000e+000). [sec].
 ETA_COORDINATE = ( 2.17628e-003).
 Stiffness matrix = (
  7.47811e+009, -1.74599e+003, -1.19607e+002,  2.35638e+006, -2.75430e+005, -2.53030e+003, 
  3.33449e+008,  3.43111e+001,  2.21232e+004,  1.85489e+006,  7.57978e+001,  3.67921e+008, 
 -5.25619e+001,  1.23030e+002,  1.05166e+005,  9.20556e+008,  3.09313e+003,  1.29907e+002, 
  4.40692e+010, -1.45149e+003,  2.38914e+009)
 Mass/Span = ( 6.96072e+002). [kg/m].
 Moments of Inertia M11, M22, M33 = ( 3.84317e+003,  3.57291e+003,  2.70260e+002) [kg.m^2/m].
 Center of mass location = (-1.56768e-014,  2.94264e-016) [m].
 Damping coefficient = ( 0.00000e+000). [sec].
 ETA_COORDINATE = ( 2.50272e-002).
 Stiffness matrix = (
  7.17487e+009,  6.56516e+001,  1.60309e+001,  1.04009e+006, -1.47762e+003, -1.02751e+002, 
  3.20272e+008, -2.76379e+000,  7.77384e+000,  1.30129e+006, -5.83364e+000,  3.46882e+008, 
  1.89692e+000, -2.13905e+001,  1.04926e+005,  8.64702e+008, -1.48441e+002, -1.21965e+001, 
  3.79589e+010,  1.36685e+002,  2.24605e+009)
 Mass/Span = ( 6.29936e+002). [kg/m].
 Moments of Inertia M11, M22, M33 = ( 3.10037e+003,  2.85277e+003,  2.47597e+002) [kg.m^2/m].
 Center of mass location = (-1.75470e-014, -6.89022e-016) [m].
 Damping coefficient = ( 0.00000e+000). [sec].
 ETA_COORDINATE = ( 4.78781e-002).
 Stiffness matrix = (
  7.23644e+009,  1.65896e+000,  3.42639e+000,  2.70683e+005, -6.59320e+001,  4.72473e+002, 
  3.10911e+008, -3.60870e-002,  2.22571e-001,  1.00328e+006, -6.87480e-001,  3.24811e+008, 
 -3.32443e-001,  3.47766e+000,  6.48208e+004,  8.04001e+008,  1.28297e+001, -1.69214e+000, 
  3.43744e+010,  1.18525e+000,  2.16660e+009)
 Mass/Span = ( 5.80440e+002). [kg/m].
 Moments of Inertia M11, M22, M33 = ( 2.53867e+003,  2.31090e+003,  2.27772e+002) [kg.m^2/m].
 Center of mass location = (-5.32855e-015,  1.14227e-016) [m].
 Damping coefficient = ( 0.00000e+000). [sec].
 ETA_COORDINATE = ( 7.07291e-002).
 Stiffness matrix = (
  9.02832e+009,  1.60960e+001, -7.77117e+000,  1.77791e+005, -6.12208e+002,  7.74635e+001, 
  3.78762e+008, -1.17858e+000,  1.14251e+000,  8.85972e+004, -1.80320e+000,  3.00223e+008, 
  3.35078e+000, -7.08349e+000,  7.01329e+003,  7.40586e+008, -3.97072e+001,  6.86911e+000, 
  3.85237e+010,  9.28431e+001,  2.42097e+009)
 Mass/Span = ( 6.22674e+002). [kg/m].
 Moments of Inertia M11, M22, M33 = ( 2.47314e+003,  2.24772e+003,  2.25419e+002) [kg.m^2/m].
 Center of mass location = (-7.84962e-015, -7.85715e-017) [m].
 Damping coefficient = ( 0.00000e+000). [sec].
 ETA_COORDINATE = ( 9.79325e-002).
 Stiffness matrix = (
  1.03115e+010,  2.83092e+001, -9.36504e+000,  3.06827e+005,  7.44199e+001, -6.63789e+001, 
  4.02573e+008,  9.67229e+000, -2.90050e+001, -1.04458e+006,  1.40634e+001,  2.74364e+008, 
 -3.13569e+000, -3.74905e+001, -5.25272e+004,  6.68540e+008, -1.10696e+002, -1.81411e+001, 
  3.80272e+010, -2.74434e+002,  2.57713e+009)
 Mass/Span = ( 6.40908e+002). [kg/m].
 Moments of Inertia M11, M22, M33 = ( 2.23727e+003,  2.01913e+003,  2.18142e+002) [kg.m^2/m].
 Center of mass location = (-6.58735e-015,  4.68881e-016) [m].
 Damping coefficient = ( 0.00000e+000). [sec].
 ETA_COORDINATE = ( 1.32753e-001).
 Stiffness matrix = (
  1.30612e+010, -2.40485e-001, -5.71809e-002,  2.11049e+004, -9.27418e+000, -2.15859e+001, 
  5.20234e+008, -2.02638e+000, -5.01683e+000, -8.42268e+003,  1.17261e-001,  2.43286e+008, 
 -1.07380e+000, -1.27957e-002, -1.08961e+004,  5.89174e+008, -3.05580e-001,  1.32977e-001, 
  3.93422e+010, -1.56102e+000,  3.01304e+009)
 Mass/Span = ( 7.37805e+002). [kg/m].
 Moments of Inertia M11, M22, M33 = ( 2.18785e+003,  1.96265e+003,  2.25202e+002) [kg.m^2/m].
 Center of mass location = (-1.33012e-016,  1.08275e-015) [m].
 Damping coefficient = ( 0.00000e+000). [sec].
 ETA_COORDINATE = ( 1.51251e-001).
 Stiffness matrix = (
  1.51239e+010, -3.75820e-001,  6.66242e-002,  2.02482e+004,  6.49715e+001,  8.04966e-003, 
  6.42665e+008, -5.67435e-001, -5.12927e+000, -7.64766e+003,  1.41390e-002,  2.30245e+008, 
  2.84040e-001,  6.12178e-002, -1.04090e+004,  5.60717e+008, -1.81265e+000, -9.12349e-002, 
  4.07278e+010,  1.07250e+001,  3.36921e+009)
 Mass/Span = ( 8.25053e+002). [kg/m].
 Moments of Inertia M11, M22, M33 = ( 2.23911e+003,  2.00227e+003,  2.36840e+002) [kg.m^2/m].
 Center of mass location = (-2.46270e-015,  2.68287e-016) [m].
 Damping coefficient = ( 0.00000e+000). [sec].
 ETA_COORDINATE = ( 1.68662e-001).
 Stiffness matrix = (
  1.60598e+010, -3.06325e+000,  1.04707e+000,  1.85279e+004, -2.98163e+002,  2.74813e+001, 
  7.10627e+008, -4.51553e-001,  3.08356e+001, -7.77797e+003,  5.65332e-002,  2.17048e+008, 
 -5.25370e+000,  3.60865e-002, -9.52624e+003,  5.29316e+008,  4.69122e+000, -1.13256e+000, 
  3.84355e+010,  2.35760e+001,  3.51483e+009)
 Mass/Span = ( 8.60728e+002). [kg/m].
 Moments of Inertia M11, M22, M33 = ( 2.11500e+003,  1.87608e+003,  2.38926e+002) [kg.m^2/m].
 Center of mass location = (-1.74265e-015,  9.19932e-016) [m].
 Damping coefficient = ( 0.00000e+000). [sec].
 ETA_COORDINATE = ( 1.86072e-001).
 Stiffness matrix = (
  1.81239e+010,  8.05112e-003, -1.35112e-002,  1.78904e+004,  2.19573e+001,  5.57055e+000, 
  8.38362e+008, -7.09579e-001, -1.64458e+000, -5.85176e+003,  6.01904e-003,  2.04056e+008, 
  4.23102e-001, -1.10396e-002, -9.17052e+003,  5.00210e+008, -2.86807e-002,  6.16947e-003, 
  3.80573e+010,  1.25389e+001,  3.87186e+009)
 Mass/Span = ( 9.48189e+002). [kg/m].
 Moments of Inertia M11, M22, M33 = ( 2.09074e+003,  1.84004e+003,  2.50699e+002) [kg.m^2/m].
 Center of mass location = (-3.43882e-015, -3.17655e-015) [m].
 Damping coefficient = ( 0.00000e+000). [sec].
 ETA_COORDINATE = ( 2.15452e-001).
 Stiffness matrix = (
  1.80523e+010, -4.78466e-002, -2.67596e-002,  1.65416e+004,  1.25310e+001, -8.61176e+000, 
  8.54802e+008,  7.84591e-001, -1.20366e+000, -4.83849e+003, -4.47360e-003,  1.89712e+008, 
 -2.90416e-001, -1.84215e-002, -8.49412e+003,  4.64055e+008,  7.47813e-002,  3.01566e-002, 
  3.28676e+010, -1.51208e+001,  3.82671e+009)
 Mass/Span = ( 9.37144e+002). [kg/m].
 Moments of Inertia M11, M22, M33 = ( 1.82813e+003,  1.58438e+003,  2.43742e+002) [kg.m^2/m].
 Center of mass location = ( 1.13241e-015,  1.00151e-016) [m].
 Damping coefficient = ( 0.00000e+000). [sec].
 ETA_COORDINATE = ( 2.44831e-001).
 Stiffness matrix = (
  1.79879e+010, -1.67401e-003, -1.70849e-002,  1.53713e+004, -1.55291e+000, -2.53710e-001, 
  8.68066e+008,  2.08601e-001, -2.35801e-001, -4.08648e+003, -1.89735e-004,  1.76825e+008, 
 -1.47589e-001, -9.25504e-003, -7.90721e+003,  4.31577e+008, -4.39369e-004,  2.69221e-002, 
  2.85344e+010,  1.55346e+000,  3.78615e+009)
 Mass/Span = ( 9.27219e+002). [kg/m].
 Moments of Inertia M11, M22, M33 = ( 1.60929e+003,  1.37180e+003,  2.37491e+002) [kg.m^2/m].
 Center of mass location = (-1.51556e-015, -7.98211e-016) [m].
 Damping coefficient = ( 0.00000e+000). [sec].
 ETA_COORDINATE = ( 2.74211e-001).
 Stiffness matrix = (
  1.69161e+010,  9.51635e-004, -5.20798e-003,  1.37930e+004, -2.16723e+000, -9.36408e-001, 
  8.27089e+008,  2.10859e-002, -2.40093e-001, -3.07740e+003, -8.85668e-005,  1.62832e+008, 
  2.69246e-001,  4.30709e-003, -7.12702e+003,  3.94726e+008,  9.44699e-003,  7.26109e-004, 
  2.30118e+010, -1.05794e+000,  3.55483e+009)
 Mass/Span = ( 8.70573e+002). [kg/m].
 Moments of Inertia M11, M22, M33 = ( 1.32782e+003,  1.10563e+003,  2.22196e+002) [kg.m^2/m].
 Center of mass location = (-5.08174e-016, -1.74400e-015) [m].
 Damping coefficient = ( 0.00000e+000). [sec].
 ETA_COORDINATE = ( 3.63439e-001).
 Stiffness matrix = (
  1.56418e+010, -1.79923e+000, -2.09110e-002,  1.09090e+004, -2.56898e+002, -3.12684e+000, 
  7.87091e+008,  8.88413e-002,  2.56843e+001, -1.62325e+003,  1.20090e-002,  1.33323e+008, 
  1.08759e-001,  3.04956e-002, -5.68924e+003,  3.18761e+008, -1.74546e+000,  2.57362e-002, 
  1.45790e+010,  4.72815e+000,  3.25135e+009)
 Mass/Span = ( 7.96269e+002). [kg/m].
 Moments of Inertia M11, M22, M33 = ( 8.95931e+002,  6.97605e+002,  1.98326e+002) [kg.m^2/m].
 Center of mass location = (-3.59102e-015, -1.23330e-015) [m].
 Damping coefficient = ( 0.00000e+000). [sec].
 ETA_COORDINATE = ( 4.51578e-001).
 Stiffness matrix = (
  1.44984e+010, -1.23318e+000,  3.39757e-001,  8.73697e+003, -5.61744e+001,  2.33408e+001, 
  7.45300e+008,  5.08424e-001,  2.96324e+000, -8.82898e+002,  2.49915e-002,  1.04946e+008, 
  1.40127e-001, -3.03602e-002, -4.61339e+003,  2.46130e+008,  7.26451e-001, -3.59630e-001, 
  8.62882e+009, -1.18367e+001,  2.97487e+009)
 Mass/Span = ( 7.28578e+002). [kg/m].
 Moments of Inertia M11, M22, M33 = ( 5.87001e+002,  4.10927e+002,  1.76075e+002) [kg.m^2/m].
 Center of mass location = ( 4.24413e-016, -1.14801e-016) [m].
 Damping coefficient = ( 0.00000e+000). [sec].
 ETA_COORDINATE = ( 5.39717e-001).
 Stiffness matrix = (
  1.32618e+010,  7.06933e-004, -3.23903e-003,  6.40742e+003, -2.35222e+000, -2.00190e+000, 
  6.89473e+008,  1.54086e-001,  1.77927e-001, -4.63303e+002, -1.87785e-003,  8.29484e+007, 
  1.55340e-001, -2.99851e-003, -3.43732e+003,  1.89727e+008,  3.87793e-003,  1.99741e-003, 
  5.14437e+009, -2.13476e+000,  2.69517e+009)
 Mass/Span = ( 6.60090e+002). [kg/m].
 Moments of Inertia M11, M22, M33 = ( 4.00010e+002,  2.44142e+002,  1.55869e+002) [kg.m^2/m].
 Center of mass location = (-5.61449e-017,  2.26797e-017) [m].
 Damping coefficient = ( 0.00000e+000). [sec].
 ETA_COORDINATE = ( 6.28945e-001).
 Stiffness matrix = (
  1.10531e+010, -7.58135e-002,  3.11737e-001,  4.72323e+003,  4.40755e+001, -1.06158e+001, 
  5.77222e+008,  2.24638e+000,  1.66429e+000, -9.18492e+001, -2.62526e-001,  6.66808e+007, 
  1.29779e+000,  3.85800e-002, -2.59219e+003,  1.46774e+008, -4.51881e-003, -3.79752e-001, 
  3.00371e+009, -1.81264e+001,  2.24696e+009)
 Mass/Span = ( 5.50324e+002). [kg/m].
 Moments of Inertia M11, M22, M33 = ( 2.72614e+002,  1.42566e+002,  1.30047e+002) [kg.m^2/m].
 Center of mass location = ( 4.72072e-016,  5.63989e-017) [m].
 Damping coefficient = ( 0.00000e+000). [sec].
 ETA_COORDINATE = ( 6.99674e-001).
 Stiffness matrix = (
  8.85747e+009, -3.22297e-003,  1.63858e-003,  3.68577e+003, -4.58330e-001, -2.58204e-001, 
  4.63872e+008,  9.27372e-003, -3.41654e-005, -1.61297e+002, -1.08427e-003,  5.28723e+007, 
  1.43153e-001,  9.78812e-005, -2.08958e+003,  1.10487e+008, -5.84997e-004, -1.98921e-003, 
  1.70181e+009, -1.26985e-001,  1.80703e+009)
 Mass/Span = ( 4.42585e+002). [kg/m].
 Moments of Inertia M11, M22, M33 = ( 1.86382e+002,  8.08786e+001,  1.05503e+002) [kg.m^2/m].
 Center of mass location = ( 2.16812e-016, -3.74095e-016) [m].
 Damping coefficient = ( 0.00000e+000). [sec].
 ETA_COORDINATE = ( 7.17084e-001).
 Stiffness matrix = (
  8.34061e+009, -7.49911e-002,  1.40956e-003,  3.39047e+003, -3.81374e+000, -1.73422e-001, 
  4.37084e+008,  1.68812e-002,  2.60104e-001, -1.37822e+002,  1.06538e-004,  4.95518e+007, 
  1.61898e-001, -1.35965e-004, -1.94035e+003,  1.01909e+008,  9.34008e-002, -1.87500e-003, 
  1.46051e+009, -8.76809e-002,  1.70337e+009)
 Mass/Span = ( 4.17198e+002). [kg/m].
 Moments of Inertia M11, M22, M33 = ( 1.69142e+002,  6.94371e+001,  9.97044e+001) [kg.m^2/m].
 Center of mass location = (-1.95810e-016, -2.18738e-016) [m].
 Damping coefficient = ( 0.00000e+000). [sec].
 ETA_COORDINATE = ( 7.70403e-001).
 Stiffness matrix = (
  6.18169e+009,  4.34734e-002,  3.75782e-003,  2.93524e+003,  7.77738e-002,  2.01412e-001, 
  3.23712e+008, -1.05377e-002, -5.39582e-002, -1.29204e+002, -2.32570e-004,  4.25515e+007, 
  8.87598e-002, -1.95898e-004, -1.75321e+003,  8.20673e+007, -4.88311e-002, -3.02809e-003, 
  9.25673e+008,  1.26735e-002,  1.28657e+009)
 Mass/Span = ( 3.15116e+002). [kg/m].
 Moments of Inertia M11, M22, M33 = ( 1.23040e+002,  4.43169e+001,  7.87229e+001) [kg.m^2/m].
 Center of mass location = ( 1.66296e-016, -2.97118e-016) [m].
 Damping coefficient = ( 0.00000e+000). [sec].
 ETA_COORDINATE = ( 8.05223e-001).
 Stiffness matrix = (
  4.53896e+009, -7.86930e-002, -9.73258e-004,  2.32524e+003,  5.58669e+000,  7.07132e-002, 
  2.36958e+008,  3.80774e-003, -1.08705e-001, -7.93529e+001, -2.16665e-004,  3.81767e+007, 
  1.08593e-001,  2.49683e-004, -1.44577e+003,  6.85702e+007,  3.22716e-002,  7.69642e-004, 
  6.33856e+008,  3.31977e-002,  9.73012e+008)
 Mass/Span = ( 2.38315e+002). [kg/m].
 Moments of Inertia M11, M22, M33 = ( 9.41629e+001,  3.06899e+001,  6.34730e+001) [kg.m^2/m].
 Center of mass location = ( 5.53185e-016, -2.09100e-016) [m].
 Damping coefficient = ( 0.00000e+000). [sec].
 ETA_COORDINATE = ( 8.94450e-001).
 Stiffness matrix = (
  2.37627e+009, -2.44613e-003,  1.64517e-003,  1.50588e+003,  2.93887e-001,  4.53196e-001, 
  1.22474e+008, -7.60654e-003, -1.25397e-002, -5.89332e+001, -1.05541e-003,  2.77842e+007, 
  1.48373e-001,  5.62595e-004, -1.03680e+003,  4.07812e+007,  3.08203e-004, -2.89137e-004, 
  2.63963e+008,  2.58055e-001,  5.53831e+008)
 Mass/Span = ( 1.35646e+002). [kg/m].
 Moments of Inertia M11, M22, M33 = ( 5.53504e+001,  1.32287e+001,  4.21217e+001) [kg.m^2/m].
 Center of mass location = (-1.45330e-016, -8.99042e-018) [m].
 Damping coefficient = ( 0.00000e+000). [sec].
 ETA_COORDINATE = ( 9.46681e-001).
 Stiffness matrix = (
  1.35367e+009,  2.27094e-001, -4.48374e-001,  9.45843e+002,  9.67718e+000,  1.54221e+001, 
  6.75102e+007,  1.49304e-002, -7.83497e-002, -1.07418e+000,  2.97358e-002,  1.99238e+007, 
  7.11803e-002, -1.30371e-002, -6.70293e+002,  2.35153e+007,  1.48554e-002,  2.52368e-002, 
  1.24241e+008,  4.43264e-001,  3.53504e+008)
 Mass/Span = ( 8.65774e+001). [kg/m].
 Moments of Inertia M11, M22, M33 = ( 3.81684e+001,  6.56881e+000,  3.15996e+001) [kg.m^2/m].
 Center of mass location = ( 5.96292e-016,  6.21137e-017) [m].
 Damping coefficient = ( 0.00000e+000). [sec].
 ETA_COORDINATE = ( 1.00000e+000).
 Stiffness matrix = (
  8.02592e+008, -6.99740e-004, -9.04255e-003,  4.90756e+002, -2.25154e-002, -2.78618e+000, 
  3.87680e+007,  4.27479e-003, -1.38232e-003, -9.38845e+000,  1.84415e-004,  9.99728e+006, 
  1.63962e-001,  1.74832e-004, -2.90571e+002,  9.36151e+006,  3.60895e-004,  4.07116e-003, 
  4.34315e+007,  5.79812e-003,  2.28260e+008)
 Mass/Span = ( 5.59069e+001). [kg/m].
 Moments of Inertia M11, M22, M33 = ( 2.48782e+001,  2.40467e+000,  2.24735e+001) [kg.m^2/m].
 Center of mass location = ( 2.33275e-016, -3.60089e-017) [m].
 Damping coefficient = ( 0.00000e+000). [sec].
 Comment 1 : [beam properties are from ..].
 Comment 2 : [..].
 Comment 3 : [..].
 Comment 4 : [dymoreMKblock.dat].



      --------------------------
      |   @SURVEY_DEFINITION   |
      --------------------------


 *** Survey: [svy_disp_spar],
 Surveyed object : [monoplane_spar].
 Survey type : [DISPLACEMENTS].
 Time = ( 5.00000e+000). [sec].
 Reference frame : [INERTIAL].



      --------------------------
      |   @SURVEY_DEFINITION   |
      --------------------------


 *** Survey: [svy_force_spar],
 Surveyed object : [monoplane_spar].
 Survey type : [FORCES].
 Time = ( 5.00000e+000). [sec].
 Reference frame : [INERTIAL].



      --------------------------
      |   @SURVEY_DEFINITION   |
      --------------------------


 *** Survey: [svy_strain_spar],
 Surveyed object : [monoplane_spar].
 Survey type : [STRAINS].
 Time = ( 5.00000e+000). [sec].
 Reference frame : [INERTIAL].



      ----------------------------------
      |   @EXECUTING_INCLUDE_COMMAND   |
      ----------------------------------

 --- Include command : [include1].
 --- Closing data file : [monoplane_spar.dat].
 
 --- Opening data file : [loadDist.dat].



      -----------------------------
      |   @EDGE_LOAD_DEFINITION   |
      -----------------------------


 *** Edge load: [constloaddist],
 Edge : [edgeSpar].

      ---  Loading component  ---- 

 Data table for force along i3 : [constloaddistTable].
 Scale factor = ( 1.00000e+003).
 Time function : [scheduleload].



      ------------------------------
      |   @DATA_TABLE_DEFINITION   |
      ------------------------------


 *** Data table: [constloaddistTable],
 Coordinate type : [ETA_COORDINATE].
 Data type : [FORCE_ALONG_I3].
 X entry = ( 0.00000e+000).  Y entry = (-1.00000e+000). [N/m].
 X entry = ( 1.00000e+000).  Y entry = (-1.00000e+000). [N/m].
 Comment 1 : [this defines the loads for a constant load distribution].



      ----------------------------------
      |   @EXECUTING_INCLUDE_COMMAND   |
      ----------------------------------

 --- Include command : [include1].
 --- Closing data file : [loadDist.dat].



                    ********************
                    *   @CHECK_MODEL   *
                    ********************




      ---------------------
      |   @CHECK_FRAMES   |
      ---------------------


 *** Fixed frame: [FXDFRAME_INERTIAL],
 Origin = ( 0.00000e+000,  0.00000e+000,  0.00000e+000) [m].
 Orientation definition type : [VECTORS_E2_E3].
 E2 = ( 0.00000e+000,  1.00000e+000,  0.00000e+000)
 E3 = ( 0.00000e+000,  0.00000e+000,  1.00000e+000)

 *** Orientation distribution: [orientationSpar],
 Orientation definition type : [TWIST_ANGLE].
 Coordinate type : [ETA_COORDINATE].
 ETA_COORDINATE = ( 0.00000e+000).
 Twist angle = ( 0.00000e+000). [deg].
 ETA_COORDINATE = ( 2.17628e-003).
 Twist angle = ( 0.00000e+000). [deg].
 ETA_COORDINATE = ( 2.50272e-002).
 Twist angle = ( 0.00000e+000). [deg].
 ETA_COORDINATE = ( 4.78781e-002).
 Twist angle = ( 0.00000e+000). [deg].
 ETA_COORDINATE = ( 7.07291e-002).
 Twist angle = ( 0.00000e+000). [deg].
 ETA_COORDINATE = ( 9.79325e-002).
 Twist angle = ( 0.00000e+000). [deg].
 ETA_COORDINATE = ( 1.32753e-001).
 Twist angle = ( 0.00000e+000). [deg].
 ETA_COORDINATE = ( 1.51251e-001).
 Twist angle = ( 0.00000e+000). [deg].
 ETA_COORDINATE = ( 1.68662e-001).
 Twist angle = ( 0.00000e+000). [deg].
 ETA_COORDINATE = ( 1.86072e-001).
 Twist angle = ( 0.00000e+000). [deg].
 ETA_COORDINATE = ( 2.15452e-001).
 Twist angle = ( 0.00000e+000). [deg].
 ETA_COORDINATE = ( 2.44831e-001).
 Twist angle = ( 0.00000e+000). [deg].
 ETA_COORDINATE = ( 2.74211e-001).
 Twist angle = ( 0.00000e+000). [deg].
 ETA_COORDINATE = ( 3.63439e-001).
 Twist angle = ( 0.00000e+000). [deg].
 ETA_COORDINATE = ( 4.51578e-001).
 Twist angle = ( 0.00000e+000). [deg].
 ETA_COORDINATE = ( 5.39717e-001).
 Twist angle = ( 0.00000e+000). [deg].
 ETA_COORDINATE = ( 6.28945e-001).
 Twist angle = ( 0.00000e+000). [deg].
 ETA_COORDINATE = ( 6.99674e-001).
 Twist angle = ( 0.00000e+000). [deg].
 ETA_COORDINATE = ( 7.17084e-001).
 Twist angle = ( 0.00000e+000). [deg].
 ETA_COORDINATE = ( 7.70403e-001).
 Twist angle = ( 0.00000e+000). [deg].
 ETA_COORDINATE = ( 8.05223e-001).
 Twist angle = ( 0.00000e+000). [deg].
 ETA_COORDINATE = ( 8.94450e-001).
 Twist angle = ( 0.00000e+000). [deg].
 ETA_COORDINATE = ( 9.46681e-001).
 Twist angle = ( 0.00000e+000). [deg].
 ETA_COORDINATE = ( 1.00000e+000).
 Twist angle = ( 0.00000e+000). [deg].

 *** Fixed frame: [FXDFRAME_INERTIAL],
 Origin = ( 0.00000e+000,  0.00000e+000,  0.00000e+000) [m].
 Orientation definition type : [VECTORS_E2_E3].
 E2 = ( 0.00000e+000,  1.00000e+000,  0.00000e+000)
 E3 = ( 0.00000e+000,  0.00000e+000,  1.00000e+000)



      --------------------------------
      |   @CHECK_POINTS_AND_TRIADS   |
      --------------------------------


 *** Point: [POINT_ORIGIN],
 Coordinates = ( 0.00000e+000,  0.00000e+000,  0.00000e+000) [m].
 Is defined in frame : [INERTIAL].

 *** Triad: [TRIAD_INERTIAL],
 Orientation definition type : [VECTORS_E2_E3].
 E2 = ( 0.00000e+000,  1.00000e+000,  0.00000e+000)
 E3 = ( 0.00000e+000,  0.00000e+000,  1.00000e+000)
 Is defined in frame : [INERTIAL].

 *** Point: [root],
 Coordinates = ( 0.00000e+000,  0.00000e+000,  0.00000e+000) [m].
 Is defined in frame : [INERTIAL].

 *** Point: [tip],
 Coordinates = ( 9.19000e+001,  0.00000e+000,  0.00000e+000) [m].
 Is defined in frame : [INERTIAL].



      ----------------------------------
      |   @CHECK_CURVES_AND_VERTICES   |
      ----------------------------------


 *** Vertex: [vertexA],
 At point : [root].

 *** Vertex: [vertexB],
 At point : [tip].

 *** Curve: [curveSpar],
 Is defined in frame : [INERTIAL].

      ---  Curve points  ---- 

 Number of control points = (    2).
 Curve degree = (    1).
 Rational curve : [NO].
 End point 0 : [root].
 End point 1 : [tip].
 Orientation distribution : [orientationSpar].
 Initial coordinate = ( 0.00000e+000). [m].
 Curve mesh parameters : [meshSpar].

 *** Curve mesh parameters: [meshSpar],
 Number of elements = (   23).
 Order of the elements = (    3).
 Uuu sequence = ( 
 0.00000e+000,  2.17628e-003,  2.50272e-002,  4.78781e-002,  7.07291e-002,  9.79325e-002, 
 1.32753e-001,  1.51251e-001,  1.68662e-001,  1.86072e-001,  2.15452e-001,  2.44831e-001, 
 2.74211e-001,  3.63439e-001,  4.51578e-001,  5.39717e-001,  6.28945e-001,  6.99674e-001, 
 7.17084e-001,  7.70403e-001,  8.05223e-001,  8.94450e-001,  9.46681e-001,  1.00000e+000).
 Comment 1 : [use ETA_COORDINATE, not ETA_VALUE].



      ---------------------------------
      |   @CHECK_SURFACES_AND_EDGES   |
      ---------------------------------


 *** Edge: [edgeSpar],
 Connected to vertices: [vertexA, vertexB].
 Curve : [curveSpar].



      --------------------------------
      |   @CHECK_VOLUMES_AND_FACES   |
      --------------------------------




      ----------------------------
      |   @CHECK_COPY_COMMANDS   |
      ----------------------------




      -------------------------------
      |   @CHECK_STRUCTURAL_EDGES   |
      -------------------------------


 *** Beam: [monoplane_spar],
 Edge : [edgeSpar].
 Property table : [propSpar].



      -------------------------------
      |   @CHECK_STRUCTURAL_FACES   |
      -------------------------------




      ----------------------------
      |   @CHECK_OTHER_OBJECTS   |
      ----------------------------


 *** Time function: [scheduleload],
 Time function type : [USER_DEFINED].
 Time = ( 0.00000e+000).  Function value = ( 1.00000e+000).
 Time = ( 1.00000e+000).  Function value = ( 1.00000e+000).
 Time = ( 2.00000e+000).  Function value = ( 1.00000e+000).
 Time = ( 3.00000e+000).  Function value = ( 1.00000e+000).
 Time = ( 4.00000e+000).  Function value = ( 1.00000e+000).
 Time = ( 5.00000e+000).  Function value = ( 1.00000e+000).
 Time = ( 6.00000e+000).  Function value = ( 1.00000e+000).
 Time = ( 7.00000e+000).  Function value = ( 1.00000e+000).
 Time = ( 8.00000e+000).  Function value = ( 1.00000e+000).
 Time = ( 9.00000e+000).  Function value = ( 1.00000e+000).
 Time = ( 1.00000e+001).  Function value = ( 1.00000e+000).
 Time = ( 1.10000e+001).  Function value = ( 1.00000e+000).
 Time = ( 1.20000e+001).  Function value = ( 1.00000e+000).
 Time = ( 1.30000e+001).  Function value = ( 1.00000e+000).
 Time = ( 1.40000e+001).  Function value = ( 1.00000e+000).
 Time = ( 1.50000e+001).  Function value = ( 1.00000e+000).

 *** Include command: [include1],
 Active command : [YES].
 List of file names:
 monoplane_spar.dat
 loadDist.dat

 *** Analysis control parameters: [AnalysisControlParameters],
 Maximum number of time steps = (   10).
 Simulation initial time = ( 0.00000e+000). [sec].
 Simulation final time = ( 1.50000e+001). [sec].
 Minimum time step size = ( 1.00000e-006). [sec].
 Maximum time step size = ( 5.00000e-002). [sec].
 Reference energy level = ( 6.00000e+005). [J].

 *** Graphical control parameters: [GraphicsControlParameters],
 Time step size = ( 0.00000e+000). [sec].
 Reference frame : [INERTIAL].
 Eigenvectors scaling factor = ( 1.00000e-001).
 Number of cycles for modal animation = (    5).
 Number of frames per cycle = (  100).
 Vector field type : [FORCES].  Scaling factor = ( 1.00000e-001).
 Vector field type : [STRAINS].  Scaling factor = ( 1.00000e-001).
 Vector field type : [VELOCITIES].  Scaling factor = ( 1.00000e-001).

 *** Plotting control parameters: [PlottingControlParameters],
 Graph  plot format : [PNG].
        plot Size   : [MEDIUM].
 Map    plot format : [PNG].
        plot Size   : [LARGE].
 Map    plot format : [EPS].
        plot Size   : [LARGE].
 Map    plot format : [TRM].
        plot Size   : [LARGE].
 Object plot format : [PNG].
        plot Size   : [LARGE].
 Object plot format : [EPS].
        plot Size   : [LARGE].
 Object plot format : [TRM].
        plot Size   : [LARGE].
 Sensor plot format : [PNG].
        plot Size   : [LARGE].
 Sensor plot format : [EPS].
        plot Size   : [LARGE].
 Sensor plot format : [TRM].
        plot Size   : [LARGE].
 Signal plot format : [PNG].
        plot Size   : [MEDIUM].
 Survey plot format : [PNG].
        plot Size   : [LARGE].
 Survey plot format : [EPS].
        plot Size   : [LARGE].
 Survey plot format : [TRM].
        plot Size   : [LARGE].
 Sensor memory size = (  100).
 Map    memory size = (   10).

 *** Boundary condition: [clampRoot],
 Entity : [vertexA].
 Displacements boundary conditions = (    1,     1,     1).
 Rotation      boundary conditions = (    1,     1,     1).

 *** Survey: [svy_disp_spar],
 Surveyed object : [monoplane_spar].
 Survey type : [DISPLACEMENTS].
 Time = ( 5.00000e+000). [sec].
 Reference frame : [INERTIAL].

 *** Survey: [svy_force_spar],
 Surveyed object : [monoplane_spar].
 Survey type : [FORCES].
 Time = ( 5.00000e+000). [sec].
 Reference frame : [INERTIAL].

 *** Survey: [svy_strain_spar],
 Surveyed object : [monoplane_spar].
 Survey type : [STRAINS].
 Time = ( 5.00000e+000). [sec].
 Reference frame : [INERTIAL].

 *** Edge load: [constloaddist],
 Edge : [edgeSpar].

      ---  Loading component  ---- 

 Data table for force along i3 : [constloaddistTable].
 Scale factor = ( 1.00000e+003).
 Time function : [scheduleload].

 *** Data table: [constloaddistTable],
 Coordinate type : [ETA_COORDINATE].
 Data type : [FORCE_ALONG_I3].
 X entry = ( 0.00000e+000).  Y entry = (-1.00000e+000). [N/m].
 X entry = ( 1.00000e+000).  Y entry = (-1.00000e+000). [N/m].
 Comment 1 : [this defines the loads for a constant load distribution].

 *** Beam property table: [propSpar],
 ETA_COORDINATE = ( 0.00000e+000).
 Stiffness matrix = (
  8.07344e+009, -9.49681e+001,  1.12881e+001,  3.12685e+006,  1.62927e+003, -2.93324e+001, 
  3.74469e+008, -3.84024e+000, -7.32628e+000,  1.49028e+006, -4.81848e+000,  3.69423e+008, 
  6.53540e-001, -3.14058e+001,  1.44904e+005,  9.26451e+008,  1.18333e+002, -2.08507e+000, 
  4.83398e+010,  8.22608e+001,  2.53060e+009)
 Mass/Span = ( 7.45617e+002). [kg/m].
 Moments of Inertia M11, M22, M33 = ( 4.21487e+003,  3.93304e+003,  2.81823e+002) [kg.m^2/m].
 Center of mass location = (-1.79850e-014,  1.00047e-016) [m].
 Damping coefficient = ( 0.00000e+000). [sec].
 ### Mass moment of inertia about e2 or/and e3 axes are 
 ### adjusted to ensure consistent mass matrix.
 ETA_COORDINATE = ( 2.17628e-003).
 Stiffness matrix = (
  7.47811e+009, -1.74599e+003, -1.19607e+002,  2.35638e+006, -2.75430e+005, -2.53030e+003, 
  3.33449e+008,  3.43111e+001,  2.21232e+004,  1.85489e+006,  7.57978e+001,  3.67921e+008, 
 -5.25619e+001,  1.23030e+002,  1.05166e+005,  9.20556e+008,  3.09313e+003,  1.29907e+002, 
  4.40692e+010, -1.45149e+003,  2.38914e+009)
 Mass/Span = ( 6.96072e+002). [kg/m].
 Moments of Inertia M11, M22, M33 = ( 3.84317e+003,  3.57291e+003,  2.70260e+002) [kg.m^2/m].
 Center of mass location = (-1.56768e-014,  2.94264e-016) [m].
 Damping coefficient = ( 0.00000e+000). [sec].
 ### Mass moment of inertia about e2 or/and e3 axes are 
 ### adjusted to ensure consistent mass matrix.
 ETA_COORDINATE = ( 2.50272e-002).
 Stiffness matrix = (
  7.17487e+009,  6.56516e+001,  1.60309e+001,  1.04009e+006, -1.47762e+003, -1.02751e+002, 
  3.20272e+008, -2.76379e+000,  7.77384e+000,  1.30129e+006, -5.83364e+000,  3.46882e+008, 
  1.89692e+000, -2.13905e+001,  1.04926e+005,  8.64702e+008, -1.48441e+002, -1.21965e+001, 
  3.79589e+010,  1.36685e+002,  2.24605e+009)
 Mass/Span = ( 6.29936e+002). [kg/m].
 Moments of Inertia M11, M22, M33 = ( 3.10037e+003,  2.85277e+003,  2.47597e+002) [kg.m^2/m].
 Center of mass location = (-1.75470e-014, -6.89022e-016) [m].
 Damping coefficient = ( 0.00000e+000). [sec].
 ### Mass moment of inertia about e2 or/and e3 axes are 
 ### adjusted to ensure consistent mass matrix.
 ETA_COORDINATE = ( 4.78781e-002).
 Stiffness matrix = (
  7.23644e+009,  1.65896e+000,  3.42639e+000,  2.70683e+005, -6.59320e+001,  4.72473e+002, 
  3.10911e+008, -3.60870e-002,  2.22571e-001,  1.00328e+006, -6.87480e-001,  3.24811e+008, 
 -3.32443e-001,  3.47766e+000,  6.48208e+004,  8.04001e+008,  1.28297e+001, -1.69214e+000, 
  3.43744e+010,  1.18525e+000,  2.16660e+009)
 Mass/Span = ( 5.80440e+002). [kg/m].
 Moments of Inertia M11, M22, M33 = ( 2.53867e+003,  2.31090e+003,  2.27772e+002) [kg.m^2/m].
 Center of mass location = (-5.32855e-015,  1.14227e-016) [m].
 Damping coefficient = ( 0.00000e+000). [sec].
 ### Mass moment of inertia about e2 or/and e3 axes are 
 ### adjusted to ensure consistent mass matrix.
 ETA_COORDINATE = ( 7.07291e-002).
 Stiffness matrix = (
  9.02832e+009,  1.60960e+001, -7.77117e+000,  1.77791e+005, -6.12208e+002,  7.74635e+001, 
  3.78762e+008, -1.17858e+000,  1.14251e+000,  8.85972e+004, -1.80320e+000,  3.00223e+008, 
  3.35078e+000, -7.08349e+000,  7.01329e+003,  7.40586e+008, -3.97072e+001,  6.86911e+000, 
  3.85237e+010,  9.28431e+001,  2.42097e+009)
 Mass/Span = ( 6.22674e+002). [kg/m].
 Moments of Inertia M11, M22, M33 = ( 2.47314e+003,  2.24772e+003,  2.25419e+002) [kg.m^2/m].
 Center of mass location = (-7.84962e-015, -7.85715e-017) [m].
 Damping coefficient = ( 0.00000e+000). [sec].
 ### Mass moment of inertia about e2 or/and e3 axes are 
 ### adjusted to ensure consistent mass matrix.
 ETA_COORDINATE = ( 9.79325e-002).
 Stiffness matrix = (
  1.03115e+010,  2.83092e+001, -9.36504e+000,  3.06827e+005,  7.44199e+001, -6.63789e+001, 
  4.02573e+008,  9.67229e+000, -2.90050e+001, -1.04458e+006,  1.40634e+001,  2.74364e+008, 
 -3.13569e+000, -3.74905e+001, -5.25272e+004,  6.68540e+008, -1.10696e+002, -1.81411e+001, 
  3.80272e+010, -2.74434e+002,  2.57713e+009)
 Mass/Span = ( 6.40908e+002). [kg/m].
 Moments of Inertia M11, M22, M33 = ( 2.23727e+003,  2.01913e+003,  2.18142e+002) [kg.m^2/m].
 Center of mass location = (-6.58735e-015,  4.68881e-016) [m].
 Damping coefficient = ( 0.00000e+000). [sec].
 ### Mass moment of inertia about e2 or/and e3 axes are 
 ### adjusted to ensure consistent mass matrix.
 ETA_COORDINATE = ( 1.32753e-001).
 Stiffness matrix = (
  1.30612e+010, -2.40485e-001, -5.71809e-002,  2.11049e+004, -9.27418e+000, -2.15859e+001, 
  5.20234e+008, -2.02638e+000, -5.01683e+000, -8.42268e+003,  1.17261e-001,  2.43286e+008, 
 -1.07380e+000, -1.27957e-002, -1.08961e+004,  5.89174e+008, -3.05580e-001,  1.32977e-001, 
  3.93422e+010, -1.56102e+000,  3.01304e+009)
 Mass/Span = ( 7.37805e+002). [kg/m].
 Moments of Inertia M11, M22, M33 = ( 2.18785e+003,  1.96265e+003,  2.25202e+002) [kg.m^2/m].
 Center of mass location = (-1.33012e-016,  1.08275e-015) [m].
 Damping coefficient = ( 0.00000e+000). [sec].
 ### Mass moment of inertia about e2 or/and e3 axes are 
 ### adjusted to ensure consistent mass matrix.
 ETA_COORDINATE = ( 1.51251e-001).
 Stiffness matrix = (
  1.51239e+010, -3.75820e-001,  6.66242e-002,  2.02482e+004,  6.49715e+001,  8.04966e-003, 
  6.42665e+008, -5.67435e-001, -5.12927e+000, -7.64766e+003,  1.41390e-002,  2.30245e+008, 
  2.84040e-001,  6.12178e-002, -1.04090e+004,  5.60717e+008, -1.81265e+000, -9.12349e-002, 
  4.07278e+010,  1.07250e+001,  3.36921e+009)
 Mass/Span = ( 8.25053e+002). [kg/m].
 Moments of Inertia M11, M22, M33 = ( 2.23911e+003,  2.00227e+003,  2.36840e+002) [kg.m^2/m].
 Center of mass location = (-2.46270e-015,  2.68287e-016) [m].
 Damping coefficient = ( 0.00000e+000). [sec].
 ### Mass moment of inertia about e2 or/and e3 axes are 
 ### adjusted to ensure consistent mass matrix.
 ETA_COORDINATE = ( 1.68662e-001).
 Stiffness matrix = (
  1.60598e+010, -3.06325e+000,  1.04707e+000,  1.85279e+004, -2.98163e+002,  2.74813e+001, 
  7.10627e+008, -4.51553e-001,  3.08356e+001, -7.77797e+003,  5.65332e-002,  2.17048e+008, 
 -5.25370e+000,  3.60865e-002, -9.52624e+003,  5.29316e+008,  4.69122e+000, -1.13256e+000, 
  3.84355e+010,  2.35760e+001,  3.51483e+009)
 Mass/Span = ( 8.60728e+002). [kg/m].
 Moments of Inertia M11, M22, M33 = ( 2.11500e+003,  1.87608e+003,  2.38926e+002) [kg.m^2/m].
 Center of mass location = (-1.74265e-015,  9.19932e-016) [m].
 Damping coefficient = ( 0.00000e+000). [sec].
 ### Mass moment of inertia about e2 or/and e3 axes are 
 ### adjusted to ensure consistent mass matrix.
 ETA_COORDINATE = ( 1.86072e-001).
 Stiffness matrix = (
  1.81239e+010,  8.05112e-003, -1.35112e-002,  1.78904e+004,  2.19573e+001,  5.57055e+000, 
  8.38362e+008, -7.09579e-001, -1.64458e+000, -5.85176e+003,  6.01904e-003,  2.04056e+008, 
  4.23102e-001, -1.10396e-002, -9.17052e+003,  5.00210e+008, -2.86807e-002,  6.16947e-003, 
  3.80573e+010,  1.25389e+001,  3.87186e+009)
 Mass/Span = ( 9.48189e+002). [kg/m].
 Moments of Inertia M11, M22, M33 = ( 2.09074e+003,  1.84004e+003,  2.50699e+002) [kg.m^2/m].
 Center of mass location = (-3.43882e-015, -3.17655e-015) [m].
 Damping coefficient = ( 0.00000e+000). [sec].
 ### Mass moment of inertia about e2 or/and e3 axes are 
 ### adjusted to ensure consistent mass matrix.
 ETA_COORDINATE = ( 2.15452e-001).
 Stiffness matrix = (
  1.80523e+010, -4.78466e-002, -2.67596e-002,  1.65416e+004,  1.25310e+001, -8.61176e+000, 
  8.54802e+008,  7.84591e-001, -1.20366e+000, -4.83849e+003, -4.47360e-003,  1.89712e+008, 
 -2.90416e-001, -1.84215e-002, -8.49412e+003,  4.64055e+008,  7.47813e-002,  3.01566e-002, 
  3.28676e+010, -1.51208e+001,  3.82671e+009)
 Mass/Span = ( 9.37144e+002). [kg/m].
 Moments of Inertia M11, M22, M33 = ( 1.82813e+003,  1.58438e+003,  2.43742e+002) [kg.m^2/m].
 Center of mass location = ( 1.13241e-015,  1.00151e-016) [m].
 Damping coefficient = ( 0.00000e+000). [sec].
 ### Mass moment of inertia about e2 or/and e3 axes are 
 ### adjusted to ensure consistent mass matrix.
 ETA_COORDINATE = ( 2.44831e-001).
 Stiffness matrix = (
  1.79879e+010, -1.67401e-003, -1.70849e-002,  1.53713e+004, -1.55291e+000, -2.53710e-001, 
  8.68066e+008,  2.08601e-001, -2.35801e-001, -4.08648e+003, -1.89735e-004,  1.76825e+008, 
 -1.47589e-001, -9.25504e-003, -7.90721e+003,  4.31577e+008, -4.39369e-004,  2.69221e-002, 
  2.85344e+010,  1.55346e+000,  3.78615e+009)
 Mass/Span = ( 9.27219e+002). [kg/m].
 Moments of Inertia M11, M22, M33 = ( 1.60929e+003,  1.37180e+003,  2.37491e+002) [kg.m^2/m].
 Center of mass location = (-1.51556e-015, -7.98211e-016) [m].
 Damping coefficient = ( 0.00000e+000). [sec].
 ### Mass moment of inertia about e2 or/and e3 axes are 
 ### adjusted to ensure consistent mass matrix.
 ETA_COORDINATE = ( 2.74211e-001).
 Stiffness matrix = (
  1.69161e+010,  9.51635e-004, -5.20798e-003,  1.37930e+004, -2.16723e+000, -9.36408e-001, 
  8.27089e+008,  2.10859e-002, -2.40093e-001, -3.07740e+003, -8.85668e-005,  1.62832e+008, 
  2.69246e-001,  4.30709e-003, -7.12702e+003,  3.94726e+008,  9.44699e-003,  7.26109e-004, 
  2.30118e+010, -1.05794e+000,  3.55483e+009)
 Mass/Span = ( 8.70573e+002). [kg/m].
 Moments of Inertia M11, M22, M33 = ( 1.32782e+003,  1.10563e+003,  2.22196e+002) [kg.m^2/m].
 Center of mass location = (-5.08174e-016, -1.74400e-015) [m].
 Damping coefficient = ( 0.00000e+000). [sec].
 ### Mass moment of inertia about e2 or/and e3 axes are 
 ### adjusted to ensure consistent mass matrix.
 ETA_COORDINATE = ( 3.63439e-001).
 Stiffness matrix = (
  1.56418e+010, -1.79923e+000, -2.09110e-002,  1.09090e+004, -2.56898e+002, -3.12684e+000, 
  7.87091e+008,  8.88413e-002,  2.56843e+001, -1.62325e+003,  1.20090e-002,  1.33323e+008, 
  1.08759e-001,  3.04956e-002, -5.68924e+003,  3.18761e+008, -1.74546e+000,  2.57362e-002, 
  1.45790e+010,  4.72815e+000,  3.25135e+009)
 Mass/Span = ( 7.96269e+002). [kg/m].
 Moments of Inertia M11, M22, M33 = ( 8.95931e+002,  6.97605e+002,  1.98326e+002) [kg.m^2/m].
 Center of mass location = (-3.59102e-015, -1.23330e-015) [m].
 Damping coefficient = ( 0.00000e+000). [sec].
 ### Mass moment of inertia about e2 or/and e3 axes are 
 ### adjusted to ensure consistent mass matrix.
 ETA_COORDINATE = ( 4.51578e-001).
 Stiffness matrix = (
  1.44984e+010, -1.23318e+000,  3.39757e-001,  8.73697e+003, -5.61744e+001,  2.33408e+001, 
  7.45300e+008,  5.08424e-001,  2.96324e+000, -8.82898e+002,  2.49915e-002,  1.04946e+008, 
  1.40127e-001, -3.03602e-002, -4.61339e+003,  2.46130e+008,  7.26451e-001, -3.59630e-001, 
  8.62882e+009, -1.18367e+001,  2.97487e+009)
 Mass/Span = ( 7.28578e+002). [kg/m].
 Moments of Inertia M11, M22, M33 = ( 5.87001e+002,  4.10927e+002,  1.76075e+002) [kg.m^2/m].
 Center of mass location = ( 4.24413e-016, -1.14801e-016) [m].
 Damping coefficient = ( 0.00000e+000). [sec].
 ### Mass moment of inertia about e2 or/and e3 axes are 
 ### adjusted to ensure consistent mass matrix.
 ETA_COORDINATE = ( 5.39717e-001).
 Stiffness matrix = (
  1.32618e+010,  7.06933e-004, -3.23903e-003,  6.40742e+003, -2.35222e+000, -2.00190e+000, 
  6.89473e+008,  1.54086e-001,  1.77927e-001, -4.63303e+002, -1.87785e-003,  8.29484e+007, 
  1.55340e-001, -2.99851e-003, -3.43732e+003,  1.89727e+008,  3.87793e-003,  1.99741e-003, 
  5.14437e+009, -2.13476e+000,  2.69517e+009)
 Mass/Span = ( 6.60090e+002). [kg/m].
 Moments of Inertia M11, M22, M33 = ( 4.00010e+002,  2.44142e+002,  1.55869e+002) [kg.m^2/m].
 Center of mass location = (-5.61449e-017,  2.26797e-017) [m].
 Damping coefficient = ( 0.00000e+000). [sec].
 ### Mass moment of inertia about e2 or/and e3 axes are 
 ### adjusted to ensure consistent mass matrix.
 ETA_COORDINATE = ( 6.28945e-001).
 Stiffness matrix = (
  1.10531e+010, -7.58135e-002,  3.11737e-001,  4.72323e+003,  4.40755e+001, -1.06158e+001, 
  5.77222e+008,  2.24638e+000,  1.66429e+000, -9.18492e+001, -2.62526e-001,  6.66808e+007, 
  1.29779e+000,  3.85800e-002, -2.59219e+003,  1.46774e+008, -4.51881e-003, -3.79752e-001, 
  3.00371e+009, -1.81264e+001,  2.24696e+009)
 Mass/Span = ( 5.50324e+002). [kg/m].
 Moments of Inertia M11, M22, M33 = ( 2.72614e+002,  1.42566e+002,  1.30047e+002) [kg.m^2/m].
 Center of mass location = ( 4.72072e-016,  5.63989e-017) [m].
 Damping coefficient = ( 0.00000e+000). [sec].
 ETA_COORDINATE = ( 6.99674e-001).
 Stiffness matrix = (
  8.85747e+009, -3.22297e-003,  1.63858e-003,  3.68577e+003, -4.58330e-001, -2.58204e-001, 
  4.63872e+008,  9.27372e-003, -3.41654e-005, -1.61297e+002, -1.08427e-003,  5.28723e+007, 
  1.43153e-001,  9.78812e-005, -2.08958e+003,  1.10487e+008, -5.84997e-004, -1.98921e-003, 
  1.70181e+009, -1.26985e-001,  1.80703e+009)
 Mass/Span = ( 4.42585e+002). [kg/m].
 Moments of Inertia M11, M22, M33 = ( 1.86382e+002,  8.08786e+001,  1.05503e+002) [kg.m^2/m].
 Center of mass location = ( 2.16812e-016, -3.74095e-016) [m].
 Damping coefficient = ( 0.00000e+000). [sec].
 ### Mass moment of inertia about e2 or/and e3 axes are 
 ### adjusted to ensure consistent mass matrix.
 ETA_COORDINATE = ( 7.17084e-001).
 Stiffness matrix = (
  8.34061e+009, -7.49911e-002,  1.40956e-003,  3.39047e+003, -3.81374e+000, -1.73422e-001, 
  4.37084e+008,  1.68812e-002,  2.60104e-001, -1.37822e+002,  1.06538e-004,  4.95518e+007, 
  1.61898e-001, -1.35965e-004, -1.94035e+003,  1.01909e+008,  9.34008e-002, -1.87500e-003, 
  1.46051e+009, -8.76809e-002,  1.70337e+009)
 Mass/Span = ( 4.17198e+002). [kg/m].
 Moments of Inertia M11, M22, M33 = ( 1.69142e+002,  6.94371e+001,  9.97044e+001) [kg.m^2/m].
 Center of mass location = (-1.95810e-016, -2.18738e-016) [m].
 Damping coefficient = ( 0.00000e+000). [sec].
 ### Mass moment of inertia about e2 or/and e3 axes are 
 ### adjusted to ensure consistent mass matrix.
 ETA_COORDINATE = ( 7.70403e-001).
 Stiffness matrix = (
  6.18169e+009,  4.34734e-002,  3.75782e-003,  2.93524e+003,  7.77738e-002,  2.01412e-001, 
  3.23712e+008, -1.05377e-002, -5.39582e-002, -1.29204e+002, -2.32570e-004,  4.25515e+007, 
  8.87598e-002, -1.95898e-004, -1.75321e+003,  8.20673e+007, -4.88311e-002, -3.02809e-003, 
  9.25673e+008,  1.26735e-002,  1.28657e+009)
 Mass/Span = ( 3.15116e+002). [kg/m].
 Moments of Inertia M11, M22, M33 = ( 1.23040e+002,  4.43169e+001,  7.87229e+001) [kg.m^2/m].
 Center of mass location = ( 1.66296e-016, -2.97118e-016) [m].
 Damping coefficient = ( 0.00000e+000). [sec].
 ### Mass moment of inertia about e2 or/and e3 axes are 
 ### adjusted to ensure consistent mass matrix.
 ETA_COORDINATE = ( 8.05223e-001).
 Stiffness matrix = (
  4.53896e+009, -7.86930e-002, -9.73258e-004,  2.32524e+003,  5.58669e+000,  7.07132e-002, 
  2.36958e+008,  3.80774e-003, -1.08705e-001, -7.93529e+001, -2.16665e-004,  3.81767e+007, 
  1.08593e-001,  2.49683e-004, -1.44577e+003,  6.85702e+007,  3.22716e-002,  7.69642e-004, 
  6.33856e+008,  3.31977e-002,  9.73012e+008)
 Mass/Span = ( 2.38315e+002). [kg/m].
 Moments of Inertia M11, M22, M33 = ( 9.41629e+001,  3.06899e+001,  6.34730e+001) [kg.m^2/m].
 Center of mass location = ( 5.53185e-016, -2.09100e-016) [m].
 Damping coefficient = ( 0.00000e+000). [sec].
 ETA_COORDINATE = ( 8.94450e-001).
 Stiffness matrix = (
  2.37627e+009, -2.44613e-003,  1.64517e-003,  1.50588e+003,  2.93887e-001,  4.53196e-001, 
  1.22474e+008, -7.60654e-003, -1.25397e-002, -5.89332e+001, -1.05541e-003,  2.77842e+007, 
  1.48373e-001,  5.62595e-004, -1.03680e+003,  4.07812e+007,  3.08203e-004, -2.89137e-004, 
  2.63963e+008,  2.58055e-001,  5.53831e+008)
 Mass/Span = ( 1.35646e+002). [kg/m].
 Moments of Inertia M11, M22, M33 = ( 5.53504e+001,  1.32287e+001,  4.21217e+001) [kg.m^2/m].
 Center of mass location = (-1.45330e-016, -8.99042e-018) [m].
 Damping coefficient = ( 0.00000e+000). [sec].
 ETA_COORDINATE = ( 9.46681e-001).
 Stiffness matrix = (
  1.35367e+009,  2.27094e-001, -4.48374e-001,  9.45843e+002,  9.67718e+000,  1.54221e+001, 
  6.75102e+007,  1.49304e-002, -7.83497e-002, -1.07418e+000,  2.97358e-002,  1.99238e+007, 
  7.11803e-002, -1.30371e-002, -6.70293e+002,  2.35153e+007,  1.48554e-002,  2.52368e-002, 
  1.24241e+008,  4.43264e-001,  3.53504e+008)
 Mass/Span = ( 8.65774e+001). [kg/m].
 Moments of Inertia M11, M22, M33 = ( 3.81684e+001,  6.56881e+000,  3.15996e+001) [kg.m^2/m].
 Center of mass location = ( 5.96292e-016,  6.21137e-017) [m].
 Damping coefficient = ( 0.00000e+000). [sec].
 ### Mass moment of inertia about e2 or/and e3 axes are 
 ### adjusted to ensure consistent mass matrix.
 ETA_COORDINATE = ( 1.00000e+000).
 Stiffness matrix = (
  8.02592e+008, -6.99740e-004, -9.04255e-003,  4.90756e+002, -2.25154e-002, -2.78618e+000, 
  3.87680e+007,  4.27479e-003, -1.38232e-003, -9.38845e+000,  1.84415e-004,  9.99728e+006, 
  1.63962e-001,  1.74832e-004, -2.90571e+002,  9.36151e+006,  3.60895e-004,  4.07116e-003, 
  4.34315e+007,  5.79812e-003,  2.28260e+008)
 Mass/Span = ( 5.59069e+001). [kg/m].
 Moments of Inertia M11, M22, M33 = ( 2.48782e+001,  2.40467e+000,  2.24735e+001) [kg.m^2/m].
 Center of mass location = ( 2.33275e-016, -3.60089e-017) [m].
 Damping coefficient = ( 0.00000e+000). [sec].

 *** Beam: [monoplane_spar],
 Edge : [edgeSpar].
 Property table : [propSpar].



                    *******************
                    *   @MESH_MODEL   *
                    *******************

 Edge : [edgeSpar].
  Pointer  = (        00A2D868).
  data     = (        00A23430).   class    = (        00A2D700).
  Vertex 0 = (        00A3CF88).   Vertex 1 = (        00A3D078).
 Edge : [edgeSpar].
  Pointer  = (        00A2D890).
  data     = (        00A23460).   class    = (        00A2D700).
  Vertex 0 = (        00A3D078).   Vertex 1 = (        00A3D150).
 Edge : [edgeSpar].
  Pointer  = (        00A2D8B8).
  data     = (        00A23490).   class    = (        00A2D700).
  Vertex 0 = (        00A3D150).   Vertex 1 = (        00A3D228).
 Edge : [edgeSpar].
  Pointer  = (        00A2D8E0).
  data     = (        00A234C0).   class    = (        00A2D700).
  Vertex 0 = (        00A3D228).   Vertex 1 = (        00A415F8).
 Edge : [edgeSpar].
  Pointer  = (        00A2D908).
  data     = (        00A234F0).   class    = (        00A2D700).
  Vertex 0 = (        00A415F8).   Vertex 1 = (        00A416D0).
 Edge : [edgeSpar].
  Pointer  = (        00A2D930).
  data     = (        00A23520).   class    = (        00A2D700).
  Vertex 0 = (        00A416D0).   Vertex 1 = (        00A417A8).
 Edge : [edgeSpar].
  Pointer  = (        00A2D958).
  data     = (        00A23550).   class    = (        00A2D700).
  Vertex 0 = (        00A417A8).   Vertex 1 = (        00A41880).
 Edge : [edgeSpar].
  Pointer  = (        00A2D980).
  data     = (        00A23580).   class    = (        00A2D700).
  Vertex 0 = (        00A41880).   Vertex 1 = (        00A43C80).
 Edge : [edgeSpar].
  Pointer  = (        00A2D9A8).
  data     = (        00A235B0).   class    = (        00A2D700).
  Vertex 0 = (        00A43C80).   Vertex 1 = (        00A43D58).
 Edge : [edgeSpar].
  Pointer  = (        00A2D9D0).
  data     = (        00A235E0).   class    = (        00A2D700).
  Vertex 0 = (        00A43D58).   Vertex 1 = (        00A43E30).
 Edge : [edgeSpar].
  Pointer  = (        00A2D9F8).
  data     = (        00A23610).   class    = (        00A2D700).
  Vertex 0 = (        00A43E30).   Vertex 1 = (        00A43F08).
 Edge : [edgeSpar].
  Pointer  = (        00A2DA20).
  data     = (        00A23640).   class    = (        00A2D700).
  Vertex 0 = (        00A43F08).   Vertex 1 = (        00A43FE0).
 Edge : [edgeSpar].
  Pointer  = (        00A2DA48).
  data     = (        00A23670).   class    = (        00A2D700).
  Vertex 0 = (        00A43FE0).   Vertex 1 = (        00A468E0).
 Edge : [edgeSpar].
  Pointer  = (        00A2DA70).
  data     = (        00A236A0).   class    = (        00A2D700).
  Vertex 0 = (        00A468E0).   Vertex 1 = (        00A469B8).
 Edge : [edgeSpar].
  Pointer  = (        00A2DA98).
  data     = (        00A236D0).   class    = (        00A2D700).
  Vertex 0 = (        00A469B8).   Vertex 1 = (        00A46A90).
 Edge : [edgeSpar].
  Pointer  = (        00A2DAC0).
  data     = (        00A23700).   class    = (        00A2D700).
  Vertex 0 = (        00A46A90).   Vertex 1 = (        00A46B68).
 Edge : [edgeSpar].
  Pointer  = (        00A2DAE8).
  data     = (        00A23730).   class    = (        00A2D700).
  Vertex 0 = (        00A46B68).   Vertex 1 = (        00A48C68).
 Edge : [edgeSpar].
  Pointer  = (        00A2DB10).
  data     = (        00A23760).   class    = (        00A2D700).
  Vertex 0 = (        00A48C68).   Vertex 1 = (        00A48D40).
 Edge : [edgeSpar].
  Pointer  = (        00A2DB38).
  data     = (        00A23790).   class    = (        00A2D700).
  Vertex 0 = (        00A48D40).   Vertex 1 = (        00A48E18).
 Edge : [edgeSpar].
  Pointer  = (        00A2DB60).
  data     = (        00A237C0).   class    = (        00A2D700).
  Vertex 0 = (        00A48E18).   Vertex 1 = (        00A48EF0).
 Edge : [edgeSpar].
  Pointer  = (        00A2DB88).
  data     = (        00A237F0).   class    = (        00A2D700).
  Vertex 0 = (        00A48EF0).   Vertex 1 = (        00A48FC8).
 Edge : [edgeSpar].
  Pointer  = (        00A2DBB0).
  data     = (        00A23820).   class    = (        00A2D700).
  Vertex 0 = (        00A48FC8).   Vertex 1 = (        00A4B8C8).
 Edge : [edgeSpar].
  Pointer  = (        00A2DBD8).
  data     = (        00A23850).   class    = (        00A2D700).
  Vertex 0 = (        00A4B8C8).   Vertex 1 = (        00A3CFD0).

      ---  Structural elements in the model  ---- 

 Number of beam elements = (   23).

      ---  Node adjacency lists  ---- 

 Node pointer = (        00A3E850).  degree = (    1).
 Adjacent node pointer = (        00A3E950).  degree = (    2).
 Node pointer = (        00A3E8D0).  degree = (    1).
 Adjacent node pointer = (        00A434E8).  degree = (    2).
 Node pointer = (        00A3E950).  degree = (    2).
 Adjacent node pointer = (        00A3E850).  degree = (    1).
 Adjacent node pointer = (        00A3F2D0).  degree = (    2).
 Node pointer = (        00A3F2D0).  degree = (    2).
 Adjacent node pointer = (        00A3E950).  degree = (    2).
 Adjacent node pointer = (        00A41450).  degree = (    2).
 Node pointer = (        00A41450).  degree = (    2).
 Adjacent node pointer = (        00A3F2D0).  degree = (    2).
 Adjacent node pointer = (        00A419D0).  degree = (    2).
 Node pointer = (        00A419D0).  degree = (    2).
 Adjacent node pointer = (        00A41450).  degree = (    2).
 Adjacent node pointer = (        00A41B50).  degree = (    2).
 Node pointer = (        00A41B50).  degree = (    2).
 Adjacent node pointer = (        00A419D0).  degree = (    2).
 Adjacent node pointer = (        00A41CE8).  degree = (    2).
 Node pointer = (        00A41CE8).  degree = (    2).
 Adjacent node pointer = (        00A41B50).  degree = (    2).
 Adjacent node pointer = (        00A41E68).  degree = (    2).
 Node pointer = (        00A41E68).  degree = (    2).
 Adjacent node pointer = (        00A41CE8).  degree = (    2).
 Adjacent node pointer = (        00A41FE8).  degree = (    2).
 Node pointer = (        00A41FE8).  degree = (    2).
 Adjacent node pointer = (        00A41E68).  degree = (    2).
 Adjacent node pointer = (        00A42168).  degree = (    2).
 Node pointer = (        00A42168).  degree = (    2).
 Adjacent node pointer = (        00A41FE8).  degree = (    2).
 Adjacent node pointer = (        00A422E8).  degree = (    2).
 Node pointer = (        00A422E8).  degree = (    2).
 Adjacent node pointer = (        00A42168).  degree = (    2).
 Adjacent node pointer = (        00A42468).  degree = (    2).
 Node pointer = (        00A42468).  degree = (    2).
 Adjacent node pointer = (        00A422E8).  degree = (    2).
 Adjacent node pointer = (        00A425E8).  degree = (    2).
 Node pointer = (        00A425E8).  degree = (    2).
 Adjacent node pointer = (        00A42468).  degree = (    2).
 Adjacent node pointer = (        00A42768).  degree = (    2).
 Node pointer = (        00A42768).  degree = (    2).
 Adjacent node pointer = (        00A425E8).  degree = (    2).
 Adjacent node pointer = (        00A428E8).  degree = (    2).
 Node pointer = (        00A428E8).  degree = (    2).
 Adjacent node pointer = (        00A42768).  degree = (    2).
 Adjacent node pointer = (        00A42A68).  degree = (    2).
 Node pointer = (        00A42A68).  degree = (    2).
 Adjacent node pointer = (        00A428E8).  degree = (    2).
 Adjacent node pointer = (        00A42BE8).  degree = (    2).
 Node pointer = (        00A42BE8).  degree = (    2).
 Adjacent node pointer = (        00A42A68).  degree = (    2).
 Adjacent node pointer = (        00A42D68).  degree = (    2).
 Node pointer = (        00A42D68).  degree = (    2).
 Adjacent node pointer = (        00A42BE8).  degree = (    2).
 Adjacent node pointer = (        00A42EE8).  degree = (    2).
 Node pointer = (        00A42EE8).  degree = (    2).
 Adjacent node pointer = (        00A42D68).  degree = (    2).
 Adjacent node pointer = (        00A43068).  degree = (    2).
 Node pointer = (        00A43068).  degree = (    2).
 Adjacent node pointer = (        00A42EE8).  degree = (    2).
 Adjacent node pointer = (        00A431E8).  degree = (    2).
 Node pointer = (        00A431E8).  degree = (    2).
 Adjacent node pointer = (        00A43068).  degree = (    2).
 Adjacent node pointer = (        00A43368).  degree = (    2).
 Node pointer = (        00A43368).  degree = (    2).
 Adjacent node pointer = (        00A431E8).  degree = (    2).
 Adjacent node pointer = (        00A434E8).  degree = (    2).
 Node pointer = (        00A434E8).  degree = (    2).
 Adjacent node pointer = (        00A3E8D0).  degree = (    1).
 Adjacent node pointer = (        00A43368).  degree = (    2).

      ---  Model mesh parameters  ---- 

 Number of nodes = (   70).
 Number of sets = (    1).
 Bandwidth = (   93).

      ---  Set model constraints  ---- 


      ---  Model degrees of freedom  ---- 

 Number of degrees of freedom = (  414).

      ---  List of nodes of associated DOF's  ---- 

 Node number = (    1).  pointer = (        00A3E850).
 Node number = (    2).  pointer = (        00A3E9D0).
 Node number = (    3).  pointer = (        00A3EA50).
 Node number = (    4).  pointer = (        00A3E950).
 Node number = (    5).  pointer = (        00A3F350).
 Node number = (    6).  pointer = (        00A413D0).
 Node number = (    7).  pointer = (        00A3F2D0).
 Node number = (    8).  pointer = (        00A414D0).
 Node number = (    9).  pointer = (        00A41950).
 Node number = (   10).  pointer = (        00A41450).
 Node number = (   11).  pointer = (        00A41A50).
 Node number = (   12).  pointer = (        00A41AD0).
 Node number = (   13).  pointer = (        00A419D0).
 Node number = (   14).  pointer = (        00A41BD0).
 Node number = (   15).  pointer = (        00A41C68).
 Node number = (   16).  pointer = (        00A41B50).
 Node number = (   17).  pointer = (        00A41D68).
 Node number = (   18).  pointer = (        00A41DE8).
 Node number = (   19).  pointer = (        00A41CE8).
 Node number = (   20).  pointer = (        00A41EE8).
 Node number = (   21).  pointer = (        00A41F68).
 Node number = (   22).  pointer = (        00A41E68).
 Node number = (   23).  pointer = (        00A42068).
 Node number = (   24).  pointer = (        00A420E8).
 Node number = (   25).  pointer = (        00A41FE8).
 Node number = (   26).  pointer = (        00A421E8).
 Node number = (   27).  pointer = (        00A42268).
 Node number = (   28).  pointer = (        00A42168).
 Node number = (   29).  pointer = (        00A42368).
 Node number = (   30).  pointer = (        00A423E8).
 Node number = (   31).  pointer = (        00A422E8).
 Node number = (   32).  pointer = (        00A424E8).
 Node number = (   33).  pointer = (        00A42568).
 Node number = (   34).  pointer = (        00A42468).
 Node number = (   35).  pointer = (        00A42668).
 Node number = (   36).  pointer = (        00A426E8).
 Node number = (   37).  pointer = (        00A425E8).
 Node number = (   38).  pointer = (        00A427E8).
 Node number = (   39).  pointer = (        00A42868).
 Node number = (   40).  pointer = (        00A42768).
 Node number = (   41).  pointer = (        00A42968).
 Node number = (   42).  pointer = (        00A429E8).
 Node number = (   43).  pointer = (        00A428E8).
 Node number = (   44).  pointer = (        00A42AE8).
 Node number = (   45).  pointer = (        00A42B68).
 Node number = (   46).  pointer = (        00A42A68).
 Node number = (   47).  pointer = (        00A42C68).
 Node number = (   48).  pointer = (        00A42CE8).
 Node number = (   49).  pointer = (        00A42BE8).
 Node number = (   50).  pointer = (        00A42DE8).
 Node number = (   51).  pointer = (        00A42E68).
 Node number = (   52).  pointer = (        00A42D68).
 Node number = (   53).  pointer = (        00A42F68).
 Node number = (   54).  pointer = (        00A42FE8).
 Node number = (   55).  pointer = (        00A42EE8).
 Node number = (   56).  pointer = (        00A430E8).
 Node number = (   57).  pointer = (        00A43168).
 Node number = (   58).  pointer = (        00A43068).
 Node number = (   59).  pointer = (        00A43268).
 Node number = (   60).  pointer = (        00A432E8).
 Node number = (   61).  pointer = (        00A431E8).
 Node number = (   62).  pointer = (        00A433E8).
 Node number = (   63).  pointer = (        00A43468).
 Node number = (   64).  pointer = (        00A43368).
 Node number = (   65).  pointer = (        00A43568).
 Node number = (   66).  pointer = (        00A435E8).
 Node number = (   67).  pointer = (        00A434E8).
 Node number = (   68).  pointer = (        00A43668).
 Node number = (   69).  pointer = (        00A436E8).
 Node number = (   70).  pointer = (        00A3E8D0).



                    ************************************
                    *   @CREATE_FINITE_ELEMENT_MODEL   *
                    ************************************

 Number of nodes = (   70).
 Number of degrees of freedom = (  414).

      ---  Create fem data structures  ---- 


      ---  Create skyline vector  ---- 

 
 * Bld created by : [monoplane_spar].
   - Node numbers = (    1,     4,     2,     3).
   - lmu vector = (
     0,     0,     0,     0,     0,     0,    13,    14,    15,    16,    17,    18, 
     1,     2,     3,     4,     5,     6,     7,     8,     9,    10,    11,    12).
 
 * Bld created by : [monoplane_spar].
   - Node numbers = (    4,     7,     5,     6).
   - lmu vector = (
    13,    14,    15,    16,    17,    18,    31,    32,    33,    34,    35,    36, 
    19,    20,    21,    22,    23,    24,    25,    26,    27,    28,    29,    30).
 
 * Bld created by : [monoplane_spar].
   - Node numbers = (    7,    10,     8,     9).
   - lmu vector = (
    31,    32,    33,    34,    35,    36,    49,    50,    51,    52,    53,    54, 
    37,    38,    39,    40,    41,    42,    43,    44,    45,    46,    47,    48).
 
 * Bld created by : [monoplane_spar].
   - Node numbers = (   10,    13,    11,    12).
   - lmu vector = (
    49,    50,    51,    52,    53,    54,    67,    68,    69,    70,    71,    72, 
    55,    56,    57,    58,    59,    60,    61,    62,    63,    64,    65,    66).
 
 * Bld created by : [monoplane_spar].
   - Node numbers = (   13,    16,    14,    15).
   - lmu vector = (
    67,    68,    69,    70,    71,    72,    85,    86,    87,    88,    89,    90, 
    73,    74,    75,    76,    77,    78,    79,    80,    81,    82,    83,    84).
 
 * Bld created by : [monoplane_spar].
   - Node numbers = (   16,    19,    17,    18).
   - lmu vector = (
    85,    86,    87,    88,    89,    90,   103,   104,   105,   106,   107,   108, 
    91,    92,    93,    94,    95,    96,    97,    98,    99,   100,   101,   102).
 
 * Bld created by : [monoplane_spar].
   - Node numbers = (   19,    22,    20,    21).
   - lmu vector = (
   103,   104,   105,   106,   107,   108,   121,   122,   123,   124,   125,   126, 
   109,   110,   111,   112,   113,   114,   115,   116,   117,   118,   119,   120).
 
 * Bld created by : [monoplane_spar].
   - Node numbers = (   22,    25,    23,    24).
   - lmu vector = (
   121,   122,   123,   124,   125,   126,   139,   140,   141,   142,   143,   144, 
   127,   128,   129,   130,   131,   132,   133,   134,   135,   136,   137,   138).
 
 * Bld created by : [monoplane_spar].
   - Node numbers = (   25,    28,    26,    27).
   - lmu vector = (
   139,   140,   141,   142,   143,   144,   157,   158,   159,   160,   161,   162, 
   145,   146,   147,   148,   149,   150,   151,   152,   153,   154,   155,   156).
 
 * Bld created by : [monoplane_spar].
   - Node numbers = (   28,    31,    29,    30).
   - lmu vector = (
   157,   158,   159,   160,   161,   162,   175,   176,   177,   178,   179,   180, 
   163,   164,   165,   166,   167,   168,   169,   170,   171,   172,   173,   174).
 
 * Bld created by : [monoplane_spar].
   - Node numbers = (   31,    34,    32,    33).
   - lmu vector = (
   175,   176,   177,   178,   179,   180,   193,   194,   195,   196,   197,   198, 
   181,   182,   183,   184,   185,   186,   187,   188,   189,   190,   191,   192).
 
 * Bld created by : [monoplane_spar].
   - Node numbers = (   34,    37,    35,    36).
   - lmu vector = (
   193,   194,   195,   196,   197,   198,   211,   212,   213,   214,   215,   216, 
   199,   200,   201,   202,   203,   204,   205,   206,   207,   208,   209,   210).
 
 * Bld created by : [monoplane_spar].
   - Node numbers = (   37,    40,    38,    39).
   - lmu vector = (
   211,   212,   213,   214,   215,   216,   229,   230,   231,   232,   233,   234, 
   217,   218,   219,   220,   221,   222,   223,   224,   225,   226,   227,   228).
 
 * Bld created by : [monoplane_spar].
   - Node numbers = (   40,    43,    41,    42).
   - lmu vector = (
   229,   230,   231,   232,   233,   234,   247,   248,   249,   250,   251,   252, 
   235,   236,   237,   238,   239,   240,   241,   242,   243,   244,   245,   246).
 
 * Bld created by : [monoplane_spar].
   - Node numbers = (   43,    46,    44,    45).
   - lmu vector = (
   247,   248,   249,   250,   251,   252,   265,   266,   267,   268,   269,   270, 
   253,   254,   255,   256,   257,   258,   259,   260,   261,   262,   263,   264).
 
 * Bld created by : [monoplane_spar].
   - Node numbers = (   46,    49,    47,    48).
   - lmu vector = (
   265,   266,   267,   268,   269,   270,   283,   284,   285,   286,   287,   288, 
   271,   272,   273,   274,   275,   276,   277,   278,   279,   280,   281,   282).
 
 * Bld created by : [monoplane_spar].
   - Node numbers = (   49,    52,    50,    51).
   - lmu vector = (
   283,   284,   285,   286,   287,   288,   301,   302,   303,   304,   305,   306, 
   289,   290,   291,   292,   293,   294,   295,   296,   297,   298,   299,   300).
 
 * Bld created by : [monoplane_spar].
   - Node numbers = (   52,    55,    53,    54).
   - lmu vector = (
   301,   302,   303,   304,   305,   306,   319,   320,   321,   322,   323,   324, 
   307,   308,   309,   310,   311,   312,   313,   314,   315,   316,   317,   318).
 
 * Bld created by : [monoplane_spar].
   - Node numbers = (   55,    58,    56,    57).
   - lmu vector = (
   319,   320,   321,   322,   323,   324,   337,   338,   339,   340,   341,   342, 
   325,   326,   327,   328,   329,   330,   331,   332,   333,   334,   335,   336).
 
 * Bld created by : [monoplane_spar].
   - Node numbers = (   58,    61,    59,    60).
   - lmu vector = (
   337,   338,   339,   340,   341,   342,   355,   356,   357,   358,   359,   360, 
   343,   344,   345,   346,   347,   348,   349,   350,   351,   352,   353,   354).
 
 * Bld created by : [monoplane_spar].
   - Node numbers = (   61,    64,    62,    63).
   - lmu vector = (
   355,   356,   357,   358,   359,   360,   373,   374,   375,   376,   377,   378, 
   361,   362,   363,   364,   365,   366,   367,   368,   369,   370,   371,   372).
 
 * Bld created by : [monoplane_spar].
   - Node numbers = (   64,    67,    65,    66).
   - lmu vector = (
   373,   374,   375,   376,   377,   378,   391,   392,   393,   394,   395,   396, 
   379,   380,   381,   382,   383,   384,   385,   386,   387,   388,   389,   390).
 
 * Bld created by : [monoplane_spar].
   - Node numbers = (   67,    70,    68,    69).
   - lmu vector = (
   391,   392,   393,   394,   395,   396,   409,   410,   411,   412,   413,   414, 
   397,   398,   399,   400,   401,   402,   403,   404,   405,   406,   407,   408).



                    ********************************
                    *   @FINITE_ELEMENT_ANALYSIS   *
                    ********************************


      ---  Initial conditions are selected at rest.  ---- 

 
 *** Time Step Number = (    1).  Initial Time = ( 0.00000e+000). [sec].

 *** Step control parameters: [Step1],
 Archival frequency = (    1).  Reuse number = (  100).
 Requested number of eigenvalues = (   10).
 Eigenvalues print flag = (    0).
 Gyroscopic term: : [NO].
 Eigen spectrum shift = ( 0.00000e+000).
 Time Step Size = ( 1.00000e+000). [sec].
 Maximum number of iterations = (   10).
 Factorization strategy = (    1).
 Convergence norm type : [ENERGY LIKE].  Convergence tolerance = ( 1.00000e-006).
 Maximum number of reject = (    5).
 Average stiffness = ( 1.00000e+006).  Average mass = ( 0.00000e+000).
 Iteration = (    1,     1).  Conv. norm = ( 2.10404e-004).
 Iteration = (    2,     1).  Conv. norm = ( 3.86771e-005).
 Iteration = (    3,     1).  Conv. norm = ( 1.67681e-010).

      ---  EIGENPROBLEM ABOUT THIS EQUILIBRIUM CONFIGURATION  ---- 


      ---  Arnoldi procedure control parameters  ---- 

 Number of degrees of freedom = (  414).
 Requested number of eigenvalues = (   10).
 Maximum number of Arnoldi steps = (   60).
 Gyroscopic terms : [NO].

      ---  End of Arnoldi algorithm  ---- 

 Number of Arnoldi steps performed = (   27).
 Number of converged eigenvalues = (   10).

      ---  Computing eigenvectors  ---- 

 Eigenvalue = (    1).    = ( 1.32299e+000). [rad/sec].
 Eigenvalue = (    2).    = ( 3.71963e+000). [rad/sec].
 Eigenvalue = (    3).    = ( 6.59889e+000). [rad/sec].
 Eigenvalue = (    4).    = ( 1.02275e+001). [rad/sec].
 Eigenvalue = (    5).    = ( 1.61022e+001). [rad/sec].
 Eigenvalue = (    6).    = ( 2.00336e+001). [rad/sec].
 Eigenvalue = (    7).    = ( 2.04544e+001). [rad/sec].
 Eigenvalue = (    8).    = ( 2.93182e+001). [rad/sec].
 Eigenvalue = (    9).    = ( 3.26041e+001). [rad/sec].
 Eigenvalue = (   10).    = ( 3.99853e+001). [rad/sec].
 
 *** Time Step Number = (    2).  Initial Time = ( 1.00000e+000). [sec].
 Iteration = (    1,     1).  Conv. norm = ( 1.13296e-015).

      ---  EIGENPROBLEM ABOUT THIS EQUILIBRIUM CONFIGURATION  ---- 


      ---  Arnoldi procedure control parameters  ---- 

 Number of degrees of freedom = (  414).
 Requested number of eigenvalues = (   10).
 Maximum number of Arnoldi steps = (   60).
 Gyroscopic terms : [NO].

      ---  End of Arnoldi algorithm  ---- 

 Number of Arnoldi steps performed = (   27).
 Number of converged eigenvalues = (   10).

      ---  Computing eigenvectors  ---- 

 Eigenvalue = (    1).    = ( 1.32299e+000). [rad/sec].
 Eigenvalue = (    2).    = ( 3.71963e+000). [rad/sec].
 Eigenvalue = (    3).    = ( 6.59889e+000). [rad/sec].
 Eigenvalue = (    4).    = ( 1.02275e+001). [rad/sec].
 Eigenvalue = (    5).    = ( 1.61022e+001). [rad/sec].
 Eigenvalue = (    6).    = ( 2.00336e+001). [rad/sec].
 Eigenvalue = (    7).    = ( 2.04544e+001). [rad/sec].
 Eigenvalue = (    8).    = ( 2.93182e+001). [rad/sec].
 Eigenvalue = (    9).    = ( 3.26041e+001). [rad/sec].
 Eigenvalue = (   10).    = ( 3.99853e+001). [rad/sec].
 
 *** Time Step Number = (    3).  Initial Time = ( 2.00000e+000). [sec].
 Iteration = (    1,     1).  Conv. norm = ( 7.25385e-017).

      ---  EIGENPROBLEM ABOUT THIS EQUILIBRIUM CONFIGURATION  ---- 


      ---  Arnoldi procedure control parameters  ---- 

 Number of degrees of freedom = (  414).
 Requested number of eigenvalues = (   10).
 Maximum number of Arnoldi steps = (   60).
 Gyroscopic terms : [NO].

      ---  End of Arnoldi algorithm  ---- 

 Number of Arnoldi steps performed = (   27).
 Number of converged eigenvalues = (   10).

      ---  Computing eigenvectors  ---- 

 Eigenvalue = (    1).    = ( 1.32299e+000). [rad/sec].
 Eigenvalue = (    2).    = ( 3.71963e+000). [rad/sec].
 Eigenvalue = (    3).    = ( 6.59889e+000). [rad/sec].
 Eigenvalue = (    4).    = ( 1.02275e+001). [rad/sec].
 Eigenvalue = (    5).    = ( 1.61022e+001). [rad/sec].
 Eigenvalue = (    6).    = ( 2.00336e+001). [rad/sec].
 Eigenvalue = (    7).    = ( 2.04544e+001). [rad/sec].
 Eigenvalue = (    8).    = ( 2.93182e+001). [rad/sec].
 Eigenvalue = (    9).    = ( 3.26041e+001). [rad/sec].
 Eigenvalue = (   10).    = ( 3.99853e+001). [rad/sec].
 
 *** Time Step Number = (    4).  Initial Time = ( 3.00000e+000). [sec].
 Iteration = (    1,     1).  Conv. norm = ( 7.71184e-017).

      ---  EIGENPROBLEM ABOUT THIS EQUILIBRIUM CONFIGURATION  ---- 


      ---  Arnoldi procedure control parameters  ---- 

 Number of degrees of freedom = (  414).
 Requested number of eigenvalues = (   10).
 Maximum number of Arnoldi steps = (   60).
 Gyroscopic terms : [NO].

      ---  End of Arnoldi algorithm  ---- 

 Number of Arnoldi steps performed = (   27).
 Number of converged eigenvalues = (   10).

      ---  Computing eigenvectors  ---- 

 Eigenvalue = (    1).    = ( 1.32299e+000). [rad/sec].
 Eigenvalue = (    2).    = ( 3.71963e+000). [rad/sec].
 Eigenvalue = (    3).    = ( 6.59889e+000). [rad/sec].
 Eigenvalue = (    4).    = ( 1.02275e+001). [rad/sec].
 Eigenvalue = (    5).    = ( 1.61022e+001). [rad/sec].
 Eigenvalue = (    6).    = ( 2.00336e+001). [rad/sec].
 Eigenvalue = (    7).    = ( 2.04544e+001). [rad/sec].
 Eigenvalue = (    8).    = ( 2.93182e+001). [rad/sec].
 Eigenvalue = (    9).    = ( 3.26041e+001). [rad/sec].
 Eigenvalue = (   10).    = ( 3.99853e+001). [rad/sec].
 
 *** Time Step Number = (    5).  Initial Time = ( 4.00000e+000). [sec].
 Iteration = (    1,     1).  Conv. norm = ( 7.67882e-017).

      ---  EIGENPROBLEM ABOUT THIS EQUILIBRIUM CONFIGURATION  ---- 


      ---  Arnoldi procedure control parameters  ---- 

 Number of degrees of freedom = (  414).
 Requested number of eigenvalues = (   10).
 Maximum number of Arnoldi steps = (   60).
 Gyroscopic terms : [NO].

      ---  End of Arnoldi algorithm  ---- 

 Number of Arnoldi steps performed = (   27).
 Number of converged eigenvalues = (   10).

      ---  Computing eigenvectors  ---- 

 Eigenvalue = (    1).    = ( 1.32299e+000). [rad/sec].
 Eigenvalue = (    2).    = ( 3.71963e+000). [rad/sec].
 Eigenvalue = (    3).    = ( 6.59889e+000). [rad/sec].
 Eigenvalue = (    4).    = ( 1.02275e+001). [rad/sec].
 Eigenvalue = (    5).    = ( 1.61022e+001). [rad/sec].
 Eigenvalue = (    6).    = ( 2.00336e+001). [rad/sec].
 Eigenvalue = (    7).    = ( 2.04544e+001). [rad/sec].
 Eigenvalue = (    8).    = ( 2.93182e+001). [rad/sec].
 Eigenvalue = (    9).    = ( 3.26041e+001). [rad/sec].
 Eigenvalue = (   10).    = ( 3.99853e+001). [rad/sec].
 
 *** Time Step Number = (    6).  Initial Time = ( 5.00000e+000). [sec].
 Iteration = (    1,     1).  Conv. norm = ( 7.84152e-017).

      ---  EIGENPROBLEM ABOUT THIS EQUILIBRIUM CONFIGURATION  ---- 


      ---  Arnoldi procedure control parameters  ---- 

 Number of degrees of freedom = (  414).
 Requested number of eigenvalues = (   10).
 Maximum number of Arnoldi steps = (   60).
 Gyroscopic terms : [NO].

      ---  End of Arnoldi algorithm  ---- 

 Number of Arnoldi steps performed = (   27).
 Number of converged eigenvalues = (   10).

      ---  Computing eigenvectors  ---- 

 Eigenvalue = (    1).    = ( 1.32299e+000). [rad/sec].
 Eigenvalue = (    2).    = ( 3.71963e+000). [rad/sec].
 Eigenvalue = (    3).    = ( 6.59889e+000). [rad/sec].
 Eigenvalue = (    4).    = ( 1.02275e+001). [rad/sec].
 Eigenvalue = (    5).    = ( 1.61022e+001). [rad/sec].
 Eigenvalue = (    6).    = ( 2.00336e+001). [rad/sec].
 Eigenvalue = (    7).    = ( 2.04544e+001). [rad/sec].
 Eigenvalue = (    8).    = ( 2.93182e+001). [rad/sec].
 Eigenvalue = (    9).    = ( 3.26041e+001). [rad/sec].
 Eigenvalue = (   10).    = ( 3.99853e+001). [rad/sec].
 
 *** Time Step Number = (    7).  Initial Time = ( 6.00000e+000). [sec].
 Iteration = (    1,     1).  Conv. norm = ( 7.00456e-017).

      ---  EIGENPROBLEM ABOUT THIS EQUILIBRIUM CONFIGURATION  ---- 


      ---  Arnoldi procedure control parameters  ---- 

 Number of degrees of freedom = (  414).
 Requested number of eigenvalues = (   10).
 Maximum number of Arnoldi steps = (   60).
 Gyroscopic terms : [NO].

      ---  End of Arnoldi algorithm  ---- 

 Number of Arnoldi steps performed = (   27).
 Number of converged eigenvalues = (   10).

      ---  Computing eigenvectors  ---- 

 Eigenvalue = (    1).    = ( 1.32299e+000). [rad/sec].
 Eigenvalue = (    2).    = ( 3.71963e+000). [rad/sec].
 Eigenvalue = (    3).    = ( 6.59889e+000). [rad/sec].
 Eigenvalue = (    4).    = ( 1.02275e+001). [rad/sec].
 Eigenvalue = (    5).    = ( 1.61022e+001). [rad/sec].
 Eigenvalue = (    6).    = ( 2.00336e+001). [rad/sec].
 Eigenvalue = (    7).    = ( 2.04544e+001). [rad/sec].
 Eigenvalue = (    8).    = ( 2.93182e+001). [rad/sec].
 Eigenvalue = (    9).    = ( 3.26041e+001). [rad/sec].
 Eigenvalue = (   10).    = ( 3.99853e+001). [rad/sec].
 
 *** Time Step Number = (    8).  Initial Time = ( 7.00000e+000). [sec].
 Iteration = (    1,     1).  Conv. norm = ( 7.51066e-017).

      ---  EIGENPROBLEM ABOUT THIS EQUILIBRIUM CONFIGURATION  ---- 


      ---  Arnoldi procedure control parameters  ---- 

 Number of degrees of freedom = (  414).
 Requested number of eigenvalues = (   10).
 Maximum number of Arnoldi steps = (   60).
 Gyroscopic terms : [NO].

      ---  End of Arnoldi algorithm  ---- 

 Number of Arnoldi steps performed = (   27).
 Number of converged eigenvalues = (   10).

      ---  Computing eigenvectors  ---- 

 Eigenvalue = (    1).    = ( 1.32299e+000). [rad/sec].
 Eigenvalue = (    2).    = ( 3.71963e+000). [rad/sec].
 Eigenvalue = (    3).    = ( 6.59889e+000). [rad/sec].
 Eigenvalue = (    4).    = ( 1.02275e+001). [rad/sec].
 Eigenvalue = (    5).    = ( 1.61022e+001). [rad/sec].
 Eigenvalue = (    6).    = ( 2.00336e+001). [rad/sec].
 Eigenvalue = (    7).    = ( 2.04544e+001). [rad/sec].
 Eigenvalue = (    8).    = ( 2.93182e+001). [rad/sec].
 Eigenvalue = (    9).    = ( 3.26041e+001). [rad/sec].
 Eigenvalue = (   10).    = ( 3.99853e+001). [rad/sec].
 
 *** Time Step Number = (    9).  Initial Time = ( 8.00000e+000). [sec].
 Iteration = (    1,     1).  Conv. norm = ( 8.52931e-017).

      ---  EIGENPROBLEM ABOUT THIS EQUILIBRIUM CONFIGURATION  ---- 


      ---  Arnoldi procedure control parameters  ---- 

 Number of degrees of freedom = (  414).
 Requested number of eigenvalues = (   10).
 Maximum number of Arnoldi steps = (   60).
 Gyroscopic terms : [NO].

      ---  End of Arnoldi algorithm  ---- 

 Number of Arnoldi steps performed = (   27).
 Number of converged eigenvalues = (   10).

      ---  Computing eigenvectors  ---- 

 Eigenvalue = (    1).    = ( 1.32299e+000). [rad/sec].
 Eigenvalue = (    2).    = ( 3.71963e+000). [rad/sec].
 Eigenvalue = (    3).    = ( 6.59889e+000). [rad/sec].
 Eigenvalue = (    4).    = ( 1.02275e+001). [rad/sec].
 Eigenvalue = (    5).    = ( 1.61022e+001). [rad/sec].
 Eigenvalue = (    6).    = ( 2.00336e+001). [rad/sec].
 Eigenvalue = (    7).    = ( 2.04544e+001). [rad/sec].
 Eigenvalue = (    8).    = ( 2.93182e+001). [rad/sec].
 Eigenvalue = (    9).    = ( 3.26041e+001). [rad/sec].
 Eigenvalue = (   10).    = ( 3.99853e+001). [rad/sec].
 
 *** Time Step Number = (   10).  Initial Time = ( 9.00000e+000). [sec].
 Iteration = (    1,     1).  Conv. norm = ( 6.64635e-017).

      ---  EIGENPROBLEM ABOUT THIS EQUILIBRIUM CONFIGURATION  ---- 


      ---  Arnoldi procedure control parameters  ---- 

 Number of degrees of freedom = (  414).
 Requested number of eigenvalues = (   10).
 Maximum number of Arnoldi steps = (   60).
 Gyroscopic terms : [NO].

      ---  End of Arnoldi algorithm  ---- 

 Number of Arnoldi steps performed = (   27).
 Number of converged eigenvalues = (   10).

      ---  Computing eigenvectors  ---- 

 Eigenvalue = (    1).    = ( 1.32299e+000). [rad/sec].
 Eigenvalue = (    2).    = ( 3.71963e+000). [rad/sec].
 Eigenvalue = (    3).    = ( 6.59889e+000). [rad/sec].
 Eigenvalue = (    4).    = ( 1.02275e+001). [rad/sec].
 Eigenvalue = (    5).    = ( 1.61022e+001). [rad/sec].
 Eigenvalue = (    6).    = ( 2.00336e+001). [rad/sec].
 Eigenvalue = (    7).    = ( 2.04544e+001). [rad/sec].
 Eigenvalue = (    8).    = ( 2.93182e+001). [rad/sec].
 Eigenvalue = (    9).    = ( 3.26041e+001). [rad/sec].
 Eigenvalue = (   10).    = ( 3.99853e+001). [rad/sec].

      ---  Simulation is over  ---- 

 CPU time elapsed = ( 1.83000e-001). [sec].



                    *********************************
                    *   @POST_PROCESSING_ANALYSIS   *
                    *********************************


      ---  Graphical control parameters  ---- 

 Number of archived time steps = (   11).
 Coordinate norm = ( 1.08814e-002). [1/m].
 Coordinate range Minima: X1, X2, X3 = ( 0.00000e+000,  0.00000e+000,  0.00000e+000) [m].
 Coordinate range Maxima: X1, X2, X3 = ( 9.19000e+001,  0.00000e+000,  0.00000e+000) [m].
 Position norm = ( 1.08814e-002). [1/m].
 Position range Minima: X1, X2, X3 = ( 0.00000e+000, -2.06724e-006, -5.63867e-001) [m].
 Position range Maxima: X1, X2, X3 = ( 9.19000e+001,  0.00000e+000,  0.00000e+000) [m].
 Position range Maxima: X1, X2, X3 = ( 9.19000e+001,  0.00000e+000,  0.00000e+000) [m].
 Vector field type : [AERODYNAMIC_FORCES].  Norm = ( 0.00000e+000).
 Vector field type : [AERODYNAMIC_MOMENTS].  Norm = ( 0.00000e+000).
 Vector field type : [ANGULAR_VELOCITIES].  Norm = ( 0.00000e+000).
 Vector field type : [CIRCULATION].  Norm = ( 0.00000e+000).
 Vector field type : [CURVATURES].  Norm = ( 0.00000e+000).
 Vector field type : [FORCES].  Norm = ( 0.00000e+000).
 Vector field type : [MOMENTS].  Norm = ( 0.00000e+000).
 Vector field type : [STRAINS].  Norm = ( 0.00000e+000).
 Vector field type : [VELOCITIES].  Norm = ( 0.00000e+000).
 CPU time elapsed = ( 1.18000e-001). [sec].

      ---  Destroying Iost  ---- 


      ---  List of Memory Items  ---- 

 Number of Items = (    4).
 Item ID = (33000).  Pointer = (        00A2D840).
 Item ID = (33001).  Pointer = (        00A3CEB0).
 Item ID = (33003).  Pointer = (        00A3CEC8).
 Item ID = (33004).  Pointer = (        00A3CEE0).