
     ****************************************************
     *                                                  *
     *         GEORGIA INSTITUTE OF TECHNOLOGY          *
     *                                                  *
     *          - - -     D Y M O R E    - - -          *
     *          - - -     Version 3.0    - - -          *
     *                                                  *
     * FINITE ELEMENT BASED MULTI-BODY DYNAMIC ANALYSIS *
     *                                                  *
     ****************************************************
     ---  Version: Georgia Tech Dymore V.3

<<<<<<< HEAD
     --- Run date: Fri Dec 09 18:20:58 2011
=======
     --- Run date: Fri Dec 09 17:32:09 2011
>>>>>>> 77093ea64fa2779725deb0bc0a2ff246bb2c900f




                    ***********************************
                    *   @PROCESS_CONTROL_DEFINITION   *
                    ***********************************




                    *************************
                    *   @MODEL_DEFINITION   *
                    *************************




      ---------------------------------
      |   @TIME_FUNCTION_DEFINITION   |
      ---------------------------------


 *** Time function: [scheduleload],
 Time function type : [USER_DEFINED].
 Time = ( 0.00000e+000).  Function value = ( 1.00000e+000).
 Time = ( 1.00000e+000).  Function value = ( 1.00000e+000).
 Time = ( 2.00000e+000).  Function value = ( 1.00000e+000).
 Time = ( 3.00000e+000).  Function value = ( 1.00000e+000).
 Time = ( 4.00000e+000).  Function value = ( 1.00000e+000).
 Time = ( 5.00000e+000).  Function value = ( 1.00000e+000).
 Time = ( 6.00000e+000).  Function value = ( 1.00000e+000).
 Time = ( 7.00000e+000).  Function value = ( 1.00000e+000).
 Time = ( 8.00000e+000).  Function value = ( 1.00000e+000).
 Time = ( 9.00000e+000).  Function value = ( 1.00000e+000).
 Time = ( 1.00000e+001).  Function value = ( 1.00000e+000).
 Time = ( 1.10000e+001).  Function value = ( 1.00000e+000).
 Time = ( 1.20000e+001).  Function value = ( 1.00000e+000).
 Time = ( 1.30000e+001).  Function value = ( 1.00000e+000).
 Time = ( 1.40000e+001).  Function value = ( 1.00000e+000).
 Time = ( 1.50000e+001).  Function value = ( 1.00000e+000).

<<<<<<< HEAD


      ------------------------
      |   @INCLUDE_COMMAND   |
      ------------------------


 *** Include command: [include1],
 Active command : [YES].
 List of file names:
 msut_t_c.dat
 loadDist.dat



      ------------------------------------
      |   @CREATE_FINITE_ELEMENT_MODEL   |
      ------------------------------------

 Analysis type : [STATIC].



      --------------------------------
      |   @FINITE_ELEMENT_ANALYSIS   |
      --------------------------------


 *** Analysis control parameters: [AnalysisControlParameters],
 Maximum number of time steps = (   10).
 Simulation initial time = ( 0.00000e+000). [sec].
 Simulation final time = ( 1.50000e+001). [sec].
 Minimum time step size = ( 1.00000e-006). [sec].
 Maximum time step size = ( 5.00000e-002). [sec].
 Reference energy level = ( 6.00000e+005). [J].

 *** Step control parameters: [Step1],
 Archival frequency = (    1).  Reuse number = (  100).
 Requested number of eigenvalues = (   10).
 Eigenvalues print flag = (    0).
 Gyroscopic term: : [NO].
 Eigen spectrum shift = ( 0.00000e+000).
 Time Step Size = ( 1.00000e+000). [sec].
 Maximum number of iterations = (   10).
 Factorization strategy = (    1).
 Convergence norm type : [ENERGY LIKE].  Convergence tolerance = ( 1.00000e-006).
 Maximum number of reject = (    5).
 Average stiffness = ( 1.00000e+006).  Average mass = ( 0.00000e+000).



      ---------------------------------
      |   @POST_PROCESSING_ANALYSIS   |
      ---------------------------------


 *** Graphical control parameters: [GraphicsControlParameters],
 Time step size = ( 0.00000e+000). [sec].
 Reference frame : [INERTIAL].
 Eigenvectors scaling factor = ( 1.00000e-001).
 Number of cycles for modal animation = (    5).
 Number of frames per cycle = (  100).
 Vector field type : [FORCES].  Scaling factor = ( 1.00000e-001).
 Vector field type : [STRAINS].  Scaling factor = ( 1.00000e-001).
 Vector field type : [VELOCITIES].  Scaling factor = ( 1.00000e-001).

 *** Plotting control parameters: [PlottingControlParameters],
 Graph  plot format : [PNG].
        plot Size   : [MEDIUM].
 Map    plot format : [PNG].
        plot Size   : [LARGE].
 Map    plot format : [EPS].
        plot Size   : [MEDIUM].
 Map    plot format : [TRM].
        plot Size   : [MEDIUM].
 Object plot format : [PNG].
        plot Size   : [LARGE].
 Object plot format : [EPS].
        plot Size   : [MEDIUM].
 Sensor plot format : [PNG].
        plot Size   : [LARGE].
 Sensor plot format : [EPS].
        plot Size   : [MEDIUM].
 Signal plot format : [PNG].
        plot Size   : [MEDIUM].
 Survey plot format : [PNG].
        plot Size   : [LARGE].
 Survey plot format : [EPS].
        plot Size   : [MEDIUM].
 Survey plot format : [TRM].
        plot Size   : [MEDIUM].
 Sensor memory size = (  100).
 Map    memory size = (   10).

 *** View parameters definition: [ViewParamName],
 View reference point = ( 0.00000e+000,  0.00000e+000,  0.00000e+000)
 View size = ( 0.00000e+000,  0.00000e+000,  0.00000e+000)
 Projection reference point = ( 0.00000e+000,  0.00000e+000,  0.00000e+000)
 Projection eye vector = ( 0.00000e+000,  0.00000e+000,  0.00000e+000)
 Projection up vector = ( 0.00000e+000,  0.00000e+000,  0.00000e+000)
 Projection viewport = ( 0.00000e+000,  0.00000e+000,  0.00000e+000,  0.00000e+000)



      ----------------------------------
      |   @EXECUTING_INCLUDE_COMMAND   |
      ----------------------------------

  --- Executing include command : [include1].
 
 --- Opening data file : [msut_t_c.dat].



      -------------------------
      |   @POINT_DEFINITION   |
      -------------------------


 *** Point: [root],
 Coordinates = ( 0.00000e+000,  0.00000e+000,  0.00000e+000) [m].
 Is defined in frame : [INERTIAL].

 *** Point: [tip],
 Coordinates = ( 9.19000e+001,  0.00000e+000,  0.00000e+000) [m].
 Is defined in frame : [INERTIAL].



      --------------------------
      |   @VERTEX_DEFINITION   |
      --------------------------


 *** Vertex: [vertexA],
 At point : [root].

 *** Vertex: [vertexB],
 At point : [tip].



      ------------------------
      |   @EDGE_DEFINITION   |
      ------------------------


 *** Edge: [edgeBlade],
 Connected to vertices: [vertexA, vertexB].
 Curve : [curveBlade].



      ------------------------
      |   @BEAM_DEFINITION   |
      ------------------------


 *** Beam: [mono_spar],
 Edge : [edgeBlade].
 Property table : [propBlade].



      -------------------------
      |   @CURVE_DEFINITION   |
      -------------------------


 *** Curve: [curveBlade],
 Is defined in frame : [INERTIAL].

      ---  Curve points  ---- 

 Number of control points = (    2).
 Curve degree = (    1).
 Rational curve : [NO].
 End point 0 : [root].
 End point 1 : [tip].
 Orientation distribution : [OriBlade].
 Initial coordinate = ( 0.00000e+000). [m].
 Curve mesh parameters : [meshBlade].



      --------------------------------------------
      |   @ORIENTATION_DISTRIBUTION_DEFINITION   |
      --------------------------------------------


 *** Orientation distribution: [OriBlade],
 Orientation definition type : [TWIST_ANGLE].
 Coordinate type : [ETA_COORDINATE].
 ETA_COORDINATE = ( 0.00000e+000).
 Twist angle = ( 1.33080e+001). [deg].
 ETA_COORDINATE = ( 2.17627e-003).
 Twist angle = ( 1.33080e+001). [deg].
 ETA_COORDINATE = ( 2.50272e-002).
 Twist angle = ( 1.33080e+001). [deg].
 ETA_COORDINATE = ( 4.78781e-002).
 Twist angle = ( 1.33080e+001). [deg].
 ETA_COORDINATE = ( 7.07290e-002).
 Twist angle = ( 1.33080e+001). [deg].
 ETA_COORDINATE = ( 9.79325e-002).
 Twist angle = ( 1.33080e+001). [deg].
 ETA_COORDINATE = ( 1.32753e-001).
 Twist angle = ( 1.33080e+001). [deg].
 ETA_COORDINATE = ( 1.51251e-001).
 Twist angle = ( 1.31770e+001). [deg].
 ETA_COORDINATE = ( 1.68662e-001).
 Twist angle = ( 1.30460e+001). [deg].
 ETA_COORDINATE = ( 1.86072e-001).
 Twist angle = ( 1.29150e+001). [deg].
 ETA_COORDINATE = ( 2.15452e-001).
 Twist angle = ( 1.21330e+001). [deg].
 ETA_COORDINATE = ( 2.44831e-001).
 Twist angle = ( 1.13500e+001). [deg].
 ETA_COORDINATE = ( 2.74211e-001).
 Twist angle = ( 1.05680e+001). [deg].
 ETA_COORDINATE = ( 3.63439e-001).
 Twist angle = ( 9.16600e+000). [deg].
 ETA_COORDINATE = ( 4.51578e-001).
 Twist angle = ( 7.68800e+000). [deg].
 ETA_COORDINATE = ( 5.39717e-001).
 Twist angle = ( 6.18000e+000). [deg].
 ETA_COORDINATE = ( 6.28945e-001).
 Twist angle = ( 4.74300e+000). [deg].
 ETA_COORDINATE = ( 6.99674e-001).
 Twist angle = ( 3.63300e+000). [deg].
 ETA_COORDINATE = ( 7.17084e-001).
 Twist angle = ( 3.38300e+000). [deg].
 ETA_COORDINATE = ( 7.77040e-001).
 Twist angle = ( 2.73500e+000). [deg].
 ETA_COORDINATE = ( 8.05223e-001).
 Twist angle = ( 2.34800e+000). [deg].
 ETA_COORDINATE = ( 8.94450e-001).
 Twist angle = ( 1.38000e+000). [deg].
 ETA_COORDINATE = ( 9.46681e-001).
 Twist angle = ( 7.99000e-001). [deg].
 ETA_COORDINATE = ( 1.00000e+000).
 Twist angle = ( 2.80000e-001). [deg].



      -----------------------------------------
      |   @CURVE_MESH_PARAMETERS_DEFINITION   |
      -----------------------------------------


 *** Curve mesh parameters: [meshBlade],
 Number of elements = (   20).
 Order of the elements = (    3).



      --------------------------------------
      |   @BOUNDARY_CONDITION_DEFINITION   |
      --------------------------------------


 *** Boundary condition: [clampRoot],
 Entity : [vertexA].
 Displacements boundary conditions = (    1,     1,     1).
 Rotation      boundary conditions = (    1,     1,     1).



      ---------------------------------
      |   @BEAM_PROPERTY_DEFINITION   |
      ---------------------------------


 *** Beam property table: [propBlade],
 Property definition type : [6X6_MATRICES].
 Coordinate type : [ETA_COORDINATE].
 ETA_COORDINATE = ( 0.00000e+000).
 Stiffness matrix = (
  7.64433e+009, -3.54450e-004, -1.50924e-003,  3.35997e+006,  2.77100e-001,  4.16025e-002, 
  2.82847e+008, -2.88632e+001, -4.59308e-001, -3.35179e+005,  3.41621e-003,  3.56067e+008, 
 -4.07499e-001,  3.60796e-002, -4.25775e+004,  8.87740e+008,  1.88974e-003,  8.38695e-004, 
  4.52829e+010, -5.76867e-002,  2.26253e+009)
 Mass/Span = ( 7.12247e+002). [kg/m].
 Moments of Inertia M11, M22, M33 = ( 3.95694e+003,  3.69612e+003,  2.60820e+002) [kg.m^2/m].
 Center of mass location = ( 1.68346e-017, -1.14725e-016) [m].
 Damping coefficient = ( 0.00000e+000). [sec].
 ETA_COORDINATE = ( 2.17627e-003).
 Stiffness matrix = (
  7.11189e+009,  1.15500e-004, -5.92727e-003,  2.56459e+006,  1.63993e-001,  1.87391e-001, 
  2.58492e+008, -2.26612e+001,  3.05466e-001, -2.66045e+005,  2.26471e-003,  3.55693e+008, 
  6.81421e-001,  3.03222e-002, -3.40804e+004,  8.84485e+008,  2.21089e-003,  1.36925e-003, 
  4.13952e+010, -1.58592e-001,  2.15975e+009)
 Mass/Span = ( 6.66940e+002). [kg/m].
 Moments of Inertia M11, M22, M33 = ( 3.61870e+003,  3.36678e+003,  2.51924e+002) [kg.m^2/m].
 Center of mass location = ( 1.07370e-017,  9.08900e-017) [m].
 Damping coefficient = ( 0.00000e+000). [sec].
 ETA_COORDINATE = ( 2.50272e-002).
 Stiffness matrix = (
  6.90383e+009, -5.60255e-004,  6.49026e-003,  1.36513e+006,  3.99970e-002, -3.13446e-001, 
  2.62217e+008, -3.78994e+001,  2.69619e-001, -1.60026e+005,  1.93061e-003,  3.35808e+008, 
  6.45836e-001,  1.23972e-002, -1.90304e+004,  8.32250e+008, -3.00328e-003, -2.31861e-003, 
  3.62241e+010,  4.26050e-001,  2.07639e+009)
 Mass/Span = ( 6.08749e+002). [kg/m].
 Moments of Inertia M11, M22, M33 = ( 2.95201e+003,  2.71774e+003,  2.34262e+002) [kg.m^2/m].
 Center of mass location = ( 3.79346e-017,  2.65542e-016) [m].
 Damping coefficient = ( 0.00000e+000). [sec].
 ETA_COORDINATE = ( 4.78781e-002).
 Stiffness matrix = (
  7.06747e+009,  2.08405e-004, -4.21390e-004,  5.39961e+005, -1.66190e-001,  3.57712e-002, 
  2.71445e+008, -1.35985e+001,  1.92883e-001, -7.87827e+004,  3.84021e-004,  3.14608e+008, 
  4.11953e-001,  4.74393e-003, -8.56936e+003,  7.74708e+008, -1.09845e-005,  2.33553e-004, 
  3.34104e+010, -5.09765e-002,  2.06095e+009)
 Mass/Span = ( 5.67198e+002). [kg/m].
 Moments of Inertia M11, M22, M33 = ( 2.45514e+003,  2.23570e+003,  2.19438e+002) [kg.m^2/m].
 Center of mass location = ( 3.95391e-017,  3.16313e-016) [m].
 Damping coefficient = ( 0.00000e+000). [sec].
 ETA_COORDINATE = ( 7.07290e-002).
 Stiffness matrix = (
  8.92607e+009, -1.61491e-004,  4.50122e-004,  2.00028e+005, -1.57181e-002, -8.98224e-002, 
  3.46825e+008, -1.05696e+001, -2.93124e-001, -4.15804e+004,  2.04212e-004,  2.89001e+008, 
 -3.61476e-001,  7.48969e-004, -4.26530e+003,  7.10384e+008, -6.04533e-004, -4.74003e-004, 
  3.80183e+010,  6.13303e-002,  2.35792e+009)
 Mass/Span = ( 6.14729e+002). [kg/m].
 Moments of Inertia M11, M22, M33 = ( 2.42899e+003,  2.20857e+003,  2.20419e+002) [kg.m^2/m].
 Center of mass location = ( 3.84686e-017,  1.19921e-016) [m].
 Damping coefficient = ( 0.00000e+000). [sec].
 ETA_COORDINATE = ( 9.79325e-002).
 Stiffness matrix = (
  1.02760e+010,  3.00176e-005, -6.48038e-004,  2.48442e+004,  3.11902e-002,  1.85193e-001, 
  3.82118e+008, -2.04495e+000,  4.28466e-002, -8.48291e+003,  4.04212e-005,  2.62703e+008, 
  4.01181e-002,  8.79151e-004, -1.38313e+003,  6.38722e+008,  1.26637e-003,  5.04228e-004, 
  3.78778e+010, -1.55513e-001,  2.55670e+009)
 Mass/Span = ( 6.38259e+002). [kg/m].
 Moments of Inertia M11, M22, M33 = ( 2.22450e+003,  2.00803e+003,  2.16475e+002) [kg.m^2/m].
 Center of mass location = ( 7.51009e-017,  1.44723e-016) [m].
 Damping coefficient = ( 0.00000e+000). [sec].
 ETA_COORDINATE = ( 1.32753e-001).
 Stiffness matrix = (
  1.30607e+010, -5.26682e-006, -1.96154e-004,  1.49147e+003, -9.89820e-004,  4.82590e-002, 
  5.03918e+008, -4.70240e+000, -1.61727e-001, -3.10736e+001,  2.96042e-005,  2.30699e+008, 
 -8.68585e-002,  2.85891e-004, -7.45872e+002,  5.60281e+008,  3.55433e-004,  1.05235e-004, 
  3.93401e+010, -5.90164e-002,  3.01462e+009)
 Mass/Span = ( 7.37805e+002). [kg/m].
 Moments of Inertia M11, M22, M33 = ( 2.18785e+003,  1.96265e+003,  2.25202e+002) [kg.m^2/m].
 Center of mass location = ( 2.16686e-017,  1.92610e-017) [m].
 Damping coefficient = ( 0.00000e+000). [sec].
 ETA_COORDINATE = ( 1.51251e-001).
 Stiffness matrix = (
  1.51233e+010, -1.10505e-001,  2.23821e-004,  1.40961e+003, -2.01753e-001, -8.80337e-002, 
  6.21984e+008, -7.19882e+000, -1.29380e+000, -3.25548e+001,  2.03785e-002,  2.14909e+008, 
 -3.27930e-002, -1.33881e-004, -6.97529e+002,  5.25998e+008, -2.82849e-004, -1.79328e-004, 
  4.07257e+010,  3.62966e-002,  3.37105e+009)
 Mass/Span = ( 8.25053e+002). [kg/m].
 Moments of Inertia M11, M22, M33 = ( 2.23911e+003,  2.00227e+003,  2.36840e+002) [kg.m^2/m].
 Center of mass location = ( 4.30604e-018,  1.72242e-017) [m].
 Damping coefficient = ( 0.00000e+000). [sec].
 ETA_COORDINATE = ( 1.68662e-001).
 Stiffness matrix = (
  1.60591e+010,  4.86120e-005, -1.09188e-004,  1.32979e+003, -1.97813e-001,  4.65919e-002, 
  6.89073e+008,  3.92351e+000, -8.39935e-002, -3.28255e+001, -2.06756e-005,  2.00380e+008, 
 -1.11273e-001,  8.10151e-005, -6.51502e+002,  4.91935e+008,  6.31264e-006,  7.53197e-005, 
  3.84337e+010, -5.52712e-003,  3.51677e+009)
 Mass/Span = ( 8.60728e+002). [kg/m].
 Moments of Inertia M11, M22, M33 = ( 2.11500e+003,  1.87608e+003,  2.38926e+002) [kg.m^2/m].
 Center of mass location = ( 2.47654e-017,  4.95308e-017) [m].
 Damping coefficient = ( 0.00000e+000). [sec].
 ETA_COORDINATE = ( 1.86072e-001).
 Stiffness matrix = (
  1.81230e+010,  8.39791e-006, -8.33664e-005,  1.24953e+003,  3.00939e-002,  2.64268e-002, 
  8.14739e+008, -7.72285e+000, -1.26985e-001, -3.33113e+001,  2.14835e-005,  1.84812e+008, 
 -8.33425e-002,  4.22084e-005, -6.03864e+002,  4.57701e+008,  1.82494e-004,  4.68078e-005, 
  3.80554e+010, -8.55534e-003,  3.87407e+009)
 Mass/Span = ( 9.48189e+002). [kg/m].
 Moments of Inertia M11, M22, M33 = ( 2.09074e+003,  1.84004e+003,  2.50699e+002) [kg.m^2/m].
 Center of mass location = ( 2.24810e-017,  4.49621e-017) [m].
 Damping coefficient = ( 0.00000e+000). [sec].
 ETA_COORDINATE = ( 2.15452e-001).
 Stiffness matrix = (
  1.80514e+010,  5.68786e-005, -2.20728e-004,  1.16473e+003,  1.42368e-002,  7.34605e-002, 
  8.34108e+008, -3.80398e+000, -2.45861e-002, -3.23313e+001,  6.86572e-006,  1.70354e+008, 
 -1.26950e-002,  1.87429e-004, -5.56525e+002,  4.21535e+008,  2.70254e-004,  1.36578e-004, 
  3.28662e+010, -4.27120e-002,  3.82892e+009)
 Mass/Span = ( 9.37144e+002). [kg/m].
 Moments of Inertia M11, M22, M33 = ( 1.82813e+003,  1.58438e+003,  2.43742e+002) [kg.m^2/m].
 Center of mass location = ( 1.51640e-017,  1.06148e-016) [m].
 Damping coefficient = ( 0.00000e+000). [sec].
 ETA_COORDINATE = ( 2.44831e-001).
 Stiffness matrix = (
  1.79871e+010,  3.62430e-006,  2.46669e-005,  1.08849e+003, -4.75842e-002, -1.11381e-002, 
  8.50299e+008, -8.48893e+000,  2.46251e-002, -3.12691e+001,  2.91810e-005,  1.57387e+008, 
  3.23959e-003, -9.49579e-006, -5.14125e+002,  3.89127e+008, -5.14254e-005, -1.88378e-005, 
  2.85333e+010,  1.21746e-003,  3.78835e+009)
 Mass/Span = ( 9.27219e+002). [kg/m].
 Moments of Inertia M11, M22, M33 = ( 1.60929e+003,  1.37180e+003,  2.37491e+002) [kg.m^2/m].
 Center of mass location = ( 7.66316e-018,  7.66316e-017) [m].
 Damping coefficient = ( 0.00000e+000). [sec].
 ETA_COORDINATE = ( 2.74211e-001).
 Stiffness matrix = (
  1.69154e+010, -1.55019e-005,  2.36924e-005,  1.00725e+003,  2.17405e-002, -1.43098e-002, 
  8.13580e+008, -3.88152e+000, -1.55852e-002, -2.95904e+001,  1.46068e-005,  1.44456e+008, 
 -1.09354e-002, -7.23377e-006, -4.70384e+002,  3.54723e+008,  3.73605e-006, -1.85589e-005, 
  2.30109e+010,  7.68166e-004,  3.55690e+009)
 Mass/Span = ( 8.70573e+002). [kg/m].
 Moments of Inertia M11, M22, M33 = ( 1.32782e+003,  1.10563e+003,  2.22196e+002) [kg.m^2/m].
 Center of mass location = ( 1.63236e-017,  4.89707e-017) [m].
 Damping coefficient = ( 0.00000e+000). [sec].
 ETA_COORDINATE = ( 3.63439e-001).
 Stiffness matrix = (
  1.56411e+010, -5.02120e-006,  7.29373e-005,  8.34132e+002,  4.08280e-004, -3.36322e-002, 
  7.81071e+008, -9.06774e+000, -4.66197e-002, -2.58492e+001,  2.97958e-005,  1.16203e+008, 
 -1.89660e-002, -3.57381e-005, -3.76702e+002,  2.82141e+008, -6.03988e-005, -3.97455e-005, 
  1.45785e+010,  8.32107e-003,  3.25328e+009)
 Mass/Span = ( 7.96269e+002). [kg/m].
 Moments of Inertia M11, M22, M33 = ( 8.95931e+002,  6.97605e+002,  1.98326e+002) [kg.m^2/m].
 Center of mass location = ( 2.23085e-017,  6.24638e-017) [m].
 Damping coefficient = ( 0.00000e+000). [sec].
 ETA_COORDINATE = ( 4.51578e-001).
 Stiffness matrix = (
  1.44978e+010, -2.98185e-007,  7.38704e-005,  6.66625e+002, -4.81417e-003, -3.83142e-002, 
  7.45682e+008,  2.37412e+000, -5.76035e-003, -2.15071e+001, -7.81269e-006,  8.91808e+007, 
 -5.71854e-003, -3.52866e-005, -2.87377e+002,  2.13398e+008, -5.42419e-005, -3.31117e-005, 
  8.62867e+009,  9.90497e-003,  2.97667e+009)
 Mass/Span = ( 7.28578e+002). [kg/m].
 Moments of Inertia M11, M22, M33 = ( 5.87001e+002,  4.10927e+002,  1.76075e+002) [kg.m^2/m].
 Center of mass location = ( 4.87623e-018,  2.92574e-017) [m].
 Damping coefficient = ( 0.00000e+000). [sec].
 ETA_COORDINATE = ( 5.39717e-001).
 Stiffness matrix = (
  1.32612e+010, -1.43350e-006,  1.18309e-005,  5.36206e+002,  1.09914e-002, -5.99975e-003, 
  6.93842e+008,  2.27114e+000, -5.26992e-003, -1.76123e+001, -7.01917e-006,  6.88741e+007, 
 -7.68006e-004, -2.90238e-006, -2.19416e+002,  1.61603e+008, -1.58098e-006, -3.77451e-006, 
  5.14436e+009,  7.35929e-004,  2.69682e+009)
 Mass/Span = ( 6.60090e+002). [kg/m].
 Moments of Inertia M11, M22, M33 = ( 4.00010e+002,  2.44142e+002,  1.55869e+002) [kg.m^2/m].
 Center of mass location = ( 1.88376e-017,  0.00000e+000) [m].
 Damping coefficient = ( 0.00000e+000). [sec].
 ETA_COORDINATE = ( 6.28945e-001).
 Stiffness matrix = (
  1.10526e+010, -3.02149e-006,  1.14597e-005,  4.42133e+002, -1.67656e-002, -7.17799e-003, 
  5.82822e+008,  5.37882e+001, -1.72117e-003, -1.44959e+001, -1.66601e-004,  5.54248e+007, 
  1.03039e-005, -5.59527e-006, -1.71943e+002,  1.25404e+008, -7.52542e-006, -3.46023e-006, 
  3.00373e+009,  1.76818e-003,  2.24835e+009)
 Mass/Span = ( 5.50324e+002). [kg/m].
 Moments of Inertia M11, M22, M33 = ( 2.72614e+002,  1.42566e+002,  1.30047e+002) [kg.m^2/m].
 Center of mass location = ( 9.68352e-018,  2.58227e-017) [m].
 Damping coefficient = ( 0.00000e+000). [sec].
 ETA_COORDINATE = ( 6.99674e-001).
 Stiffness matrix = (
  8.85713e+009, -3.39680e-007, -3.29744e-006,  3.63041e+002,  7.43026e-003,  5.57439e-003, 
  4.69454e+008,  4.50162e+000, -2.06815e-003, -1.18702e+001, -1.32825e-005,  4.44641e+007, 
 -4.47658e-004,  1.09100e-006, -1.31955e+002,  9.57030e+007,  1.66368e-006,  1.62523e-006, 
  1.70184e+009, -4.73864e-004,  1.80816e+009)
 Mass/Span = ( 4.42585e+002). [kg/m].
 Moments of Inertia M11, M22, M33 = ( 1.86382e+002,  8.08786e+001,  1.05503e+002) [kg.m^2/m].
 Center of mass location = ( 0.00000e+000,  2.00680e-017) [m].
 Damping coefficient = ( 0.00000e+000). [sec].
 ETA_COORDINATE = ( 7.17084e-001).
 Stiffness matrix = (
  8.34030e+009,  6.10421e-007, -9.98864e-007,  3.43956e+002,  2.83797e-003,  1.81203e-003, 
  4.42566e+008,  4.43256e+000,  6.36129e-004, -1.12509e+001, -1.28884e-005,  4.18286e+007, 
 -7.88145e-005,  5.18163e-007, -1.22195e+002,  8.86655e+007,  6.23291e-007,  4.69866e-007, 
  1.46053e+009, -2.76155e-004,  1.70444e+009)
 Mass/Span = ( 4.17198e+002). [kg/m].
 Moments of Inertia M11, M22, M33 = ( 1.69142e+002,  6.94371e+001,  9.97044e+001) [kg.m^2/m].
 Center of mass location = ( 1.27735e-017,  2.12892e-017) [m].
 Damping coefficient = ( 0.00000e+000). [sec].
 ETA_COORDINATE = ( 7.77040e-001).
 Stiffness matrix = (
  6.18151e+009,  4.87032e-006, -8.13375e-008,  3.11172e+002, -4.68530e-003,  2.66406e-003, 
  3.27810e+008,  5.41846e+000, -5.57426e-004, -1.00484e+001, -1.52673e-005,  3.73793e+007, 
 -1.22881e-004, -2.63181e-007, -1.04109e+002,  7.40232e+007, -7.79510e-007,  5.21664e-007, 
  9.25678e+008,  1.61363e-004,  1.28738e+009)
 Mass/Span = ( 3.15116e+002). [kg/m].
 Moments of Inertia M11, M22, M33 = ( 1.23040e+002,  4.43169e+001,  7.87229e+001) [kg.m^2/m].
 Center of mass location = ( 8.45574e-018,  0.00000e+000) [m].
 Damping coefficient = ( 0.00000e+000). [sec].
 ETA_COORDINATE = ( 8.05223e-001).
 Stiffness matrix = (
  4.53885e+009, -2.40008e-006,  5.80240e-006,  2.97861e+002, -4.42958e-003, -1.25607e-002, 
  2.39794e+008,  4.08001e+000,  2.62513e-005, -9.36614e+000, -1.09214e-005,  3.48820e+007, 
  4.62425e-006, -5.98102e-007, -9.39695e+001,  6.39593e+007, -1.53174e-006, -2.24495e-006, 
  6.33852e+008,  5.74075e-004,  9.73609e+008)
 Mass/Span = ( 2.38315e+002). [kg/m].
 Moments of Inertia M11, M22, M33 = ( 9.41629e+001,  3.06899e+001,  6.34730e+001) [kg.m^2/m].
 Center of mass location = ( 3.72692e-017,  3.72692e-018) [m].
 Damping coefficient = ( 0.00000e+000). [sec].
 ETA_COORDINATE = ( 8.94450e-001).
 Stiffness matrix = (
  2.37625e+009,  4.80853e-006,  1.42529e-006,  2.66689e+002,  4.70609e-003, -1.80547e-003, 
  1.23734e+008,  1.93488e+000,  2.83640e-003, -7.62369e+000, -5.05490e-006,  2.68645e+007, 
  2.74951e-004, -1.68491e-007, -6.65273e+001,  3.97442e+007,  3.29722e-007, -1.96370e-007, 
  2.63962e+008, -8.93103e-005,  5.54151e+008)
 Mass/Span = ( 1.35646e+002). [kg/m].
 Moments of Inertia M11, M22, M33 = ( 5.53504e+001,  1.32287e+001,  4.21217e+001) [kg.m^2/m].
 Center of mass location = ( 2.61912e-017,  1.63695e-017) [m].
 Damping coefficient = ( 0.00000e+000). [sec].
 ETA_COORDINATE = ( 9.46681e-001).
 Stiffness matrix = (
  1.35367e+009, -5.38217e-006, -2.85077e-006,  2.50653e+002,  5.34708e-003,  5.33128e-003, 
  6.80384e+007,  4.04533e+000, -2.70665e-003, -6.09222e+000, -9.11846e-006,  1.98483e+007, 
 -2.32211e-004,  6.99516e-008, -4.60333e+001,  2.33255e+007,  3.42797e-007,  3.60560e-007, 
  1.24240e+008, -4.05170e-004,  3.53679e+008)
 Mass/Span = ( 8.65774e+001). [kg/m].
 Moments of Inertia M11, M22, M33 = ( 3.81684e+001,  6.56881e+000,  3.15996e+001) [kg.m^2/m].
 Center of mass location = ( 3.84704e-017,  7.69409e-018) [m].
 Damping coefficient = ( 0.00000e+000). [sec].
 ETA_COORDINATE = ( 1.00000e+000).
 Stiffness matrix = (
  8.02585e+008, -4.37834e-006,  3.38996e-007,  1.97203e+002,  5.05697e-005, -4.12904e-004, 
  3.90213e+007,  4.52324e+000,  9.45763e-005, -4.19238e+000, -7.23835e-006,  1.01103e+007, 
 -1.40292e-006, -4.34740e-007, -1.69521e+001,  9.33952e+006, -7.08661e-009, -2.68591e-008, 
  4.34318e+007,  4.19077e-005,  2.28353e+008)
 Mass/Span = ( 5.59069e+001). [kg/m].
 Moments of Inertia M11, M22, M33 = ( 2.48782e+001,  2.40467e+000,  2.24735e+001) [kg.m^2/m].
 Center of mass location = ( 2.38301e-017,  5.95753e-018) [m].
 Damping coefficient = ( 0.00000e+000). [sec].



      --------------------------
      |   @SURVEY_DEFINITION   |
      --------------------------


 *** Survey: [svy_disp_spar],
 Surveyed object : [mono_spar].
 Survey type : [DISPLACEMENTS].
 Time = ( 5.00000e+000). [sec].
 Reference frame : [INERTIAL].



      --------------------------
      |   @SURVEY_DEFINITION   |
      --------------------------


 *** Survey: [svy_force_spar],
 Surveyed object : [mono_spar].
 Survey type : [FORCES].
 Time = ( 5.00000e+000). [sec].
 Reference frame : [INERTIAL].



      --------------------------
      |   @SURVEY_DEFINITION   |
      --------------------------


 *** Survey: [svy_strain_spar],
 Surveyed object : [mono_spar].
 Survey type : [STRAINS].
 Time = ( 5.00000e+000). [sec].
 Reference frame : [INERTIAL].



      ----------------------------------
      |   @EXECUTING_INCLUDE_COMMAND   |
      ----------------------------------

 --- Include command : [include1].
 --- Closing data file : [msut_t_c.dat].
 
 --- Opening data file : [loadDist.dat].



      -----------------------------
      |   @EDGE_LOAD_DEFINITION   |
      -----------------------------


 *** Edge load: [constloaddist],
 Edge : [edgeBlade].

      ---  Loading component  ---- 

 Data table for force along i3 : [constloaddistTable].
 Scale factor = ( 1.00000e+003).
 Time function : [scheduleload].



      ------------------------------
      |   @DATA_TABLE_DEFINITION   |
      ------------------------------


 *** Data table: [constloaddistTable],
 Coordinate type : [ETA_COORDINATE].
 Data type : [FORCE_ALONG_I3].
 X entry = ( 0.00000e+000).  Y entry = (-1.00000e+000). [N/m].
 X entry = ( 1.00000e+000).  Y entry = (-1.00000e+000). [N/m].
 Comment 1 : [this defines the load on any edge (beam) to have a constant load distribution].



      ----------------------------------
      |   @EXECUTING_INCLUDE_COMMAND   |
      ----------------------------------

 --- Include command : [include1].
 --- Closing data file : [loadDist.dat].



                    ********************
                    *   @CHECK_MODEL   *
                    ********************




      ---------------------
      |   @CHECK_FRAMES   |
      ---------------------


 *** Fixed frame: [FXDFRAME_INERTIAL],
 Origin = ( 0.00000e+000,  0.00000e+000,  0.00000e+000) [m].
 Orientation definition type : [VECTORS_E2_E3].
 E2 = ( 0.00000e+000,  1.00000e+000,  0.00000e+000)
 E3 = ( 0.00000e+000,  0.00000e+000,  1.00000e+000)

 *** Orientation distribution: [OriBlade],
 Orientation definition type : [TWIST_ANGLE].
 Coordinate type : [ETA_COORDINATE].
 ETA_COORDINATE = ( 0.00000e+000).
 Twist angle = ( 1.33080e+001). [deg].
 ETA_COORDINATE = ( 2.17627e-003).
 Twist angle = ( 1.33080e+001). [deg].
 ETA_COORDINATE = ( 2.50272e-002).
 Twist angle = ( 1.33080e+001). [deg].
 ETA_COORDINATE = ( 4.78781e-002).
 Twist angle = ( 1.33080e+001). [deg].
 ETA_COORDINATE = ( 7.07290e-002).
 Twist angle = ( 1.33080e+001). [deg].
 ETA_COORDINATE = ( 9.79325e-002).
 Twist angle = ( 1.33080e+001). [deg].
 ETA_COORDINATE = ( 1.32753e-001).
 Twist angle = ( 1.33080e+001). [deg].
 ETA_COORDINATE = ( 1.51251e-001).
 Twist angle = ( 1.31770e+001). [deg].
 ETA_COORDINATE = ( 1.68662e-001).
 Twist angle = ( 1.30460e+001). [deg].
 ETA_COORDINATE = ( 1.86072e-001).
 Twist angle = ( 1.29150e+001). [deg].
 ETA_COORDINATE = ( 2.15452e-001).
 Twist angle = ( 1.21330e+001). [deg].
 ETA_COORDINATE = ( 2.44831e-001).
 Twist angle = ( 1.13500e+001). [deg].
 ETA_COORDINATE = ( 2.74211e-001).
 Twist angle = ( 1.05680e+001). [deg].
 ETA_COORDINATE = ( 3.63439e-001).
 Twist angle = ( 9.16600e+000). [deg].
 ETA_COORDINATE = ( 4.51578e-001).
 Twist angle = ( 7.68800e+000). [deg].
 ETA_COORDINATE = ( 5.39717e-001).
 Twist angle = ( 6.18000e+000). [deg].
 ETA_COORDINATE = ( 6.28945e-001).
 Twist angle = ( 4.74300e+000). [deg].
 ETA_COORDINATE = ( 6.99674e-001).
 Twist angle = ( 3.63300e+000). [deg].
 ETA_COORDINATE = ( 7.17084e-001).
 Twist angle = ( 3.38300e+000). [deg].
 ETA_COORDINATE = ( 7.77040e-001).
 Twist angle = ( 2.73500e+000). [deg].
 ETA_COORDINATE = ( 8.05223e-001).
 Twist angle = ( 2.34800e+000). [deg].
 ETA_COORDINATE = ( 8.94450e-001).
 Twist angle = ( 1.38000e+000). [deg].
 ETA_COORDINATE = ( 9.46681e-001).
 Twist angle = ( 7.99000e-001). [deg].
 ETA_COORDINATE = ( 1.00000e+000).
 Twist angle = ( 2.80000e-001). [deg].

 *** Fixed frame: [FXDFRAME_INERTIAL],
 Origin = ( 0.00000e+000,  0.00000e+000,  0.00000e+000) [m].
 Orientation definition type : [VECTORS_E2_E3].
 E2 = ( 0.00000e+000,  1.00000e+000,  0.00000e+000)
 E3 = ( 0.00000e+000,  0.00000e+000,  1.00000e+000)



      --------------------------------
      |   @CHECK_POINTS_AND_TRIADS   |
      --------------------------------


 *** Point: [POINT_ORIGIN],
 Coordinates = ( 0.00000e+000,  0.00000e+000,  0.00000e+000) [m].
 Is defined in frame : [INERTIAL].

 *** Triad: [TRIAD_INERTIAL],
 Orientation definition type : [VECTORS_E2_E3].
 E2 = ( 0.00000e+000,  1.00000e+000,  0.00000e+000)
 E3 = ( 0.00000e+000,  0.00000e+000,  1.00000e+000)
 Is defined in frame : [INERTIAL].

 *** Point: [root],
 Coordinates = ( 0.00000e+000,  0.00000e+000,  0.00000e+000) [m].
 Is defined in frame : [INERTIAL].

 *** Point: [tip],
 Coordinates = ( 9.19000e+001,  0.00000e+000,  0.00000e+000) [m].
 Is defined in frame : [INERTIAL].



      ----------------------------------
      |   @CHECK_CURVES_AND_VERTICES   |
      ----------------------------------


 *** Vertex: [vertexA],
 At point : [root].

 *** Vertex: [vertexB],
 At point : [tip].

 *** Curve: [curveBlade],
 Is defined in frame : [INERTIAL].

      ---  Curve points  ---- 

 Number of control points = (    2).
 Curve degree = (    1).
 Rational curve : [NO].
 End point 0 : [root].
 End point 1 : [tip].
 Orientation distribution : [OriBlade].
 Initial coordinate = ( 0.00000e+000). [m].
 Curve mesh parameters : [meshBlade].

 *** Curve mesh parameters: [meshBlade],
 Number of elements = (   20).
 Order of the elements = (    3).



      ---------------------------------
      |   @CHECK_SURFACES_AND_EDGES   |
      ---------------------------------


 *** Edge: [edgeBlade],
 Connected to vertices: [vertexA, vertexB].
 Curve : [curveBlade].



      --------------------------------
      |   @CHECK_VOLUMES_AND_FACES   |
      --------------------------------




      ----------------------------
      |   @CHECK_COPY_COMMANDS   |
      ----------------------------




      -------------------------------
      |   @CHECK_STRUCTURAL_EDGES   |
      -------------------------------


 *** Beam: [mono_spar],
 Edge : [edgeBlade].
 Property table : [propBlade].



      -------------------------------
      |   @CHECK_STRUCTURAL_FACES   |
      -------------------------------




      ----------------------------
      |   @CHECK_OTHER_OBJECTS   |
      ----------------------------


 *** Time function: [scheduleload],
 Time function type : [USER_DEFINED].
 Time = ( 0.00000e+000).  Function value = ( 1.00000e+000).
 Time = ( 1.00000e+000).  Function value = ( 1.00000e+000).
 Time = ( 2.00000e+000).  Function value = ( 1.00000e+000).
 Time = ( 3.00000e+000).  Function value = ( 1.00000e+000).
 Time = ( 4.00000e+000).  Function value = ( 1.00000e+000).
 Time = ( 5.00000e+000).  Function value = ( 1.00000e+000).
 Time = ( 6.00000e+000).  Function value = ( 1.00000e+000).
 Time = ( 7.00000e+000).  Function value = ( 1.00000e+000).
 Time = ( 8.00000e+000).  Function value = ( 1.00000e+000).
 Time = ( 9.00000e+000).  Function value = ( 1.00000e+000).
 Time = ( 1.00000e+001).  Function value = ( 1.00000e+000).
 Time = ( 1.10000e+001).  Function value = ( 1.00000e+000).
 Time = ( 1.20000e+001).  Function value = ( 1.00000e+000).
 Time = ( 1.30000e+001).  Function value = ( 1.00000e+000).
 Time = ( 1.40000e+001).  Function value = ( 1.00000e+000).
 Time = ( 1.50000e+001).  Function value = ( 1.00000e+000).

 *** Include command: [include1],
 Active command : [YES].
 List of file names:
 msut_t_c.dat
 loadDist.dat

 *** Analysis control parameters: [AnalysisControlParameters],
 Maximum number of time steps = (   10).
 Simulation initial time = ( 0.00000e+000). [sec].
 Simulation final time = ( 1.50000e+001). [sec].
 Minimum time step size = ( 1.00000e-006). [sec].
 Maximum time step size = ( 5.00000e-002). [sec].
 Reference energy level = ( 6.00000e+005). [J].

 *** Graphical control parameters: [GraphicsControlParameters],
 Time step size = ( 0.00000e+000). [sec].
 Reference frame : [INERTIAL].
 Eigenvectors scaling factor = ( 1.00000e-001).
 Number of cycles for modal animation = (    5).
 Number of frames per cycle = (  100).
 Vector field type : [FORCES].  Scaling factor = ( 1.00000e-001).
 Vector field type : [STRAINS].  Scaling factor = ( 1.00000e-001).
 Vector field type : [VELOCITIES].  Scaling factor = ( 1.00000e-001).

 *** Plotting control parameters: [PlottingControlParameters],
 Graph  plot format : [PNG].
        plot Size   : [MEDIUM].
 Map    plot format : [PNG].
        plot Size   : [LARGE].
 Map    plot format : [EPS].
        plot Size   : [MEDIUM].
 Map    plot format : [TRM].
        plot Size   : [MEDIUM].
 Object plot format : [PNG].
        plot Size   : [LARGE].
 Object plot format : [EPS].
        plot Size   : [MEDIUM].
 Sensor plot format : [PNG].
        plot Size   : [LARGE].
 Sensor plot format : [EPS].
        plot Size   : [MEDIUM].
 Signal plot format : [PNG].
        plot Size   : [MEDIUM].
 Survey plot format : [PNG].
        plot Size   : [LARGE].
 Survey plot format : [EPS].
        plot Size   : [MEDIUM].
 Survey plot format : [TRM].
        plot Size   : [MEDIUM].
 Sensor memory size = (  100).
 Map    memory size = (   10).

 *** Boundary condition: [clampRoot],
 Entity : [vertexA].
 Displacements boundary conditions = (    1,     1,     1).
 Rotation      boundary conditions = (    1,     1,     1).

 *** Survey: [svy_disp_spar],
 Surveyed object : [mono_spar].
 Survey type : [DISPLACEMENTS].
 Time = ( 5.00000e+000). [sec].
 Reference frame : [INERTIAL].

 *** Survey: [svy_force_spar],
 Surveyed object : [mono_spar].
 Survey type : [FORCES].
 Time = ( 5.00000e+000). [sec].
 Reference frame : [INERTIAL].

 *** Survey: [svy_strain_spar],
 Surveyed object : [mono_spar].
 Survey type : [STRAINS].
 Time = ( 5.00000e+000). [sec].
 Reference frame : [INERTIAL].

 *** Edge load: [constloaddist],
 Edge : [edgeBlade].

      ---  Loading component  ---- 

 Data table for force along i3 : [constloaddistTable].
 Scale factor = ( 1.00000e+003).
 Time function : [scheduleload].

 *** Data table: [constloaddistTable],
 Coordinate type : [ETA_COORDINATE].
 Data type : [FORCE_ALONG_I3].
 X entry = ( 0.00000e+000).  Y entry = (-1.00000e+000). [N/m].
 X entry = ( 1.00000e+000).  Y entry = (-1.00000e+000). [N/m].
 Comment 1 : [this defines the load on any edge (beam) to have a constant load distribution].

 *** Beam property table: [propBlade],
 ETA_COORDINATE = ( 0.00000e+000).
 Stiffness matrix = (
  7.64433e+009, -3.54450e-004, -1.50924e-003,  3.35997e+006,  2.77100e-001,  4.16025e-002, 
  2.82847e+008, -2.88632e+001, -4.59308e-001, -3.35179e+005,  3.41621e-003,  3.56067e+008, 
 -4.07499e-001,  3.60796e-002, -4.25775e+004,  8.87740e+008,  1.88974e-003,  8.38695e-004, 
  4.52829e+010, -5.76867e-002,  2.26253e+009)
 Mass/Span = ( 7.12247e+002). [kg/m].
 Moments of Inertia M11, M22, M33 = ( 3.95694e+003,  3.69612e+003,  2.60820e+002) [kg.m^2/m].
 Center of mass location = ( 1.68346e-017, -1.14725e-016) [m].
 Damping coefficient = ( 0.00000e+000). [sec].
 ### Mass moment of inertia about e2 or/and e3 axes are 
 ### adjusted to ensure consistent mass matrix.
 ETA_COORDINATE = ( 2.17627e-003).
 Stiffness matrix = (
  7.11189e+009,  1.15500e-004, -5.92727e-003,  2.56459e+006,  1.63993e-001,  1.87391e-001, 
  2.58492e+008, -2.26612e+001,  3.05466e-001, -2.66045e+005,  2.26471e-003,  3.55693e+008, 
  6.81421e-001,  3.03222e-002, -3.40804e+004,  8.84485e+008,  2.21089e-003,  1.36925e-003, 
  4.13952e+010, -1.58592e-001,  2.15975e+009)
 Mass/Span = ( 6.66940e+002). [kg/m].
 Moments of Inertia M11, M22, M33 = ( 3.61870e+003,  3.36678e+003,  2.51924e+002) [kg.m^2/m].
 Center of mass location = ( 1.07370e-017,  9.08900e-017) [m].
 Damping coefficient = ( 0.00000e+000). [sec].
 ### Mass moment of inertia about e2 or/and e3 axes are 
 ### adjusted to ensure consistent mass matrix.
 ETA_COORDINATE = ( 2.50272e-002).
 Stiffness matrix = (
  6.90383e+009, -5.60255e-004,  6.49026e-003,  1.36513e+006,  3.99970e-002, -3.13446e-001, 
  2.62217e+008, -3.78994e+001,  2.69619e-001, -1.60026e+005,  1.93061e-003,  3.35808e+008, 
  6.45836e-001,  1.23972e-002, -1.90304e+004,  8.32250e+008, -3.00328e-003, -2.31861e-003, 
  3.62241e+010,  4.26050e-001,  2.07639e+009)
 Mass/Span = ( 6.08749e+002). [kg/m].
 Moments of Inertia M11, M22, M33 = ( 2.95201e+003,  2.71774e+003,  2.34262e+002) [kg.m^2/m].
 Center of mass location = ( 3.79346e-017,  2.65542e-016) [m].
 Damping coefficient = ( 0.00000e+000). [sec].
 ### Mass moment of inertia about e2 or/and e3 axes are 
 ### adjusted to ensure consistent mass matrix.
 ETA_COORDINATE = ( 4.78781e-002).
 Stiffness matrix = (
  7.06747e+009,  2.08405e-004, -4.21390e-004,  5.39961e+005, -1.66190e-001,  3.57712e-002, 
  2.71445e+008, -1.35985e+001,  1.92883e-001, -7.87827e+004,  3.84021e-004,  3.14608e+008, 
  4.11953e-001,  4.74393e-003, -8.56936e+003,  7.74708e+008, -1.09845e-005,  2.33553e-004, 
  3.34104e+010, -5.09765e-002,  2.06095e+009)
 Mass/Span = ( 5.67198e+002). [kg/m].
 Moments of Inertia M11, M22, M33 = ( 2.45514e+003,  2.23570e+003,  2.19438e+002) [kg.m^2/m].
 Center of mass location = ( 3.95391e-017,  3.16313e-016) [m].
 Damping coefficient = ( 0.00000e+000). [sec].
 ### Mass moment of inertia about e2 or/and e3 axes are 
 ### adjusted to ensure consistent mass matrix.
 ETA_COORDINATE = ( 7.07290e-002).
 Stiffness matrix = (
  8.92607e+009, -1.61491e-004,  4.50122e-004,  2.00028e+005, -1.57181e-002, -8.98224e-002, 
  3.46825e+008, -1.05696e+001, -2.93124e-001, -4.15804e+004,  2.04212e-004,  2.89001e+008, 
 -3.61476e-001,  7.48969e-004, -4.26530e+003,  7.10384e+008, -6.04533e-004, -4.74003e-004, 
  3.80183e+010,  6.13303e-002,  2.35792e+009)
 Mass/Span = ( 6.14729e+002). [kg/m].
 Moments of Inertia M11, M22, M33 = ( 2.42899e+003,  2.20857e+003,  2.20419e+002) [kg.m^2/m].
 Center of mass location = ( 3.84686e-017,  1.19921e-016) [m].
 Damping coefficient = ( 0.00000e+000). [sec].
 ### Mass moment of inertia about e2 or/and e3 axes are 
 ### adjusted to ensure consistent mass matrix.
 ETA_COORDINATE = ( 9.79325e-002).
 Stiffness matrix = (
  1.02760e+010,  3.00176e-005, -6.48038e-004,  2.48442e+004,  3.11902e-002,  1.85193e-001, 
  3.82118e+008, -2.04495e+000,  4.28466e-002, -8.48291e+003,  4.04212e-005,  2.62703e+008, 
  4.01181e-002,  8.79151e-004, -1.38313e+003,  6.38722e+008,  1.26637e-003,  5.04228e-004, 
  3.78778e+010, -1.55513e-001,  2.55670e+009)
 Mass/Span = ( 6.38259e+002). [kg/m].
 Moments of Inertia M11, M22, M33 = ( 2.22450e+003,  2.00803e+003,  2.16475e+002) [kg.m^2/m].
 Center of mass location = ( 7.51009e-017,  1.44723e-016) [m].
 Damping coefficient = ( 0.00000e+000). [sec].
 ### Mass moment of inertia about e2 or/and e3 axes are 
 ### adjusted to ensure consistent mass matrix.
 ETA_COORDINATE = ( 1.32753e-001).
 Stiffness matrix = (
  1.30607e+010, -5.26682e-006, -1.96154e-004,  1.49147e+003, -9.89820e-004,  4.82590e-002, 
  5.03918e+008, -4.70240e+000, -1.61727e-001, -3.10736e+001,  2.96042e-005,  2.30699e+008, 
 -8.68585e-002,  2.85891e-004, -7.45872e+002,  5.60281e+008,  3.55433e-004,  1.05235e-004, 
  3.93401e+010, -5.90164e-002,  3.01462e+009)
 Mass/Span = ( 7.37805e+002). [kg/m].
 Moments of Inertia M11, M22, M33 = ( 2.18785e+003,  1.96265e+003,  2.25202e+002) [kg.m^2/m].
 Center of mass location = ( 2.16686e-017,  1.92610e-017) [m].
 Damping coefficient = ( 0.00000e+000). [sec].
 ### Mass moment of inertia about e2 or/and e3 axes are 
 ### adjusted to ensure consistent mass matrix.
 ETA_COORDINATE = ( 1.51251e-001).
 Stiffness matrix = (
  1.51233e+010, -1.10505e-001,  2.23821e-004,  1.40961e+003, -2.01753e-001, -8.80337e-002, 
  6.21984e+008, -7.19882e+000, -1.29380e+000, -3.25548e+001,  2.03785e-002,  2.14909e+008, 
 -3.27930e-002, -1.33881e-004, -6.97529e+002,  5.25998e+008, -2.82849e-004, -1.79328e-004, 
  4.07257e+010,  3.62966e-002,  3.37105e+009)
 Mass/Span = ( 8.25053e+002). [kg/m].
 Moments of Inertia M11, M22, M33 = ( 2.23911e+003,  2.00227e+003,  2.36840e+002) [kg.m^2/m].
 Center of mass location = ( 4.30604e-018,  1.72242e-017) [m].
 Damping coefficient = ( 0.00000e+000). [sec].
 ### Mass moment of inertia about e2 or/and e3 axes are 
 ### adjusted to ensure consistent mass matrix.
 ETA_COORDINATE = ( 1.68662e-001).
 Stiffness matrix = (
  1.60591e+010,  4.86120e-005, -1.09188e-004,  1.32979e+003, -1.97813e-001,  4.65919e-002, 
  6.89073e+008,  3.92351e+000, -8.39935e-002, -3.28255e+001, -2.06756e-005,  2.00380e+008, 
 -1.11273e-001,  8.10151e-005, -6.51502e+002,  4.91935e+008,  6.31264e-006,  7.53197e-005, 
  3.84337e+010, -5.52712e-003,  3.51677e+009)
 Mass/Span = ( 8.60728e+002). [kg/m].
 Moments of Inertia M11, M22, M33 = ( 2.11500e+003,  1.87608e+003,  2.38926e+002) [kg.m^2/m].
 Center of mass location = ( 2.47654e-017,  4.95308e-017) [m].
 Damping coefficient = ( 0.00000e+000). [sec].
 ### Mass moment of inertia about e2 or/and e3 axes are 
 ### adjusted to ensure consistent mass matrix.
 ETA_COORDINATE = ( 1.86072e-001).
 Stiffness matrix = (
  1.81230e+010,  8.39791e-006, -8.33664e-005,  1.24953e+003,  3.00939e-002,  2.64268e-002, 
  8.14739e+008, -7.72285e+000, -1.26985e-001, -3.33113e+001,  2.14835e-005,  1.84812e+008, 
 -8.33425e-002,  4.22084e-005, -6.03864e+002,  4.57701e+008,  1.82494e-004,  4.68078e-005, 
  3.80554e+010, -8.55534e-003,  3.87407e+009)
 Mass/Span = ( 9.48189e+002). [kg/m].
 Moments of Inertia M11, M22, M33 = ( 2.09074e+003,  1.84004e+003,  2.50699e+002) [kg.m^2/m].
 Center of mass location = ( 2.24810e-017,  4.49621e-017) [m].
 Damping coefficient = ( 0.00000e+000). [sec].
 ### Mass moment of inertia about e2 or/and e3 axes are 
 ### adjusted to ensure consistent mass matrix.
 ETA_COORDINATE = ( 2.15452e-001).
 Stiffness matrix = (
  1.80514e+010,  5.68786e-005, -2.20728e-004,  1.16473e+003,  1.42368e-002,  7.34605e-002, 
  8.34108e+008, -3.80398e+000, -2.45861e-002, -3.23313e+001,  6.86572e-006,  1.70354e+008, 
 -1.26950e-002,  1.87429e-004, -5.56525e+002,  4.21535e+008,  2.70254e-004,  1.36578e-004, 
  3.28662e+010, -4.27120e-002,  3.82892e+009)
 Mass/Span = ( 9.37144e+002). [kg/m].
 Moments of Inertia M11, M22, M33 = ( 1.82813e+003,  1.58438e+003,  2.43742e+002) [kg.m^2/m].
 Center of mass location = ( 1.51640e-017,  1.06148e-016) [m].
 Damping coefficient = ( 0.00000e+000). [sec].
 ### Mass moment of inertia about e2 or/and e3 axes are 
 ### adjusted to ensure consistent mass matrix.
 ETA_COORDINATE = ( 2.44831e-001).
 Stiffness matrix = (
  1.79871e+010,  3.62430e-006,  2.46669e-005,  1.08849e+003, -4.75842e-002, -1.11381e-002, 
  8.50299e+008, -8.48893e+000,  2.46251e-002, -3.12691e+001,  2.91810e-005,  1.57387e+008, 
  3.23959e-003, -9.49579e-006, -5.14125e+002,  3.89127e+008, -5.14254e-005, -1.88378e-005, 
  2.85333e+010,  1.21746e-003,  3.78835e+009)
 Mass/Span = ( 9.27219e+002). [kg/m].
 Moments of Inertia M11, M22, M33 = ( 1.60929e+003,  1.37180e+003,  2.37491e+002) [kg.m^2/m].
 Center of mass location = ( 7.66316e-018,  7.66316e-017) [m].
 Damping coefficient = ( 0.00000e+000). [sec].
 ### Mass moment of inertia about e2 or/and e3 axes are 
 ### adjusted to ensure consistent mass matrix.
 ETA_COORDINATE = ( 2.74211e-001).
 Stiffness matrix = (
  1.69154e+010, -1.55019e-005,  2.36924e-005,  1.00725e+003,  2.17405e-002, -1.43098e-002, 
  8.13580e+008, -3.88152e+000, -1.55852e-002, -2.95904e+001,  1.46068e-005,  1.44456e+008, 
 -1.09354e-002, -7.23377e-006, -4.70384e+002,  3.54723e+008,  3.73605e-006, -1.85589e-005, 
  2.30109e+010,  7.68166e-004,  3.55690e+009)
 Mass/Span = ( 8.70573e+002). [kg/m].
 Moments of Inertia M11, M22, M33 = ( 1.32782e+003,  1.10563e+003,  2.22196e+002) [kg.m^2/m].
 Center of mass location = ( 1.63236e-017,  4.89707e-017) [m].
 Damping coefficient = ( 0.00000e+000). [sec].
 ### Mass moment of inertia about e2 or/and e3 axes are 
 ### adjusted to ensure consistent mass matrix.
 ETA_COORDINATE = ( 3.63439e-001).
 Stiffness matrix = (
  1.56411e+010, -5.02120e-006,  7.29373e-005,  8.34132e+002,  4.08280e-004, -3.36322e-002, 
  7.81071e+008, -9.06774e+000, -4.66197e-002, -2.58492e+001,  2.97958e-005,  1.16203e+008, 
 -1.89660e-002, -3.57381e-005, -3.76702e+002,  2.82141e+008, -6.03988e-005, -3.97455e-005, 
  1.45785e+010,  8.32107e-003,  3.25328e+009)
 Mass/Span = ( 7.96269e+002). [kg/m].
 Moments of Inertia M11, M22, M33 = ( 8.95931e+002,  6.97605e+002,  1.98326e+002) [kg.m^2/m].
 Center of mass location = ( 2.23085e-017,  6.24638e-017) [m].
 Damping coefficient = ( 0.00000e+000). [sec].
 ### Mass moment of inertia about e2 or/and e3 axes are 
 ### adjusted to ensure consistent mass matrix.
 ETA_COORDINATE = ( 4.51578e-001).
 Stiffness matrix = (
  1.44978e+010, -2.98185e-007,  7.38704e-005,  6.66625e+002, -4.81417e-003, -3.83142e-002, 
  7.45682e+008,  2.37412e+000, -5.76035e-003, -2.15071e+001, -7.81269e-006,  8.91808e+007, 
 -5.71854e-003, -3.52866e-005, -2.87377e+002,  2.13398e+008, -5.42419e-005, -3.31117e-005, 
  8.62867e+009,  9.90497e-003,  2.97667e+009)
 Mass/Span = ( 7.28578e+002). [kg/m].
 Moments of Inertia M11, M22, M33 = ( 5.87001e+002,  4.10927e+002,  1.76075e+002) [kg.m^2/m].
 Center of mass location = ( 4.87623e-018,  2.92574e-017) [m].
 Damping coefficient = ( 0.00000e+000). [sec].
 ### Mass moment of inertia about e2 or/and e3 axes are 
 ### adjusted to ensure consistent mass matrix.
 ETA_COORDINATE = ( 5.39717e-001).
 Stiffness matrix = (
  1.32612e+010, -1.43350e-006,  1.18309e-005,  5.36206e+002,  1.09914e-002, -5.99975e-003, 
  6.93842e+008,  2.27114e+000, -5.26992e-003, -1.76123e+001, -7.01917e-006,  6.88741e+007, 
 -7.68006e-004, -2.90238e-006, -2.19416e+002,  1.61603e+008, -1.58098e-006, -3.77451e-006, 
  5.14436e+009,  7.35929e-004,  2.69682e+009)
 Mass/Span = ( 6.60090e+002). [kg/m].
 Moments of Inertia M11, M22, M33 = ( 4.00010e+002,  2.44142e+002,  1.55869e+002) [kg.m^2/m].
 Center of mass location = ( 1.88376e-017,  0.00000e+000) [m].
 Damping coefficient = ( 0.00000e+000). [sec].
 ### Mass moment of inertia about e2 or/and e3 axes are 
 ### adjusted to ensure consistent mass matrix.
 ETA_COORDINATE = ( 6.28945e-001).
 Stiffness matrix = (
  1.10526e+010, -3.02149e-006,  1.14597e-005,  4.42133e+002, -1.67656e-002, -7.17799e-003, 
  5.82822e+008,  5.37882e+001, -1.72117e-003, -1.44959e+001, -1.66601e-004,  5.54248e+007, 
  1.03039e-005, -5.59527e-006, -1.71943e+002,  1.25404e+008, -7.52542e-006, -3.46023e-006, 
  3.00373e+009,  1.76818e-003,  2.24835e+009)
 Mass/Span = ( 5.50324e+002). [kg/m].
 Moments of Inertia M11, M22, M33 = ( 2.72614e+002,  1.42566e+002,  1.30047e+002) [kg.m^2/m].
 Center of mass location = ( 9.68352e-018,  2.58227e-017) [m].
 Damping coefficient = ( 0.00000e+000). [sec].
 ETA_COORDINATE = ( 6.99674e-001).
 Stiffness matrix = (
  8.85713e+009, -3.39680e-007, -3.29744e-006,  3.63041e+002,  7.43026e-003,  5.57439e-003, 
  4.69454e+008,  4.50162e+000, -2.06815e-003, -1.18702e+001, -1.32825e-005,  4.44641e+007, 
 -4.47658e-004,  1.09100e-006, -1.31955e+002,  9.57030e+007,  1.66368e-006,  1.62523e-006, 
  1.70184e+009, -4.73864e-004,  1.80816e+009)
 Mass/Span = ( 4.42585e+002). [kg/m].
 Moments of Inertia M11, M22, M33 = ( 1.86382e+002,  8.08786e+001,  1.05503e+002) [kg.m^2/m].
 Center of mass location = ( 0.00000e+000,  2.00680e-017) [m].
 Damping coefficient = ( 0.00000e+000). [sec].
 ### Mass moment of inertia about e2 or/and e3 axes are 
 ### adjusted to ensure consistent mass matrix.
 ETA_COORDINATE = ( 7.17084e-001).
 Stiffness matrix = (
  8.34030e+009,  6.10421e-007, -9.98864e-007,  3.43956e+002,  2.83797e-003,  1.81203e-003, 
  4.42566e+008,  4.43256e+000,  6.36129e-004, -1.12509e+001, -1.28884e-005,  4.18286e+007, 
 -7.88145e-005,  5.18163e-007, -1.22195e+002,  8.86655e+007,  6.23291e-007,  4.69866e-007, 
  1.46053e+009, -2.76155e-004,  1.70444e+009)
 Mass/Span = ( 4.17198e+002). [kg/m].
 Moments of Inertia M11, M22, M33 = ( 1.69142e+002,  6.94371e+001,  9.97044e+001) [kg.m^2/m].
 Center of mass location = ( 1.27735e-017,  2.12892e-017) [m].
 Damping coefficient = ( 0.00000e+000). [sec].
 ### Mass moment of inertia about e2 or/and e3 axes are 
 ### adjusted to ensure consistent mass matrix.
 ETA_COORDINATE = ( 7.77040e-001).
 Stiffness matrix = (
  6.18151e+009,  4.87032e-006, -8.13375e-008,  3.11172e+002, -4.68530e-003,  2.66406e-003, 
  3.27810e+008,  5.41846e+000, -5.57426e-004, -1.00484e+001, -1.52673e-005,  3.73793e+007, 
 -1.22881e-004, -2.63181e-007, -1.04109e+002,  7.40232e+007, -7.79510e-007,  5.21664e-007, 
  9.25678e+008,  1.61363e-004,  1.28738e+009)
 Mass/Span = ( 3.15116e+002). [kg/m].
 Moments of Inertia M11, M22, M33 = ( 1.23040e+002,  4.43169e+001,  7.87229e+001) [kg.m^2/m].
 Center of mass location = ( 8.45574e-018,  0.00000e+000) [m].
 Damping coefficient = ( 0.00000e+000). [sec].
 ### Mass moment of inertia about e2 or/and e3 axes are 
 ### adjusted to ensure consistent mass matrix.
 ETA_COORDINATE = ( 8.05223e-001).
 Stiffness matrix = (
  4.53885e+009, -2.40008e-006,  5.80240e-006,  2.97861e+002, -4.42958e-003, -1.25607e-002, 
  2.39794e+008,  4.08001e+000,  2.62513e-005, -9.36614e+000, -1.09214e-005,  3.48820e+007, 
  4.62425e-006, -5.98102e-007, -9.39695e+001,  6.39593e+007, -1.53174e-006, -2.24495e-006, 
  6.33852e+008,  5.74075e-004,  9.73609e+008)
 Mass/Span = ( 2.38315e+002). [kg/m].
 Moments of Inertia M11, M22, M33 = ( 9.41629e+001,  3.06899e+001,  6.34730e+001) [kg.m^2/m].
 Center of mass location = ( 3.72692e-017,  3.72692e-018) [m].
 Damping coefficient = ( 0.00000e+000). [sec].
 ETA_COORDINATE = ( 8.94450e-001).
 Stiffness matrix = (
  2.37625e+009,  4.80853e-006,  1.42529e-006,  2.66689e+002,  4.70609e-003, -1.80547e-003, 
  1.23734e+008,  1.93488e+000,  2.83640e-003, -7.62369e+000, -5.05490e-006,  2.68645e+007, 
  2.74951e-004, -1.68491e-007, -6.65273e+001,  3.97442e+007,  3.29722e-007, -1.96370e-007, 
  2.63962e+008, -8.93103e-005,  5.54151e+008)
 Mass/Span = ( 1.35646e+002). [kg/m].
 Moments of Inertia M11, M22, M33 = ( 5.53504e+001,  1.32287e+001,  4.21217e+001) [kg.m^2/m].
 Center of mass location = ( 2.61912e-017,  1.63695e-017) [m].
 Damping coefficient = ( 0.00000e+000). [sec].
 ETA_COORDINATE = ( 9.46681e-001).
 Stiffness matrix = (
  1.35367e+009, -5.38217e-006, -2.85077e-006,  2.50653e+002,  5.34708e-003,  5.33128e-003, 
  6.80384e+007,  4.04533e+000, -2.70665e-003, -6.09222e+000, -9.11846e-006,  1.98483e+007, 
 -2.32211e-004,  6.99516e-008, -4.60333e+001,  2.33255e+007,  3.42797e-007,  3.60560e-007, 
  1.24240e+008, -4.05170e-004,  3.53679e+008)
 Mass/Span = ( 8.65774e+001). [kg/m].
 Moments of Inertia M11, M22, M33 = ( 3.81684e+001,  6.56881e+000,  3.15996e+001) [kg.m^2/m].
 Center of mass location = ( 3.84704e-017,  7.69409e-018) [m].
 Damping coefficient = ( 0.00000e+000). [sec].
 ### Mass moment of inertia about e2 or/and e3 axes are 
 ### adjusted to ensure consistent mass matrix.
 ETA_COORDINATE = ( 1.00000e+000).
 Stiffness matrix = (
  8.02585e+008, -4.37834e-006,  3.38996e-007,  1.97203e+002,  5.05697e-005, -4.12904e-004, 
  3.90213e+007,  4.52324e+000,  9.45763e-005, -4.19238e+000, -7.23835e-006,  1.01103e+007, 
 -1.40292e-006, -4.34740e-007, -1.69521e+001,  9.33952e+006, -7.08661e-009, -2.68591e-008, 
  4.34318e+007,  4.19077e-005,  2.28353e+008)
 Mass/Span = ( 5.59069e+001). [kg/m].
 Moments of Inertia M11, M22, M33 = ( 2.48782e+001,  2.40467e+000,  2.24735e+001) [kg.m^2/m].
 Center of mass location = ( 2.38301e-017,  5.95753e-018) [m].
 Damping coefficient = ( 0.00000e+000). [sec].

 *** Beam: [mono_spar],
 Edge : [edgeBlade].
 Property table : [propBlade].


 $$$ Checking object: [Iost].
 Error: IOST1. In Input/Output operations
 File [C:\Wind_Turbine_Research\realistic_blade\DYMORE\ms_ut_c\msut_t_c\FIGURES\scheduleload.mdt] could not be opened.
 
 

=======
>>>>>>> 77093ea64fa2779725deb0bc0a2ff246bb2c900f
      ---  Destroying Iost  ---- 


      ---  List of Memory Items  ---- 

<<<<<<< HEAD
 Number of Items = (    4).
 Item ID = (33000).  Pointer = (        005ED798).
 Item ID = (33001).  Pointer = (        005F5D60).
 Item ID = (33003).  Pointer = (        005F5D78).
 Item ID = (33004).  Pointer = (        005F5D90).
=======
 Number of Items = (  296).
 Item ID = (33000).  Pointer = (        00502320).
 Item ID = (33001).  Pointer = (        0051C590).
 Item ID = (33003).  Pointer = (        0051C5A8).
 Item ID = (33004).  Pointer = (        0051C5C0).
 Item ID = (30600).  Pointer = (        00518528).
 Item ID = (30601).  Pointer = (        023A8D48).
 Item ID = (75000).  Pointer = (        0050C3D0).
 Item ID = (76000).  Pointer = (        023AA818).
 Item ID = (74000).  Pointer = (        005195C8).
 Item ID = (31500).  Pointer = (        0051A6F8).
 Item ID = (30603).  Pointer = (        0050F2C8).
 Item ID = (90000).  Pointer = (        005244B0).
 Item ID = (59000).  Pointer = (        00505B30).
 Item ID = (59001).  Pointer = (        023A8DF0).
 Item ID = (110100).  Pointer = (        005069D0).
 Item ID = (110101).  Pointer = (        023A8ED0).
 Item ID = (110110).  Pointer = (        004FFE40).
 Item ID = (110110).  Pointer = (        0050F508).
 Item ID = (110111).  Pointer = (        00524920).
 Item ID = (110111).  Pointer = (        0050F4D8).
 Item ID = (110111).  Pointer = (        0051A1D0).
 Item ID = (110111).  Pointer = (        0050F2E0).
 Item ID = (110111).  Pointer = (        0050F2F8).
 Item ID = (110111).  Pointer = (        0050F340).
 Item ID = (110111).  Pointer = (        005249F0).
 Item ID = (110111).  Pointer = (        0050F250).
 Item ID = (110111).  Pointer = (        0050F4C0).
 Item ID = (110111).  Pointer = (        0050F358).
 Item ID = (110111).  Pointer = (        0050F268).
 Item ID = (110111).  Pointer = (        0050F3A0).
 Item ID = (110111).  Pointer = (        00524AC0).
 Item ID = (110111).  Pointer = (        0050F280).
 Item ID = (110111).  Pointer = (        0050F3B8).
 Item ID = (110111).  Pointer = (        00524B30).
 Item ID = (110111).  Pointer = (        0050F1A8).
 Item ID = (110111).  Pointer = (        0050F1C0).
 Item ID = (110111).  Pointer = (        0050F310).
 Item ID = (110111).  Pointer = (        00524BC0).
 Item ID = (110120).  Pointer = (        0050F3E8).
 Item ID = (110120).  Pointer = (        00513750).
 Item ID = (110120).  Pointer = (        0051A1B0).
 Item ID = (110120).  Pointer = (        004FFED0).
 Item ID = (110120).  Pointer = (        0051A190).
 Item ID = (110120).  Pointer = (        00524C90).
 Item ID = (110120).  Pointer = (        004FFF00).
 Item ID = (110120).  Pointer = (        00502550).
 Item ID = (110120).  Pointer = (        00524D00).
 Item ID = (110120).  Pointer = (        0051A430).
 Item ID = (110120).  Pointer = (        00524D50).
 Item ID = (110120).  Pointer = (        0050F1D8).
 Item ID = (110120).  Pointer = (        00502578).
 Item ID = (110120).  Pointer = (        004FFF30).
 Item ID = (110120).  Pointer = (        005025A0).
 Item ID = (110120).  Pointer = (        00524E00).
 Item ID = (110120).  Pointer = (        005025C8).
 Item ID = (110120).  Pointer = (        00524E50).
 Item ID = (110120).  Pointer = (        0051A510).
 Item ID = (110120).  Pointer = (        0051A4F0).
 Item ID = (110120).  Pointer = (        004FFF60).
 Item ID = (110120).  Pointer = (        0050F1F0).
 Item ID = (110120).  Pointer = (        004FFF90).
 Item ID = (110120).  Pointer = (        0050F208).
 Item ID = (110120).  Pointer = (        004FFFC0).
 Item ID = (110120).  Pointer = (        0051A4D0).
 Item ID = (110120).  Pointer = (        00507CE0).
 Item ID = (110120).  Pointer = (        004FFFF0).
 Item ID = (110120).  Pointer = (        0050F3D0).
 Item ID = (110120).  Pointer = (        00500020).
 Item ID = (110120).  Pointer = (        005025F0).
 Item ID = (110120).  Pointer = (        00500110).
 Item ID = (110120).  Pointer = (        0051A170).
 Item ID = (110120).  Pointer = (        00507C10).
 Item ID = (110120).  Pointer = (        00507BC0).
 Item ID = (110121).  Pointer = (        00507BB0).
 Item ID = (110121).  Pointer = (        0051A2B0).
 Item ID = (110121).  Pointer = (        0051A090).
 Item ID = (110121).  Pointer = (        0051A0D0).
 Item ID = (110121).  Pointer = (        0050F160).
 Item ID = (110121).  Pointer = (        0050F490).
 Item ID = (110121).  Pointer = (        0050F178).
 Item ID = (110121).  Pointer = (        0050A2D0).
 Item ID = (110121).  Pointer = (        0050A2E8).
 Item ID = (110121).  Pointer = (        0050A300).
 Item ID = (110121).  Pointer = (        0050A390).
 Item ID = (110121).  Pointer = (        0050A3A8).
 Item ID = (110121).  Pointer = (        00519F10).
 Item ID = (110121).  Pointer = (        0050A3C0).
 Item ID = (110121).  Pointer = (        0050A3D8).
 Item ID = (110121).  Pointer = (        0050A3F0).
 Item ID = (110121).  Pointer = (        0050A408).
 Item ID = (110121).  Pointer = (        0050A420).
 Item ID = (110121).  Pointer = (        0050A438).
 Item ID = (110121).  Pointer = (        0050A450).
 Item ID = (110121).  Pointer = (        0050A468).
 Item ID = (110121).  Pointer = (        0050A480).
 Item ID = (110121).  Pointer = (        0050A498).
 Item ID = (110121).  Pointer = (        0050A4B0).
 Item ID = (110121).  Pointer = (        00519F70).
 Item ID = (110121).  Pointer = (        00507880).
 Item ID = (110121).  Pointer = (        0050A4C8).
 Item ID = (110121).  Pointer = (        0050A318).
 Item ID = (110121).  Pointer = (        0050A330).
 Item ID = (110121).  Pointer = (        0050A348).
 Item ID = (110121).  Pointer = (        0050A4E0).
 Item ID = (110121).  Pointer = (        0050A360).
 Item ID = (110121).  Pointer = (        0050A378).
 Item ID = (110121).  Pointer = (        0050A510).
 Item ID = (110121).  Pointer = (        0051A390).
 Item ID = (110121).  Pointer = (        0051A3B0).
 Item ID = (110121).  Pointer = (        0051A4B0).
 Item ID = (110121).  Pointer = (        0050A4F8).
 Item ID = (110121).  Pointer = (        0051A150).
 Item ID = (110121).  Pointer = (        0050A528).
 Item ID = (110121).  Pointer = (        0050A540).
 Item ID = (110121).  Pointer = (        0050A570).
 Item ID = (110121).  Pointer = (        0050A558).
 Item ID = (110121).  Pointer = (        0050A588).
 Item ID = (110121).  Pointer = (        0051A130).
 Item ID = (110121).  Pointer = (        0051A490).
 Item ID = (110121).  Pointer = (        0051A350).
 Item ID = (110121).  Pointer = (        0051A410).
 Item ID = (110121).  Pointer = (        00508560).
 Item ID = (110121).  Pointer = (        005084E0).
 Item ID = (110121).  Pointer = (        0050A5A0).
 Item ID = (110121).  Pointer = (        00501730).
 Item ID = (110121).  Pointer = (        0051A070).
 Item ID = (110121).  Pointer = (        00501748).
 Item ID = (110121).  Pointer = (        00508370).
 Item ID = (110121).  Pointer = (        00501760).
 Item ID = (110121).  Pointer = (        00501778).
 Item ID = (110121).  Pointer = (        00501790).
 Item ID = (110121).  Pointer = (        00502618).
 Item ID = (110121).  Pointer = (        005017A8).
 Item ID = (110121).  Pointer = (        005017C0).
 Item ID = (110121).  Pointer = (        00505748).
 Item ID = (110121).  Pointer = (        00508050).
 Item ID = (110130).  Pointer = (        023A8F08).
 Item ID = (110130).  Pointer = (        00502640).
 Item ID = (110130).  Pointer = (        00507F70).
 Item ID = (110131).  Pointer = (        00507E30).
 Item ID = (110131).  Pointer = (        00505760).
 Item ID = (110131).  Pointer = (        00519FB0).
 Item ID = (110131).  Pointer = (        00505778).
 Item ID = (110131).  Pointer = (        00505790).
 Item ID = (110131).  Pointer = (        005057A8).
 Item ID = (110131).  Pointer = (        0051A470).
 Item ID = (110131).  Pointer = (        005057C0).
 Item ID = (110131).  Pointer = (        0051A450).
 Item ID = (110131).  Pointer = (        005057D8).
 Item ID = (110131).  Pointer = (        005084B0).
 Item ID = (110131).  Pointer = (        005057F0).
 Item ID = (110131).  Pointer = (        00505808).
 Item ID = (110131).  Pointer = (        00508440).
 Item ID = (110131).  Pointer = (        005083B0).
 Item ID = (110131).  Pointer = (        00505820).
 Item ID = (110131).  Pointer = (        00508330).
 Item ID = (110132).  Pointer = (        00508280).
 Item ID = (110132).  Pointer = (        00505838).
 Item ID = (110132).  Pointer = (        0051A3F0).
 Item ID = (110132).  Pointer = (        00508230).
 Item ID = (110132).  Pointer = (        00505850).
 Item ID = (110132).  Pointer = (        005081B0).
 Item ID = (110132).  Pointer = (        00505868).
 Item ID = (110132).  Pointer = (        0051A370).
 Item ID = (110132).  Pointer = (        00508140).
 Item ID = (110132).  Pointer = (        005080B0).
 Item ID = (110132).  Pointer = (        00505880).
 Item ID = (110132).  Pointer = (        00508030).
 Item ID = (110132).  Pointer = (        00507F80).
 Item ID = (110132).  Pointer = (        0051A330).
 Item ID = (110132).  Pointer = (        00507F00).
 Item ID = (110133).  Pointer = (        00507F20).
 Item ID = (110133).  Pointer = (        00505898).
 Item ID = (110133).  Pointer = (        0051A2F0).
 Item ID = (110133).  Pointer = (        0051A270).
 Item ID = (110133).  Pointer = (        0051A110).
 Item ID = (110133).  Pointer = (        005058B0).
 Item ID = (110133).  Pointer = (        0051A0B0).
 Item ID = (110133).  Pointer = (        0051A050).
 Item ID = (110133).  Pointer = (        005058C8).
 Item ID = (110133).  Pointer = (        00519F90).
 Item ID = (110133).  Pointer = (        00519F30).
 Item ID = (110133).  Pointer = (        005058E0).
 Item ID = (110133).  Pointer = (        00502668).
 Item ID = (110133).  Pointer = (        00508AD0).
 Item ID = (110133).  Pointer = (        005058F8).
 Item ID = (110133).  Pointer = (        00508AF0).
 Item ID = (110133).  Pointer = (        00505910).
 Item ID = (110133).  Pointer = (        0051FD78).
 Item ID = (110133).  Pointer = (        00505928).
 Item ID = (110133).  Pointer = (        00508B10).
 Item ID = (110133).  Pointer = (        00505940).
 Item ID = (110133).  Pointer = (        00505958).
 Item ID = (110133).  Pointer = (        00505970).
 Item ID = (110133).  Pointer = (        00505988).
 Item ID = (110133).  Pointer = (        0051FC88).
 Item ID = (110133).  Pointer = (        0051FA08).
 Item ID = (110133).  Pointer = (        00502690).
 Item ID = (110133).  Pointer = (        005026B8).
 Item ID = (110133).  Pointer = (        005026E0).
 Item ID = (110133).  Pointer = (        00502708).
 Item ID = (110133).  Pointer = (        005059A0).
 Item ID = (110133).  Pointer = (        0051F988).
 Item ID = (110133).  Pointer = (        0051F9E8).
 Item ID = (110133).  Pointer = (        00502730).
 Item ID = (110133).  Pointer = (        00502758).
 Item ID = (110133).  Pointer = (        00502780).
 Item ID = (110133).  Pointer = (        00508B30).
 Item ID = (110133).  Pointer = (        005059B8).
 Item ID = (110133).  Pointer = (        00508B50).
 Item ID = (110133).  Pointer = (        00508B70).
 Item ID = (110133).  Pointer = (        005027A8).
 Item ID = (110133).  Pointer = (        005059D0).
 Item ID = (110133).  Pointer = (        00508B90).
 Item ID = (110133).  Pointer = (        00508BB0).
 Item ID = (110133).  Pointer = (        00508BD0).
 Item ID = (110133).  Pointer = (        00508BF0).
 Item ID = (110133).  Pointer = (        005023E8).
 Item ID = (110133).  Pointer = (        00502460).
 Item ID = (110133).  Pointer = (        00502208).
 Item ID = (110133).  Pointer = (        00502190).
 Item ID = (110133).  Pointer = (        00502140).
 Item ID = (110133).  Pointer = (        00502118).
 Item ID = (110133).  Pointer = (        005020F0).
 Item ID = (110133).  Pointer = (        005021E0).
 Item ID = (110133).  Pointer = (        005022F8).
 Item ID = (110133).  Pointer = (        005021B8).
 Item ID = (110133).  Pointer = (        005020C8).
 Item ID = (110133).  Pointer = (        0050AE78).
 Item ID = (110133).  Pointer = (        0050AE50).
 Item ID = (110133).  Pointer = (        0050AE28).
 Item ID = (110133).  Pointer = (        0050AE00).
 Item ID = (110133).  Pointer = (        0050ADD8).
 Item ID = (110133).  Pointer = (        0050ADB0).
 Item ID = (110133).  Pointer = (        0050AD88).
 Item ID = (110133).  Pointer = (        0050AD60).
 Item ID = (110133).  Pointer = (        0050AD38).
 Item ID = (110133).  Pointer = (        0050AD10).
 Item ID = (110133).  Pointer = (        00508C10).
 Item ID = (110133).  Pointer = (        00508C30).
 Item ID = (110133).  Pointer = (        00508C50).
 Item ID = (110133).  Pointer = (        00508C70).
 Item ID = (110133).  Pointer = (        00508C90).
 Item ID = (110133).  Pointer = (        005059E8).
 Item ID = (110133).  Pointer = (        0050ACE8).
 Item ID = (110133).  Pointer = (        00505A00).
 Item ID = (110133).  Pointer = (        00508CB0).
 Item ID = (110133).  Pointer = (        00508CD0).
 Item ID = (110133).  Pointer = (        0051F438).
 Item ID = (110133).  Pointer = (        0050ACC0).
 Item ID = (110133).  Pointer = (        0050AC98).
 Item ID = (110133).  Pointer = (        0050AC70).
 Item ID = (110133).  Pointer = (        00505A18).
 Item ID = (110133).  Pointer = (        00505A30).
 Item ID = (110133).  Pointer = (        00505A48).
 Item ID = (110133).  Pointer = (        0050ABD0).
 Item ID = (110133).  Pointer = (        0050AAB8).
 Item ID = (110133).  Pointer = (        0050AAE0).
 Item ID = (110133).  Pointer = (        0050A6D0).
 Item ID = (110133).  Pointer = (        00505A60).
 Item ID = (110133).  Pointer = (        00508CF0).
 Item ID = (110133).  Pointer = (        00505A78).
 Item ID = (110133).  Pointer = (        00505A90).
 Item ID = (110133).  Pointer = (        00508D10).
 Item ID = (110133).  Pointer = (        00505AA8).
 Item ID = (110133).  Pointer = (        00508D30).
 Item ID = (110133).  Pointer = (        00505AC0).
 Item ID = (110133).  Pointer = (        00505AD8).
 Item ID = (110133).  Pointer = (        00508D50).
 Item ID = (110133).  Pointer = (        00505AF0).
 Item ID = (110133).  Pointer = (        0050A6F8).
 Item ID = (110133).  Pointer = (        00508D70).
 Item ID = (110133).  Pointer = (        00508D90).
 Item ID = (110133).  Pointer = (        00508DB0).
 Item ID = (110133).  Pointer = (        00508DD0).
 Item ID = (110133).  Pointer = (        00508DF0).
 Item ID = (110133).  Pointer = (        00508E10).
 Item ID = (110133).  Pointer = (        00505B08).
 Item ID = (110133).  Pointer = (        0051EFD8).
 Item ID = (110133).  Pointer = (        00511A90).
 Item ID = (110133).  Pointer = (        0051F018).
 Item ID = (110133).  Pointer = (        0051EFA8).
 Item ID = (110133).  Pointer = (        00511AA8).
 Item ID = (110133).  Pointer = (        00508E30).
 Item ID = (110133).  Pointer = (        00508E50).
 Item ID = (110133).  Pointer = (        00511AC0).
 Item ID = (110133).  Pointer = (        00511AD8).
 Item ID = (110133).  Pointer = (        0051FB98).
 Item ID = (110133).  Pointer = (        0051FB88).
 Item ID = (110133).  Pointer = (        00508E70).
 Item ID = (110133).  Pointer = (        00508E90).
 Item ID = (110133).  Pointer = (        0050A720).
 Item ID = (110133).  Pointer = (        0050A770).
 Item ID = (110133).  Pointer = (        0050A798).
 Item ID = (110133).  Pointer = (        0050A748).
 Item ID = (110133).  Pointer = (        0050BA30).
>>>>>>> 77093ea64fa2779725deb0bc0a2ff246bb2c900f
