
     ****************************************************
     *                                                  *
     *         GEORGIA INSTITUTE OF TECHNOLOGY          *
     *                                                  *
     *          - - -     D Y M O R E    - - -          *
     *          - - -     Version 3.0    - - -          *
     *                                                  *
     * FINITE ELEMENT BASED MULTI-BODY DYNAMIC ANALYSIS *
     *                                                  *
     ****************************************************
     ---  Version: Georgia Tech Dymore V.3

     --- Run date: Mon Mar 05 17:42:43 2012




                    ***********************************
                    *   @PROCESS_CONTROL_DEFINITION   *
                    ***********************************




                    *************************
                    *   @MODEL_DEFINITION   *
                    *************************




      ---------------------------------
      |   @TIME_FUNCTION_DEFINITION   |
      ---------------------------------


 *** Time function: [scheduleload],
 Time function type : [USER_DEFINED].
 Time = ( 0.00000e+000).  Function value = ( 1.00000e+000).
 Time = ( 1.00000e+000).  Function value = ( 1.00000e+000).
 Time = ( 2.00000e+000).  Function value = ( 1.00000e+000).
 Time = ( 3.00000e+000).  Function value = ( 1.00000e+000).
 Time = ( 4.00000e+000).  Function value = ( 1.00000e+000).
 Time = ( 5.00000e+000).  Function value = ( 1.00000e+000).
 Time = ( 6.00000e+000).  Function value = ( 1.00000e+000).
 Time = ( 7.00000e+000).  Function value = ( 1.00000e+000).
 Time = ( 8.00000e+000).  Function value = ( 1.00000e+000).
 Time = ( 9.00000e+000).  Function value = ( 1.00000e+000).
 Time = ( 1.00000e+001).  Function value = ( 1.00000e+000).
 Time = ( 1.10000e+001).  Function value = ( 1.00000e+000).
 Time = ( 1.20000e+001).  Function value = ( 1.00000e+000).
 Time = ( 1.30000e+001).  Function value = ( 1.00000e+000).
 Time = ( 1.40000e+001).  Function value = ( 1.00000e+000).
 Time = ( 1.50000e+001).  Function value = ( 1.00000e+000).



      ------------------------
      |   @INCLUDE_COMMAND   |
      ------------------------


 *** Include command: [include1],
 Active command : [YES].
 List of file names:
 monoplane_spar.dat
 loadDist.dat



      ------------------------------------
      |   @CREATE_FINITE_ELEMENT_MODEL   |
      ------------------------------------

 Analysis type : [STATIC].



      --------------------------------
      |   @FINITE_ELEMENT_ANALYSIS   |
      --------------------------------


 *** Analysis control parameters: [AnalysisControlParameters],
 Maximum number of time steps = (   10).
 Simulation initial time = ( 0.00000e+000). [sec].
 Simulation final time = ( 1.50000e+001). [sec].
 Minimum time step size = ( 1.00000e-006). [sec].
 Maximum time step size = ( 5.00000e-002). [sec].
 Reference energy level = ( 6.00000e+005). [J].

 *** Step control parameters: [Step1],
 Archival frequency = (    1).  Reuse number = (  100).
 Requested number of eigenvalues = (   10).
 Eigenvalues print flag = (    0).
 Gyroscopic term: : [NO].
 Eigen spectrum shift = ( 0.00000e+000).
 Time Step Size = ( 1.00000e+000). [sec].
 Maximum number of iterations = (   10).
 Factorization strategy = (    1).
 Convergence norm type : [ENERGY LIKE].  Convergence tolerance = ( 1.00000e-006).
 Maximum number of reject = (    5).
 Average stiffness = ( 1.00000e+006).  Average mass = ( 0.00000e+000).



      ---------------------------------
      |   @POST_PROCESSING_ANALYSIS   |
      ---------------------------------


 *** Graphical control parameters: [GraphicsControlParameters],
 Time step size = ( 0.00000e+000). [sec].
 Reference frame : [INERTIAL].
 Eigenvectors scaling factor = ( 1.00000e-001).
 Number of cycles for modal animation = (    5).
 Number of frames per cycle = (  100).
 Vector field type : [FORCES].  Scaling factor = ( 1.00000e-001).
 Vector field type : [STRAINS].  Scaling factor = ( 1.00000e-001).
 Vector field type : [VELOCITIES].  Scaling factor = ( 1.00000e-001).

 *** Plotting control parameters: [PlottingControlParameters],
 Graph  plot format : [PNG].
        plot Size   : [MEDIUM].
 Map    plot format : [PNG].
        plot Size   : [LARGE].
 Map    plot format : [EPS].
        plot Size   : [LARGE].
 Map    plot format : [TRM].
        plot Size   : [LARGE].
 Object plot format : [PNG].
        plot Size   : [LARGE].
 Object plot format : [EPS].
        plot Size   : [LARGE].
 Object plot format : [TRM].
        plot Size   : [LARGE].
 Sensor plot format : [PNG].
        plot Size   : [LARGE].
 Sensor plot format : [EPS].
        plot Size   : [LARGE].
 Sensor plot format : [TRM].
        plot Size   : [LARGE].
 Signal plot format : [PNG].
        plot Size   : [MEDIUM].
 Survey plot format : [PNG].
        plot Size   : [LARGE].
 Survey plot format : [EPS].
        plot Size   : [LARGE].
 Survey plot format : [TRM].
        plot Size   : [LARGE].
 Sensor memory size = (  100).
 Map    memory size = (   10).

 *** View parameters definition: [ViewParamName],
 View reference point = ( 0.00000e+000,  0.00000e+000,  0.00000e+000)
 View size = ( 0.00000e+000,  0.00000e+000,  0.00000e+000)
 Projection reference point = ( 0.00000e+000,  0.00000e+000,  0.00000e+000)
 Projection eye vector = ( 0.00000e+000,  0.00000e+000,  0.00000e+000)
 Projection up vector = ( 0.00000e+000,  0.00000e+000,  0.00000e+000)
 Projection viewport = ( 0.00000e+000,  0.00000e+000,  0.00000e+000,  0.00000e+000)



      ----------------------------------
      |   @EXECUTING_INCLUDE_COMMAND   |
      ----------------------------------

  --- Executing include command : [include1].
 
 --- Opening data file : [monoplane_spar.dat].



      -------------------------
      |   @POINT_DEFINITION   |
      -------------------------


 *** Point: [root],
 Coordinates = ( 0.00000e+000,  0.00000e+000,  0.00000e+000) [m].
 Is defined in frame : [INERTIAL].

 *** Point: [tip],
 Coordinates = ( 9.19000e+001,  0.00000e+000,  0.00000e+000) [m].
 Is defined in frame : [INERTIAL].



      --------------------------
      |   @VERTEX_DEFINITION   |
      --------------------------


 *** Vertex: [vertexA],
 At point : [root].

 *** Vertex: [vertexB],
 At point : [tip].



      ------------------------
      |   @EDGE_DEFINITION   |
      ------------------------


 *** Edge: [edgeSpar],
 Connected to vertices: [vertexA, vertexB].
 Curve : [curveSpar].



      ------------------------
      |   @BEAM_DEFINITION   |
      ------------------------


 *** Beam: [monoplane_spar],
 Edge : [edgeSpar].
 Property table : [propSpar].



      -------------------------
      |   @CURVE_DEFINITION   |
      -------------------------


 *** Curve: [curveSpar],
 Is defined in frame : [INERTIAL].

      ---  Curve points  ---- 

 Number of control points = (    2).
 Curve degree = (    1).
 Rational curve : [NO].
 End point 0 : [root].
 End point 1 : [tip].
 Orientation distribution : [orientationSpar].
 Initial coordinate = ( 0.00000e+000). [m].
 Curve mesh parameters : [meshSpar].



      --------------------------------------------
      |   @ORIENTATION_DISTRIBUTION_DEFINITION   |
      --------------------------------------------


 *** Orientation distribution: [orientationSpar],
 Orientation definition type : [TWIST_ANGLE].
 Coordinate type : [ETA_COORDINATE].
 ETA_COORDINATE = ( 0.00000e+000).
 Twist angle = ( 0.00000e+000). [deg].
 ETA_COORDINATE = ( 2.17628e-003).
 Twist angle = ( 0.00000e+000). [deg].
 ETA_COORDINATE = ( 2.50272e-002).
 Twist angle = ( 0.00000e+000). [deg].
 ETA_COORDINATE = ( 4.78781e-002).
 Twist angle = ( 0.00000e+000). [deg].
 ETA_COORDINATE = ( 7.07291e-002).
 Twist angle = ( 0.00000e+000). [deg].
 ETA_COORDINATE = ( 9.79325e-002).
 Twist angle = ( 0.00000e+000). [deg].
 ETA_COORDINATE = ( 1.32753e-001).
 Twist angle = ( 0.00000e+000). [deg].
 ETA_COORDINATE = ( 1.51251e-001).
 Twist angle = ( 0.00000e+000). [deg].
 ETA_COORDINATE = ( 1.68662e-001).
 Twist angle = ( 0.00000e+000). [deg].
 ETA_COORDINATE = ( 1.86072e-001).
 Twist angle = ( 0.00000e+000). [deg].
 ETA_COORDINATE = ( 2.15452e-001).
 Twist angle = ( 0.00000e+000). [deg].
 ETA_COORDINATE = ( 2.44831e-001).
 Twist angle = ( 0.00000e+000). [deg].
 ETA_COORDINATE = ( 2.74211e-001).
 Twist angle = ( 0.00000e+000). [deg].
 ETA_COORDINATE = ( 3.63439e-001).
 Twist angle = ( 0.00000e+000). [deg].
 ETA_COORDINATE = ( 4.51578e-001).
 Twist angle = ( 0.00000e+000). [deg].
 ETA_COORDINATE = ( 5.39717e-001).
 Twist angle = ( 0.00000e+000). [deg].
 ETA_COORDINATE = ( 6.28945e-001).
 Twist angle = ( 0.00000e+000). [deg].
 ETA_COORDINATE = ( 6.99674e-001).
 Twist angle = ( 0.00000e+000). [deg].
 ETA_COORDINATE = ( 7.17084e-001).
 Twist angle = ( 0.00000e+000). [deg].
 ETA_COORDINATE = ( 7.70403e-001).
 Twist angle = ( 0.00000e+000). [deg].
 ETA_COORDINATE = ( 8.05223e-001).
 Twist angle = ( 0.00000e+000). [deg].
 ETA_COORDINATE = ( 8.94450e-001).
 Twist angle = ( 0.00000e+000). [deg].
 ETA_COORDINATE = ( 9.46681e-001).
 Twist angle = ( 0.00000e+000). [deg].
 ETA_COORDINATE = ( 1.00000e+000).
 Twist angle = ( 0.00000e+000). [deg].



      -----------------------------------------
      |   @CURVE_MESH_PARAMETERS_DEFINITION   |
      -----------------------------------------


 *** Curve mesh parameters: [meshSpar],
 Number of elements = (   23).
 Order of the elements = (    3).
 Uuu sequence = ( 
 0.00000e+000,  2.17628e-003,  2.50272e-002,  4.78781e-002,  7.07291e-002,  9.79325e-002, 
 1.32753e-001,  1.51251e-001,  1.68662e-001,  1.86072e-001,  2.15452e-001,  2.44831e-001, 
 2.74211e-001,  3.63439e-001,  4.51578e-001,  5.39717e-001,  6.28945e-001,  6.99674e-001, 
 7.17084e-001,  7.70403e-001,  8.05223e-001,  8.94450e-001,  9.46681e-001,  1.00000e+000).
 Comment 1 : [use ETA_COORDINATE, not ETA_VALUE].



      --------------------------------------
      |   @BOUNDARY_CONDITION_DEFINITION   |
      --------------------------------------


 *** Boundary condition: [clampRoot],
 Entity : [vertexA].
 Displacements boundary conditions = (    1,     1,     1).
 Rotation      boundary conditions = (    1,     1,     1).



      ---------------------------------
      |   @BEAM_PROPERTY_DEFINITION   |
      ---------------------------------


 *** Beam property table: [propSpar],
 Property definition type : [6X6_MATRICES].
 Coordinate type : [ETA_COORDINATE].
 ETA_COORDINATE = ( 0.00000e+000).
 Stiffness matrix = (
  8.07359e+009, -1.84464e+000,  9.83303e-001,  3.12854e+006, -4.93342e+001, -3.33831e+001, 
  3.74503e+008,  1.70875e-001,  7.75442e+000,  1.48752e+006, -2.33698e+000,  3.69428e+008, 
  1.92974e+000,  1.02052e+000,  1.43955e+005,  9.26466e+008, -4.33815e+000, -3.07645e+000, 
  4.83408e+010, -3.15497e+001,  2.53069e+009)
 Mass/Span = ( 7.45617e+002). [kg/m].
 Moments of Inertia M11, M22, M33 = ( 4.21487e+003,  3.93304e+003,  2.81823e+002) [kg.m^2/m].
 Center of mass location = ( 1.55136e-016,  1.74795e-016) [m].
 Damping coefficient = ( 0.00000e+000). [sec].
 ETA_COORDINATE = ( 2.17628e-003).
 Stiffness matrix = (
  7.48500e+009, -8.09819e-001, -4.89041e-002,  2.26073e+006, -9.59462e+001, -4.51654e+000, 
  3.34317e+008, -1.80405e+000,  5.47642e+001,  1.64575e+006, -7.52299e+000,  3.67928e+008, 
  1.80702e-001,  1.92034e+000,  1.35484e+005,  9.20571e+008,  7.98558e+000,  6.43820e+000, 
  4.40453e+010, -1.07458e+002,  2.39322e+009)
 Mass/Span = ( 6.96072e+002). [kg/m].
 Moments of Inertia M11, M22, M33 = ( 3.84317e+003,  3.57291e+003,  2.70260e+002) [kg.m^2/m].
 Center of mass location = (-1.37520e-015,  2.89479e-016) [m].
 Damping coefficient = ( 0.00000e+000). [sec].
 ETA_COORDINATE = ( 2.50272e-002).
 Stiffness matrix = (
  7.17488e+009, -2.23956e+001,  4.14004e+000,  1.04323e+006,  4.65017e+002, -3.21454e+001, 
  3.20284e+008,  1.26206e+000, -2.63172e+000,  1.29458e+006,  3.47689e+000,  3.46887e+008, 
 -6.75868e+000,  8.04213e+000,  1.03445e+005,  8.64715e+008,  4.21103e+001, -3.42924e+000, 
  3.79590e+010, -7.26439e+001,  2.24606e+009)
 Mass/Span = ( 6.29936e+002). [kg/m].
 Moments of Inertia M11, M22, M33 = ( 3.10037e+003,  2.85277e+003,  2.47597e+002) [kg.m^2/m].
 Center of mass location = ( 1.55056e-015, -6.74394e-016) [m].
 Damping coefficient = ( 0.00000e+000). [sec].
 ETA_COORDINATE = ( 4.78781e-002).
 Stiffness matrix = (
  7.23646e+009, -3.99334e+001, -1.13285e+001,  2.73058e+005,  1.04907e+003,  1.21010e+002, 
  3.10921e+008,  2.62728e+000, -3.55758e+000,  9.98455e+005,  5.35223e+000,  3.24815e+008, 
  6.43484e-001,  1.30024e+001,  6.36767e+004,  8.04013e+008,  9.06506e+001,  9.97831e+000, 
  3.43744e+010, -1.42842e+002,  2.16661e+009)
 Mass/Span = ( 5.80440e+002). [kg/m].
 Moments of Inertia M11, M22, M33 = ( 2.53867e+003,  2.31090e+003,  2.27772e+002) [kg.m^2/m].
 Center of mass location = (-1.39511e-014,  6.56439e-017) [m].
 Damping coefficient = ( 0.00000e+000). [sec].
 ETA_COORDINATE = ( 7.07291e-002).
 Stiffness matrix = (
  9.02833e+009, -6.55787e-001, -2.70776e-001,  1.79613e+005,  1.41977e+001, -4.59854e+001, 
  3.78772e+008, -2.65423e-001,  1.70639e+000,  8.53877e+004, -2.35612e-001,  3.00228e+008, 
 -6.94226e-002,  4.95308e-001,  6.18686e+003,  7.40598e+008,  1.69365e+000,  9.76413e-001, 
  3.85237e+010,  1.34025e+001,  2.42098e+009)
 Mass/Span = ( 6.22674e+002). [kg/m].
 Moments of Inertia M11, M22, M33 = ( 2.47314e+003,  2.24772e+003,  2.25419e+002) [kg.m^2/m].
 Center of mass location = ( 2.12381e-016, -7.67885e-017) [m].
 Damping coefficient = ( 0.00000e+000). [sec].
 ETA_COORDINATE = ( 9.79325e-002).
 Stiffness matrix = (
  1.03115e+010, -4.69080e+000,  2.62239e+000,  3.07330e+005,  1.34116e+002, -4.83463e+001, 
  4.02580e+008, -2.36767e+000, -5.43174e+000, -1.04537e+006, -2.31679e+000,  2.74368e+008, 
 -6.33533e-001, -5.67317e+000, -5.27416e+004,  6.68550e+008,  1.30481e+001, -2.94039e+000, 
  3.80272e+010,  1.09771e+002,  2.57714e+009)
 Mass/Span = ( 6.40908e+002). [kg/m].
 Moments of Inertia M11, M22, M33 = ( 2.23727e+003,  2.01913e+003,  2.18142e+002) [kg.m^2/m].
 Center of mass location = ( 5.16876e-015,  4.64745e-016) [m].
 Damping coefficient = ( 0.00000e+000). [sec].
 ETA_COORDINATE = ( 1.32753e-001).
 Stiffness matrix = (
  1.30612e+010,  4.34187e-003,  1.59728e-002,  2.11223e+004,  1.38283e-001,  2.48706e+000, 
  5.20240e+008,  3.07691e-002, -4.40530e-002, -8.44445e+003, -2.49525e-003,  2.43290e+008, 
 -1.16264e+000,  8.68429e-003, -1.09048e+004,  5.89183e+008,  2.16633e-002, -1.83761e-002, 
  3.93422e+010, -1.10355e+000,  3.01305e+009)
 Mass/Span = ( 7.37805e+002). [kg/m].
 Moments of Inertia M11, M22, M33 = ( 2.18785e+003,  1.96265e+003,  2.25202e+002) [kg.m^2/m].
 Center of mass location = ( 1.52945e-015,  1.08275e-015) [m].
 Damping coefficient = ( 0.00000e+000). [sec].
 ETA_COORDINATE = ( 1.51251e-001).
 Stiffness matrix = (
  1.51240e+010,  1.69941e-003,  1.91744e-002,  2.00171e+004, -2.08877e+001,  4.30047e-001, 
  6.42672e+008, -5.73513e-001, -3.34207e-001, -7.69468e+003, -7.25010e-004,  2.30249e+008, 
 -2.95667e-001, -2.31361e-003, -1.02946e+004,  5.60727e+008,  7.54479e-003, -2.34591e-002, 
  4.07278e+010,  3.24715e-001,  3.36922e+009)
 Mass/Span = ( 8.25053e+002). [kg/m].
 Moments of Inertia M11, M22, M33 = ( 2.23911e+003,  2.00227e+003,  2.36840e+002) [kg.m^2/m].
 Center of mass location = (-2.08054e-015,  2.68287e-016) [m].
 Damping coefficient = ( 0.00000e+000). [sec].
 ETA_COORDINATE = ( 1.68662e-001).
 Stiffness matrix = (
  1.60597e+010, -5.49204e-003,  1.66684e+000,  1.89669e+004, -2.17892e+001,  6.55389e+001, 
  7.10633e+008,  3.44400e-003,  7.78168e-001, -6.90700e+003, -8.15903e-004,  2.17052e+008, 
 -1.40980e+001, -2.87038e-003, -9.74607e+003,  5.29325e+008, -1.51776e-002, -1.87769e+000, 
  3.84356e+010,  3.17618e+000,  3.51482e+009)
 Mass/Span = ( 8.60728e+002). [kg/m].
 Moments of Inertia M11, M22, M33 = ( 2.11500e+003,  1.87608e+003,  2.38926e+002) [kg.m^2/m].
 Center of mass location = ( 6.12130e-016,  9.19932e-016) [m].
 Damping coefficient = ( 0.00000e+000). [sec].
 ETA_COORDINATE = ( 1.86072e-001).
 Stiffness matrix = (
  1.81239e+010,  8.85108e-003, -1.32262e-003,  1.76683e+004,  4.22333e+000, -2.81230e+000, 
  8.38370e+008, -2.99640e-001, -9.75292e-002, -5.79330e+003,  6.09230e-003,  2.04060e+008, 
  9.20184e-002,  2.56860e-003, -9.05947e+003,  5.00220e+008,  3.93054e-003,  2.19250e-004, 
  3.80573e+010,  6.58342e+000,  3.87187e+009)
 Mass/Span = ( 9.48189e+002). [kg/m].
 Moments of Inertia M11, M22, M33 = ( 2.09074e+003,  1.84004e+003,  2.50699e+002) [kg.m^2/m].
 Center of mass location = (-9.10643e-016, -3.29644e-015) [m].
 Damping coefficient = ( 0.00000e+000). [sec].
 ETA_COORDINATE = ( 2.15452e-001).
 Stiffness matrix = (
  1.80523e+010,  4.67112e-002, -7.19258e-002,  1.63328e+004,  1.66805e+002, -5.90053e+001, 
  8.54810e+008, -6.08950e+000, -1.43817e+001, -4.76026e+003,  3.88532e-002,  1.89716e+008, 
 -2.09539e-001,  1.30041e-001, -8.38938e+003,  4.64065e+008, -2.20273e-001,  7.82074e-002, 
  3.28677e+010,  1.27752e+002,  3.82672e+009)
 Mass/Span = ( 9.37144e+002). [kg/m].
 Moments of Inertia M11, M22, M33 = ( 1.82813e+003,  1.58438e+003,  2.43742e+002) [kg.m^2/m].
 Center of mass location = (-1.44168e-015,  1.00151e-016) [m].
 Damping coefficient = ( 0.00000e+000). [sec].
 ETA_COORDINATE = ( 2.44831e-001).
 Stiffness matrix = (
  1.79879e+010, -2.58445e-003, -1.42464e-003,  1.51341e+004,  1.74135e+000, -6.08720e-001, 
  8.68073e+008, -4.32403e-002, -2.76811e-001, -3.92125e+003, -9.43123e-004,  1.76830e+008, 
  4.26657e-001,  7.21091e-003, -7.78767e+003,  4.31587e+008, -8.99875e-003,  7.45552e-004, 
  2.85345e+010,  3.30908e+000,  3.78616e+009)
 Mass/Span = ( 9.27219e+002). [kg/m].
 Moments of Inertia M11, M22, M33 = ( 1.60929e+003,  1.37180e+003,  2.37491e+002) [kg.m^2/m].
 Center of mass location = (-8.09594e-016, -7.98211e-016) [m].
 Damping coefficient = ( 0.00000e+000). [sec].
 ETA_COORDINATE = ( 2.74211e-001).
 Stiffness matrix = (
  1.69162e+010,  8.33497e-003,  2.74326e-002,  1.37992e+004,  2.38260e+001,  7.92852e+000, 
  8.27095e+008,  9.28789e-001, -2.62847e+000, -3.10459e+003, -1.01960e-002,  1.62837e+008, 
  6.91784e-001, -4.17470e-002, -7.13031e+003,  3.94737e+008, -6.67173e-002, -2.34917e-002, 
  2.30118e+010, -2.11090e+001,  3.55483e+009)
 Mass/Span = ( 8.70573e+002). [kg/m].
 Moments of Inertia M11, M22, M33 = ( 1.32782e+003,  1.10563e+003,  2.22196e+002) [kg.m^2/m].
 Center of mass location = ( 7.46699e-016, -1.67870e-015) [m].
 Damping coefficient = ( 0.00000e+000). [sec].
 ETA_COORDINATE = ( 3.63439e-001).
 Stiffness matrix = (
  1.56418e+010, -8.78795e+000,  7.58298e-001,  1.13692e+004, -4.34745e+002,  4.85609e+001, 
  7.87095e+008, -6.65973e-001,  5.22888e+001, -1.97006e+003,  1.43264e-002,  1.33329e+008, 
  4.75762e-001,  2.16130e-002, -5.92760e+003,  3.18773e+008,  1.31361e+001, -8.38786e-001, 
  1.45790e+010,  7.14401e+000,  3.25134e+009)
 Mass/Span = ( 7.96269e+002). [kg/m].
 Moments of Inertia M11, M22, M33 = ( 8.95931e+002,  6.97605e+002,  1.98326e+002) [kg.m^2/m].
 Center of mass location = (-1.16466e-016, -1.23330e-015) [m].
 Damping coefficient = ( 0.00000e+000). [sec].
 ETA_COORDINATE = ( 4.51578e-001).
 Stiffness matrix = (
  1.44988e+010, -4.01175e+001, -1.49116e+001,  1.14188e+004,  3.52030e+003,  1.88782e+003, 
  7.45300e+008,  4.74734e+000, -3.35041e+002, -9.25754e+002, -1.28231e+000,  1.04952e+008, 
  8.20668e-002, -3.95324e-001, -6.06968e+003,  2.46142e+008,  2.80152e+001,  1.59401e+001, 
  8.62882e+009,  4.98922e+001,  2.97510e+009)
 Mass/Span = ( 7.28578e+002). [kg/m].
 Moments of Inertia M11, M22, M33 = ( 5.87001e+002,  4.10927e+002,  1.76075e+002) [kg.m^2/m].
 Center of mass location = ( 1.47687e-016, -1.14801e-016) [m].
 Damping coefficient = ( 0.00000e+000). [sec].
 ETA_COORDINATE = ( 5.39717e-001).
 Stiffness matrix = (
  1.32618e+010, -1.19602e-003,  1.73854e-003,  6.43012e+003, -1.87456e+000,  1.18047e+000, 
  6.89477e+008,  6.66142e-002,  1.03605e-001, -4.62747e+002,  6.63298e-004,  8.29569e+007, 
  1.99462e-001, -1.63981e-003, -3.44977e+003,  1.89744e+008, -4.74014e-003, -1.31853e-003, 
  5.14437e+009, -4.58789e-001,  2.69517e+009)
 Mass/Span = ( 6.60090e+002). [kg/m].
 Moments of Inertia M11, M22, M33 = ( 4.00010e+002,  2.44142e+002,  1.55869e+002) [kg.m^2/m].
 Center of mass location = ( 7.97549e-017,  2.26797e-017) [m].
 Damping coefficient = ( 0.00000e+000). [sec].
 ETA_COORDINATE = ( 6.28945e-001).
 Stiffness matrix = (
  1.10530e+010,  2.34549e-004,  1.60263e-002,  4.85323e+003,  7.34382e-002,  1.84893e+001, 
  5.77223e+008,  9.28265e-003,  8.02843e-003, -1.75178e+002, -5.18557e-005,  6.66880e+007, 
  1.13030e+000, -4.06499e-005, -2.66525e+003,  1.46787e+008,  3.98844e-004, -1.52439e-002, 
  3.00368e+009, -1.74549e-001,  2.24694e+009)
 Mass/Span = ( 5.50324e+002). [kg/m].
 Moments of Inertia M11, M22, M33 = ( 2.72614e+002,  1.42566e+002,  1.30047e+002) [kg.m^2/m].
 Center of mass location = ( 2.59034e-016,  5.63989e-017) [m].
 Damping coefficient = ( 0.00000e+000). [sec].
 ETA_COORDINATE = ( 6.99674e-001).
 Stiffness matrix = (
  8.85747e+009, -5.73491e-005,  7.73876e-004,  3.68692e+003, -6.60108e-002,  1.59277e-001, 
  4.63874e+008, -2.75901e-002,  5.45504e-003, -1.51505e+002, -1.45463e-005,  5.28799e+007, 
  1.72277e-001,  2.02936e-004, -2.08998e+003,  1.10499e+008, -1.08082e-003, -9.21395e-004, 
  1.70181e+009,  1.69245e-001,  1.80704e+009)
 Mass/Span = ( 4.42585e+002). [kg/m].
 Moments of Inertia M11, M22, M33 = ( 1.86382e+002,  8.08786e+001,  1.05503e+002) [kg.m^2/m].
 Center of mass location = ( 2.54941e-016, -3.74095e-016) [m].
 Damping coefficient = ( 0.00000e+000). [sec].
 ETA_COORDINATE = ( 7.17084e-001).
 Stiffness matrix = (
  8.34062e+009, -4.04872e-004, -5.53926e-004,  3.37905e+003,  2.61040e-001,  1.17092e-001, 
  4.37086e+008,  1.11661e-002, -2.06686e-003, -1.29660e+002,  5.62359e-005,  4.95606e+007, 
  1.91127e-001,  2.06869e-005, -1.93331e+003,  1.01923e+008,  2.00034e-004,  2.13825e-004, 
  1.46051e+009,  3.29997e-002,  1.70337e+009)
 Mass/Span = ( 4.17198e+002). [kg/m].
 Moments of Inertia M11, M22, M33 = ( 1.69142e+002,  6.94371e+001,  9.97044e+001) [kg.m^2/m].
 Center of mass location = ( 7.24330e-017, -2.18738e-016) [m].
 Damping coefficient = ( 0.00000e+000). [sec].
 ETA_COORDINATE = ( 7.70403e-001).
 Stiffness matrix = (
  6.18171e+009, -1.10384e-004, -7.64351e-004,  2.72878e+003, -5.45458e-002, -1.56837e-001, 
  3.23714e+008,  2.19331e-002, -3.46146e-003, -9.71592e+001,  1.18621e-004,  4.25563e+007, 
  1.09385e-001,  4.86189e-005, -1.62378e+003,  8.20743e+007,  7.83630e-005,  4.87299e-004, 
  9.25675e+008,  1.97273e-002,  1.28658e+009)
 Mass/Span = ( 3.15116e+002). [kg/m].
 Moments of Inertia M11, M22, M33 = ( 1.23040e+002,  4.43169e+001,  7.87229e+001) [kg.m^2/m].
 Center of mass location = ( 2.64947e-016, -2.97118e-016) [m].
 Damping coefficient = ( 0.00000e+000). [sec].
 ETA_COORDINATE = ( 8.05223e-001).
 Stiffness matrix = (
  4.53896e+009, -9.36666e-005, -1.44026e-003,  2.30580e+003, -8.16606e-002, -3.09979e-001, 
  2.36959e+008,  4.02749e-003, -6.30146e-004, -8.17395e+001, -3.04238e-004,  3.81807e+007, 
  1.23168e-001, -5.48720e-005, -1.43316e+003,  6.85754e+007,  1.16578e-004,  1.18402e-003, 
  6.33856e+008, -6.78367e-002,  9.73011e+008)
 Mass/Span = ( 2.38315e+002). [kg/m].
 Moments of Inertia M11, M22, M33 = ( 9.41629e+001,  3.06899e+001,  6.34730e+001) [kg.m^2/m].
 Center of mass location = ( 5.79273e-016, -2.09100e-016) [m].
 Damping coefficient = ( 0.00000e+000). [sec].
 ETA_COORDINATE = ( 8.94450e-001).
 Stiffness matrix = (
  2.37628e+009, -5.64689e-003,  4.20803e-004,  1.46643e+003,  8.63140e-001,  6.04686e-002, 
  1.22475e+008,  3.71769e-003,  1.18156e-001, -5.16780e+001,  2.41011e-005,  2.77869e+007, 
  1.51788e-001, -6.22124e-005, -1.00475e+003,  4.07837e+007,  3.51247e-003, -4.19932e-004, 
  2.63964e+008, -3.32232e-003,  5.53833e+008)
 Mass/Span = ( 1.35646e+002). [kg/m].
 Moments of Inertia M11, M22, M33 = ( 5.53504e+001,  1.32287e+001,  4.21217e+001) [kg.m^2/m].
 Center of mass location = ( 5.11035e-017, -8.99042e-018) [m].
 Damping coefficient = ( 0.00000e+000). [sec].
 ETA_COORDINATE = ( 9.46681e-001).
 Stiffness matrix = (
  1.35367e+009, -1.18927e-003, -2.81581e-003,  9.78239e+002, -4.63780e-002, -2.46015e-002, 
  6.75108e+007,  1.34423e-002,  5.82527e-003, -3.45947e+001, -3.10541e-004,  1.99256e+007, 
  1.83266e-002,  6.40438e-004, -7.01673e+002,  2.35165e+007, -6.19642e-004,  1.18239e-003, 
  1.24240e+008, -3.81883e-002,  3.53504e+008)
 Mass/Span = ( 8.65774e+001). [kg/m].
 Moments of Inertia M11, M22, M33 = ( 3.81684e+001,  6.56881e+000,  3.15996e+001) [kg.m^2/m].
 Center of mass location = ( 1.65423e-016,  6.21137e-017) [m].
 Damping coefficient = ( 0.00000e+000). [sec].
 ETA_COORDINATE = ( 1.00000e+000).
 Stiffness matrix = (
  8.02583e+008, -3.83123e-004,  3.03135e-002,  5.07687e+002, -4.53363e-002,  8.20627e+000, 
  3.87684e+007,  4.14255e-003,  3.41383e-003, -1.52652e+001,  7.47986e-006,  9.99824e+006, 
  6.77444e-002, -1.19776e-005, -3.11151e+002,  9.36198e+006,  3.78310e-005, -1.39843e-002, 
  4.34309e+007,  1.80857e-003,  2.28255e+008)
 Mass/Span = ( 5.59069e+001). [kg/m].
 Moments of Inertia M11, M22, M33 = ( 2.48782e+001,  2.40467e+000,  2.24735e+001) [kg.m^2/m].
 Center of mass location = (-2.94960e-016, -3.60089e-017) [m].
 Damping coefficient = ( 0.00000e+000). [sec].
 Comment 1 : [beam properties are from ..].
 Comment 2 : [..].
 Comment 3 : [..].
 Comment 4 : [dymoreMKblock.dat].



      --------------------------
      |   @SURVEY_DEFINITION   |
      --------------------------


 *** Survey: [svy_disp_spar],
 Surveyed object : [monoplane_spar].
 Survey type : [DISPLACEMENTS].
 Time = ( 5.00000e+000). [sec].
 Reference frame : [INERTIAL].



      --------------------------
      |   @SURVEY_DEFINITION   |
      --------------------------


 *** Survey: [svy_force_spar],
 Surveyed object : [monoplane_spar].
 Survey type : [FORCES].
 Time = ( 5.00000e+000). [sec].
 Reference frame : [INERTIAL].



      --------------------------
      |   @SURVEY_DEFINITION   |
      --------------------------


 *** Survey: [svy_strain_spar],
 Surveyed object : [monoplane_spar].
 Survey type : [STRAINS].
 Time = ( 5.00000e+000). [sec].
 Reference frame : [INERTIAL].



      ----------------------------------
      |   @EXECUTING_INCLUDE_COMMAND   |
      ----------------------------------

 --- Include command : [include1].
 --- Closing data file : [monoplane_spar.dat].
 
 --- Opening data file : [loadDist.dat].



      -----------------------------
      |   @EDGE_LOAD_DEFINITION   |
      -----------------------------


 *** Edge load: [constloaddist],
 Edge : [edgeSpar].

      ---  Loading component  ---- 

 Data table for force along i3 : [constloaddistTable].
 Scale factor = ( 1.00000e+003).
 Time function : [scheduleload].



      ------------------------------
      |   @DATA_TABLE_DEFINITION   |
      ------------------------------


 *** Data table: [constloaddistTable],
 Coordinate type : [ETA_COORDINATE].
 Data type : [FORCE_ALONG_I3].
 X entry = ( 0.00000e+000).  Y entry = (-1.00000e+000). [N/m].
 X entry = ( 1.00000e+000).  Y entry = (-1.00000e+000). [N/m].
 Comment 1 : [this defines the loads for a constant load distribution].



      ----------------------------------
      |   @EXECUTING_INCLUDE_COMMAND   |
      ----------------------------------

 --- Include command : [include1].
 --- Closing data file : [loadDist.dat].



                    ********************
                    *   @CHECK_MODEL   *
                    ********************




      ---------------------
      |   @CHECK_FRAMES   |
      ---------------------


 *** Fixed frame: [FXDFRAME_INERTIAL],
 Origin = ( 0.00000e+000,  0.00000e+000,  0.00000e+000) [m].
 Orientation definition type : [VECTORS_E2_E3].
 E2 = ( 0.00000e+000,  1.00000e+000,  0.00000e+000)
 E3 = ( 0.00000e+000,  0.00000e+000,  1.00000e+000)

 *** Orientation distribution: [orientationSpar],
 Orientation definition type : [TWIST_ANGLE].
 Coordinate type : [ETA_COORDINATE].
 ETA_COORDINATE = ( 0.00000e+000).
 Twist angle = ( 0.00000e+000). [deg].
 ETA_COORDINATE = ( 2.17628e-003).
 Twist angle = ( 0.00000e+000). [deg].
 ETA_COORDINATE = ( 2.50272e-002).
 Twist angle = ( 0.00000e+000). [deg].
 ETA_COORDINATE = ( 4.78781e-002).
 Twist angle = ( 0.00000e+000). [deg].
 ETA_COORDINATE = ( 7.07291e-002).
 Twist angle = ( 0.00000e+000). [deg].
 ETA_COORDINATE = ( 9.79325e-002).
 Twist angle = ( 0.00000e+000). [deg].
 ETA_COORDINATE = ( 1.32753e-001).
 Twist angle = ( 0.00000e+000). [deg].
 ETA_COORDINATE = ( 1.51251e-001).
 Twist angle = ( 0.00000e+000). [deg].
 ETA_COORDINATE = ( 1.68662e-001).
 Twist angle = ( 0.00000e+000). [deg].
 ETA_COORDINATE = ( 1.86072e-001).
 Twist angle = ( 0.00000e+000). [deg].
 ETA_COORDINATE = ( 2.15452e-001).
 Twist angle = ( 0.00000e+000). [deg].
 ETA_COORDINATE = ( 2.44831e-001).
 Twist angle = ( 0.00000e+000). [deg].
 ETA_COORDINATE = ( 2.74211e-001).
 Twist angle = ( 0.00000e+000). [deg].
 ETA_COORDINATE = ( 3.63439e-001).
 Twist angle = ( 0.00000e+000). [deg].
 ETA_COORDINATE = ( 4.51578e-001).
 Twist angle = ( 0.00000e+000). [deg].
 ETA_COORDINATE = ( 5.39717e-001).
 Twist angle = ( 0.00000e+000). [deg].
 ETA_COORDINATE = ( 6.28945e-001).
 Twist angle = ( 0.00000e+000). [deg].
 ETA_COORDINATE = ( 6.99674e-001).
 Twist angle = ( 0.00000e+000). [deg].
 ETA_COORDINATE = ( 7.17084e-001).
 Twist angle = ( 0.00000e+000). [deg].
 ETA_COORDINATE = ( 7.70403e-001).
 Twist angle = ( 0.00000e+000). [deg].
 ETA_COORDINATE = ( 8.05223e-001).
 Twist angle = ( 0.00000e+000). [deg].
 ETA_COORDINATE = ( 8.94450e-001).
 Twist angle = ( 0.00000e+000). [deg].
 ETA_COORDINATE = ( 9.46681e-001).
 Twist angle = ( 0.00000e+000). [deg].
 ETA_COORDINATE = ( 1.00000e+000).
 Twist angle = ( 0.00000e+000). [deg].

 *** Fixed frame: [FXDFRAME_INERTIAL],
 Origin = ( 0.00000e+000,  0.00000e+000,  0.00000e+000) [m].
 Orientation definition type : [VECTORS_E2_E3].
 E2 = ( 0.00000e+000,  1.00000e+000,  0.00000e+000)
 E3 = ( 0.00000e+000,  0.00000e+000,  1.00000e+000)



      --------------------------------
      |   @CHECK_POINTS_AND_TRIADS   |
      --------------------------------


 *** Point: [POINT_ORIGIN],
 Coordinates = ( 0.00000e+000,  0.00000e+000,  0.00000e+000) [m].
 Is defined in frame : [INERTIAL].

 *** Triad: [TRIAD_INERTIAL],
 Orientation definition type : [VECTORS_E2_E3].
 E2 = ( 0.00000e+000,  1.00000e+000,  0.00000e+000)
 E3 = ( 0.00000e+000,  0.00000e+000,  1.00000e+000)
 Is defined in frame : [INERTIAL].

 *** Point: [root],
 Coordinates = ( 0.00000e+000,  0.00000e+000,  0.00000e+000) [m].
 Is defined in frame : [INERTIAL].

 *** Point: [tip],
 Coordinates = ( 9.19000e+001,  0.00000e+000,  0.00000e+000) [m].
 Is defined in frame : [INERTIAL].



      ----------------------------------
      |   @CHECK_CURVES_AND_VERTICES   |
      ----------------------------------


 *** Vertex: [vertexA],
 At point : [root].

 *** Vertex: [vertexB],
 At point : [tip].

 *** Curve: [curveSpar],
 Is defined in frame : [INERTIAL].

      ---  Curve points  ---- 

 Number of control points = (    2).
 Curve degree = (    1).
 Rational curve : [NO].
 End point 0 : [root].
 End point 1 : [tip].
 Orientation distribution : [orientationSpar].
 Initial coordinate = ( 0.00000e+000). [m].
 Curve mesh parameters : [meshSpar].

 *** Curve mesh parameters: [meshSpar],
 Number of elements = (   23).
 Order of the elements = (    3).
 Uuu sequence = ( 
 0.00000e+000,  2.17628e-003,  2.50272e-002,  4.78781e-002,  7.07291e-002,  9.79325e-002, 
 1.32753e-001,  1.51251e-001,  1.68662e-001,  1.86072e-001,  2.15452e-001,  2.44831e-001, 
 2.74211e-001,  3.63439e-001,  4.51578e-001,  5.39717e-001,  6.28945e-001,  6.99674e-001, 
 7.17084e-001,  7.70403e-001,  8.05223e-001,  8.94450e-001,  9.46681e-001,  1.00000e+000).
 Comment 1 : [use ETA_COORDINATE, not ETA_VALUE].



      ---------------------------------
      |   @CHECK_SURFACES_AND_EDGES   |
      ---------------------------------


 *** Edge: [edgeSpar],
 Connected to vertices: [vertexA, vertexB].
 Curve : [curveSpar].



      --------------------------------
      |   @CHECK_VOLUMES_AND_FACES   |
      --------------------------------




      ----------------------------
      |   @CHECK_COPY_COMMANDS   |
      ----------------------------




      -------------------------------
      |   @CHECK_STRUCTURAL_EDGES   |
      -------------------------------


 *** Beam: [monoplane_spar],
 Edge : [edgeSpar].
 Property table : [propSpar].



      -------------------------------
      |   @CHECK_STRUCTURAL_FACES   |
      -------------------------------




      ----------------------------
      |   @CHECK_OTHER_OBJECTS   |
      ----------------------------


 *** Time function: [scheduleload],
 Time function type : [USER_DEFINED].
 Time = ( 0.00000e+000).  Function value = ( 1.00000e+000).
 Time = ( 1.00000e+000).  Function value = ( 1.00000e+000).
 Time = ( 2.00000e+000).  Function value = ( 1.00000e+000).
 Time = ( 3.00000e+000).  Function value = ( 1.00000e+000).
 Time = ( 4.00000e+000).  Function value = ( 1.00000e+000).
 Time = ( 5.00000e+000).  Function value = ( 1.00000e+000).
 Time = ( 6.00000e+000).  Function value = ( 1.00000e+000).
 Time = ( 7.00000e+000).  Function value = ( 1.00000e+000).
 Time = ( 8.00000e+000).  Function value = ( 1.00000e+000).
 Time = ( 9.00000e+000).  Function value = ( 1.00000e+000).
 Time = ( 1.00000e+001).  Function value = ( 1.00000e+000).
 Time = ( 1.10000e+001).  Function value = ( 1.00000e+000).
 Time = ( 1.20000e+001).  Function value = ( 1.00000e+000).
 Time = ( 1.30000e+001).  Function value = ( 1.00000e+000).
 Time = ( 1.40000e+001).  Function value = ( 1.00000e+000).
 Time = ( 1.50000e+001).  Function value = ( 1.00000e+000).

 *** Include command: [include1],
 Active command : [YES].
 List of file names:
 monoplane_spar.dat
 loadDist.dat

 *** Analysis control parameters: [AnalysisControlParameters],
 Maximum number of time steps = (   10).
 Simulation initial time = ( 0.00000e+000). [sec].
 Simulation final time = ( 1.50000e+001). [sec].
 Minimum time step size = ( 1.00000e-006). [sec].
 Maximum time step size = ( 5.00000e-002). [sec].
 Reference energy level = ( 6.00000e+005). [J].

 *** Graphical control parameters: [GraphicsControlParameters],
 Time step size = ( 0.00000e+000). [sec].
 Reference frame : [INERTIAL].
 Eigenvectors scaling factor = ( 1.00000e-001).
 Number of cycles for modal animation = (    5).
 Number of frames per cycle = (  100).
 Vector field type : [FORCES].  Scaling factor = ( 1.00000e-001).
 Vector field type : [STRAINS].  Scaling factor = ( 1.00000e-001).
 Vector field type : [VELOCITIES].  Scaling factor = ( 1.00000e-001).

 *** Plotting control parameters: [PlottingControlParameters],
 Graph  plot format : [PNG].
        plot Size   : [MEDIUM].
 Map    plot format : [PNG].
        plot Size   : [LARGE].
 Map    plot format : [EPS].
        plot Size   : [LARGE].
 Map    plot format : [TRM].
        plot Size   : [LARGE].
 Object plot format : [PNG].
        plot Size   : [LARGE].
 Object plot format : [EPS].
        plot Size   : [LARGE].
 Object plot format : [TRM].
        plot Size   : [LARGE].
 Sensor plot format : [PNG].
        plot Size   : [LARGE].
 Sensor plot format : [EPS].
        plot Size   : [LARGE].
 Sensor plot format : [TRM].
        plot Size   : [LARGE].
 Signal plot format : [PNG].
        plot Size   : [MEDIUM].
 Survey plot format : [PNG].
        plot Size   : [LARGE].
 Survey plot format : [EPS].
        plot Size   : [LARGE].
 Survey plot format : [TRM].
        plot Size   : [LARGE].
 Sensor memory size = (  100).
 Map    memory size = (   10).

 *** Boundary condition: [clampRoot],
 Entity : [vertexA].
 Displacements boundary conditions = (    1,     1,     1).
 Rotation      boundary conditions = (    1,     1,     1).

 *** Survey: [svy_disp_spar],
 Surveyed object : [monoplane_spar].
 Survey type : [DISPLACEMENTS].
 Time = ( 5.00000e+000). [sec].
 Reference frame : [INERTIAL].

 *** Survey: [svy_force_spar],
 Surveyed object : [monoplane_spar].
 Survey type : [FORCES].
 Time = ( 5.00000e+000). [sec].
 Reference frame : [INERTIAL].

 *** Survey: [svy_strain_spar],
 Surveyed object : [monoplane_spar].
 Survey type : [STRAINS].
 Time = ( 5.00000e+000). [sec].
 Reference frame : [INERTIAL].

 *** Edge load: [constloaddist],
 Edge : [edgeSpar].

      ---  Loading component  ---- 

 Data table for force along i3 : [constloaddistTable].
 Scale factor = ( 1.00000e+003).
 Time function : [scheduleload].

 *** Data table: [constloaddistTable],
 Coordinate type : [ETA_COORDINATE].
 Data type : [FORCE_ALONG_I3].
 X entry = ( 0.00000e+000).  Y entry = (-1.00000e+000). [N/m].
 X entry = ( 1.00000e+000).  Y entry = (-1.00000e+000). [N/m].
 Comment 1 : [this defines the loads for a constant load distribution].

 *** Beam property table: [propSpar],
 ETA_COORDINATE = ( 0.00000e+000).
 Stiffness matrix = (
  8.07359e+009, -1.84464e+000,  9.83303e-001,  3.12854e+006, -4.93342e+001, -3.33831e+001, 
  3.74503e+008,  1.70875e-001,  7.75442e+000,  1.48752e+006, -2.33698e+000,  3.69428e+008, 
  1.92974e+000,  1.02052e+000,  1.43955e+005,  9.26466e+008, -4.33815e+000, -3.07645e+000, 
  4.83408e+010, -3.15497e+001,  2.53069e+009)
 Mass/Span = ( 7.45617e+002). [kg/m].
 Moments of Inertia M11, M22, M33 = ( 4.21487e+003,  3.93304e+003,  2.81823e+002) [kg.m^2/m].
 Center of mass location = ( 1.55136e-016,  1.74795e-016) [m].
 Damping coefficient = ( 0.00000e+000). [sec].
 ### Mass moment of inertia about e2 or/and e3 axes are 
 ### adjusted to ensure consistent mass matrix.
 ETA_COORDINATE = ( 2.17628e-003).
 Stiffness matrix = (
  7.48500e+009, -8.09819e-001, -4.89041e-002,  2.26073e+006, -9.59462e+001, -4.51654e+000, 
  3.34317e+008, -1.80405e+000,  5.47642e+001,  1.64575e+006, -7.52299e+000,  3.67928e+008, 
  1.80702e-001,  1.92034e+000,  1.35484e+005,  9.20571e+008,  7.98558e+000,  6.43820e+000, 
  4.40453e+010, -1.07458e+002,  2.39322e+009)
 Mass/Span = ( 6.96072e+002). [kg/m].
 Moments of Inertia M11, M22, M33 = ( 3.84317e+003,  3.57291e+003,  2.70260e+002) [kg.m^2/m].
 Center of mass location = (-1.37520e-015,  2.89479e-016) [m].
 Damping coefficient = ( 0.00000e+000). [sec].
 ### Mass moment of inertia about e2 or/and e3 axes are 
 ### adjusted to ensure consistent mass matrix.
 ETA_COORDINATE = ( 2.50272e-002).
 Stiffness matrix = (
  7.17488e+009, -2.23956e+001,  4.14004e+000,  1.04323e+006,  4.65017e+002, -3.21454e+001, 
  3.20284e+008,  1.26206e+000, -2.63172e+000,  1.29458e+006,  3.47689e+000,  3.46887e+008, 
 -6.75868e+000,  8.04213e+000,  1.03445e+005,  8.64715e+008,  4.21103e+001, -3.42924e+000, 
  3.79590e+010, -7.26439e+001,  2.24606e+009)
 Mass/Span = ( 6.29936e+002). [kg/m].
 Moments of Inertia M11, M22, M33 = ( 3.10037e+003,  2.85277e+003,  2.47597e+002) [kg.m^2/m].
 Center of mass location = ( 1.55056e-015, -6.74394e-016) [m].
 Damping coefficient = ( 0.00000e+000). [sec].
 ### Mass moment of inertia about e2 or/and e3 axes are 
 ### adjusted to ensure consistent mass matrix.
 ETA_COORDINATE = ( 4.78781e-002).
 Stiffness matrix = (
  7.23646e+009, -3.99334e+001, -1.13285e+001,  2.73058e+005,  1.04907e+003,  1.21010e+002, 
  3.10921e+008,  2.62728e+000, -3.55758e+000,  9.98455e+005,  5.35223e+000,  3.24815e+008, 
  6.43484e-001,  1.30024e+001,  6.36767e+004,  8.04013e+008,  9.06506e+001,  9.97831e+000, 
  3.43744e+010, -1.42842e+002,  2.16661e+009)
 Mass/Span = ( 5.80440e+002). [kg/m].
 Moments of Inertia M11, M22, M33 = ( 2.53867e+003,  2.31090e+003,  2.27772e+002) [kg.m^2/m].
 Center of mass location = (-1.39511e-014,  6.56439e-017) [m].
 Damping coefficient = ( 0.00000e+000). [sec].
 ### Mass moment of inertia about e2 or/and e3 axes are 
 ### adjusted to ensure consistent mass matrix.
 ETA_COORDINATE = ( 7.07291e-002).
 Stiffness matrix = (
  9.02833e+009, -6.55787e-001, -2.70776e-001,  1.79613e+005,  1.41977e+001, -4.59854e+001, 
  3.78772e+008, -2.65423e-001,  1.70639e+000,  8.53877e+004, -2.35612e-001,  3.00228e+008, 
 -6.94226e-002,  4.95308e-001,  6.18686e+003,  7.40598e+008,  1.69365e+000,  9.76413e-001, 
  3.85237e+010,  1.34025e+001,  2.42098e+009)
 Mass/Span = ( 6.22674e+002). [kg/m].
 Moments of Inertia M11, M22, M33 = ( 2.47314e+003,  2.24772e+003,  2.25419e+002) [kg.m^2/m].
 Center of mass location = ( 2.12381e-016, -7.67885e-017) [m].
 Damping coefficient = ( 0.00000e+000). [sec].
 ### Mass moment of inertia about e2 or/and e3 axes are 
 ### adjusted to ensure consistent mass matrix.
 ETA_COORDINATE = ( 9.79325e-002).
 Stiffness matrix = (
  1.03115e+010, -4.69080e+000,  2.62239e+000,  3.07330e+005,  1.34116e+002, -4.83463e+001, 
  4.02580e+008, -2.36767e+000, -5.43174e+000, -1.04537e+006, -2.31679e+000,  2.74368e+008, 
 -6.33533e-001, -5.67317e+000, -5.27416e+004,  6.68550e+008,  1.30481e+001, -2.94039e+000, 
  3.80272e+010,  1.09771e+002,  2.57714e+009)
 Mass/Span = ( 6.40908e+002). [kg/m].
 Moments of Inertia M11, M22, M33 = ( 2.23727e+003,  2.01913e+003,  2.18142e+002) [kg.m^2/m].
 Center of mass location = ( 5.16876e-015,  4.64745e-016) [m].
 Damping coefficient = ( 0.00000e+000). [sec].
 ### Mass moment of inertia about e2 or/and e3 axes are 
 ### adjusted to ensure consistent mass matrix.
 ETA_COORDINATE = ( 1.32753e-001).
 Stiffness matrix = (
  1.30612e+010,  4.34187e-003,  1.59728e-002,  2.11223e+004,  1.38283e-001,  2.48706e+000, 
  5.20240e+008,  3.07691e-002, -4.40530e-002, -8.44445e+003, -2.49525e-003,  2.43290e+008, 
 -1.16264e+000,  8.68429e-003, -1.09048e+004,  5.89183e+008,  2.16633e-002, -1.83761e-002, 
  3.93422e+010, -1.10355e+000,  3.01305e+009)
 Mass/Span = ( 7.37805e+002). [kg/m].
 Moments of Inertia M11, M22, M33 = ( 2.18785e+003,  1.96265e+003,  2.25202e+002) [kg.m^2/m].
 Center of mass location = ( 1.52945e-015,  1.08275e-015) [m].
 Damping coefficient = ( 0.00000e+000). [sec].
 ### Mass moment of inertia about e2 or/and e3 axes are 
 ### adjusted to ensure consistent mass matrix.
 ETA_COORDINATE = ( 1.51251e-001).
 Stiffness matrix = (
  1.51240e+010,  1.69941e-003,  1.91744e-002,  2.00171e+004, -2.08877e+001,  4.30047e-001, 
  6.42672e+008, -5.73513e-001, -3.34207e-001, -7.69468e+003, -7.25010e-004,  2.30249e+008, 
 -2.95667e-001, -2.31361e-003, -1.02946e+004,  5.60727e+008,  7.54479e-003, -2.34591e-002, 
  4.07278e+010,  3.24715e-001,  3.36922e+009)
 Mass/Span = ( 8.25053e+002). [kg/m].
 Moments of Inertia M11, M22, M33 = ( 2.23911e+003,  2.00227e+003,  2.36840e+002) [kg.m^2/m].
 Center of mass location = (-2.08054e-015,  2.68287e-016) [m].
 Damping coefficient = ( 0.00000e+000). [sec].
 ### Mass moment of inertia about e2 or/and e3 axes are 
 ### adjusted to ensure consistent mass matrix.
 ETA_COORDINATE = ( 1.68662e-001).
 Stiffness matrix = (
  1.60597e+010, -5.49204e-003,  1.66684e+000,  1.89669e+004, -2.17892e+001,  6.55389e+001, 
  7.10633e+008,  3.44400e-003,  7.78168e-001, -6.90700e+003, -8.15903e-004,  2.17052e+008, 
 -1.40980e+001, -2.87038e-003, -9.74607e+003,  5.29325e+008, -1.51776e-002, -1.87769e+000, 
  3.84356e+010,  3.17618e+000,  3.51482e+009)
 Mass/Span = ( 8.60728e+002). [kg/m].
 Moments of Inertia M11, M22, M33 = ( 2.11500e+003,  1.87608e+003,  2.38926e+002) [kg.m^2/m].
 Center of mass location = ( 6.12130e-016,  9.19932e-016) [m].
 Damping coefficient = ( 0.00000e+000). [sec].
 ### Mass moment of inertia about e2 or/and e3 axes are 
 ### adjusted to ensure consistent mass matrix.
 ETA_COORDINATE = ( 1.86072e-001).
 Stiffness matrix = (
  1.81239e+010,  8.85108e-003, -1.32262e-003,  1.76683e+004,  4.22333e+000, -2.81230e+000, 
  8.38370e+008, -2.99640e-001, -9.75292e-002, -5.79330e+003,  6.09230e-003,  2.04060e+008, 
  9.20184e-002,  2.56860e-003, -9.05947e+003,  5.00220e+008,  3.93054e-003,  2.19250e-004, 
  3.80573e+010,  6.58342e+000,  3.87187e+009)
 Mass/Span = ( 9.48189e+002). [kg/m].
 Moments of Inertia M11, M22, M33 = ( 2.09074e+003,  1.84004e+003,  2.50699e+002) [kg.m^2/m].
 Center of mass location = (-9.10643e-016, -3.29644e-015) [m].
 Damping coefficient = ( 0.00000e+000). [sec].
 ### Mass moment of inertia about e2 or/and e3 axes are 
 ### adjusted to ensure consistent mass matrix.
 ETA_COORDINATE = ( 2.15452e-001).
 Stiffness matrix = (
  1.80523e+010,  4.67112e-002, -7.19258e-002,  1.63328e+004,  1.66805e+002, -5.90053e+001, 
  8.54810e+008, -6.08950e+000, -1.43817e+001, -4.76026e+003,  3.88532e-002,  1.89716e+008, 
 -2.09539e-001,  1.30041e-001, -8.38938e+003,  4.64065e+008, -2.20273e-001,  7.82074e-002, 
  3.28677e+010,  1.27752e+002,  3.82672e+009)
 Mass/Span = ( 9.37144e+002). [kg/m].
 Moments of Inertia M11, M22, M33 = ( 1.82813e+003,  1.58438e+003,  2.43742e+002) [kg.m^2/m].
 Center of mass location = (-1.44168e-015,  1.00151e-016) [m].
 Damping coefficient = ( 0.00000e+000). [sec].
 ### Mass moment of inertia about e2 or/and e3 axes are 
 ### adjusted to ensure consistent mass matrix.
 ETA_COORDINATE = ( 2.44831e-001).
 Stiffness matrix = (
  1.79879e+010, -2.58445e-003, -1.42464e-003,  1.51341e+004,  1.74135e+000, -6.08720e-001, 
  8.68073e+008, -4.32403e-002, -2.76811e-001, -3.92125e+003, -9.43123e-004,  1.76830e+008, 
  4.26657e-001,  7.21091e-003, -7.78767e+003,  4.31587e+008, -8.99875e-003,  7.45552e-004, 
  2.85345e+010,  3.30908e+000,  3.78616e+009)
 Mass/Span = ( 9.27219e+002). [kg/m].
 Moments of Inertia M11, M22, M33 = ( 1.60929e+003,  1.37180e+003,  2.37491e+002) [kg.m^2/m].
 Center of mass location = (-8.09594e-016, -7.98211e-016) [m].
 Damping coefficient = ( 0.00000e+000). [sec].
 ### Mass moment of inertia about e2 or/and e3 axes are 
 ### adjusted to ensure consistent mass matrix.
 ETA_COORDINATE = ( 2.74211e-001).
 Stiffness matrix = (
  1.69162e+010,  8.33497e-003,  2.74326e-002,  1.37992e+004,  2.38260e+001,  7.92852e+000, 
  8.27095e+008,  9.28789e-001, -2.62847e+000, -3.10459e+003, -1.01960e-002,  1.62837e+008, 
  6.91784e-001, -4.17470e-002, -7.13031e+003,  3.94737e+008, -6.67173e-002, -2.34917e-002, 
  2.30118e+010, -2.11090e+001,  3.55483e+009)
 Mass/Span = ( 8.70573e+002). [kg/m].
 Moments of Inertia M11, M22, M33 = ( 1.32782e+003,  1.10563e+003,  2.22196e+002) [kg.m^2/m].
 Center of mass location = ( 7.46699e-016, -1.67870e-015) [m].
 Damping coefficient = ( 0.00000e+000). [sec].
 ### Mass moment of inertia about e2 or/and e3 axes are 
 ### adjusted to ensure consistent mass matrix.
 ETA_COORDINATE = ( 3.63439e-001).
 Stiffness matrix = (
  1.56418e+010, -8.78795e+000,  7.58298e-001,  1.13692e+004, -4.34745e+002,  4.85609e+001, 
  7.87095e+008, -6.65973e-001,  5.22888e+001, -1.97006e+003,  1.43264e-002,  1.33329e+008, 
  4.75762e-001,  2.16130e-002, -5.92760e+003,  3.18773e+008,  1.31361e+001, -8.38786e-001, 
  1.45790e+010,  7.14401e+000,  3.25134e+009)
 Mass/Span = ( 7.96269e+002). [kg/m].
 Moments of Inertia M11, M22, M33 = ( 8.95931e+002,  6.97605e+002,  1.98326e+002) [kg.m^2/m].
 Center of mass location = (-1.16466e-016, -1.23330e-015) [m].
 Damping coefficient = ( 0.00000e+000). [sec].
 ### Mass moment of inertia about e2 or/and e3 axes are 
 ### adjusted to ensure consistent mass matrix.
 ETA_COORDINATE = ( 4.51578e-001).
 Stiffness matrix = (
  1.44988e+010, -4.01175e+001, -1.49116e+001,  1.14188e+004,  3.52030e+003,  1.88782e+003, 
  7.45300e+008,  4.74734e+000, -3.35041e+002, -9.25754e+002, -1.28231e+000,  1.04952e+008, 
  8.20668e-002, -3.95324e-001, -6.06968e+003,  2.46142e+008,  2.80152e+001,  1.59401e+001, 
  8.62882e+009,  4.98922e+001,  2.97510e+009)
 Mass/Span = ( 7.28578e+002). [kg/m].
 Moments of Inertia M11, M22, M33 = ( 5.87001e+002,  4.10927e+002,  1.76075e+002) [kg.m^2/m].
 Center of mass location = ( 1.47687e-016, -1.14801e-016) [m].
 Damping coefficient = ( 0.00000e+000). [sec].
 ### Mass moment of inertia about e2 or/and e3 axes are 
 ### adjusted to ensure consistent mass matrix.
 ETA_COORDINATE = ( 5.39717e-001).
 Stiffness matrix = (
  1.32618e+010, -1.19602e-003,  1.73854e-003,  6.43012e+003, -1.87456e+000,  1.18047e+000, 
  6.89477e+008,  6.66142e-002,  1.03605e-001, -4.62747e+002,  6.63298e-004,  8.29569e+007, 
  1.99462e-001, -1.63981e-003, -3.44977e+003,  1.89744e+008, -4.74014e-003, -1.31853e-003, 
  5.14437e+009, -4.58789e-001,  2.69517e+009)
 Mass/Span = ( 6.60090e+002). [kg/m].
 Moments of Inertia M11, M22, M33 = ( 4.00010e+002,  2.44142e+002,  1.55869e+002) [kg.m^2/m].
 Center of mass location = ( 7.97549e-017,  2.26797e-017) [m].
 Damping coefficient = ( 0.00000e+000). [sec].
 ### Mass moment of inertia about e2 or/and e3 axes are 
 ### adjusted to ensure consistent mass matrix.
 ETA_COORDINATE = ( 6.28945e-001).
 Stiffness matrix = (
  1.10530e+010,  2.34549e-004,  1.60263e-002,  4.85323e+003,  7.34382e-002,  1.84893e+001, 
  5.77223e+008,  9.28265e-003,  8.02843e-003, -1.75178e+002, -5.18557e-005,  6.66880e+007, 
  1.13030e+000, -4.06499e-005, -2.66525e+003,  1.46787e+008,  3.98844e-004, -1.52439e-002, 
  3.00368e+009, -1.74549e-001,  2.24694e+009)
 Mass/Span = ( 5.50324e+002). [kg/m].
 Moments of Inertia M11, M22, M33 = ( 2.72614e+002,  1.42566e+002,  1.30047e+002) [kg.m^2/m].
 Center of mass location = ( 2.59034e-016,  5.63989e-017) [m].
 Damping coefficient = ( 0.00000e+000). [sec].
 ETA_COORDINATE = ( 6.99674e-001).
 Stiffness matrix = (
  8.85747e+009, -5.73491e-005,  7.73876e-004,  3.68692e+003, -6.60108e-002,  1.59277e-001, 
  4.63874e+008, -2.75901e-002,  5.45504e-003, -1.51505e+002, -1.45463e-005,  5.28799e+007, 
  1.72277e-001,  2.02936e-004, -2.08998e+003,  1.10499e+008, -1.08082e-003, -9.21395e-004, 
  1.70181e+009,  1.69245e-001,  1.80704e+009)
 Mass/Span = ( 4.42585e+002). [kg/m].
 Moments of Inertia M11, M22, M33 = ( 1.86382e+002,  8.08786e+001,  1.05503e+002) [kg.m^2/m].
 Center of mass location = ( 2.54941e-016, -3.74095e-016) [m].
 Damping coefficient = ( 0.00000e+000). [sec].
 ### Mass moment of inertia about e2 or/and e3 axes are 
 ### adjusted to ensure consistent mass matrix.
 ETA_COORDINATE = ( 7.17084e-001).
 Stiffness matrix = (
  8.34062e+009, -4.04872e-004, -5.53926e-004,  3.37905e+003,  2.61040e-001,  1.17092e-001, 
  4.37086e+008,  1.11661e-002, -2.06686e-003, -1.29660e+002,  5.62359e-005,  4.95606e+007, 
  1.91127e-001,  2.06869e-005, -1.93331e+003,  1.01923e+008,  2.00034e-004,  2.13825e-004, 
  1.46051e+009,  3.29997e-002,  1.70337e+009)
 Mass/Span = ( 4.17198e+002). [kg/m].
 Moments of Inertia M11, M22, M33 = ( 1.69142e+002,  6.94371e+001,  9.97044e+001) [kg.m^2/m].
 Center of mass location = ( 7.24330e-017, -2.18738e-016) [m].
 Damping coefficient = ( 0.00000e+000). [sec].
 ### Mass moment of inertia about e2 or/and e3 axes are 
 ### adjusted to ensure consistent mass matrix.
 ETA_COORDINATE = ( 7.70403e-001).
 Stiffness matrix = (
  6.18171e+009, -1.10384e-004, -7.64351e-004,  2.72878e+003, -5.45458e-002, -1.56837e-001, 
  3.23714e+008,  2.19331e-002, -3.46146e-003, -9.71592e+001,  1.18621e-004,  4.25563e+007, 
  1.09385e-001,  4.86189e-005, -1.62378e+003,  8.20743e+007,  7.83630e-005,  4.87299e-004, 
  9.25675e+008,  1.97273e-002,  1.28658e+009)
 Mass/Span = ( 3.15116e+002). [kg/m].
 Moments of Inertia M11, M22, M33 = ( 1.23040e+002,  4.43169e+001,  7.87229e+001) [kg.m^2/m].
 Center of mass location = ( 2.64947e-016, -2.97118e-016) [m].
 Damping coefficient = ( 0.00000e+000). [sec].
 ### Mass moment of inertia about e2 or/and e3 axes are 
 ### adjusted to ensure consistent mass matrix.
 ETA_COORDINATE = ( 8.05223e-001).
 Stiffness matrix = (
  4.53896e+009, -9.36666e-005, -1.44026e-003,  2.30580e+003, -8.16606e-002, -3.09979e-001, 
  2.36959e+008,  4.02749e-003, -6.30146e-004, -8.17395e+001, -3.04238e-004,  3.81807e+007, 
  1.23168e-001, -5.48720e-005, -1.43316e+003,  6.85754e+007,  1.16578e-004,  1.18402e-003, 
  6.33856e+008, -6.78367e-002,  9.73011e+008)
 Mass/Span = ( 2.38315e+002). [kg/m].
 Moments of Inertia M11, M22, M33 = ( 9.41629e+001,  3.06899e+001,  6.34730e+001) [kg.m^2/m].
 Center of mass location = ( 5.79273e-016, -2.09100e-016) [m].
 Damping coefficient = ( 0.00000e+000). [sec].
 ETA_COORDINATE = ( 8.94450e-001).
 Stiffness matrix = (
  2.37628e+009, -5.64689e-003,  4.20803e-004,  1.46643e+003,  8.63140e-001,  6.04686e-002, 
  1.22475e+008,  3.71769e-003,  1.18156e-001, -5.16780e+001,  2.41011e-005,  2.77869e+007, 
  1.51788e-001, -6.22124e-005, -1.00475e+003,  4.07837e+007,  3.51247e-003, -4.19932e-004, 
  2.63964e+008, -3.32232e-003,  5.53833e+008)
 Mass/Span = ( 1.35646e+002). [kg/m].
 Moments of Inertia M11, M22, M33 = ( 5.53504e+001,  1.32287e+001,  4.21217e+001) [kg.m^2/m].
 Center of mass location = ( 5.11035e-017, -8.99042e-018) [m].
 Damping coefficient = ( 0.00000e+000). [sec].
 ETA_COORDINATE = ( 9.46681e-001).
 Stiffness matrix = (
  1.35367e+009, -1.18927e-003, -2.81581e-003,  9.78239e+002, -4.63780e-002, -2.46015e-002, 
  6.75108e+007,  1.34423e-002,  5.82527e-003, -3.45947e+001, -3.10541e-004,  1.99256e+007, 
  1.83266e-002,  6.40438e-004, -7.01673e+002,  2.35165e+007, -6.19642e-004,  1.18239e-003, 
  1.24240e+008, -3.81883e-002,  3.53504e+008)
 Mass/Span = ( 8.65774e+001). [kg/m].
 Moments of Inertia M11, M22, M33 = ( 3.81684e+001,  6.56881e+000,  3.15996e+001) [kg.m^2/m].
 Center of mass location = ( 1.65423e-016,  6.21137e-017) [m].
 Damping coefficient = ( 0.00000e+000). [sec].
 ### Mass moment of inertia about e2 or/and e3 axes are 
 ### adjusted to ensure consistent mass matrix.
 ETA_COORDINATE = ( 1.00000e+000).
 Stiffness matrix = (
  8.02583e+008, -3.83123e-004,  3.03135e-002,  5.07687e+002, -4.53363e-002,  8.20627e+000, 
  3.87684e+007,  4.14255e-003,  3.41383e-003, -1.52652e+001,  7.47986e-006,  9.99824e+006, 
  6.77444e-002, -1.19776e-005, -3.11151e+002,  9.36198e+006,  3.78310e-005, -1.39843e-002, 
  4.34309e+007,  1.80857e-003,  2.28255e+008)
 Mass/Span = ( 5.59069e+001). [kg/m].
 Moments of Inertia M11, M22, M33 = ( 2.48782e+001,  2.40467e+000,  2.24735e+001) [kg.m^2/m].
 Center of mass location = (-2.94960e-016, -3.60089e-017) [m].
 Damping coefficient = ( 0.00000e+000). [sec].

 *** Beam: [monoplane_spar],
 Edge : [edgeSpar].
 Property table : [propSpar].



                    *******************
                    *   @MESH_MODEL   *
                    *******************

 Edge : [edgeSpar].
  Pointer  = (        01F8D868).
  data     = (        01F83430).   class    = (        01F8D700).
  Vertex 0 = (        01F9CF88).   Vertex 1 = (        01F9D078).
 Edge : [edgeSpar].
  Pointer  = (        01F8D890).
  data     = (        01F83460).   class    = (        01F8D700).
  Vertex 0 = (        01F9D078).   Vertex 1 = (        01F9D150).
 Edge : [edgeSpar].
  Pointer  = (        01F8D8B8).
  data     = (        01F83490).   class    = (        01F8D700).
  Vertex 0 = (        01F9D150).   Vertex 1 = (        01F9D228).
 Edge : [edgeSpar].
  Pointer  = (        01F8D8E0).
  data     = (        01F834C0).   class    = (        01F8D700).
  Vertex 0 = (        01F9D228).   Vertex 1 = (        01FA15F8).
 Edge : [edgeSpar].
  Pointer  = (        01F8D908).
  data     = (        01F834F0).   class    = (        01F8D700).
  Vertex 0 = (        01FA15F8).   Vertex 1 = (        01FA16D0).
 Edge : [edgeSpar].
  Pointer  = (        01F8D930).
  data     = (        01F83520).   class    = (        01F8D700).
  Vertex 0 = (        01FA16D0).   Vertex 1 = (        01FA17A8).
 Edge : [edgeSpar].
  Pointer  = (        01F8D958).
  data     = (        01F83550).   class    = (        01F8D700).
  Vertex 0 = (        01FA17A8).   Vertex 1 = (        01FA1880).
 Edge : [edgeSpar].
  Pointer  = (        01F8D980).
  data     = (        01F83580).   class    = (        01F8D700).
  Vertex 0 = (        01FA1880).   Vertex 1 = (        01FA3C80).
 Edge : [edgeSpar].
  Pointer  = (        01F8D9A8).
  data     = (        01F835B0).   class    = (        01F8D700).
  Vertex 0 = (        01FA3C80).   Vertex 1 = (        01FA3D58).
 Edge : [edgeSpar].
  Pointer  = (        01F8D9D0).
  data     = (        01F835E0).   class    = (        01F8D700).
  Vertex 0 = (        01FA3D58).   Vertex 1 = (        01FA3E30).
 Edge : [edgeSpar].
  Pointer  = (        01F8D9F8).
  data     = (        01F83610).   class    = (        01F8D700).
  Vertex 0 = (        01FA3E30).   Vertex 1 = (        01FA3F08).
 Edge : [edgeSpar].
  Pointer  = (        01F8DA20).
  data     = (        01F83640).   class    = (        01F8D700).
  Vertex 0 = (        01FA3F08).   Vertex 1 = (        01FA3FE0).
 Edge : [edgeSpar].
  Pointer  = (        01F8DA48).
  data     = (        01F83670).   class    = (        01F8D700).
  Vertex 0 = (        01FA3FE0).   Vertex 1 = (        01FA68E0).
 Edge : [edgeSpar].
  Pointer  = (        01F8DA70).
  data     = (        01F836A0).   class    = (        01F8D700).
  Vertex 0 = (        01FA68E0).   Vertex 1 = (        01FA69B8).
 Edge : [edgeSpar].
  Pointer  = (        01F8DA98).
  data     = (        01F836D0).   class    = (        01F8D700).
  Vertex 0 = (        01FA69B8).   Vertex 1 = (        01FA6A90).
 Edge : [edgeSpar].
  Pointer  = (        01F8DAC0).
  data     = (        01F83700).   class    = (        01F8D700).
  Vertex 0 = (        01FA6A90).   Vertex 1 = (        01FA6B68).
 Edge : [edgeSpar].
  Pointer  = (        01F8DAE8).
  data     = (        01F83730).   class    = (        01F8D700).
  Vertex 0 = (        01FA6B68).   Vertex 1 = (        01FA8C68).
 Edge : [edgeSpar].
  Pointer  = (        01F8DB10).
  data     = (        01F83760).   class    = (        01F8D700).
  Vertex 0 = (        01FA8C68).   Vertex 1 = (        01FA8D40).
 Edge : [edgeSpar].
  Pointer  = (        01F8DB38).
  data     = (        01F83790).   class    = (        01F8D700).
  Vertex 0 = (        01FA8D40).   Vertex 1 = (        01FA8E18).
 Edge : [edgeSpar].
  Pointer  = (        01F8DB60).
  data     = (        01F837C0).   class    = (        01F8D700).
  Vertex 0 = (        01FA8E18).   Vertex 1 = (        01FA8EF0).
 Edge : [edgeSpar].
  Pointer  = (        01F8DB88).
  data     = (        01F837F0).   class    = (        01F8D700).
  Vertex 0 = (        01FA8EF0).   Vertex 1 = (        01FA8FC8).
 Edge : [edgeSpar].
  Pointer  = (        01F8DBB0).
  data     = (        01F83820).   class    = (        01F8D700).
  Vertex 0 = (        01FA8FC8).   Vertex 1 = (        01FAB8C8).
 Edge : [edgeSpar].
  Pointer  = (        01F8DBD8).
  data     = (        01F83850).   class    = (        01F8D700).
  Vertex 0 = (        01FAB8C8).   Vertex 1 = (        01F9CFD0).

      ---  Structural elements in the model  ---- 

 Number of beam elements = (   23).

      ---  Node adjacency lists  ---- 

 Node pointer = (        01F9E850).  degree = (    1).
 Adjacent node pointer = (        01F9E950).  degree = (    2).
 Node pointer = (        01F9E8D0).  degree = (    1).
 Adjacent node pointer = (        01FA34E8).  degree = (    2).
 Node pointer = (        01F9E950).  degree = (    2).
 Adjacent node pointer = (        01F9E850).  degree = (    1).
 Adjacent node pointer = (        01F9F2D0).  degree = (    2).
 Node pointer = (        01F9F2D0).  degree = (    2).
 Adjacent node pointer = (        01F9E950).  degree = (    2).
 Adjacent node pointer = (        01FA1450).  degree = (    2).
 Node pointer = (        01FA1450).  degree = (    2).
 Adjacent node pointer = (        01F9F2D0).  degree = (    2).
 Adjacent node pointer = (        01FA19D0).  degree = (    2).
 Node pointer = (        01FA19D0).  degree = (    2).
 Adjacent node pointer = (        01FA1450).  degree = (    2).
 Adjacent node pointer = (        01FA1B50).  degree = (    2).
 Node pointer = (        01FA1B50).  degree = (    2).
 Adjacent node pointer = (        01FA19D0).  degree = (    2).
 Adjacent node pointer = (        01FA1CE8).  degree = (    2).
 Node pointer = (        01FA1CE8).  degree = (    2).
 Adjacent node pointer = (        01FA1B50).  degree = (    2).
 Adjacent node pointer = (        01FA1E68).  degree = (    2).
 Node pointer = (        01FA1E68).  degree = (    2).
 Adjacent node pointer = (        01FA1CE8).  degree = (    2).
 Adjacent node pointer = (        01FA1FE8).  degree = (    2).
 Node pointer = (        01FA1FE8).  degree = (    2).
 Adjacent node pointer = (        01FA1E68).  degree = (    2).
 Adjacent node pointer = (        01FA2168).  degree = (    2).
 Node pointer = (        01FA2168).  degree = (    2).
 Adjacent node pointer = (        01FA1FE8).  degree = (    2).
 Adjacent node pointer = (        01FA22E8).  degree = (    2).
 Node pointer = (        01FA22E8).  degree = (    2).
 Adjacent node pointer = (        01FA2168).  degree = (    2).
 Adjacent node pointer = (        01FA2468).  degree = (    2).
 Node pointer = (        01FA2468).  degree = (    2).
 Adjacent node pointer = (        01FA22E8).  degree = (    2).
 Adjacent node pointer = (        01FA25E8).  degree = (    2).
 Node pointer = (        01FA25E8).  degree = (    2).
 Adjacent node pointer = (        01FA2468).  degree = (    2).
 Adjacent node pointer = (        01FA2768).  degree = (    2).
 Node pointer = (        01FA2768).  degree = (    2).
 Adjacent node pointer = (        01FA25E8).  degree = (    2).
 Adjacent node pointer = (        01FA28E8).  degree = (    2).
 Node pointer = (        01FA28E8).  degree = (    2).
 Adjacent node pointer = (        01FA2768).  degree = (    2).
 Adjacent node pointer = (        01FA2A68).  degree = (    2).
 Node pointer = (        01FA2A68).  degree = (    2).
 Adjacent node pointer = (        01FA28E8).  degree = (    2).
 Adjacent node pointer = (        01FA2BE8).  degree = (    2).
 Node pointer = (        01FA2BE8).  degree = (    2).
 Adjacent node pointer = (        01FA2A68).  degree = (    2).
 Adjacent node pointer = (        01FA2D68).  degree = (    2).
 Node pointer = (        01FA2D68).  degree = (    2).
 Adjacent node pointer = (        01FA2BE8).  degree = (    2).
 Adjacent node pointer = (        01FA2EE8).  degree = (    2).
 Node pointer = (        01FA2EE8).  degree = (    2).
 Adjacent node pointer = (        01FA2D68).  degree = (    2).
 Adjacent node pointer = (        01FA3068).  degree = (    2).
 Node pointer = (        01FA3068).  degree = (    2).
 Adjacent node pointer = (        01FA2EE8).  degree = (    2).
 Adjacent node pointer = (        01FA31E8).  degree = (    2).
 Node pointer = (        01FA31E8).  degree = (    2).
 Adjacent node pointer = (        01FA3068).  degree = (    2).
 Adjacent node pointer = (        01FA3368).  degree = (    2).
 Node pointer = (        01FA3368).  degree = (    2).
 Adjacent node pointer = (        01FA31E8).  degree = (    2).
 Adjacent node pointer = (        01FA34E8).  degree = (    2).
 Node pointer = (        01FA34E8).  degree = (    2).
 Adjacent node pointer = (        01F9E8D0).  degree = (    1).
 Adjacent node pointer = (        01FA3368).  degree = (    2).

      ---  Model mesh parameters  ---- 

 Number of nodes = (   70).
 Number of sets = (    1).
 Bandwidth = (   93).

      ---  Set model constraints  ---- 


      ---  Model degrees of freedom  ---- 

 Number of degrees of freedom = (  414).

      ---  List of nodes of associated DOF's  ---- 

 Node number = (    1).  pointer = (        01F9E850).
 Node number = (    2).  pointer = (        01F9E9D0).
 Node number = (    3).  pointer = (        01F9EA50).
 Node number = (    4).  pointer = (        01F9E950).
 Node number = (    5).  pointer = (        01F9F350).
 Node number = (    6).  pointer = (        01FA13D0).
 Node number = (    7).  pointer = (        01F9F2D0).
 Node number = (    8).  pointer = (        01FA14D0).
 Node number = (    9).  pointer = (        01FA1950).
 Node number = (   10).  pointer = (        01FA1450).
 Node number = (   11).  pointer = (        01FA1A50).
 Node number = (   12).  pointer = (        01FA1AD0).
 Node number = (   13).  pointer = (        01FA19D0).
 Node number = (   14).  pointer = (        01FA1BD0).
 Node number = (   15).  pointer = (        01FA1C68).
 Node number = (   16).  pointer = (        01FA1B50).
 Node number = (   17).  pointer = (        01FA1D68).
 Node number = (   18).  pointer = (        01FA1DE8).
 Node number = (   19).  pointer = (        01FA1CE8).
 Node number = (   20).  pointer = (        01FA1EE8).
 Node number = (   21).  pointer = (        01FA1F68).
 Node number = (   22).  pointer = (        01FA1E68).
 Node number = (   23).  pointer = (        01FA2068).
 Node number = (   24).  pointer = (        01FA20E8).
 Node number = (   25).  pointer = (        01FA1FE8).
 Node number = (   26).  pointer = (        01FA21E8).
 Node number = (   27).  pointer = (        01FA2268).
 Node number = (   28).  pointer = (        01FA2168).
 Node number = (   29).  pointer = (        01FA2368).
 Node number = (   30).  pointer = (        01FA23E8).
 Node number = (   31).  pointer = (        01FA22E8).
 Node number = (   32).  pointer = (        01FA24E8).
 Node number = (   33).  pointer = (        01FA2568).
 Node number = (   34).  pointer = (        01FA2468).
 Node number = (   35).  pointer = (        01FA2668).
 Node number = (   36).  pointer = (        01FA26E8).
 Node number = (   37).  pointer = (        01FA25E8).
 Node number = (   38).  pointer = (        01FA27E8).
 Node number = (   39).  pointer = (        01FA2868).
 Node number = (   40).  pointer = (        01FA2768).
 Node number = (   41).  pointer = (        01FA2968).
 Node number = (   42).  pointer = (        01FA29E8).
 Node number = (   43).  pointer = (        01FA28E8).
 Node number = (   44).  pointer = (        01FA2AE8).
 Node number = (   45).  pointer = (        01FA2B68).
 Node number = (   46).  pointer = (        01FA2A68).
 Node number = (   47).  pointer = (        01FA2C68).
 Node number = (   48).  pointer = (        01FA2CE8).
 Node number = (   49).  pointer = (        01FA2BE8).
 Node number = (   50).  pointer = (        01FA2DE8).
 Node number = (   51).  pointer = (        01FA2E68).
 Node number = (   52).  pointer = (        01FA2D68).
 Node number = (   53).  pointer = (        01FA2F68).
 Node number = (   54).  pointer = (        01FA2FE8).
 Node number = (   55).  pointer = (        01FA2EE8).
 Node number = (   56).  pointer = (        01FA30E8).
 Node number = (   57).  pointer = (        01FA3168).
 Node number = (   58).  pointer = (        01FA3068).
 Node number = (   59).  pointer = (        01FA3268).
 Node number = (   60).  pointer = (        01FA32E8).
 Node number = (   61).  pointer = (        01FA31E8).
 Node number = (   62).  pointer = (        01FA33E8).
 Node number = (   63).  pointer = (        01FA3468).
 Node number = (   64).  pointer = (        01FA3368).
 Node number = (   65).  pointer = (        01FA3568).
 Node number = (   66).  pointer = (        01FA35E8).
 Node number = (   67).  pointer = (        01FA34E8).
 Node number = (   68).  pointer = (        01FA3668).
 Node number = (   69).  pointer = (        01FA36E8).
 Node number = (   70).  pointer = (        01F9E8D0).



                    ************************************
                    *   @CREATE_FINITE_ELEMENT_MODEL   *
                    ************************************

 Number of nodes = (   70).
 Number of degrees of freedom = (  414).

      ---  Create fem data structures  ---- 


      ---  Create skyline vector  ---- 

 
 * Bld created by : [monoplane_spar].
   - Node numbers = (    1,     4,     2,     3).
   - lmu vector = (
     0,     0,     0,     0,     0,     0,    13,    14,    15,    16,    17,    18, 
     1,     2,     3,     4,     5,     6,     7,     8,     9,    10,    11,    12).
 
 * Bld created by : [monoplane_spar].
   - Node numbers = (    4,     7,     5,     6).
   - lmu vector = (
    13,    14,    15,    16,    17,    18,    31,    32,    33,    34,    35,    36, 
    19,    20,    21,    22,    23,    24,    25,    26,    27,    28,    29,    30).
 
 * Bld created by : [monoplane_spar].
   - Node numbers = (    7,    10,     8,     9).
   - lmu vector = (
    31,    32,    33,    34,    35,    36,    49,    50,    51,    52,    53,    54, 
    37,    38,    39,    40,    41,    42,    43,    44,    45,    46,    47,    48).
 
 * Bld created by : [monoplane_spar].
   - Node numbers = (   10,    13,    11,    12).
   - lmu vector = (
    49,    50,    51,    52,    53,    54,    67,    68,    69,    70,    71,    72, 
    55,    56,    57,    58,    59,    60,    61,    62,    63,    64,    65,    66).
 
 * Bld created by : [monoplane_spar].
   - Node numbers = (   13,    16,    14,    15).
   - lmu vector = (
    67,    68,    69,    70,    71,    72,    85,    86,    87,    88,    89,    90, 
    73,    74,    75,    76,    77,    78,    79,    80,    81,    82,    83,    84).
 
 * Bld created by : [monoplane_spar].
   - Node numbers = (   16,    19,    17,    18).
   - lmu vector = (
    85,    86,    87,    88,    89,    90,   103,   104,   105,   106,   107,   108, 
    91,    92,    93,    94,    95,    96,    97,    98,    99,   100,   101,   102).
 
 * Bld created by : [monoplane_spar].
   - Node numbers = (   19,    22,    20,    21).
   - lmu vector = (
   103,   104,   105,   106,   107,   108,   121,   122,   123,   124,   125,   126, 
   109,   110,   111,   112,   113,   114,   115,   116,   117,   118,   119,   120).
 
 * Bld created by : [monoplane_spar].
   - Node numbers = (   22,    25,    23,    24).
   - lmu vector = (
   121,   122,   123,   124,   125,   126,   139,   140,   141,   142,   143,   144, 
   127,   128,   129,   130,   131,   132,   133,   134,   135,   136,   137,   138).
 
 * Bld created by : [monoplane_spar].
   - Node numbers = (   25,    28,    26,    27).
   - lmu vector = (
   139,   140,   141,   142,   143,   144,   157,   158,   159,   160,   161,   162, 
   145,   146,   147,   148,   149,   150,   151,   152,   153,   154,   155,   156).
 
 * Bld created by : [monoplane_spar].
   - Node numbers = (   28,    31,    29,    30).
   - lmu vector = (
   157,   158,   159,   160,   161,   162,   175,   176,   177,   178,   179,   180, 
   163,   164,   165,   166,   167,   168,   169,   170,   171,   172,   173,   174).
 
 * Bld created by : [monoplane_spar].
   - Node numbers = (   31,    34,    32,    33).
   - lmu vector = (
   175,   176,   177,   178,   179,   180,   193,   194,   195,   196,   197,   198, 
   181,   182,   183,   184,   185,   186,   187,   188,   189,   190,   191,   192).
 
 * Bld created by : [monoplane_spar].
   - Node numbers = (   34,    37,    35,    36).
   - lmu vector = (
   193,   194,   195,   196,   197,   198,   211,   212,   213,   214,   215,   216, 
   199,   200,   201,   202,   203,   204,   205,   206,   207,   208,   209,   210).
 
 * Bld created by : [monoplane_spar].
   - Node numbers = (   37,    40,    38,    39).
   - lmu vector = (
   211,   212,   213,   214,   215,   216,   229,   230,   231,   232,   233,   234, 
   217,   218,   219,   220,   221,   222,   223,   224,   225,   226,   227,   228).
 
 * Bld created by : [monoplane_spar].
   - Node numbers = (   40,    43,    41,    42).
   - lmu vector = (
   229,   230,   231,   232,   233,   234,   247,   248,   249,   250,   251,   252, 
   235,   236,   237,   238,   239,   240,   241,   242,   243,   244,   245,   246).
 
 * Bld created by : [monoplane_spar].
   - Node numbers = (   43,    46,    44,    45).
   - lmu vector = (
   247,   248,   249,   250,   251,   252,   265,   266,   267,   268,   269,   270, 
   253,   254,   255,   256,   257,   258,   259,   260,   261,   262,   263,   264).
 
 * Bld created by : [monoplane_spar].
   - Node numbers = (   46,    49,    47,    48).
   - lmu vector = (
   265,   266,   267,   268,   269,   270,   283,   284,   285,   286,   287,   288, 
   271,   272,   273,   274,   275,   276,   277,   278,   279,   280,   281,   282).
 
 * Bld created by : [monoplane_spar].
   - Node numbers = (   49,    52,    50,    51).
   - lmu vector = (
   283,   284,   285,   286,   287,   288,   301,   302,   303,   304,   305,   306, 
   289,   290,   291,   292,   293,   294,   295,   296,   297,   298,   299,   300).
 
 * Bld created by : [monoplane_spar].
   - Node numbers = (   52,    55,    53,    54).
   - lmu vector = (
   301,   302,   303,   304,   305,   306,   319,   320,   321,   322,   323,   324, 
   307,   308,   309,   310,   311,   312,   313,   314,   315,   316,   317,   318).
 
 * Bld created by : [monoplane_spar].
   - Node numbers = (   55,    58,    56,    57).
   - lmu vector = (
   319,   320,   321,   322,   323,   324,   337,   338,   339,   340,   341,   342, 
   325,   326,   327,   328,   329,   330,   331,   332,   333,   334,   335,   336).
 
 * Bld created by : [monoplane_spar].
   - Node numbers = (   58,    61,    59,    60).
   - lmu vector = (
   337,   338,   339,   340,   341,   342,   355,   356,   357,   358,   359,   360, 
   343,   344,   345,   346,   347,   348,   349,   350,   351,   352,   353,   354).
 
 * Bld created by : [monoplane_spar].
   - Node numbers = (   61,    64,    62,    63).
   - lmu vector = (
   355,   356,   357,   358,   359,   360,   373,   374,   375,   376,   377,   378, 
   361,   362,   363,   364,   365,   366,   367,   368,   369,   370,   371,   372).
 
 * Bld created by : [monoplane_spar].
   - Node numbers = (   64,    67,    65,    66).
   - lmu vector = (
   373,   374,   375,   376,   377,   378,   391,   392,   393,   394,   395,   396, 
   379,   380,   381,   382,   383,   384,   385,   386,   387,   388,   389,   390).
 
 * Bld created by : [monoplane_spar].
   - Node numbers = (   67,    70,    68,    69).
   - lmu vector = (
   391,   392,   393,   394,   395,   396,   409,   410,   411,   412,   413,   414, 
   397,   398,   399,   400,   401,   402,   403,   404,   405,   406,   407,   408).



                    ********************************
                    *   @FINITE_ELEMENT_ANALYSIS   *
                    ********************************


      ---  Initial conditions are selected at rest.  ---- 

 
 *** Time Step Number = (    1).  Initial Time = ( 0.00000e+000). [sec].

 *** Step control parameters: [Step1],
 Archival frequency = (    1).  Reuse number = (  100).
 Requested number of eigenvalues = (   10).
 Eigenvalues print flag = (    0).
 Gyroscopic term: : [NO].
 Eigen spectrum shift = ( 0.00000e+000).
 Time Step Size = ( 1.00000e+000). [sec].
 Maximum number of iterations = (   10).
 Factorization strategy = (    1).
 Convergence norm type : [ENERGY LIKE].  Convergence tolerance = ( 1.00000e-006).
 Maximum number of reject = (    5).
 Average stiffness = ( 1.00000e+006).  Average mass = ( 0.00000e+000).
 Iteration = (    1,     1).  Conv. norm = ( 2.10405e-004).
 Iteration = (    2,     1).  Conv. norm = ( 3.86773e-005).
 Iteration = (    3,     1).  Conv. norm = ( 1.67674e-010).

      ---  EIGENPROBLEM ABOUT THIS EQUILIBRIUM CONFIGURATION  ---- 


      ---  Arnoldi procedure control parameters  ---- 

 Number of degrees of freedom = (  414).
 Requested number of eigenvalues = (   10).
 Maximum number of Arnoldi steps = (   60).
 Gyroscopic terms : [NO].

      ---  End of Arnoldi algorithm  ---- 

 Number of Arnoldi steps performed = (   27).
 Number of converged eigenvalues = (   10).

      ---  Computing eigenvectors  ---- 

 Eigenvalue = (    1).    = ( 1.32308e+000). [rad/sec].
 Eigenvalue = (    2).    = ( 3.71962e+000). [rad/sec].
 Eigenvalue = (    3).    = ( 6.59920e+000). [rad/sec].
 Eigenvalue = (    4).    = ( 1.02275e+001). [rad/sec].
 Eigenvalue = (    5).    = ( 1.61028e+001). [rad/sec].
 Eigenvalue = (    6).    = ( 2.00337e+001). [rad/sec].
 Eigenvalue = (    7).    = ( 2.04547e+001). [rad/sec].
 Eigenvalue = (    8).    = ( 2.93193e+001). [rad/sec].
 Eigenvalue = (    9).    = ( 3.26045e+001). [rad/sec].
 Eigenvalue = (   10).    = ( 3.99864e+001). [rad/sec].
 
 *** Time Step Number = (    2).  Initial Time = ( 1.00000e+000). [sec].
 Iteration = (    1,     1).  Conv. norm = ( 9.81695e-016).

      ---  EIGENPROBLEM ABOUT THIS EQUILIBRIUM CONFIGURATION  ---- 


      ---  Arnoldi procedure control parameters  ---- 

 Number of degrees of freedom = (  414).
 Requested number of eigenvalues = (   10).
 Maximum number of Arnoldi steps = (   60).
 Gyroscopic terms : [NO].

      ---  End of Arnoldi algorithm  ---- 

 Number of Arnoldi steps performed = (   27).
 Number of converged eigenvalues = (   10).

      ---  Computing eigenvectors  ---- 

 Eigenvalue = (    1).    = ( 1.32308e+000). [rad/sec].
 Eigenvalue = (    2).    = ( 3.71962e+000). [rad/sec].
 Eigenvalue = (    3).    = ( 6.59920e+000). [rad/sec].
 Eigenvalue = (    4).    = ( 1.02275e+001). [rad/sec].
 Eigenvalue = (    5).    = ( 1.61028e+001). [rad/sec].
 Eigenvalue = (    6).    = ( 2.00337e+001). [rad/sec].
 Eigenvalue = (    7).    = ( 2.04547e+001). [rad/sec].
 Eigenvalue = (    8).    = ( 2.93193e+001). [rad/sec].
 Eigenvalue = (    9).    = ( 3.26045e+001). [rad/sec].
 Eigenvalue = (   10).    = ( 3.99864e+001). [rad/sec].
 
 *** Time Step Number = (    3).  Initial Time = ( 2.00000e+000). [sec].
 Iteration = (    1,     1).  Conv. norm = ( 6.75958e-017).

      ---  EIGENPROBLEM ABOUT THIS EQUILIBRIUM CONFIGURATION  ---- 


      ---  Arnoldi procedure control parameters  ---- 

 Number of degrees of freedom = (  414).
 Requested number of eigenvalues = (   10).
 Maximum number of Arnoldi steps = (   60).
 Gyroscopic terms : [NO].

      ---  End of Arnoldi algorithm  ---- 

 Number of Arnoldi steps performed = (   27).
 Number of converged eigenvalues = (   10).

      ---  Computing eigenvectors  ---- 

 Eigenvalue = (    1).    = ( 1.32308e+000). [rad/sec].
 Eigenvalue = (    2).    = ( 3.71962e+000). [rad/sec].
 Eigenvalue = (    3).    = ( 6.59920e+000). [rad/sec].
 Eigenvalue = (    4).    = ( 1.02275e+001). [rad/sec].
 Eigenvalue = (    5).    = ( 1.61028e+001). [rad/sec].
 Eigenvalue = (    6).    = ( 2.00337e+001). [rad/sec].
 Eigenvalue = (    7).    = ( 2.04547e+001). [rad/sec].
 Eigenvalue = (    8).    = ( 2.93193e+001). [rad/sec].
 Eigenvalue = (    9).    = ( 3.26045e+001). [rad/sec].
 Eigenvalue = (   10).    = ( 3.99864e+001). [rad/sec].
 
 *** Time Step Number = (    4).  Initial Time = ( 3.00000e+000). [sec].
 Iteration = (    1,     1).  Conv. norm = ( 7.46137e-017).

      ---  EIGENPROBLEM ABOUT THIS EQUILIBRIUM CONFIGURATION  ---- 


      ---  Arnoldi procedure control parameters  ---- 

 Number of degrees of freedom = (  414).
 Requested number of eigenvalues = (   10).
 Maximum number of Arnoldi steps = (   60).
 Gyroscopic terms : [NO].

      ---  End of Arnoldi algorithm  ---- 

 Number of Arnoldi steps performed = (   27).
 Number of converged eigenvalues = (   10).

      ---  Computing eigenvectors  ---- 

 Eigenvalue = (    1).    = ( 1.32308e+000). [rad/sec].
 Eigenvalue = (    2).    = ( 3.71962e+000). [rad/sec].
 Eigenvalue = (    3).    = ( 6.59920e+000). [rad/sec].
 Eigenvalue = (    4).    = ( 1.02275e+001). [rad/sec].
 Eigenvalue = (    5).    = ( 1.61028e+001). [rad/sec].
 Eigenvalue = (    6).    = ( 2.00337e+001). [rad/sec].
 Eigenvalue = (    7).    = ( 2.04547e+001). [rad/sec].
 Eigenvalue = (    8).    = ( 2.93193e+001). [rad/sec].
 Eigenvalue = (    9).    = ( 3.26045e+001). [rad/sec].
 Eigenvalue = (   10).    = ( 3.99864e+001). [rad/sec].
 
 *** Time Step Number = (    5).  Initial Time = ( 4.00000e+000). [sec].
 Iteration = (    1,     1).  Conv. norm = ( 8.22978e-017).

      ---  EIGENPROBLEM ABOUT THIS EQUILIBRIUM CONFIGURATION  ---- 


      ---  Arnoldi procedure control parameters  ---- 

 Number of degrees of freedom = (  414).
 Requested number of eigenvalues = (   10).
 Maximum number of Arnoldi steps = (   60).
 Gyroscopic terms : [NO].

      ---  End of Arnoldi algorithm  ---- 

 Number of Arnoldi steps performed = (   27).
 Number of converged eigenvalues = (   10).

      ---  Computing eigenvectors  ---- 

 Eigenvalue = (    1).    = ( 1.32308e+000). [rad/sec].
 Eigenvalue = (    2).    = ( 3.71962e+000). [rad/sec].
 Eigenvalue = (    3).    = ( 6.59920e+000). [rad/sec].
 Eigenvalue = (    4).    = ( 1.02275e+001). [rad/sec].
 Eigenvalue = (    5).    = ( 1.61028e+001). [rad/sec].
 Eigenvalue = (    6).    = ( 2.00337e+001). [rad/sec].
 Eigenvalue = (    7).    = ( 2.04547e+001). [rad/sec].
 Eigenvalue = (    8).    = ( 2.93193e+001). [rad/sec].
 Eigenvalue = (    9).    = ( 3.26045e+001). [rad/sec].
 Eigenvalue = (   10).    = ( 3.99864e+001). [rad/sec].
 
 *** Time Step Number = (    6).  Initial Time = ( 5.00000e+000). [sec].
 Iteration = (    1,     1).  Conv. norm = ( 7.12497e-017).

      ---  EIGENPROBLEM ABOUT THIS EQUILIBRIUM CONFIGURATION  ---- 


      ---  Arnoldi procedure control parameters  ---- 

 Number of degrees of freedom = (  414).
 Requested number of eigenvalues = (   10).
 Maximum number of Arnoldi steps = (   60).
 Gyroscopic terms : [NO].

      ---  End of Arnoldi algorithm  ---- 

 Number of Arnoldi steps performed = (   27).
 Number of converged eigenvalues = (   10).

      ---  Computing eigenvectors  ---- 

 Eigenvalue = (    1).    = ( 1.32308e+000). [rad/sec].
 Eigenvalue = (    2).    = ( 3.71962e+000). [rad/sec].
 Eigenvalue = (    3).    = ( 6.59920e+000). [rad/sec].
 Eigenvalue = (    4).    = ( 1.02275e+001). [rad/sec].
 Eigenvalue = (    5).    = ( 1.61028e+001). [rad/sec].
 Eigenvalue = (    6).    = ( 2.00337e+001). [rad/sec].
 Eigenvalue = (    7).    = ( 2.04547e+001). [rad/sec].
 Eigenvalue = (    8).    = ( 2.93193e+001). [rad/sec].
 Eigenvalue = (    9).    = ( 3.26045e+001). [rad/sec].
 Eigenvalue = (   10).    = ( 3.99864e+001). [rad/sec].
 
 *** Time Step Number = (    7).  Initial Time = ( 6.00000e+000). [sec].
 Iteration = (    1,     1).  Conv. norm = ( 6.32537e-017).

      ---  EIGENPROBLEM ABOUT THIS EQUILIBRIUM CONFIGURATION  ---- 


      ---  Arnoldi procedure control parameters  ---- 

 Number of degrees of freedom = (  414).
 Requested number of eigenvalues = (   10).
 Maximum number of Arnoldi steps = (   60).
 Gyroscopic terms : [NO].

      ---  End of Arnoldi algorithm  ---- 

 Number of Arnoldi steps performed = (   27).
 Number of converged eigenvalues = (   10).

      ---  Computing eigenvectors  ---- 

 Eigenvalue = (    1).    = ( 1.32308e+000). [rad/sec].
 Eigenvalue = (    2).    = ( 3.71962e+000). [rad/sec].
 Eigenvalue = (    3).    = ( 6.59920e+000). [rad/sec].
 Eigenvalue = (    4).    = ( 1.02275e+001). [rad/sec].
 Eigenvalue = (    5).    = ( 1.61028e+001). [rad/sec].
 Eigenvalue = (    6).    = ( 2.00337e+001). [rad/sec].
 Eigenvalue = (    7).    = ( 2.04547e+001). [rad/sec].
 Eigenvalue = (    8).    = ( 2.93193e+001). [rad/sec].
 Eigenvalue = (    9).    = ( 3.26045e+001). [rad/sec].
 Eigenvalue = (   10).    = ( 3.99864e+001). [rad/sec].
 
 *** Time Step Number = (    8).  Initial Time = ( 7.00000e+000). [sec].
 Iteration = (    1,     1).  Conv. norm = ( 6.70139e-017).

      ---  EIGENPROBLEM ABOUT THIS EQUILIBRIUM CONFIGURATION  ---- 


      ---  Arnoldi procedure control parameters  ---- 

 Number of degrees of freedom = (  414).
 Requested number of eigenvalues = (   10).
 Maximum number of Arnoldi steps = (   60).
 Gyroscopic terms : [NO].

      ---  End of Arnoldi algorithm  ---- 

 Number of Arnoldi steps performed = (   27).
 Number of converged eigenvalues = (   10).

      ---  Computing eigenvectors  ---- 

 Eigenvalue = (    1).    = ( 1.32308e+000). [rad/sec].
 Eigenvalue = (    2).    = ( 3.71962e+000). [rad/sec].
 Eigenvalue = (    3).    = ( 6.59920e+000). [rad/sec].
 Eigenvalue = (    4).    = ( 1.02275e+001). [rad/sec].
 Eigenvalue = (    5).    = ( 1.61028e+001). [rad/sec].
 Eigenvalue = (    6).    = ( 2.00337e+001). [rad/sec].
 Eigenvalue = (    7).    = ( 2.04547e+001). [rad/sec].
 Eigenvalue = (    8).    = ( 2.93193e+001). [rad/sec].
 Eigenvalue = (    9).    = ( 3.26045e+001). [rad/sec].
 Eigenvalue = (   10).    = ( 3.99864e+001). [rad/sec].
 
 *** Time Step Number = (    9).  Initial Time = ( 8.00000e+000). [sec].
 Iteration = (    1,     1).  Conv. norm = ( 6.65807e-017).

      ---  EIGENPROBLEM ABOUT THIS EQUILIBRIUM CONFIGURATION  ---- 


      ---  Arnoldi procedure control parameters  ---- 

 Number of degrees of freedom = (  414).
 Requested number of eigenvalues = (   10).
 Maximum number of Arnoldi steps = (   60).
 Gyroscopic terms : [NO].

      ---  End of Arnoldi algorithm  ---- 

 Number of Arnoldi steps performed = (   27).
 Number of converged eigenvalues = (   10).

      ---  Computing eigenvectors  ---- 

 Eigenvalue = (    1).    = ( 1.32308e+000). [rad/sec].
 Eigenvalue = (    2).    = ( 3.71962e+000). [rad/sec].
 Eigenvalue = (    3).    = ( 6.59920e+000). [rad/sec].
 Eigenvalue = (    4).    = ( 1.02275e+001). [rad/sec].
 Eigenvalue = (    5).    = ( 1.61028e+001). [rad/sec].
 Eigenvalue = (    6).    = ( 2.00337e+001). [rad/sec].
 Eigenvalue = (    7).    = ( 2.04547e+001). [rad/sec].
 Eigenvalue = (    8).    = ( 2.93193e+001). [rad/sec].
 Eigenvalue = (    9).    = ( 3.26045e+001). [rad/sec].
 Eigenvalue = (   10).    = ( 3.99864e+001). [rad/sec].
 
 *** Time Step Number = (   10).  Initial Time = ( 9.00000e+000). [sec].
 Iteration = (    1,     1).  Conv. norm = ( 6.79856e-017).

      ---  EIGENPROBLEM ABOUT THIS EQUILIBRIUM CONFIGURATION  ---- 


      ---  Arnoldi procedure control parameters  ---- 

 Number of degrees of freedom = (  414).
 Requested number of eigenvalues = (   10).
 Maximum number of Arnoldi steps = (   60).
 Gyroscopic terms : [NO].

      ---  End of Arnoldi algorithm  ---- 

 Number of Arnoldi steps performed = (   27).
 Number of converged eigenvalues = (   10).

      ---  Computing eigenvectors  ---- 

 Eigenvalue = (    1).    = ( 1.32308e+000). [rad/sec].
 Eigenvalue = (    2).    = ( 3.71962e+000). [rad/sec].
 Eigenvalue = (    3).    = ( 6.59920e+000). [rad/sec].
 Eigenvalue = (    4).    = ( 1.02275e+001). [rad/sec].
 Eigenvalue = (    5).    = ( 1.61028e+001). [rad/sec].
 Eigenvalue = (    6).    = ( 2.00337e+001). [rad/sec].
 Eigenvalue = (    7).    = ( 2.04547e+001). [rad/sec].
 Eigenvalue = (    8).    = ( 2.93193e+001). [rad/sec].
 Eigenvalue = (    9).    = ( 3.26045e+001). [rad/sec].
 Eigenvalue = (   10).    = ( 3.99864e+001). [rad/sec].

      ---  Simulation is over  ---- 

 CPU time elapsed = ( 1.84000e-001). [sec].



                    *********************************
                    *   @POST_PROCESSING_ANALYSIS   *
                    *********************************


      ---  Graphical control parameters  ---- 

 Number of archived time steps = (   11).
 Coordinate norm = ( 1.08814e-002). [1/m].
 Coordinate range Minima: X1, X2, X3 = ( 0.00000e+000,  0.00000e+000,  0.00000e+000) [m].
 Coordinate range Maxima: X1, X2, X3 = ( 9.19000e+001,  0.00000e+000,  0.00000e+000) [m].
 Position norm = ( 1.08814e-002). [1/m].
 Position range Minima: X1, X2, X3 = ( 0.00000e+000, -1.96723e-006, -5.63870e-001) [m].
 Position range Maxima: X1, X2, X3 = ( 9.19000e+001,  0.00000e+000,  0.00000e+000) [m].
 Position range Maxima: X1, X2, X3 = ( 9.19000e+001,  0.00000e+000,  0.00000e+000) [m].
 Vector field type : [AERODYNAMIC_FORCES].  Norm = ( 0.00000e+000).
 Vector field type : [AERODYNAMIC_MOMENTS].  Norm = ( 0.00000e+000).
 Vector field type : [ANGULAR_VELOCITIES].  Norm = ( 0.00000e+000).
 Vector field type : [CIRCULATION].  Norm = ( 0.00000e+000).
 Vector field type : [CURVATURES].  Norm = ( 0.00000e+000).
 Vector field type : [FORCES].  Norm = ( 0.00000e+000).
 Vector field type : [MOMENTS].  Norm = ( 0.00000e+000).
 Vector field type : [STRAINS].  Norm = ( 0.00000e+000).
 Vector field type : [VELOCITIES].  Norm = ( 0.00000e+000).
 CPU time elapsed = ( 1.17000e-001). [sec].

      ---  Destroying Iost  ---- 


      ---  List of Memory Items  ---- 

 Number of Items = (    4).
 Item ID = (33000).  Pointer = (        01F8D840).
 Item ID = (33001).  Pointer = (        01F9CEB0).
 Item ID = (33003).  Pointer = (        01F9CEC8).
 Item ID = (33004).  Pointer = (        01F9CEE0).