
     ****************************************************
     *                                                  *
     *         GEORGIA INSTITUTE OF TECHNOLOGY          *
     *                                                  *
     *          - - -     D Y M O R E    - - -          *
     *          - - -     Version 3.0    - - -          *
     *                                                  *
     * FINITE ELEMENT BASED MULTI-BODY DYNAMIC ANALYSIS *
     *                                                  *
     ****************************************************
     ---  Version: Georgia Tech Dymore V.3

     --- Run date: Mon Apr 30 21:41:31 2012




                    ***********************************
                    *   @PROCESS_CONTROL_DEFINITION   *
                    ***********************************

 List of design parameters for assembly : [Master assembly].
 Design parameter [#pointA_xyz] = ( 0.00000e+000,  0.00000e+000,  0.00000e+000)
 Design parameter [#pointB_xyz] = ( 2.00000e-001,  0.00000e+000,  0.00000e+000)
 Design parameter [#pointC_xyz] = ( 4.40000e+000,  0.00000e+000,  3.81400e+000)
 Design parameter [#pointD_xyz] = ( 4.15000e+001,  0.00000e+000,  3.81400e+000)
 Design parameter [#pointE_xyz] = ( 5.78000e+001,  0.00000e+000,  0.00000e+000)
 Design parameter [#pointF_xyz] = ( 9.19000e+001,  0.00000e+000,  0.00000e+000)
 Design parameter [#pointG_xyz] = ( 4.40000e+000,  0.00000e+000, -3.81400e+000)
 Design parameter [#pointH_xyz] = ( 4.15000e+001,  0.00000e+000, -3.81400e+000)



                    *************************
                    *   @MODEL_DEFINITION   *
                    *************************




      ---------------------------------
      |   @TIME_FUNCTION_DEFINITION   |
      ---------------------------------


 *** Time function: [scheduleload],
 Time function type : [USER_DEFINED].
 Time = ( 0.00000e+000).  Function value = ( 1.00000e+000).
 Time = ( 1.00000e+000).  Function value = ( 1.00000e+000).
 Time = ( 2.00000e+000).  Function value = ( 1.00000e+000).
 Time = ( 3.00000e+000).  Function value = ( 1.00000e+000).
 Time = ( 4.00000e+000).  Function value = ( 1.00000e+000).
 Time = ( 5.00000e+000).  Function value = ( 1.00000e+000).
 Time = ( 6.00000e+000).  Function value = ( 1.00000e+000).
 Time = ( 7.00000e+000).  Function value = ( 1.00000e+000).
 Time = ( 8.00000e+000).  Function value = ( 1.00000e+000).
 Time = ( 9.00000e+000).  Function value = ( 1.00000e+000).
 Time = ( 1.00000e+001).  Function value = ( 1.00000e+000).
 Time = ( 1.10000e+001).  Function value = ( 1.00000e+000).
 Time = ( 1.20000e+001).  Function value = ( 1.00000e+000).
 Time = ( 1.30000e+001).  Function value = ( 1.00000e+000).
 Time = ( 1.40000e+001).  Function value = ( 1.00000e+000).
 Time = ( 1.50000e+001).  Function value = ( 1.00000e+000).
 Comment 1 : [gives a 15-second constant time function].



      -------------------------
      |   @POINT_DEFINITION   |
      -------------------------


 *** Point: [pointA],
 Coordinates = ( 0.00000e+000,  0.00000e+000,  0.00000e+000) [m].
 Is defined in frame : [INERTIAL].
 Comment 1 : [the root of the spar].

 *** Point: [pointB],
 Coordinates = ( 2.00000e-001,  0.00000e+000,  0.00000e+000) [m].
 Is defined in frame : [INERTIAL].
 Comment 1 : [the inboard joint].

 *** Point: [pointC],
 Coordinates = ( 4.40000e+000,  0.00000e+000,  3.81400e+000) [m].
 Is defined in frame : [INERTIAL].
 Comment 1 : [end of root transition to upper airfoil].

 *** Point: [pointD],
 Coordinates = ( 4.15000e+001,  0.00000e+000,  3.81400e+000) [m].
 Is defined in frame : [INERTIAL].
 Comment 1 : [end of joint transition to upper airfoil].

 *** Point: [pointE],
 Coordinates = ( 5.78000e+001,  0.00000e+000,  0.00000e+000) [m].
 Is defined in frame : [INERTIAL].
 Comment 1 : [the outboard joint].

 *** Point: [pointF],
 Coordinates = ( 9.19000e+001,  0.00000e+000,  0.00000e+000) [m].
 Is defined in frame : [INERTIAL].
 Comment 1 : [the tip of the spar].

 *** Point: [pointG],
 Coordinates = ( 4.40000e+000,  0.00000e+000, -3.81400e+000) [m].
 Is defined in frame : [INERTIAL].
 Comment 1 : [end of root transition to lower airfoil].

 *** Point: [pointH],
 Coordinates = ( 4.15000e+001,  0.00000e+000, -3.81400e+000) [m].
 Is defined in frame : [INERTIAL].
 Comment 1 : [end of joint transition to lower airfoil].



      --------------------------
      |   @VERTEX_DEFINITION   |
      --------------------------


 *** Vertex: [vertexA],
 At point : [pointA].

 *** Vertex: [vertexB],
 At point : [pointB].

 *** Vertex: [vertexC],
 At point : [pointC].

 *** Vertex: [vertexD],
 At point : [pointD].

 *** Vertex: [vertexE],
 At point : [pointE].

 *** Vertex: [vertexF],
 At point : [pointF].

 *** Vertex: [vertexG],
 At point : [pointG].

 *** Vertex: [vertexH],
 At point : [pointH].



      ------------------------
      |   @INCLUDE_COMMAND   |
      ------------------------


 *** Include command: [includeLoads],
 Active command : [YES].
 List of file names:
 loadDist.dat



      ------------------------
      |   @INCLUDE_COMMAND   |
      ------------------------


 *** Include command: [includeCommonDefs],
 Active command : [YES].
 List of file names:
 common.dat



      ------------------------
      |   @INCLUDE_COMMAND   |
      ------------------------


 *** Include command: [includeParts],
 Active command : [YES].
 List of file names:
 AB_root.dat
 BC_rootTrans_upper.dat
 BG_rootTrans_lower.dat
 CD_straightBiplane_upper.dat
 GH_straightBiplane_lower.dat
 DE_jointTrans_upper.dat
 HE_jointTrans_lower.dat
 EF_monoOutboard.dat



      ------------------------
      |   @INCLUDE_COMMAND   |
      ------------------------


 *** Include command: [includeCurvesShapes],
 Active command : [YES].
 List of file names:
 curves.dat
 shapes.dat



      ------------------------
      |   @INCLUDE_COMMAND   |
      ------------------------


 *** Include command: [includeGraphicParameters],
 Active command : [YES].
 List of file names:
 grfparams.dat



      ------------------------------------
      |   @CREATE_FINITE_ELEMENT_MODEL   |
      ------------------------------------

 Analysis type : [STATIC].



      --------------------------------
      |   @FINITE_ELEMENT_ANALYSIS   |
      --------------------------------


 *** Analysis control parameters: [AnalysisControlParameters],
 Maximum number of time steps = (   10).
 Simulation initial time = ( 0.00000e+000). [sec].
 Simulation final time = ( 1.50000e+001). [sec].
 Minimum time step size = ( 1.00000e-006). [sec].
 Maximum time step size = ( 5.00000e-002). [sec].
 Reference energy level = ( 6.00000e+005). [J].

 *** Step control parameters: [Step1],
 Archival frequency = (    1).  Reuse number = (  100).
 Requested number of eigenvalues = (   10).
 Eigenvalues print flag = (    0).
 Gyroscopic term: : [NO].
 Eigen spectrum shift = ( 0.00000e+000).
 Time Step Size = ( 1.00000e+000). [sec].
 Maximum number of iterations = (   10).
 Factorization strategy = (    1).
 Convergence norm type : [DISPLACEMENT].
 Reference length = ( 1.00000e+000). [m].  Convergence tolerance = ( 1.00000e-003).
 Maximum number of reject = (    5).
 Average stiffness = ( 1.00000e+006).  Average mass = ( 0.00000e+000).



      ---------------------------------
      |   @POST_PROCESSING_ANALYSIS   |
      ---------------------------------


 *** Graphical control parameters: [GraphicsControlParameters],
 Time step size = ( 0.00000e+000). [sec].
 Reference frame : [INERTIAL].
 Eigenvectors scaling factor = ( 1.00000e-001).
 Number of cycles for modal animation = (    5).
 Number of frames per cycle = (  100).
 Vector field type : [FORCES].  Scaling factor = ( 1.00000e-001).
 Vector field type : [STRAINS].  Scaling factor = ( 1.00000e-001).
 Vector field type : [VELOCITIES].  Scaling factor = ( 1.00000e-001).

 *** Plotting control parameters: [PlottingControlParameters],
 Graph  plot format : [PNG].
        plot Size   : [MEDIUM].
 Map    plot format : [PNG].
        plot Size   : [LARGE].
 Map    plot format : [EPS].
        plot Size   : [LARGE].
 Map    plot format : [TRM].
        plot Size   : [LARGE].
 Object plot format : [PNG].
        plot Size   : [LARGE].
 Object plot format : [EPS].
        plot Size   : [LARGE].
 Object plot format : [TRM].
        plot Size   : [LARGE].
 Sensor plot format : [PNG].
        plot Size   : [LARGE].
 Sensor plot format : [EPS].
        plot Size   : [LARGE].
 Sensor plot format : [TRM].
        plot Size   : [LARGE].
 Signal plot format : [PNG].
        plot Size   : [MEDIUM].
 Survey plot format : [PNG].
        plot Size   : [LARGE].
 Survey plot format : [EPS].
        plot Size   : [LARGE].
 Survey plot format : [TRM].
        plot Size   : [LARGE].
 Sensor memory size = (  100).
 Map    memory size = (   10).

 *** View parameters definition: [ViewParamName],
 View reference point = ( 5.00000e-001,  5.00000e-001,  5.00000e-001)
 View size = ( 1.20000e+000,  1.20000e+000,  1.20000e+000)
 Projection reference point = (-7.58693e-001, -5.03030e-004, -8.33261e-001)
 Projection eye vector = ( 0.00000e+000, -1.00000e+000,  0.00000e+000)
 Projection up vector = ( 0.00000e+000,  0.00000e+000,  1.00000e+000)
 Projection viewport = (-2.00000e-001,  1.72102e+000, -5.00000e-002,  5.00000e-002)



      ----------------------------------
      |   @EXECUTING_INCLUDE_COMMAND   |
      ----------------------------------

  --- Executing include command : [includeLoads].
 
 --- Opening data file : [loadDist.dat].



      -----------------------------
      |   @EDGE_LOAD_DEFINITION   |
      -----------------------------


 *** Edge load: [AB_load_rootRegion],
 Edge : [edgeAB].

      ---  Loading component  ---- 

 Data table for force along i3 : [constloaddistTable].
 Scale factor = ( 1.00000e+003).
 Time function : [scheduleload].

 *** Edge load: [BC_load_rootTrans_upper],
 Edge : [edgeBC].

      ---  Loading component  ---- 

 Data table for force along i3 : [constloaddistTable].
 Scale factor = ( 5.00000e+002).
 Time function : [scheduleload].

 *** Edge load: [CD_load_straightBiplane_upper],
 Edge : [edgeCD].

      ---  Loading component  ---- 

 Data table for force along i3 : [constloaddistTable].
 Scale factor = ( 5.00000e+002).
 Time function : [scheduleload].

 *** Edge load: [DE_load_jointTrans_upper],
 Edge : [edgeDE].

      ---  Loading component  ---- 

 Data table for force along i3 : [constloaddistTable].
 Scale factor = ( 5.00000e+002).
 Time function : [scheduleload].

 *** Edge load: [BG_load_rootTrans_lower],
 Edge : [edgeBG].

      ---  Loading component  ---- 

 Data table for force along i3 : [constloaddistTable].
 Scale factor = ( 5.00000e+002).
 Time function : [scheduleload].

 *** Edge load: [GH_load_straightBiplane_lower],
 Edge : [edgeGH].

      ---  Loading component  ---- 

 Data table for force along i3 : [constloaddistTable].
 Scale factor = ( 5.00000e+002).
 Time function : [scheduleload].

 *** Edge load: [HE_load_jointTrans_lower],
 Edge : [edgeHE].

      ---  Loading component  ---- 

 Data table for force along i3 : [constloaddistTable].
 Scale factor = ( 5.00000e+002).
 Time function : [scheduleload].

 *** Edge load: [EF_load_monoOutboard],
 Edge : [edgeEF].

      ---  Loading component  ---- 

 Data table for force along i3 : [constloaddistTable].
 Scale factor = ( 1.00000e+003).
 Time function : [scheduleload].



      ------------------------------
      |   @DATA_TABLE_DEFINITION   |
      ------------------------------


 *** Data table: [constloaddistTable],
 Coordinate type : [ETA_COORDINATE].
 Data type : [FORCE_ALONG_I3].
 X entry = ( 0.00000e+000).  Y entry = (-1.00000e+000). [N/m].
 X entry = ( 1.00000e+000).  Y entry = (-1.00000e+000). [N/m].
 Comment 1 : [this defines the load on any edge (beam) to have a constant load distribution].



      ----------------------------------
      |   @EXECUTING_INCLUDE_COMMAND   |
      ----------------------------------

 --- Include command : [includeLoads].
 --- Closing data file : [loadDist.dat].



      ----------------------------------
      |   @EXECUTING_INCLUDE_COMMAND   |
      ----------------------------------

  --- Executing include command : [includeCommonDefs].
 
 --- Opening data file : [common.dat].



      --------------------------------------------
      |   @ORIENTATION_DISTRIBUTION_DEFINITION   |
      --------------------------------------------


 *** Orientation distribution: [OriDist],
 Orientation definition type : [TWIST_ANGLE].
 Coordinate type : [ETA_COORDINATE].
 ETA_COORDINATE = ( 0.00000e+000).
 Twist angle = ( 0.00000e+000). [deg].
 ETA_COORDINATE = ( 1.00000e+000).
 Twist angle = ( 0.00000e+000). [deg].
 Comment 1 : [untwisted orientation distribution for spars].



      ----------------------------------
      |   @EXECUTING_INCLUDE_COMMAND   |
      ----------------------------------

 --- Include command : [includeCommonDefs].
 --- Closing data file : [common.dat].



      ----------------------------------
      |   @EXECUTING_INCLUDE_COMMAND   |
      ----------------------------------

  --- Executing include command : [includeParts].
 
 --- Opening data file : [AB_root.dat].



      ------------------------
      |   @EDGE_DEFINITION   |
      ------------------------


 *** Edge: [edgeAB],
 Connected to vertices: [vertexA, vertexB].
 Curve : [curveAB].



      ------------------------
      |   @BEAM_DEFINITION   |
      ------------------------


 *** Beam: [AB_root],
 Edge : [edgeAB].
 Property table : [propAB].
 Shape : [shape_root].
 Graphical parameters : [gp_sparExterior].
 Comment 1 : [the root region of the spar].



      -------------------------
      |   @CURVE_DEFINITION   |
      -------------------------


 *** Curve: [curveAB],
 Is defined in frame : [INERTIAL].

      ---  Curve points  ---- 

 Number of control points = (    2).
 Curve degree = (    1).
 Rational curve : [NO].
 End point 0 : [pointA].
 End point 1 : [pointB].
 Orientation distribution : [OriDist].
 Initial coordinate = ( 0.00000e+000). [m].
 Curve mesh parameters : [meshAB].
 Comment 1 : [straight line from the root (pointA) to the inboard joint (pointB)].



      -----------------------------------------
      |   @CURVE_MESH_PARAMETERS_DEFINITION   |
      -----------------------------------------


 *** Curve mesh parameters: [meshAB],
 Number of elements = (    1).
 Order of the elements = (    3).
 Uuu sequence = ( 
 0.00000e+000,  1.00000e+000).
 Comment 1 : [models the root region with 1 cubic beam element].



      --------------------------------------
      |   @BOUNDARY_CONDITION_DEFINITION   |
      --------------------------------------


 *** Boundary condition: [clampA],
 Entity : [vertexA].
 Displacements boundary conditions = (    1,     1,     1).
 Rotation      boundary conditions = (    1,     1,     1).



      ------------------------
      |   @INCLUDE_COMMAND   |
      ------------------------


 *** Include command: [includePropsAB],
 Active command : [YES].
 List of file names:
 AB_root_props.dat



      --------------------------
      |   @SURVEY_DEFINITION   |
      --------------------------


 *** Survey: [surveyAB],
 Surveyed object : [AB_root].
 Survey type : [DISPLACEMENTS].
 Time = ( 5.00000e+000). [sec].
 Reference frame : [INERTIAL].



      ----------------------------------
      |   @EXECUTING_INCLUDE_COMMAND   |
      ----------------------------------

 --- Include command : [includeParts].
 --- Closing data file : [AB_root.dat].
 
 --- Opening data file : [BC_rootTrans_upper.dat].



      ------------------------
      |   @EDGE_DEFINITION   |
      ------------------------


 *** Edge: [edgeBC],
 Connected to vertices: [vertexB, vertexC].
 Curve : [curveBC].



      ------------------------
      |   @BEAM_DEFINITION   |
      ------------------------


 *** Beam: [BC_rootTrans_upper],
 Edge : [edgeBC].
 Property table : [propBC].
 Shape : [shape_rootTrans].
 Graphical parameters : [gp_biplaneUpper].
 Comment 1 : [the upper root transition region of the spar].



      ------------------------
      |   @INCLUDE_COMMAND   |
      ------------------------


 *** Include command: [includePropsBC],
 Active command : [YES].
 List of file names:
 BC_rootTrans_upper_curve.dat
 BC_rootTrans_upper_mesh.dat
 BC_rootTrans_upper_props.dat



      --------------------------
      |   @SURVEY_DEFINITION   |
      --------------------------


 *** Survey: [surveyBC],
 Surveyed object : [BC_rootTrans_upper].
 Survey type : [DISPLACEMENTS].
 Time = ( 5.00000e+000). [sec].
 Reference frame : [INERTIAL].



      ----------------------------------
      |   @EXECUTING_INCLUDE_COMMAND   |
      ----------------------------------

 --- Include command : [includeParts].
 --- Closing data file : [BC_rootTrans_upper.dat].
 
 --- Opening data file : [BG_rootTrans_lower.dat].



      ------------------------
      |   @EDGE_DEFINITION   |
      ------------------------


 *** Edge: [edgeBG],
 Connected to vertices: [vertexB, vertexG].
 Curve : [curveBG].



      ------------------------
      |   @BEAM_DEFINITION   |
      ------------------------


 *** Beam: [BG_rootTrans_lower],
 Edge : [edgeBG].
 Property table : [propBG].
 Shape : [shape_rootTrans].
 Graphical parameters : [gp_biplaneLower].
 Comment 1 : [the lower root transition region of the spar].



      ------------------------
      |   @INCLUDE_COMMAND   |
      ------------------------


 *** Include command: [includePropsBG],
 Active command : [YES].
 List of file names:
 BG_rootTrans_lower_curve.dat
 BG_rootTrans_lower_mesh.dat
 BG_rootTrans_lower_props.dat



      --------------------------
      |   @SURVEY_DEFINITION   |
      --------------------------


 *** Survey: [surveyBG],
 Surveyed object : [BG_rootTrans_lower].
 Survey type : [DISPLACEMENTS].
 Time = ( 5.00000e+000). [sec].
 Reference frame : [INERTIAL].



      ----------------------------------
      |   @EXECUTING_INCLUDE_COMMAND   |
      ----------------------------------

 --- Include command : [includeParts].
 --- Closing data file : [BG_rootTrans_lower.dat].
 
 --- Opening data file : [CD_straightBiplane_upper.dat].



      ------------------------
      |   @EDGE_DEFINITION   |
      ------------------------


 *** Edge: [edgeCD],
 Connected to vertices: [vertexC, vertexD].
 Curve : [curveCD].



      ------------------------
      |   @BEAM_DEFINITION   |
      ------------------------


 *** Beam: [CD_straightBiplane_upper],
 Edge : [edgeCD].
 Property table : [propCD].
 Shape : [shape_straightBiplane].
 Graphical parameters : [gp_biplaneUpper].
 Comment 1 : [the upper straight biplane region of the spar].



      -------------------------
      |   @CURVE_DEFINITION   |
      -------------------------


 *** Curve: [curveCD],
 Is defined in frame : [INERTIAL].

      ---  Curve points  ---- 

 Number of control points = (    2).
 Curve degree = (    1).
 Rational curve : [NO].
 End point 0 : [pointC].
 End point 1 : [pointD].
 Orientation distribution : [OriDist].
 Initial coordinate = ( 0.00000e+000). [m].
 Curve mesh parameters : [meshCD].
 Comment 1 : [straight line from the end of the upper root transition (pointC) to the end of the upper joint transition (pointD)].



      ------------------------
      |   @INCLUDE_COMMAND   |
      ------------------------


 *** Include command: [includePropsCD],
 Active command : [YES].
 List of file names:
 CD_straightBiplane_upper_mesh.dat
 CD_straightBiplane_upper_props.dat



      ----------------------------------------
      |   @GRAPHICAL_PARAMETERS_DEFINITION   |
      ----------------------------------------


 *** GrfParam: [grfparamCD],



      --------------------------
      |   @SURVEY_DEFINITION   |
      --------------------------


 *** Survey: [surveyCD],
 Surveyed object : [CD_straightBiplane_upper].
 Survey type : [DISPLACEMENTS].
 Time = ( 5.00000e+000). [sec].
 Reference frame : [INERTIAL].



      ----------------------------------
      |   @EXECUTING_INCLUDE_COMMAND   |
      ----------------------------------

 --- Include command : [includeParts].
 --- Closing data file : [CD_straightBiplane_upper.dat].
 
 --- Opening data file : [GH_straightBiplane_lower.dat].



      ------------------------
      |   @EDGE_DEFINITION   |
      ------------------------


 *** Edge: [edgeGH],
 Connected to vertices: [vertexG, vertexH].
 Curve : [curveGH].



      ------------------------
      |   @BEAM_DEFINITION   |
      ------------------------


 *** Beam: [GH_straightBiplane_lower],
 Edge : [edgeGH].
 Property table : [propGH].
 Shape : [shape_straightBiplane].
 Graphical parameters : [gp_biplaneLower].
 Comment 1 : [the lower straight biplane region of the spar].



      -------------------------
      |   @CURVE_DEFINITION   |
      -------------------------


 *** Curve: [curveGH],
 Is defined in frame : [INERTIAL].

      ---  Curve points  ---- 

 Number of control points = (    2).
 Curve degree = (    1).
 Rational curve : [NO].
 End point 0 : [pointG].
 End point 1 : [pointH].
 Orientation distribution : [OriDist].
 Initial coordinate = ( 0.00000e+000). [m].
 Curve mesh parameters : [meshGH].
 Comment 1 : [straight line from the end of the lower root transition (pointG) to the end of the lower joint transition (pointH)].



      ------------------------
      |   @INCLUDE_COMMAND   |
      ------------------------


 *** Include command: [includePropsGH],
 Active command : [YES].
 List of file names:
 GH_straightBiplane_lower_mesh.dat
 GH_straightBiplane_lower_props.dat



      ----------------------------------------
      |   @GRAPHICAL_PARAMETERS_DEFINITION   |
      ----------------------------------------


 *** GrfParam: [grfparamGH],



      --------------------------
      |   @SURVEY_DEFINITION   |
      --------------------------


 *** Survey: [surveyGH],
 Surveyed object : [GH_straightBiplane_lower].
 Survey type : [DISPLACEMENTS].
 Time = ( 5.00000e+000). [sec].
 Reference frame : [INERTIAL].



      ----------------------------------
      |   @EXECUTING_INCLUDE_COMMAND   |
      ----------------------------------

 --- Include command : [includeParts].
 --- Closing data file : [GH_straightBiplane_lower.dat].
 
 --- Opening data file : [DE_jointTrans_upper.dat].



      ------------------------
      |   @EDGE_DEFINITION   |
      ------------------------


 *** Edge: [edgeDE],
 Connected to vertices: [vertexD, vertexE].
 Curve : [curveDE].



      ------------------------
      |   @BEAM_DEFINITION   |
      ------------------------


 *** Beam: [DE_jointTrans_upper],
 Edge : [edgeDE].
 Property table : [propDE].
 Shape : [shape_jointTrans].
 Graphical parameters : [gp_biplaneUpper].
 Comment 1 : [the upper joint transition region of the spar].



      ------------------------
      |   @INCLUDE_COMMAND   |
      ------------------------


 *** Include command: [includePropsDE],
 Active command : [YES].
 List of file names:
 DE_jointTrans_upper_curve.dat
 DE_jointTrans_upper_mesh.dat
 DE_jointTrans_upper_props.dat



      ----------------------------------------
      |   @GRAPHICAL_PARAMETERS_DEFINITION   |
      ----------------------------------------


 *** GrfParam: [grfparamDE],



      --------------------------
      |   @SURVEY_DEFINITION   |
      --------------------------


 *** Survey: [surveyDE],
 Surveyed object : [DE_jointTrans_upper].
 Survey type : [DISPLACEMENTS].
 Time = ( 5.00000e+000). [sec].
 Reference frame : [INERTIAL].



      ----------------------------------
      |   @EXECUTING_INCLUDE_COMMAND   |
      ----------------------------------

 --- Include command : [includeParts].
 --- Closing data file : [DE_jointTrans_upper.dat].
 
 --- Opening data file : [HE_jointTrans_lower.dat].



      ------------------------
      |   @EDGE_DEFINITION   |
      ------------------------


 *** Edge: [edgeHE],
 Connected to vertices: [vertexH, vertexE].
 Curve : [curveHE].



      ------------------------
      |   @BEAM_DEFINITION   |
      ------------------------


 *** Beam: [HE_jointTrans_lower],
 Edge : [edgeHE].
 Property table : [propHE].
 Shape : [shape_jointTrans].
 Graphical parameters : [gp_biplaneLower].
 Comment 1 : [the lower joint transition region of the spar].



      ------------------------
      |   @INCLUDE_COMMAND   |
      ------------------------


 *** Include command: [includePropsHE],
 Active command : [YES].
 List of file names:
 HE_jointTrans_lower_curve.dat
 HE_jointTrans_lower_mesh.dat
 HE_jointTrans_lower_props.dat



      ----------------------------------------
      |   @GRAPHICAL_PARAMETERS_DEFINITION   |
      ----------------------------------------


 *** GrfParam: [grfparamHE],



      --------------------------
      |   @SURVEY_DEFINITION   |
      --------------------------


 *** Survey: [surveyHE],
 Surveyed object : [HE_jointTrans_lower].
 Survey type : [DISPLACEMENTS].
 Time = ( 5.00000e+000). [sec].
 Reference frame : [INERTIAL].



      ----------------------------------
      |   @EXECUTING_INCLUDE_COMMAND   |
      ----------------------------------

 --- Include command : [includeParts].
 --- Closing data file : [HE_jointTrans_lower.dat].
 
 --- Opening data file : [EF_monoOutboard.dat].



      ------------------------
      |   @EDGE_DEFINITION   |
      ------------------------


 *** Edge: [edgeEF],
 Connected to vertices: [vertexE, vertexF].
 Curve : [curveEF].



      ------------------------
      |   @BEAM_DEFINITION   |
      ------------------------


 *** Beam: [EF_monoOutboard],
 Edge : [edgeEF].
 Property table : [propEF].
 Shape : [shape_monoOutboard].
 Graphical parameters : [gp_sparExterior].
 Comment 1 : [the monoplane outboard region of the spar].



      -------------------------
      |   @CURVE_DEFINITION   |
      -------------------------


 *** Curve: [curveEF],
 Is defined in frame : [INERTIAL].

      ---  Curve points  ---- 

 Number of control points = (    2).
 Curve degree = (    1).
 Rational curve : [NO].
 End point 0 : [pointE].
 End point 1 : [pointF].
 Orientation distribution : [OriDist].
 Initial coordinate = ( 0.00000e+000). [m].
 Curve mesh parameters : [meshEF].
 Comment 1 : [straight line from the outboard joint (pointE) to the tip (pointF)].



      ------------------------
      |   @INCLUDE_COMMAND   |
      ------------------------


 *** Include command: [includePropsEF],
 Active command : [YES].
 List of file names:
 EF_monoOutboard_mesh.dat
 EF_monoOutboard_props.dat



      ----------------------------------------
      |   @GRAPHICAL_PARAMETERS_DEFINITION   |
      ----------------------------------------


 *** GrfParam: [grfparamEF],



      --------------------------
      |   @SURVEY_DEFINITION   |
      --------------------------


 *** Survey: [surveyEF],
 Surveyed object : [EF_monoOutboard].
 Survey type : [DISPLACEMENTS].
 Time = ( 5.00000e+000). [sec].
 Reference frame : [INERTIAL].



      ----------------------------------
      |   @EXECUTING_INCLUDE_COMMAND   |
      ----------------------------------

 --- Include command : [includeParts].
 --- Closing data file : [EF_monoOutboard.dat].



      ----------------------------------
      |   @EXECUTING_INCLUDE_COMMAND   |
      ----------------------------------

  --- Executing include command : [includeCurvesShapes].
 
 --- Opening data file : [curves.dat].



      -------------------------
      |   @CURVE_DEFINITION   |
      -------------------------


 *** Curve: [CurveSquare],
 Is defined in frame : [INERTIAL].

      ---  Curve points  ---- 

 Number of control points = (    5).
 Curve degree = (    1).
 Rational curve : [YES].
 xx = ( 0.00000e+000,  5.00000e-001,  5.00000e-001,  1.00000e+000) [m].
 xx = ( 0.00000e+000, -5.00000e-001,  5.00000e-001,  1.00000e+000) [m].
 xx = ( 0.00000e+000, -5.00000e-001, -5.00000e-001,  1.00000e+000) [m].
 xx = ( 0.00000e+000,  5.00000e-001, -5.00000e-001,  1.00000e+000) [m].
 xx = ( 0.00000e+000,  5.00000e-001,  5.00000e-001,  1.00000e+000) [m].

      ---  Curve knot sequence  ---- 

 Knot sequence = ( 
 0.00000e+000,  0.00000e+000,  2.50000e-001,  5.00000e-001,  7.50000e-001,  1.00000e+000, 
 1.00000e+000).
 Comment 1 : [unit square, modified from: www.ocnus.com, Square.wrl].



      ----------------------------------
      |   @EXECUTING_INCLUDE_COMMAND   |
      ----------------------------------

 --- Include command : [includeCurvesShapes].
 --- Closing data file : [curves.dat].
 
 --- Opening data file : [shapes.dat].



      -------------------------
      |   @SHAPE_DEFINITION   |
      -------------------------


 *** Shape: [shape_root],
 Shape type : [CURVE].
 Coordinate type : [ETA_COORDINATE].
 ETA_COORDINATE = ( 0.00000e+000).
 Curve name : [CurveSquare].
 Scaling factor = ( 0.00000e+000,  1.67200e+000,  5.39200e+000)
 Origin = ( 0.00000e+000,  0.00000e+000,  0.00000e+000) [m].
 ETA_COORDINATE = ( 1.00000e+000).
 Curve name : [CurveSquare].
 Scaling factor = ( 0.00000e+000,  1.67200e+000,  5.37500e+000)
 Origin = ( 0.00000e+000,  0.00000e+000,  0.00000e+000) [m].

 *** Shape: [shape_rootTrans],
 Shape type : [CURVE].
 Coordinate type : [ETA_COORDINATE].
 ETA_COORDINATE = ( 0.00000e+000).
 Curve name : [CurveSquare].
 Scaling factor = ( 0.00000e+000,  1.67200e+000,  5.37500e+000)
 Origin = ( 0.00000e+000,  0.00000e+000,  0.00000e+000) [m].
 ETA_COORDINATE = ( 5.00000e-001).
 Curve name : [CurveSquare].
 Scaling factor = ( 0.00000e+000,  1.67200e+000,  2.54500e+000)
 Origin = ( 0.00000e+000,  0.00000e+000,  0.00000e+000) [m].
 ETA_COORDINATE = ( 1.00000e+000).
 Curve name : [CurveSquare].
 Scaling factor = ( 0.00000e+000,  1.67200e+000,  2.39600e+000)
 Origin = ( 0.00000e+000,  0.00000e+000,  0.00000e+000) [m].

 *** Shape: [shape_straightBiplane],
 Shape type : [CURVE].
 Coordinate type : [ETA_COORDINATE].
 ETA_COORDINATE = ( 0.00000e+000).
 Curve name : [CurveSquare].
 Scaling factor = ( 0.00000e+000,  1.67200e+000,  2.39600e+000)
 Origin = ( 0.00000e+000,  0.00000e+000,  0.00000e+000) [m].
 ETA_COORDINATE = ( 5.66000e-002).
 Curve name : [CurveSquare].
 Scaling factor = ( 0.00000e+000,  1.67200e+000,  2.22800e+000)
 Origin = ( 0.00000e+000,  0.00000e+000,  0.00000e+000) [m].
 ETA_COORDINATE = ( 1.24000e-001).
 Curve name : [CurveSquare].
 Scaling factor = ( 0.00000e+000,  1.67200e+000,  2.05100e+000)
 Origin = ( 0.00000e+000,  0.00000e+000,  0.00000e+000) [m].
 ETA_COORDINATE = ( 2.10200e-001).
 Curve name : [CurveSquare].
 Scaling factor = ( 0.00000e+000,  1.67200e+000,  1.84000e+000)
 Origin = ( 0.00000e+000,  0.00000e+000,  0.00000e+000) [m].
 ETA_COORDINATE = ( 2.56100e-001).
 Curve name : [CurveSquare].
 Scaling factor = ( 0.00000e+000,  1.67200e+000,  1.74000e+000)
 Origin = ( 0.00000e+000,  0.00000e+000,  0.00000e+000) [m].
 ETA_COORDINATE = ( 2.99200e-001).
 Curve name : [CurveSquare].
 Scaling factor = ( 0.00000e+000,  1.67200e+000,  1.64300e+000)
 Origin = ( 0.00000e+000,  0.00000e+000,  0.00000e+000) [m].
 ETA_COORDINATE = ( 3.42300e-001).
 Curve name : [CurveSquare].
 Scaling factor = ( 0.00000e+000,  1.67200e+000,  1.54500e+000)
 Origin = ( 0.00000e+000,  0.00000e+000,  0.00000e+000) [m].
 ETA_COORDINATE = ( 4.15100e-001).
 Curve name : [CurveSquare].
 Scaling factor = ( 0.00000e+000,  1.67200e+000,  1.44100e+000)
 Origin = ( 0.00000e+000,  0.00000e+000,  0.00000e+000) [m].
 ETA_COORDINATE = ( 4.87900e-001).
 Curve name : [CurveSquare].
 Scaling factor = ( 0.00000e+000,  1.67200e+000,  1.34800e+000)
 Origin = ( 0.00000e+000,  0.00000e+000,  0.00000e+000) [m].
 ETA_COORDINATE = ( 5.60600e-001).
 Curve name : [CurveSquare].
 Scaling factor = ( 0.00000e+000,  1.67200e+000,  1.24900e+000)
 Origin = ( 0.00000e+000,  0.00000e+000,  0.00000e+000) [m].
 ETA_COORDINATE = ( 7.81700e-001).
 Curve name : [CurveSquare].
 Scaling factor = ( 0.00000e+000,  1.67200e+000,  1.03900e+000)
 Origin = ( 0.00000e+000,  0.00000e+000,  0.00000e+000) [m].
 ETA_COORDINATE = ( 1.00000e+000).
 Curve name : [CurveSquare].
 Scaling factor = ( 0.00000e+000,  1.67200e+000,  8.36000e-001)
 Origin = ( 0.00000e+000,  0.00000e+000,  0.00000e+000) [m].

 *** Shape: [shape_jointTrans],
 Shape type : [CURVE].
 Coordinate type : [ETA_COORDINATE].
 ETA_COORDINATE = ( 0.00000e+000).
 Curve name : [CurveSquare].
 Scaling factor = ( 0.00000e+000,  1.67200e+000,  8.36000e-001)
 Origin = ( 0.00000e+000,  0.00000e+000,  0.00000e+000) [m].
 ETA_COORDINATE = ( 4.95900e-001).
 Curve name : [CurveSquare].
 Scaling factor = ( 0.00000e+000,  1.67200e+000,  6.80000e-001)
 Origin = ( 0.00000e+000,  0.00000e+000,  0.00000e+000) [m].
 ETA_COORDINATE = ( 1.00000e+000).
 Curve name : [CurveSquare].
 Scaling factor = ( 0.00000e+000,  1.67200e+000,  1.13800e+000)
 Origin = ( 0.00000e+000,  0.00000e+000,  0.00000e+000) [m].


 $$$ Read error for block header: [@SHAPE_DEFINITION]
 Input string = 
 Error: INPT12.
 Keyword [@END_OF_FILE]
 is not valid in this environment.